Change Component Footprint: Designator=C3 Old Footprint=C0603_L New Footprint=C0603_L_NS
Change Component Footprint: Designator=C4 Old Footprint=C0603_L New Footprint=C0603_L_NS
Change Component Footprint: Designator=C5 Old Footprint=C0603_L New Footprint=C0603_L_NS
Change Component Footprint: Designator=C10 Old Footprint=C0603_L New Footprint=C0603_L_NS
Change Component Footprint: Designator=C11 Old Footprint=C0603_L New Footprint=C0603_L_NS
Change Component Footprint: Designator=C12 Old Footprint=C0603_L New Footprint=C0603_L_NS
Change Component Footprint: Designator=C13 Old Footprint=C0603_L New Footprint=C0603_L_NS
Change Component Footprint: Designator=C14 Old Footprint=C0603_L New Footprint=C0603_L_NS
Change Component Footprint: Designator=C15 Old Footprint=C0603_L New Footprint=C0603_L_NS
Change Component Footprint: Designator=C18 Old Footprint=C0603_L New Footprint=C0603_L_NS
Change Component Footprint: Designator=C16 Old Footprint=C1206_L New Footprint=C0603_L_NS
Change Component Footprint: Designator=C17 Old Footprint=C1206_L New Footprint=C0603_L_NS
Change Component Footprint: Designator=R1 Old Footprint=R0603_L New Footprint=R0603_L_NS
Change Component Footprint: Designator=R2 Old Footprint=R0603_L New Footprint=R0603_L_NS
Change Component Footprint: Designator=R3 Old Footprint=R0603_L New Footprint=R0603_L_NS
Change Component Footprint: Designator=R4 Old Footprint=R0603_L New Footprint=R0603_L_NS
Change Component Footprint: Designator=R5 Old Footprint=R0603_L New Footprint=R0603_L_NS
Change Component Footprint: Designator=R6 Old Footprint=R0603_L New Footprint=R0603_L_NS
Change Component Footprint: Designator=R7 Old Footprint=R0603_L New Footprint=R0603_L_NS
Change Component Footprint: Designator=R9 Old Footprint=R0603_L New Footprint=R0603_L_NS
Change Component Footprint: Designator=R10 Old Footprint=R0603_L New Footprint=R0603_L_NS
Change Component Footprint: Designator=R11 Old Footprint=R0603_L New Footprint=R0603_L_NS
Change Component Footprint: Designator=R12 Old Footprint=R0603_L New Footprint=R0603_L_NS
Change Component Footprint: Designator=R13 Old Footprint=R0603_L New Footprint=R0603_L_NS
Change Component Footprint: Designator=R15 Old Footprint=R0603_L New Footprint=R0603_L_NS
Change Component Footprint: Designator=R17 Old Footprint=R0603_L New Footprint=R0603_L_NS
Change Component Footprint: Designator=R18 Old Footprint=R0603_L New Footprint=R0603_L_NS
Change Component Footprint: Designator=R19 Old Footprint=R0603_L New Footprint=R0603_L_NS
Change Component Footprint: Designator=R20 Old Footprint=R0603_L New Footprint=R0603_L_NS
Change Component Footprint: Designator=R21 Old Footprint=R0603_L New Footprint=R0603_L_NS
Change Component Footprint: Designator=R22 Old Footprint=R0603_L New Footprint=R0603_L_NS
Change Component Footprint: Designator=R24 Old Footprint=R0603_L New Footprint=R0603_L_NS
Change Component Footprint: Designator=R25 Old Footprint=R0603_L New Footprint=R0603_L_NS
Change Component Comment : Designator=C4 Old Comment=0.1uF New Comment=104
Change Component Comment : Designator=R11 Old Comment=1.2K New Comment=1K
Change Component Comment : Designator=C5 Old Comment=1uF New Comment=104
Change Component Comment : Designator=C12 Old Comment=2.2uF New Comment=104
Change Component Comment : Designator=C13 Old Comment=2.2uF New Comment=104
Change Component Comment : Designator=C14 Old Comment=2.2uF New Comment=104
Change Component Comment : Designator=R24 Old Comment=5.1K New Comment=1K
Change Component Comment : Designator=R25 Old Comment=5.1K New Comment=1K
Change Component Comment : Designator=R1 Old Comment=10K New Comment=1K
Change Component Comment : Designator=R2 Old Comment=10K New Comment=1K
Change Component Comment : Designator=R3 Old Comment=10K New Comment=1K
Change Component Comment : Designator=R4 Old Comment=10K New Comment=1K
Change Component Comment : Designator=R5 Old Comment=10K New Comment=1K
Change Component Comment : Designator=R6 Old Comment=10K New Comment=1K
Change Component Comment : Designator=R7 Old Comment=10K New Comment=1K
Change Component Comment : Designator=R9 Old Comment=10K New Comment=1K
Change Component Comment : Designator=R10 Old Comment=10K New Comment=1K
Change Component Comment : Designator=R15 Old Comment=10K New Comment=1K
Change Component Comment : Designator=R17 Old Comment=10K New Comment=1K
Change Component Comment : Designator=R22 Old Comment=10K New Comment=1K
Change Component Comment : Designator=C10 Old Comment=10uF New Comment=104
Change Component Comment : Designator=C16 Old Comment=10uF New Comment=104
Change Component Comment : Designator=C3 Old Comment=22uF New Comment=104
Change Component Comment : Designator=C17 Old Comment=22uF New Comment=104
Change Component Comment : Designator=R19 Old Comment=40.2K New Comment=1K
Change Component Comment : Designator=R21 Old Comment=68.1K New Comment=1K
Change Component Comment : Designator=C11 Old Comment=100nF New Comment=104
Change Component Comment : Designator=C15 Old Comment=100nF New Comment=104
Change Component Comment : Designator=R12 Old Comment=100R New Comment=1K
Change Component Comment : Designator=R18 Old Comment=124K New Comment=1K
Change Component Comment : Designator=R20 Old Comment=200K New Comment=1K
Change Component Comment : Designator=C18 Old Comment=220pF New Comment=104
