Removed Pin From Net: NetName=GND Pin=C1-1
Removed Pin From Net: NetName=GND Pin=C2-1
Removed Pin From Net: NetName=ESP32_3V3 Pin=C2-2
Removed Pin From Net: NetName=GND Pin=C6-1
Removed Pin From Net: NetName=GND Pin=D2-1
Removed Pin From Net: NetName=GND Pin=DZ1-1
Removed Pin From Net: NetName=GND Pin=E1-2
Removed Pin From Net: NetName=GND Pin=E2-2
Removed Pin From Net: NetName=ESP32_3V3 Pin=E3-1
Removed Pin From Net: NetName=GND Pin=E3-2
Removed Pin From Net: NetName=ESP32_3V3 Pin=E4-1
Removed Pin From Net: NetName=GND Pin=E4-2
Removed Pin From Net: NetName=ESP32_3V3 Pin=E5-1
Removed Pin From Net: NetName=GND Pin=E5-2
Removed Pin From Net: NetName=+5 Pin=F1-1
Removed Pin From Net: NetName=GND Pin=IC2-2
Removed Pin From Net: NetName=BKUP_BATT+ Pin=IC2-3
Removed Pin From Net: NetName=ESP32_3V3 Pin=R4-2
Removed Pin From Net: NetName=ESP32_3V3 Pin=R5-2
Removed Pin From Net: NetName=GND Pin=R6-1
Removed Pin From Net: NetName=SW_ESC Pin=R7-1
Removed Pin From Net: NetName=SW_1 Pin=R7-2
Removed Pin From Net: NetName=SW_2 Pin=R7-3
Removed Pin From Net: NetName=SW_3 Pin=R7-4
Removed Pin From Net: NetName=SW_4 Pin=R8-1
Removed Pin From Net: NetName=SW_5 Pin=R8-2
Removed Pin From Net: NetName=SW_6 Pin=R8-3
Removed Pin From Net: NetName=SW_7 Pin=R8-4
Removed Pin From Net: NetName=ESP32_3V3 Pin=R8-5
Removed Pin From Net: NetName=ESP32_3V3 Pin=R8-6
Removed Pin From Net: NetName=ESP32_3V3 Pin=R8-7
Removed Pin From Net: NetName=ESP32_3V3 Pin=R8-8
Removed Pin From Net: NetName=SW_Y Pin=R15-1
Removed Pin From Net: NetName=SW_U Pin=R15-2
Removed Pin From Net: NetName=SW_I Pin=R15-3
Removed Pin From Net: NetName=SW_O Pin=R15-4
Removed Pin From Net: NetName=ESP32_3V3 Pin=R15-5
Removed Pin From Net: NetName=ESP32_3V3 Pin=R15-6
Removed Pin From Net: NetName=ESP32_3V3 Pin=R15-7
Removed Pin From Net: NetName=ESP32_3V3 Pin=R15-8
Removed Pin From Net: NetName=SW_CAPSLOCK Pin=R16-1
Removed Pin From Net: NetName=SW_L Pin=R16-2
Removed Pin From Net: NetName=SW_; Pin=R16-3
Removed Pin From Net: NetName=SW_' Pin=R16-4
Removed Pin From Net: NetName=SW_ENTER Pin=R17-1
Removed Pin From Net: NetName=SW_LSHIFT Pin=R17-2
Removed Pin From Net: NetName=SW_Z Pin=R17-3
Removed Pin From Net: NetName=SW_RIGHT Pin=R17-4
Removed Pin From Net: NetName=ESP32_3V3 Pin=R17-5
Removed Pin From Net: NetName=ESP32_3V3 Pin=R17-6
Removed Pin From Net: NetName=ESP32_3V3 Pin=R17-7
Removed Pin From Net: NetName=ESP32_3V3 Pin=R17-8
Removed Pin From Net: NetName=SW_DOWN Pin=R18-1
Removed Pin From Net: NetName=SW_LEFT Pin=R18-2
Removed Pin From Net: NetName=SW_MENU Pin=R18-3
Removed Pin From Net: NetName=SW_FUNC Pin=R18-4
Removed Pin From Net: NetName=SW_SPACE Pin=R19-1
Removed Pin From Net: NetName=SW_LALT Pin=R19-2
Removed Pin From Net: NetName=SW_LOS Pin=R19-3
Removed Pin From Net: NetName=SW_LCTRL Pin=R19-4
Removed Pin From Net: NetName=ESP32_3V3 Pin=R19-5
Removed Pin From Net: NetName=ESP32_3V3 Pin=R19-6
Removed Pin From Net: NetName=ESP32_3V3 Pin=R19-7
Removed Pin From Net: NetName=ESP32_3V3 Pin=R19-8
Removed Pin From Net: NetName=ESP32_3V3 Pin=R20-1
Removed Pin From Net: NetName=ESP32_3V3 Pin=R20-2
Removed Pin From Net: NetName=ESP32_3V3 Pin=R20-3
Removed Pin From Net: NetName=ESP32_3V3 Pin=R20-4
Removed Pin From Net: NetName=SW_- Pin=R20-5
Removed Pin From Net: NetName=SW_0 Pin=R20-6
Removed Pin From Net: NetName=SW_9 Pin=R20-7
Removed Pin From Net: NetName=SW_8 Pin=R20-8
Removed Pin From Net: NetName=ESP32_3V3 Pin=R21-1
Removed Pin From Net: NetName=ESP32_3V3 Pin=R21-2
Removed Pin From Net: NetName=ESP32_3V3 Pin=R21-3
Removed Pin From Net: NetName=ESP32_3V3 Pin=R21-4
Removed Pin From Net: NetName=SW_Q Pin=R21-5
Removed Pin From Net: NetName=SW_TAB Pin=R21-6
Removed Pin From Net: NetName=SW_BACKSPACE Pin=R21-7
Removed Pin From Net: NetName=SW_= Pin=R21-8
Removed Pin From Net: NetName=ESP32_3V3 Pin=R22-1
Removed Pin From Net: NetName=ESP32_3V3 Pin=R22-2
Removed Pin From Net: NetName=ESP32_3V3 Pin=R22-3
Removed Pin From Net: NetName=ESP32_3V3 Pin=R22-4
Removed Pin From Net: NetName=SW_P Pin=R22-5
Removed Pin From Net: NetName=SW_[ Pin=R22-6
Removed Pin From Net: NetName=SW_] Pin=R22-7
Removed Pin From Net: NetName=SW_\ Pin=R22-8
Removed Pin From Net: NetName=ESP32_3V3 Pin=R23-1
Removed Pin From Net: NetName=ESP32_3V3 Pin=R23-2
Removed Pin From Net: NetName=ESP32_3V3 Pin=R23-3
Removed Pin From Net: NetName=ESP32_3V3 Pin=R23-4
Removed Pin From Net: NetName=SW_F Pin=R23-5
Removed Pin From Net: NetName=SW_D Pin=R23-6
Removed Pin From Net: NetName=SW_S Pin=R23-7
Removed Pin From Net: NetName=SW_A Pin=R23-8
Removed Pin From Net: NetName=ESP32_3V3 Pin=R26-1
Removed Pin From Net: NetName=ESP32_3V3 Pin=R26-2
Removed Pin From Net: NetName=ESP32_3V3 Pin=R26-3
Removed Pin From Net: NetName=ESP32_3V3 Pin=R26-4
Removed Pin From Net: NetName=SW_K Pin=R26-5
Removed Pin From Net: NetName=SW_J Pin=R26-6
Removed Pin From Net: NetName=SW_H Pin=R26-7
Removed Pin From Net: NetName=SW_G Pin=R26-8
Removed Pin From Net: NetName=ESP32_3V3 Pin=R27-1
Removed Pin From Net: NetName=ESP32_3V3 Pin=R27-2
Removed Pin From Net: NetName=ESP32_3V3 Pin=R27-3
Removed Pin From Net: NetName=ESP32_3V3 Pin=R27-4
Removed Pin From Net: NetName=SW_B Pin=R27-5
Removed Pin From Net: NetName=SW_V Pin=R27-6
Removed Pin From Net: NetName=SW_C Pin=R27-7
Removed Pin From Net: NetName=SW_X Pin=R27-8
Removed Pin From Net: NetName=ESP32_3V3 Pin=R28-1
Removed Pin From Net: NetName=ESP32_3V3 Pin=R28-2
Removed Pin From Net: NetName=ESP32_3V3 Pin=R28-3
Removed Pin From Net: NetName=ESP32_3V3 Pin=R28-4
Removed Pin From Net: NetName=SW_. Pin=R28-5
Removed Pin From Net: NetName=SW_, Pin=R28-6
Removed Pin From Net: NetName=SW_M Pin=R28-7
Removed Pin From Net: NetName=SW_N Pin=R28-8
Removed Pin From Net: NetName=ESP32_3V3 Pin=R29-1
Removed Pin From Net: NetName=ESP32_3V3 Pin=R29-2
Removed Pin From Net: NetName=ESP32_3V3 Pin=R29-3
Removed Pin From Net: NetName=ESP32_3V3 Pin=R29-4
Removed Pin From Net: NetName=SW_DEL Pin=R29-5
Removed Pin From Net: NetName=SW_UP Pin=R29-6
Removed Pin From Net: NetName=SW_RSHIFT Pin=R29-7
Removed Pin From Net: NetName=SW_/ Pin=R29-8
Removed Pin From Net: NetName=NetSW2_1 Pin=U1-27
Removed Pin From Net: NetName=GND Pin=U2-15
Removed Pin From Net: NetName=GND Pin=U4-15
Removed Pin From Net: NetName=GND Pin=U5-1
Removed Pin From Net: NetName=GND Pin=U5-2
Removed Pin From Net: NetName=NetR4_1 Pin=U5-3
Removed Pin From Net: NetName=ESP32_3V3 Pin=U5-4
Removed Pin From Net: NetName=ESP32_3V3 Pin=U5-5
Removed Pin From Net: NetName=GND Pin=U5-12
Removed Pin From Net: NetName=GND Pin=U5-13
Removed Pin From Net: NetName=GND Pin=U5-15
Removed Pin From Net: NetName=GND Pin=U7-15
Removed Pin From Net: NetName=GND Pin=U8-15
Removed Pin From Net: NetName=GND Pin=U9-15
Removed Pin From Net: NetName=GND Pin=U10-15
Removed Pin From Net: NetName=GND Pin=U11-15
Removed Pin From Net: NetName=Module1_CS Pin=U12-1
Removed Pin From Net: NetName=Module2_CS Pin=U12-2
Removed Pin From Net: NetName=Module3_CS Pin=U12-3
Removed Pin From Net: NetName=Module4_CS Pin=U12-4
Removed Pin From Net: NetName=Module5_CS Pin=U12-5
Removed Pin From Net: NetName=Module6_CS Pin=U12-6
Removed Pin From Net: NetName=Module7_CS Pin=U12-7
Removed Pin From Net: NetName=ESP32_3V3 Pin=U12-11
Removed Pin From Net: NetName=Module0_CS Pin=U12-15
Removed Pin From Net: NetName=Module9_CS Pin=U13-1
Removed Pin From Net: NetName=Module10_CS Pin=U13-2
Removed Pin From Net: NetName=Module11_CS Pin=U13-3
Removed Pin From Net: NetName=Module12_CS Pin=U13-4
Removed Pin From Net: NetName=Module13_CS Pin=U13-5
Removed Pin From Net: NetName=Module14_CS Pin=U13-6
Removed Pin From Net: NetName=Module15_CS Pin=U13-7
Removed Pin From Net: NetName=ESP32_3V3 Pin=U13-11
Removed Pin From Net: NetName=Module8_CS Pin=U13-15
Removed Pin From Net: NetName=GND Pin=U14-15
Change Component Footprint: Designator=R4 Old Footprint=R0603_L New Footprint=RCA-8P4R-0402
Change Component Footprint: Designator=R5 Old Footprint=R0603_L New Footprint=RCA-8P4R-0402
Change Component Footprint: Designator=R6 Old Footprint=R0603_L New Footprint=RCA-8P4R-0402
Change Component Comment : Designator=R11 Old Comment=1.6K New Comment=1.2K
Change Component Comment : Designator=R4 Old Comment=1M New Comment=103
Change Component Comment : Designator=R5 Old Comment=1M New Comment=103
Change Component Comment : Designator=R7 Old Comment=100K New Comment=103
Change Component Comment : Designator=R8 Old Comment=100K New Comment=103
Change Component Comment : Designator=R14 Old Comment=100K New Comment=103
Change Component Comment : Designator=R15 Old Comment=100K New Comment=103
Change Component Comment : Designator=R16 Old Comment=100K New Comment=103
Change Component Comment : Designator=R17 Old Comment=100K New Comment=103
Change Component Comment : Designator=R18 Old Comment=100K New Comment=103
Change Component Comment : Designator=R19 Old Comment=100K New Comment=103
Change Component Comment : Designator=R20 Old Comment=100K New Comment=103
Change Component Comment : Designator=R21 Old Comment=100K New Comment=103
Change Component Comment : Designator=R22 Old Comment=100K New Comment=103
Change Component Comment : Designator=R23 Old Comment=100K New Comment=103
Change Component Comment : Designator=R26 Old Comment=100K New Comment=103
Change Component Comment : Designator=R6 Old Comment=180K New Comment=103
Added Component: Designator=U3(SOIC-8_EP)
Add component (AddParameter): Name = "联系卖家，免费查找封装"; Value = "唯一出售店铺网址https://shop463601444.taobao.com"; VariantName = "[No Variations]"
Added Pin To Net: NetName=NetR4_1 Pin=R4-2
Added Pin To Net: NetName=NetR4_1 Pin=R4-3
Added Pin To Net: NetName=NetR4_1 Pin=R4-4
Added Pin To Net: NetName=SW_- Pin=R4-5
Added Pin To Net: NetName=SW_0 Pin=R4-6
Added Pin To Net: NetName=SW_9 Pin=R4-7
Added Pin To Net: NetName=SW_8 Pin=R4-8
Added Pin To Net: NetName=SW_ESC Pin=R5-1
Added Pin To Net: NetName=SW_1 Pin=R5-2
Added Pin To Net: NetName=SW_2 Pin=R5-3
Added Pin To Net: NetName=SW_3 Pin=R5-4
Added Pin To Net: NetName=ESP32_3V3 Pin=R5-5
Added Pin To Net: NetName=ESP32_3V3 Pin=R5-6
Added Pin To Net: NetName=ESP32_3V3 Pin=R5-7
Added Pin To Net: NetName=ESP32_3V3 Pin=R5-8
Added Pin To Net: NetName=NetR4_1 Pin=R6-1
Added Pin To Net: NetName=NetR4_1 Pin=R6-3
Added Pin To Net: NetName=NetR4_1 Pin=R6-4
Added Pin To Net: NetName=SW_Q Pin=R6-5
Added Pin To Net: NetName=SW_TAB Pin=R6-6
Added Pin To Net: NetName=SW_BACKSPACE Pin=R6-7
Added Pin To Net: NetName=SW_= Pin=R6-8
Added Pin To Net: NetName=SW_4 Pin=R7-1
Added Pin To Net: NetName=SW_5 Pin=R7-2
Added Pin To Net: NetName=SW_6 Pin=R7-3
Added Pin To Net: NetName=SW_7 Pin=R7-4
Added Pin To Net: NetName=NetR4_1 Pin=R8-1
Added Pin To Net: NetName=NetR4_1 Pin=R8-2
Added Pin To Net: NetName=NetR4_1 Pin=R8-3
Added Pin To Net: NetName=NetR4_1 Pin=R8-4
Added Pin To Net: NetName=SW_P Pin=R8-5
Added Pin To Net: NetName=SW_[ Pin=R8-6
Added Pin To Net: NetName=SW_] Pin=R8-7
Added Pin To Net: NetName=SW_\ Pin=R8-8
Added Pin To Net: NetName=NetR4_1 Pin=R15-1
Added Pin To Net: NetName=NetR4_1 Pin=R15-2
Added Pin To Net: NetName=NetR4_1 Pin=R15-3
Added Pin To Net: NetName=NetR4_1 Pin=R15-4
Added Pin To Net: NetName=SW_F Pin=R15-5
Added Pin To Net: NetName=SW_D Pin=R15-6
Added Pin To Net: NetName=SW_S Pin=R15-7
Added Pin To Net: NetName=SW_A Pin=R15-8
Added Pin To Net: NetName=SW_Y Pin=R16-1
Added Pin To Net: NetName=SW_U Pin=R16-2
Added Pin To Net: NetName=SW_I Pin=R16-3
Added Pin To Net: NetName=SW_O Pin=R16-4
Added Pin To Net: NetName=NetR4_1 Pin=R17-1
Added Pin To Net: NetName=NetR4_1 Pin=R17-2
Added Pin To Net: NetName=NetR4_1 Pin=R17-3
Added Pin To Net: NetName=NetR4_1 Pin=R17-4
Added Pin To Net: NetName=SW_K Pin=R17-5
Added Pin To Net: NetName=SW_J Pin=R17-6
Added Pin To Net: NetName=SW_H Pin=R17-7
Added Pin To Net: NetName=SW_G Pin=R17-8
Added Pin To Net: NetName=SW_CAPSLOCK Pin=R18-1
Added Pin To Net: NetName=SW_L Pin=R18-2
Added Pin To Net: NetName=SW_; Pin=R18-3
Added Pin To Net: NetName=SW_' Pin=R18-4
Added Pin To Net: NetName=NetR4_1 Pin=R19-1
Added Pin To Net: NetName=NetR4_1 Pin=R19-2
Added Pin To Net: NetName=NetR4_1 Pin=R19-3
Added Pin To Net: NetName=NetR4_1 Pin=R19-4
Added Pin To Net: NetName=SW_B Pin=R19-5
Added Pin To Net: NetName=SW_V Pin=R19-6
Added Pin To Net: NetName=SW_C Pin=R19-7
Added Pin To Net: NetName=SW_X Pin=R19-8
Added Pin To Net: NetName=SW_ENTER Pin=R20-1
Added Pin To Net: NetName=SW_LSHIFT Pin=R20-2
Added Pin To Net: NetName=SW_Z Pin=R20-3
Added Pin To Net: NetName=SW_RIGHT Pin=R20-4
Added Pin To Net: NetName=ESP32_3V3 Pin=R20-5
Added Pin To Net: NetName=ESP32_3V3 Pin=R20-6
Added Pin To Net: NetName=ESP32_3V3 Pin=R20-7
Added Pin To Net: NetName=ESP32_3V3 Pin=R20-8
Added Pin To Net: NetName=NetR4_1 Pin=R21-1
Added Pin To Net: NetName=NetR4_1 Pin=R21-2
Added Pin To Net: NetName=NetR4_1 Pin=R21-3
Added Pin To Net: NetName=NetR4_1 Pin=R21-4
Added Pin To Net: NetName=SW_. Pin=R21-5
Added Pin To Net: NetName=SW_, Pin=R21-6
Added Pin To Net: NetName=SW_M Pin=R21-7
Added Pin To Net: NetName=SW_N Pin=R21-8
Added Pin To Net: NetName=SW_DOWN Pin=R22-1
Added Pin To Net: NetName=SW_LEFT Pin=R22-2
Added Pin To Net: NetName=SW_MENU Pin=R22-3
Added Pin To Net: NetName=SW_FUNC Pin=R22-4
Added Pin To Net: NetName=ESP32_3V3 Pin=R22-5
Added Pin To Net: NetName=ESP32_3V3 Pin=R22-6
Added Pin To Net: NetName=ESP32_3V3 Pin=R22-7
Added Pin To Net: NetName=ESP32_3V3 Pin=R22-8
Added Pin To Net: NetName=NetR4_1 Pin=R23-1
Added Pin To Net: NetName=NetR4_1 Pin=R23-2
Added Pin To Net: NetName=NetR4_1 Pin=R23-3
Added Pin To Net: NetName=NetR4_1 Pin=R23-4
Added Pin To Net: NetName=SW_DEL Pin=R23-5
Added Pin To Net: NetName=SW_UP Pin=R23-6
Added Pin To Net: NetName=SW_RSHIFT Pin=R23-7
Added Pin To Net: NetName=SW_/ Pin=R23-8
Added Pin To Net: NetName=SW_SPACE Pin=R26-1
Added Pin To Net: NetName=SW_LALT Pin=R26-2
Added Pin To Net: NetName=SW_LOS Pin=R26-3
Added Pin To Net: NetName=SW_LCTRL Pin=R26-4
Added Pin To Net: NetName=ESP32_3V3 Pin=R26-5
Added Pin To Net: NetName=ESP32_3V3 Pin=R26-6
Added Pin To Net: NetName=ESP32_3V3 Pin=R26-7
Added Pin To Net: NetName=ESP32_3V3 Pin=R26-8
Added Pin To Net: NetName=GND Pin=U3-1
Added Pin To Net: NetName=GND Pin=U3-3
Added Pin To Net: NetName=+5 Pin=U3-4
Added Pin To Net: NetName=BKUP_BATT+ Pin=U3-5
Added Pin To Net: NetName=Module11_CS Pin=U12-1
Added Pin To Net: NetName=Module12_CS Pin=U12-2
Added Pin To Net: NetName=Module13_CS Pin=U12-3
Added Pin To Net: NetName=Module0_CS Pin=U12-4
Added Pin To Net: NetName=Module1_CS Pin=U12-5
Added Pin To Net: NetName=Module2_CS Pin=U12-6
Added Pin To Net: NetName=Module3_CS Pin=U12-7
Added Pin To Net: NetName=Module10_CS Pin=U12-15
Added Pin To Net: NetName=Module5_CS Pin=U13-1
Added Pin To Net: NetName=Module14_CS Pin=U13-2
Added Pin To Net: NetName=Module6_CS Pin=U13-3
Added Pin To Net: NetName=Module7_CS Pin=U13-4
Added Pin To Net: NetName=Module8_CS Pin=U13-5
Added Pin To Net: NetName=Module15_CS Pin=U13-6
Added Pin To Net: NetName=Module9_CS Pin=U13-7
Added Pin To Net: NetName=Module4_CS Pin=U13-15
Change Net Name : Old Net Name=GND New Net Name=BKUP_BATT-
Added Pin To Net: NetName=NetR11_2 Pin=R11-2
Added Pin To Net: NetName=NetR11_2 Pin=U3-2
Added Net: Name=NetR11_2
Added Pin To Net: NetName=NetU2_15 Pin=U2-15
Added Pin To Net: NetName=NetU2_15 Pin=U4-15
Added Pin To Net: NetName=NetU2_15 Pin=U7-15
Added Pin To Net: NetName=NetU2_15 Pin=U8-15
Added Pin To Net: NetName=NetU2_15 Pin=U9-15
Added Pin To Net: NetName=NetU2_15 Pin=U10-15
Added Pin To Net: NetName=NetU2_15 Pin=U11-15
Added Pin To Net: NetName=NetU2_15 Pin=U14-15
Added Net: Name=NetU2_15
Added Pin To Net: NetName=NetU3_6 Pin=U3-6
Added Net: Name=NetU3_6
Added Pin To Net: NetName=NetU3_7 Pin=U3-7
Added Net: Name=NetU3_7
Added Pin To Net: NetName=NetU3_8 Pin=U3-8
Added Pin To Net: NetName=NetU3_8 Pin=U17-8
Added Net: Name=NetU3_8
Added Pin To Net: NetName=NetU12_11 Pin=U12-11
Added Pin To Net: NetName=NetU12_11 Pin=U13-11
Added Net: Name=NetU12_11
Added Member To Class: ClassName=Sheet1 Member=Component U3 TP4056
