Added Component: Designator=X1(XTAL-3225-4P)
Add component (AddParameter): Name = "BOM名称"; Value = "4脚无源晶振(谐振器）"; VariantName = "[No Variations]"
Add component (AddParameter): Name = "联系卖家，免费查找封装"; Value = "唯一出售店铺网址https://shop463601444.taobao.com"; VariantName = "[No Variations]"
Added Component: Designator=X2(XTAL-3225-4P)
Add component (AddParameter): Name = "BOM名称"; Value = "4脚无源晶振(谐振器）"; VariantName = "[No Variations]"
Add component (AddParameter): Name = "联系卖家，免费查找封装"; Value = "唯一出售店铺网址https://shop463601444.taobao.com"; VariantName = "[No Variations]"
Added Pin To Net: NetName=KB_C0 Pin=U2-24
Added Pin To Net: NetName=KB_C1 Pin=U2-26
Added Pin To Net: NetName=KB_C2 Pin=U2-27
Added Pin To Net: NetName=KB_C3 Pin=U2-28
Added Pin To Net: NetName=KB_C4 Pin=U2-29
Added Pin To Net: NetName=KB_C5 Pin=U2-30
Added Pin To Net: NetName=KB_C6 Pin=U2-33
Added Pin To Net: NetName=KB_C7 Pin=U2-34
Added Pin To Net: NetName=KB_C8 Pin=U2-35
Added Pin To Net: NetName=KB_C9 Pin=U2-37
Added Pin To Net: NetName=KB_C10 Pin=U2-38
Added Pin To Net: NetName=KB_C11 Pin=U2-39
Added Pin To Net: NetName=KB_C12 Pin=U2-40
Added Pin To Net: NetName=KB_C13 Pin=U2-41
Added Member To Class: ClassName=Sheet1 Member=Component X1 40M
Added Member To Class: ClassName=Sheet1 Member=Component X2 8M
Added Room: Name=Sheet1
