Removed Pin From Net: NetName=ESP32_3V3 Pin=C4-2
Removed Pin From Net: NetName=ESP32_3V3 Pin=C9-2
Removed Pin From Net: NetName=ESP32_3V3 Pin=C10-2
Removed Pin From Net: NetName=ESP32_3V3 Pin=C11-2
Removed Pin From Net: NetName=GND Pin=R1-2
Removed Pin From Net: NetName=ESP32_3V3 Pin=R2-2
Removed Pin From Net: NetName=ESP32_3V3 Pin=R3-1
Removed Pin From Net: NetName=ESP32_3V3 Pin=R27-2
Removed Pin From Net: NetName=ESP32_3V3 Pin=U1-2
Removed Pin From Net: NetName=ESP32_3V3 Pin=U3-4
Removed Pin From Net: NetName=ESP32_3V3 Pin=U3-5
Removed Pin From Net: NetName=Module11_CS Pin=U12-1
Removed Pin From Net: NetName=Module12_CS Pin=U12-2
Removed Pin From Net: NetName=Module13_CS Pin=U12-3
Removed Pin From Net: NetName=Module0_CS Pin=U12-4
Removed Pin From Net: NetName=Module1_CS Pin=U12-5
Removed Pin From Net: NetName=Module2_CS Pin=U12-6
Removed Pin From Net: NetName=Module3_CS Pin=U12-7
Removed Pin From Net: NetName=GND Pin=U12-8
Removed Pin From Net: NetName=Module10_CS Pin=U12-15
Removed Pin From Net: NetName=ESP32_3V3 Pin=U12-16
Removed Pin From Net: NetName=Module5_CS Pin=U13-1
Removed Pin From Net: NetName=Module14_CS Pin=U13-2
Removed Pin From Net: NetName=Module6_CS Pin=U13-3
Removed Pin From Net: NetName=Module7_CS Pin=U13-4
Removed Pin From Net: NetName=Module8_CS Pin=U13-5
Removed Pin From Net: NetName=Module15_CS Pin=U13-6
Removed Pin From Net: NetName=Module9_CS Pin=U13-7
Removed Pin From Net: NetName=GND Pin=U13-8
Removed Pin From Net: NetName=Module4_CS Pin=U13-15
Removed Pin From Net: NetName=ESP32_3V3 Pin=U13-16
Added Component: Designator=U5(SSOP24_N)
Added Component: Designator=U6(SSOP24_N)
Added Pin To Net: NetName=Module5_CS Pin=U6-6
Added Pin To Net: NetName=Module14_CS Pin=U6-7
Added Pin To Net: NetName=Module6_CS Pin=U6-8
Added Pin To Net: NetName=Module7_CS Pin=U6-9
Added Pin To Net: NetName=Module8_CS Pin=U6-10
Added Pin To Net: NetName=Module15_CS Pin=U6-11
Added Pin To Net: NetName=Module9_CS Pin=U6-12
Added Pin To Net: NetName=Module10_CS Pin=U6-13
Added Pin To Net: NetName=Module11_CS Pin=U6-14
Added Pin To Net: NetName=Module12_CS Pin=U6-15
Added Pin To Net: NetName=Module13_CS Pin=U6-16
Added Pin To Net: NetName=Module0_CS Pin=U6-17
Added Pin To Net: NetName=Module1_CS Pin=U6-18
Added Pin To Net: NetName=Module2_CS Pin=U6-19
Added Pin To Net: NetName=Module3_CS Pin=U6-20
Change Net Name : Old Net Name=ESP32_3V3 New Net Name=+3.3_Keyboard
Added Pin To Net: NetName=ESP32_3V3 Pin=C4-2
Added Pin To Net: NetName=ESP32_3V3 Pin=C9-2
Added Pin To Net: NetName=ESP32_3V3 Pin=C10-2
Added Pin To Net: NetName=ESP32_3V3 Pin=C11-2
Added Pin To Net: NetName=ESP32_3V3 Pin=R3-1
Added Pin To Net: NetName=ESP32_3V3 Pin=R27-2
Added Pin To Net: NetName=ESP32_3V3 Pin=U1-2
Added Pin To Net: NetName=ESP32_3V3 Pin=U3-4
Added Pin To Net: NetName=ESP32_3V3 Pin=U3-5
Added Net: Name=ESP32_3V3
Added Member To Class: ClassName=Sheet1 Member=Component U5 PCF8575
Added Member To Class: ClassName=Sheet1 Member=Component U6 PCF8575
