Removed Pin From Net: NetName=BKUP_BATT- Pin=C10-1
Removed Pin From Net: NetName=BKUP_BATT+ Pin=C10-2
Removed Pin From Net: NetName=BKUP_BATT- Pin=R11-1
Removed Pin From Net: NetName=BKUP_BATT- Pin=U3-1
Removed Pin From Net: NetName=BKUP_BATT- Pin=U3-3
Removed Pin From Net: NetName=+5 Pin=U3-4
Removed Pin From Net: NetName=BKUP_BATT+ Pin=U3-5
Removed Member From Class: ClassName=Sheet1 Member=C10
Removed Member From Class: ClassName=Sheet1 Member=R11
Removed Member From Class: ClassName=Sheet1 Member=U3
Added Component: Designator=C?(C0805_L)
Add component (AddParameter): Name = "BOM名称"; Value = "无极性贴片电容"; VariantName = "[No Variations]"
Add component (AddParameter): Name = "联系卖家，免费查找封装"; Value = "唯一出售店铺网址https://shop463601444.taobao.com"; VariantName = "[No Variations]"
Added Component: Designator=C?(C0805_L)
Add component (AddParameter): Name = "BOM名称"; Value = "无极性贴片电容"; VariantName = "[No Variations]"
Add component (AddParameter): Name = "联系卖家，免费查找封装"; Value = "唯一出售店铺网址https://shop463601444.taobao.com"; VariantName = "[No Variations]"
Added Component: Designator=D?(SOD-323)
Add component (AddParameter): Name = "BOM名称"; Value = "肖特基二极管"; VariantName = "[No Variations]"
Add component (AddParameter): Name = "联系卖家，免费查找封装"; Value = "唯一出售店铺网址https://shop463601444.taobao.com"; VariantName = "[No Variations]"
Added Component: Designator=DZ?(MINI_MELF (LL34))
Add component (AddParameter): Name = "BOM名称"; Value = "5.1V/0.5W稳压管"; VariantName = "[No Variations]"
Add component (AddParameter): Name = "联系卖家，免费查找封装"; Value = "唯一出售店铺网址https://shop463601444.taobao.com"; VariantName = "[No Variations]"
Added Component: Designator=F?(FU 1206)
Add component (AddParameter): Name = "BOM名称"; Value = "贴片保险丝"; VariantName = "[No Variations]"
Add component (AddParameter): Name = "学习资源"; Value = "www.ooocke.com"; VariantName = "[No Variations]"
Add component (AddParameter): Name = "版权归属"; Value = "源创客"; VariantName = "[No Variations]"
Added Component: Designator=IC?(SOT23-5N)
Added Component: Designator=R?(R0603_L)
Add component (AddParameter): Name = "BOM名称"; Value = "贴片电阻"; VariantName = "[No Variations]"
Add component (AddParameter): Name = "联系卖家，免费查找封装"; Value = "唯一出售店铺网址https://shop463601444.taobao.com"; VariantName = "[No Variations]"
Added Pin To Net: NetName=BKUP_BATT- Pin=C?-1
Added Pin To Net: NetName=BKUP_BATT- Pin=C?-1
Added Pin To Net: NetName=BKUP_BATT+ Pin=C?-2
Added Pin To Net: NetName=BKUP_BATT- Pin=D?-1
Added Pin To Net: NetName=BKUP_BATT- Pin=DZ?-1
Added Pin To Net: NetName=+5 Pin=F?-1
Added Pin To Net: NetName=BKUP_BATT- Pin=IC?-2
Added Pin To Net: NetName=BKUP_BATT+ Pin=IC?-3
Added Pin To Net: NetName=BKUP_BATT- Pin=R?-1
Change Net Name : Old Net Name=BKUP_BATT- New Net Name=GND
Added Pin To Net: NetName=+5_IC Pin=C?-2
Added Pin To Net: NetName=+5_IC Pin=D?-2
Added Pin To Net: NetName=+5_IC Pin=DZ?-2
Added Pin To Net: NetName=+5_IC Pin=F?-2
Added Pin To Net: NetName=+5_IC Pin=IC?-4
Added Net: Name=+5_IC
Added Pin To Net: NetName=NetIC?_1 Pin=IC?-1
Added Net: Name=NetIC?_1
Added Pin To Net: NetName=NetIC?_5 Pin=IC?-5
Added Pin To Net: NetName=NetIC?_5 Pin=R?-2
Added Net: Name=NetIC?_5
Added Pin To Net: NetName=NetU17_8 Pin=U17-8
Added Net: Name=NetU17_8
Added Member To Class: ClassName=Sheet1 Member=Component C? 10uF
Added Member To Class: ClassName=Sheet1 Member=Component C? 10uF
Added Member To Class: ClassName=Sheet1 Member=Component D? B5919WS
Added Member To Class: ClassName=Sheet1 Member=Component DZ? 1N4625
Added Member To Class: ClassName=Sheet1 Member=Component F? MSMD200-8V 2A
Added Member To Class: ClassName=Sheet1 Member=Component IC? TP4055
Added Member To Class: ClassName=Sheet1 Member=Component R? 1.6K
