Removed Pin From Net: NetName=GND Pin=C3-1
Removed Pin From Net: NetName=GND Pin=C4-1
Removed Pin From Net: NetName=GND Pin=C5-1
Removed Pin From Net: NetName=GND Pin=C6-1
Removed Pin From Net: NetName=GND Pin=C7-1
Removed Pin From Net: NetName=GND Pin=C8-1
Removed Pin From Net: NetName=GND Pin=C9-1
Removed Pin From Net: NetName=GND Pin=C10-1
Removed Pin From Net: NetName=GND Pin=C11-1
Removed Pin From Net: NetName=GND Pin=C12-1
Removed Pin From Net: NetName=GND Pin=C13-1
Removed Pin From Net: NetName=GND Pin=C14-1
Removed Pin From Net: NetName=GND Pin=C15-1
Removed Pin From Net: NetName=GND Pin=C16-1
Removed Pin From Net: NetName=GND Pin=IC1-57
Removed Pin From Net: NetName=GND Pin=IC2-4
Removed Pin From Net: NetName=GND Pin=IC2-9
Removed Pin From Net: NetName=GND Pin=P1-1
Removed Pin From Net: NetName=GND Pin=P1-3
Removed Pin From Net: NetName=GND Pin=X1-2
Removed Pin From Net: NetName=GND Pin=X1-4
Removed Member From Class: ClassName=Sheet1 Member=C3
Removed Member From Class: ClassName=Sheet1 Member=C4
Removed Member From Class: ClassName=Sheet1 Member=C5
Removed Member From Class: ClassName=Sheet1 Member=C6
Removed Member From Class: ClassName=Sheet1 Member=C7
Removed Member From Class: ClassName=Sheet1 Member=C8
Removed Member From Class: ClassName=Sheet1 Member=C9
Removed Member From Class: ClassName=Sheet1 Member=C10
Removed Member From Class: ClassName=Sheet1 Member=C11
Removed Member From Class: ClassName=Sheet1 Member=C12
Removed Member From Class: ClassName=Sheet1 Member=C13
Removed Member From Class: ClassName=Sheet1 Member=C14
Removed Member From Class: ClassName=Sheet1 Member=C15
Removed Member From Class: ClassName=Sheet1 Member=C16
Removed Member From Class: ClassName=Sheet1 Member=IC1
Removed Member From Class: ClassName=Sheet1 Member=IC2
Removed Member From Class: ClassName=Sheet1 Member=L1
Removed Member From Class: ClassName=Sheet1 Member=L2
Removed Member From Class: ClassName=Sheet1 Member=L3
Removed Member From Class: ClassName=Sheet1 Member=L4
Removed Member From Class: ClassName=Sheet1 Member=P1
Removed Member From Class: ClassName=Sheet1 Member=R3
Removed Member From Class: ClassName=Sheet1 Member=R4
Removed Member From Class: ClassName=Sheet1 Member=R5
Removed Member From Class: ClassName=Sheet1 Member=X1
Added Room: Name=Sheet1
