Added Component: Designator=USBC1(USB-C-SMD_16P)
Add component (AddParameter): Name = "联系卖家 免费技术支持"; Value = "封装库来自淘宝卖家ID：黄晶宝石"; VariantName = "[No Variations]"
Add component (AddParameter): Name = "联系卖家 免费查找封装"; Value = "唯一出售店铺网址https://shop463601444.taobao.com"; VariantName = "[No Variations]"
Added Pin To Net: NetName=GND Pin=SW_,-5
Added Pin To Net: NetName=GND Pin=SW_.-5
Added Pin To Net: NetName=GND Pin=SW_/-5
Added Pin To Net: NetName=GND Pin=SW_RSHIFT-5
Added Pin To Net: NetName=GND Pin=SW_UP-5
Added Pin To Net: NetName=SPI_BUS.MOSI Pin=U1-19
Added Pin To Net: NetName=SPI_BUS.SCLK Pin=U1-20
Added Pin To Net: NetName=SPI_BUS.MISO Pin=U1-21
Added Pin To Net: NetName=SPI_BUS.RootHub_CS Pin=U1-18
Added Pin To Net: NetName=SPI_BUS.RootHub_CS Pin=U2-20
Added Net: Name=SPI_BUS.RootHub_CS
Added Pin To Net: NetName=VBUS Pin=USBC1-A4
Added Pin To Net: NetName=VBUS Pin=USBC1-A9
Added Pin To Net: NetName=VBUS Pin=USBC1-B4
Added Pin To Net: NetName=VBUS Pin=USBC1-B9
Added Net: Name=VBUS
Added Member To Class: ClassName=Sheet1 Member=Component USBC1 TYPE-C 2.0 -16P
