Added Component: Designator=D?(SOD-323)
Add component (AddParameter): Name = "BOM名称"; Value = "肖特基二极管"; VariantName = "[No Variations]"
Add component (AddParameter): Name = "联系卖家，免费查找封装"; Value = "唯一出售店铺网址https://shop463601444.taobao.com"; VariantName = "[No Variations]"
Added Component: Designator=R?(R0603_L_NS)
Add component (AddParameter): Name = "BOM名称"; Value = "贴片电阻"; VariantName = "[No Variations]"
Add component (AddParameter): Name = "联系卖家，免费查找封装"; Value = "唯一出售店铺网址https://shop463601444.taobao.com"; VariantName = "[No Variations]"
Added Pin To Net: NetName=LED_POWER Pin=C3-2
Added Pin To Net: NetName=LED_POWER Pin=C7-2
Added Pin To Net: NetName=LED_POWER Pin=C8-2
Added Pin To Net: NetName=+5 Pin=D?-1
Added Pin To Net: NetName=LED_POWER Pin=D?-2
Added Pin To Net: NetName=GND Pin=R?-1
Added Pin To Net: NetName=+5 Pin=R?-2
Added Pin To Net: NetName=LED_POWER Pin=T1-1
Added Pin To Net: NetName=+5 Pin=T1-2
Added Pin To Net: NetName=LED_POWER Pin=U3-10
Added Pin To Net: NetName=LED_POWER Pin=U3-11
Change Net Name : Old Net Name=LED_POWER New Net Name=NetC3_2
Added Pin To Net: NetName=NetT1_6 Pin=T1-6
Added Pin To Net: NetName=NetT1_6 Pin=T1-7
Added Net: Name=NetT1_6
Added Member To Class: ClassName=Sheet1 Member=Component D? B5919WS
Added Member To Class: ClassName=Sheet1 Member=Component R? 1M
