Removed Pin From Net: NetName=VBUS Pin=JP_Module1-1
Removed Pin From Net: NetName=VBUS Pin=JP_Module1-2
Removed Pin From Net: NetName=VBUS Pin=JP_Module1-3
Removed Pin From Net: NetName=VBUS Pin=JP_Module1-4
Removed Pin From Net: NetName=SPI_BUS.MOSI Pin=JP_Module1-5
Removed Pin From Net: NetName=SPI_BUS.SCLK Pin=JP_Module1-6
Removed Pin From Net: NetName=SPI_BUS.MISO Pin=JP_Module1-7
Removed Pin From Net: NetName=SPI_BUS.Module1_CS Pin=JP_Module1-8
Removed Pin From Net: NetName=GND Pin=JP_Module1-9
Removed Pin From Net: NetName=GND Pin=JP_Module1-10
Removed Pin From Net: NetName=GND Pin=JP_Module1-11
Removed Pin From Net: NetName=GND Pin=JP_Module1-12
Removed Pin From Net: NetName=VBUS Pin=JP_Module2-1
Removed Pin From Net: NetName=VBUS Pin=JP_Module2-2
Removed Pin From Net: NetName=VBUS Pin=JP_Module2-3
Removed Pin From Net: NetName=VBUS Pin=JP_Module2-4
Removed Pin From Net: NetName=SPI_BUS.MOSI Pin=JP_Module2-5
Removed Pin From Net: NetName=SPI_BUS.SCLK Pin=JP_Module2-6
Removed Pin From Net: NetName=SPI_BUS.MISO Pin=JP_Module2-7
Removed Pin From Net: NetName=SPI_BUS.Module2_CS Pin=JP_Module2-8
Removed Pin From Net: NetName=GND Pin=JP_Module2-9
Removed Pin From Net: NetName=GND Pin=JP_Module2-10
Removed Pin From Net: NetName=GND Pin=JP_Module2-11
Removed Pin From Net: NetName=GND Pin=JP_Module2-12
Removed Pin From Net: NetName=VBUS Pin=JP_Module3-1
Removed Pin From Net: NetName=VBUS Pin=JP_Module3-2
Removed Pin From Net: NetName=VBUS Pin=JP_Module3-3
Removed Pin From Net: NetName=VBUS Pin=JP_Module3-4
Removed Pin From Net: NetName=SPI_BUS.MOSI Pin=JP_Module3-5
Removed Pin From Net: NetName=SPI_BUS.SCLK Pin=JP_Module3-6
Removed Pin From Net: NetName=SPI_BUS.MISO Pin=JP_Module3-7
Removed Pin From Net: NetName=SPI_BUS.Module3_CS Pin=JP_Module3-8
Removed Pin From Net: NetName=GND Pin=JP_Module3-9
Removed Pin From Net: NetName=GND Pin=JP_Module3-10
Removed Pin From Net: NetName=GND Pin=JP_Module3-11
Removed Pin From Net: NetName=GND Pin=JP_Module3-12
Removed Pin From Net: NetName=VBUS Pin=JP_Module4-1
Removed Pin From Net: NetName=VBUS Pin=JP_Module4-2
Removed Pin From Net: NetName=VBUS Pin=JP_Module4-3
Removed Pin From Net: NetName=VBUS Pin=JP_Module4-4
Removed Pin From Net: NetName=SPI_BUS.MOSI Pin=JP_Module4-5
Removed Pin From Net: NetName=SPI_BUS.SCLK Pin=JP_Module4-6
Removed Pin From Net: NetName=SPI_BUS.MISO Pin=JP_Module4-7
Removed Pin From Net: NetName=SPI_BUS.Module4_CS Pin=JP_Module4-8
Removed Pin From Net: NetName=GND Pin=JP_Module4-9
Removed Pin From Net: NetName=GND Pin=JP_Module4-10
Removed Pin From Net: NetName=GND Pin=JP_Module4-11
Removed Pin From Net: NetName=GND Pin=JP_Module4-12
Removed Pin From Net: NetName=VBUS Pin=JP_Module5-1
Removed Pin From Net: NetName=VBUS Pin=JP_Module5-2
Removed Pin From Net: NetName=VBUS Pin=JP_Module5-3
Removed Pin From Net: NetName=VBUS Pin=JP_Module5-4
Removed Pin From Net: NetName=SPI_BUS.MOSI Pin=JP_Module5-5
Removed Pin From Net: NetName=SPI_BUS.SCLK Pin=JP_Module5-6
Removed Pin From Net: NetName=SPI_BUS.MISO Pin=JP_Module5-7
Removed Pin From Net: NetName=SPI_BUS.Module5_CS Pin=JP_Module5-8
Removed Pin From Net: NetName=GND Pin=JP_Module5-9
Removed Pin From Net: NetName=GND Pin=JP_Module5-10
Removed Pin From Net: NetName=GND Pin=JP_Module5-11
Removed Pin From Net: NetName=GND Pin=JP_Module5-12
Removed Pin From Net: NetName=VBUS Pin=JP_Module6-1
Removed Pin From Net: NetName=VBUS Pin=JP_Module6-2
Removed Pin From Net: NetName=VBUS Pin=JP_Module6-3
Removed Pin From Net: NetName=VBUS Pin=JP_Module6-4
Removed Pin From Net: NetName=SPI_BUS.MOSI Pin=JP_Module6-5
Removed Pin From Net: NetName=SPI_BUS.SCLK Pin=JP_Module6-6
Removed Pin From Net: NetName=SPI_BUS.MISO Pin=JP_Module6-7
Removed Pin From Net: NetName=SPI_BUS.Module6_CS Pin=JP_Module6-8
Removed Pin From Net: NetName=GND Pin=JP_Module6-9
Removed Pin From Net: NetName=GND Pin=JP_Module6-10
Removed Pin From Net: NetName=GND Pin=JP_Module6-11
Removed Pin From Net: NetName=GND Pin=JP_Module6-12
Removed Pin From Net: NetName=VBUS Pin=JP_Module7-1
Removed Pin From Net: NetName=VBUS Pin=JP_Module7-2
Removed Pin From Net: NetName=VBUS Pin=JP_Module7-3
Removed Pin From Net: NetName=VBUS Pin=JP_Module7-4
Removed Pin From Net: NetName=SPI_BUS.MOSI Pin=JP_Module7-5
Removed Pin From Net: NetName=SPI_BUS.SCLK Pin=JP_Module7-6
Removed Pin From Net: NetName=SPI_BUS.MISO Pin=JP_Module7-7
Removed Pin From Net: NetName=SPI_BUS.Module7_CS Pin=JP_Module7-8
Removed Pin From Net: NetName=GND Pin=JP_Module7-9
Removed Pin From Net: NetName=GND Pin=JP_Module7-10
Removed Pin From Net: NetName=GND Pin=JP_Module7-11
Removed Pin From Net: NetName=GND Pin=JP_Module7-12
Removed Pin From Net: NetName=VBUS Pin=JP_Module8-1
Removed Pin From Net: NetName=VBUS Pin=JP_Module8-2
Removed Pin From Net: NetName=VBUS Pin=JP_Module8-3
Removed Pin From Net: NetName=VBUS Pin=JP_Module8-4
Removed Pin From Net: NetName=SPI_BUS.MOSI Pin=JP_Module8-5
Removed Pin From Net: NetName=SPI_BUS.SCLK Pin=JP_Module8-6
Removed Pin From Net: NetName=SPI_BUS.MISO Pin=JP_Module8-7
Removed Pin From Net: NetName=SPI_BUS.Module8_CS Pin=JP_Module8-8
Removed Pin From Net: NetName=GND Pin=JP_Module8-9
Removed Pin From Net: NetName=GND Pin=JP_Module8-10
Removed Pin From Net: NetName=GND Pin=JP_Module8-11
Removed Pin From Net: NetName=GND Pin=JP_Module8-12
Removed Pin From Net: NetName=VBUS Pin=JP_Module9-1
Removed Pin From Net: NetName=VBUS Pin=JP_Module9-2
Removed Pin From Net: NetName=VBUS Pin=JP_Module9-3
Removed Pin From Net: NetName=VBUS Pin=JP_Module9-4
Removed Pin From Net: NetName=SPI_BUS.MOSI Pin=JP_Module9-5
Removed Pin From Net: NetName=SPI_BUS.SCLK Pin=JP_Module9-6
Removed Pin From Net: NetName=SPI_BUS.MISO Pin=JP_Module9-7
Removed Pin From Net: NetName=SPI_BUS.Module9_CS Pin=JP_Module9-8
Removed Pin From Net: NetName=GND Pin=JP_Module9-9
Removed Pin From Net: NetName=GND Pin=JP_Module9-10
Removed Pin From Net: NetName=GND Pin=JP_Module9-11
Removed Pin From Net: NetName=GND Pin=JP_Module9-12
Removed Pin From Net: NetName=VBUS Pin=JP_Module10-1
Removed Pin From Net: NetName=VBUS Pin=JP_Module10-2
Removed Pin From Net: NetName=VBUS Pin=JP_Module10-3
Removed Pin From Net: NetName=VBUS Pin=JP_Module10-4
Removed Pin From Net: NetName=SPI_BUS.MOSI Pin=JP_Module10-5
Removed Pin From Net: NetName=SPI_BUS.SCLK Pin=JP_Module10-6
Removed Pin From Net: NetName=SPI_BUS.MISO Pin=JP_Module10-7
Removed Pin From Net: NetName=SPI_BUS.Module10_CS Pin=JP_Module10-8
Removed Pin From Net: NetName=GND Pin=JP_Module10-9
Removed Pin From Net: NetName=GND Pin=JP_Module10-10
Removed Pin From Net: NetName=GND Pin=JP_Module10-11
Removed Pin From Net: NetName=GND Pin=JP_Module10-12
Removed Pin From Net: NetName=VBUS Pin=JP_Module11-1
Removed Pin From Net: NetName=VBUS Pin=JP_Module11-2
Removed Pin From Net: NetName=VBUS Pin=JP_Module11-3
Removed Pin From Net: NetName=VBUS Pin=JP_Module11-4
Removed Pin From Net: NetName=SPI_BUS.MOSI Pin=JP_Module11-5
Removed Pin From Net: NetName=SPI_BUS.SCLK Pin=JP_Module11-6
Removed Pin From Net: NetName=SPI_BUS.MISO Pin=JP_Module11-7
Removed Pin From Net: NetName=SPI_BUS.Module11_CS Pin=JP_Module11-8
Removed Pin From Net: NetName=GND Pin=JP_Module11-9
Removed Pin From Net: NetName=GND Pin=JP_Module11-10
Removed Pin From Net: NetName=GND Pin=JP_Module11-11
Removed Pin From Net: NetName=GND Pin=JP_Module11-12
Removed Pin From Net: NetName=VBUS Pin=JP_Module12-1
Removed Pin From Net: NetName=VBUS Pin=JP_Module12-2
Removed Pin From Net: NetName=VBUS Pin=JP_Module12-3
Removed Pin From Net: NetName=VBUS Pin=JP_Module12-4
Removed Pin From Net: NetName=SPI_BUS.MOSI Pin=JP_Module12-5
Removed Pin From Net: NetName=SPI_BUS.SCLK Pin=JP_Module12-6
Removed Pin From Net: NetName=SPI_BUS.MISO Pin=JP_Module12-7
Removed Pin From Net: NetName=SPI_BUS.Module12_CS Pin=JP_Module12-8
Removed Pin From Net: NetName=GND Pin=JP_Module12-9
Removed Pin From Net: NetName=GND Pin=JP_Module12-10
Removed Pin From Net: NetName=GND Pin=JP_Module12-11
Removed Pin From Net: NetName=GND Pin=JP_Module12-12
Removed Pin From Net: NetName=VBUS Pin=JP_Module13-1
Removed Pin From Net: NetName=VBUS Pin=JP_Module13-2
Removed Pin From Net: NetName=VBUS Pin=JP_Module13-3
Removed Pin From Net: NetName=VBUS Pin=JP_Module13-4
Removed Pin From Net: NetName=SPI_BUS.MOSI Pin=JP_Module13-5
Removed Pin From Net: NetName=SPI_BUS.SCLK Pin=JP_Module13-6
Removed Pin From Net: NetName=SPI_BUS.MISO Pin=JP_Module13-7
Removed Pin From Net: NetName=SPI_BUS.Module13_CS Pin=JP_Module13-8
Removed Pin From Net: NetName=GND Pin=JP_Module13-9
Removed Pin From Net: NetName=GND Pin=JP_Module13-10
Removed Pin From Net: NetName=GND Pin=JP_Module13-11
Removed Pin From Net: NetName=GND Pin=JP_Module13-12
Removed Pin From Net: NetName=VBUS Pin=JP_Module14-1
Removed Pin From Net: NetName=VBUS Pin=JP_Module14-2
Removed Pin From Net: NetName=VBUS Pin=JP_Module14-3
Removed Pin From Net: NetName=VBUS Pin=JP_Module14-4
Removed Pin From Net: NetName=SPI_BUS.MOSI Pin=JP_Module14-5
Removed Pin From Net: NetName=SPI_BUS.SCLK Pin=JP_Module14-6
Removed Pin From Net: NetName=SPI_BUS.MISO Pin=JP_Module14-7
Removed Pin From Net: NetName=SPI_BUS.Module14_CS Pin=JP_Module14-8
Removed Pin From Net: NetName=GND Pin=JP_Module14-9
Removed Pin From Net: NetName=GND Pin=JP_Module14-10
Removed Pin From Net: NetName=GND Pin=JP_Module14-11
Removed Pin From Net: NetName=GND Pin=JP_Module14-12
Removed Member From Class: ClassName=Sheet1 Member=JP_Module1
Removed Member From Class: ClassName=Sheet1 Member=JP_Module2
Removed Member From Class: ClassName=Sheet1 Member=JP_Module3
Removed Member From Class: ClassName=Sheet1 Member=JP_Module4
Removed Member From Class: ClassName=Sheet1 Member=JP_Module5
Removed Member From Class: ClassName=Sheet1 Member=JP_Module6
Removed Member From Class: ClassName=Sheet1 Member=JP_Module7
Removed Member From Class: ClassName=Sheet1 Member=JP_Module8
Removed Member From Class: ClassName=Sheet1 Member=JP_Module9
Removed Member From Class: ClassName=Sheet1 Member=JP_Module10
Removed Member From Class: ClassName=Sheet1 Member=JP_Module11
Removed Member From Class: ClassName=Sheet1 Member=JP_Module12
Removed Member From Class: ClassName=Sheet1 Member=JP_Module13
Removed Member From Class: ClassName=Sheet1 Member=JP_Module14
Removed Member From Class: ClassName=Sheet1 Member=P?
Added Component: Designator=JP?(FPC0.5 2H-WS-16P)
Add component (AddParameter): Name = "BOM名称"; Value = "FPC连接器"; VariantName = "[No Variations]"
Add component (AddParameter): Name = "学习资源"; Value = "www.ooocke.com"; VariantName = "[No Variations]"
Add component (AddParameter): Name = "版权归属"; Value = "源创客"; VariantName = "[No Variations]"
Added Component: Designator=JP?(FPC0.5 2H-WS-16P)
Add component (AddParameter): Name = "BOM名称"; Value = "FPC连接器"; VariantName = "[No Variations]"
Add component (AddParameter): Name = "学习资源"; Value = "www.ooocke.com"; VariantName = "[No Variations]"
Add component (AddParameter): Name = "版权归属"; Value = "源创客"; VariantName = "[No Variations]"
Added Component: Designator=JP?(FPC0.5 2H-WS-16P)
Add component (AddParameter): Name = "BOM名称"; Value = "FPC连接器"; VariantName = "[No Variations]"
Add component (AddParameter): Name = "学习资源"; Value = "www.ooocke.com"; VariantName = "[No Variations]"
Add component (AddParameter): Name = "版权归属"; Value = "源创客"; VariantName = "[No Variations]"
Added Component: Designator=JP?(FPC0.5 2H-WS-16P)
Add component (AddParameter): Name = "BOM名称"; Value = "FPC连接器"; VariantName = "[No Variations]"
Add component (AddParameter): Name = "学习资源"; Value = "www.ooocke.com"; VariantName = "[No Variations]"
Add component (AddParameter): Name = "版权归属"; Value = "源创客"; VariantName = "[No Variations]"
Added Component: Designator=JP?(FPC0.5 2H-WS-16P)
Add component (AddParameter): Name = "BOM名称"; Value = "FPC连接器"; VariantName = "[No Variations]"
Add component (AddParameter): Name = "学习资源"; Value = "www.ooocke.com"; VariantName = "[No Variations]"
Add component (AddParameter): Name = "版权归属"; Value = "源创客"; VariantName = "[No Variations]"
Added Component: Designator=JP?(FPC0.5 2H-WS-16P)
Add component (AddParameter): Name = "BOM名称"; Value = "FPC连接器"; VariantName = "[No Variations]"
Add component (AddParameter): Name = "学习资源"; Value = "www.ooocke.com"; VariantName = "[No Variations]"
Add component (AddParameter): Name = "版权归属"; Value = "源创客"; VariantName = "[No Variations]"
Added Component: Designator=JP?(FPC0.5 2H-WS-16P)
Add component (AddParameter): Name = "BOM名称"; Value = "FPC连接器"; VariantName = "[No Variations]"
Add component (AddParameter): Name = "学习资源"; Value = "www.ooocke.com"; VariantName = "[No Variations]"
Add component (AddParameter): Name = "版权归属"; Value = "源创客"; VariantName = "[No Variations]"
Added Component: Designator=JP?(FPC0.5 2H-WS-16P)
Add component (AddParameter): Name = "BOM名称"; Value = "FPC连接器"; VariantName = "[No Variations]"
Add component (AddParameter): Name = "学习资源"; Value = "www.ooocke.com"; VariantName = "[No Variations]"
Add component (AddParameter): Name = "版权归属"; Value = "源创客"; VariantName = "[No Variations]"
Added Component: Designator=JP?(FPC0.5 2H-WS-16P)
Add component (AddParameter): Name = "BOM名称"; Value = "FPC连接器"; VariantName = "[No Variations]"
Add component (AddParameter): Name = "学习资源"; Value = "www.ooocke.com"; VariantName = "[No Variations]"
Add component (AddParameter): Name = "版权归属"; Value = "源创客"; VariantName = "[No Variations]"
Added Component: Designator=JP?(FPC0.5 2H-WS-16P)
Add component (AddParameter): Name = "BOM名称"; Value = "FPC连接器"; VariantName = "[No Variations]"
Add component (AddParameter): Name = "学习资源"; Value = "www.ooocke.com"; VariantName = "[No Variations]"
Add component (AddParameter): Name = "版权归属"; Value = "源创客"; VariantName = "[No Variations]"
Added Component: Designator=JP?(FPC0.5 2H-WS-16P)
Add component (AddParameter): Name = "BOM名称"; Value = "FPC连接器"; VariantName = "[No Variations]"
Add component (AddParameter): Name = "学习资源"; Value = "www.ooocke.com"; VariantName = "[No Variations]"
Add component (AddParameter): Name = "版权归属"; Value = "源创客"; VariantName = "[No Variations]"
Added Component: Designator=JP?(FPC0.5 2H-WS-16P)
Add component (AddParameter): Name = "BOM名称"; Value = "FPC连接器"; VariantName = "[No Variations]"
Add component (AddParameter): Name = "学习资源"; Value = "www.ooocke.com"; VariantName = "[No Variations]"
Add component (AddParameter): Name = "版权归属"; Value = "源创客"; VariantName = "[No Variations]"
Added Component: Designator=JP?(FPC0.5 2H-WS-16P)
Add component (AddParameter): Name = "BOM名称"; Value = "FPC连接器"; VariantName = "[No Variations]"
Add component (AddParameter): Name = "学习资源"; Value = "www.ooocke.com"; VariantName = "[No Variations]"
Add component (AddParameter): Name = "版权归属"; Value = "源创客"; VariantName = "[No Variations]"
Added Component: Designator=JP?(FPC0.5 2H-WS-16P)
Add component (AddParameter): Name = "BOM名称"; Value = "FPC连接器"; VariantName = "[No Variations]"
Add component (AddParameter): Name = "学习资源"; Value = "www.ooocke.com"; VariantName = "[No Variations]"
Add component (AddParameter): Name = "版权归属"; Value = "源创客"; VariantName = "[No Variations]"
Added Pin To Net: NetName=VBUS Pin=JP?-1
Added Pin To Net: NetName=VBUS Pin=JP?-1
Added Pin To Net: NetName=VBUS Pin=JP?-1
Added Pin To Net: NetName=VBUS Pin=JP?-1
Added Pin To Net: NetName=VBUS Pin=JP?-1
Added Pin To Net: NetName=VBUS Pin=JP?-1
Added Pin To Net: NetName=VBUS Pin=JP?-1
Added Pin To Net: NetName=VBUS Pin=JP?-1
Added Pin To Net: NetName=VBUS Pin=JP?-1
Added Pin To Net: NetName=VBUS Pin=JP?-1
Added Pin To Net: NetName=VBUS Pin=JP?-1
Added Pin To Net: NetName=VBUS Pin=JP?-1
Added Pin To Net: NetName=VBUS Pin=JP?-1
Added Pin To Net: NetName=VBUS Pin=JP?-1
Added Pin To Net: NetName=VBUS Pin=JP?-2
Added Pin To Net: NetName=VBUS Pin=JP?-2
Added Pin To Net: NetName=VBUS Pin=JP?-2
Added Pin To Net: NetName=VBUS Pin=JP?-2
Added Pin To Net: NetName=VBUS Pin=JP?-2
Added Pin To Net: NetName=VBUS Pin=JP?-2
Added Pin To Net: NetName=VBUS Pin=JP?-2
Added Pin To Net: NetName=VBUS Pin=JP?-2
Added Pin To Net: NetName=VBUS Pin=JP?-2
Added Pin To Net: NetName=VBUS Pin=JP?-2
Added Pin To Net: NetName=VBUS Pin=JP?-2
Added Pin To Net: NetName=VBUS Pin=JP?-2
Added Pin To Net: NetName=VBUS Pin=JP?-2
Added Pin To Net: NetName=VBUS Pin=JP?-2
Added Pin To Net: NetName=VBUS Pin=JP?-3
Added Pin To Net: NetName=VBUS Pin=JP?-3
Added Pin To Net: NetName=VBUS Pin=JP?-3
Added Pin To Net: NetName=VBUS Pin=JP?-3
Added Pin To Net: NetName=VBUS Pin=JP?-3
Added Pin To Net: NetName=VBUS Pin=JP?-3
Added Pin To Net: NetName=VBUS Pin=JP?-3
Added Pin To Net: NetName=VBUS Pin=JP?-3
Added Pin To Net: NetName=VBUS Pin=JP?-3
Added Pin To Net: NetName=VBUS Pin=JP?-3
Added Pin To Net: NetName=VBUS Pin=JP?-3
Added Pin To Net: NetName=VBUS Pin=JP?-3
Added Pin To Net: NetName=VBUS Pin=JP?-3
Added Pin To Net: NetName=VBUS Pin=JP?-3
Added Pin To Net: NetName=VBUS Pin=JP?-4
Added Pin To Net: NetName=VBUS Pin=JP?-4
Added Pin To Net: NetName=VBUS Pin=JP?-4
Added Pin To Net: NetName=VBUS Pin=JP?-4
Added Pin To Net: NetName=VBUS Pin=JP?-4
Added Pin To Net: NetName=VBUS Pin=JP?-4
Added Pin To Net: NetName=VBUS Pin=JP?-4
Added Pin To Net: NetName=VBUS Pin=JP?-4
Added Pin To Net: NetName=VBUS Pin=JP?-4
Added Pin To Net: NetName=VBUS Pin=JP?-4
Added Pin To Net: NetName=VBUS Pin=JP?-4
Added Pin To Net: NetName=VBUS Pin=JP?-4
Added Pin To Net: NetName=VBUS Pin=JP?-4
Added Pin To Net: NetName=VBUS Pin=JP?-4
Added Pin To Net: NetName=VBUS Pin=JP?-5
Added Pin To Net: NetName=VBUS Pin=JP?-5
Added Pin To Net: NetName=VBUS Pin=JP?-5
Added Pin To Net: NetName=VBUS Pin=JP?-5
Added Pin To Net: NetName=VBUS Pin=JP?-5
Added Pin To Net: NetName=VBUS Pin=JP?-5
Added Pin To Net: NetName=VBUS Pin=JP?-5
Added Pin To Net: NetName=VBUS Pin=JP?-5
Added Pin To Net: NetName=VBUS Pin=JP?-5
Added Pin To Net: NetName=VBUS Pin=JP?-5
Added Pin To Net: NetName=VBUS Pin=JP?-5
Added Pin To Net: NetName=VBUS Pin=JP?-5
Added Pin To Net: NetName=VBUS Pin=JP?-5
Added Pin To Net: NetName=VBUS Pin=JP?-5
Added Pin To Net: NetName=VBUS Pin=JP?-6
Added Pin To Net: NetName=VBUS Pin=JP?-6
Added Pin To Net: NetName=VBUS Pin=JP?-6
Added Pin To Net: NetName=VBUS Pin=JP?-6
Added Pin To Net: NetName=VBUS Pin=JP?-6
Added Pin To Net: NetName=VBUS Pin=JP?-6
Added Pin To Net: NetName=VBUS Pin=JP?-6
Added Pin To Net: NetName=VBUS Pin=JP?-6
Added Pin To Net: NetName=VBUS Pin=JP?-6
Added Pin To Net: NetName=VBUS Pin=JP?-6
Added Pin To Net: NetName=VBUS Pin=JP?-6
Added Pin To Net: NetName=VBUS Pin=JP?-6
Added Pin To Net: NetName=VBUS Pin=JP?-6
Added Pin To Net: NetName=VBUS Pin=JP?-6
Added Pin To Net: NetName=SPI_BUS.MOSI Pin=JP?-7
Added Pin To Net: NetName=SPI_BUS.MOSI Pin=JP?-7
Added Pin To Net: NetName=SPI_BUS.MOSI Pin=JP?-7
Added Pin To Net: NetName=SPI_BUS.MOSI Pin=JP?-7
Added Pin To Net: NetName=SPI_BUS.MOSI Pin=JP?-7
Added Pin To Net: NetName=SPI_BUS.MOSI Pin=JP?-7
Added Pin To Net: NetName=SPI_BUS.MOSI Pin=JP?-7
Added Pin To Net: NetName=SPI_BUS.MOSI Pin=JP?-7
Added Pin To Net: NetName=SPI_BUS.MOSI Pin=JP?-7
Added Pin To Net: NetName=SPI_BUS.MOSI Pin=JP?-7
Added Pin To Net: NetName=SPI_BUS.MOSI Pin=JP?-7
Added Pin To Net: NetName=SPI_BUS.MOSI Pin=JP?-7
Added Pin To Net: NetName=SPI_BUS.MOSI Pin=JP?-7
Added Pin To Net: NetName=SPI_BUS.MOSI Pin=JP?-7
Added Pin To Net: NetName=SPI_BUS.SCLK Pin=JP?-8
Added Pin To Net: NetName=SPI_BUS.SCLK Pin=JP?-8
Added Pin To Net: NetName=SPI_BUS.SCLK Pin=JP?-8
Added Pin To Net: NetName=SPI_BUS.SCLK Pin=JP?-8
Added Pin To Net: NetName=SPI_BUS.SCLK Pin=JP?-8
Added Pin To Net: NetName=SPI_BUS.SCLK Pin=JP?-8
Added Pin To Net: NetName=SPI_BUS.SCLK Pin=JP?-8
Added Pin To Net: NetName=SPI_BUS.SCLK Pin=JP?-8
Added Pin To Net: NetName=SPI_BUS.SCLK Pin=JP?-8
Added Pin To Net: NetName=SPI_BUS.SCLK Pin=JP?-8
Added Pin To Net: NetName=SPI_BUS.SCLK Pin=JP?-8
Added Pin To Net: NetName=SPI_BUS.SCLK Pin=JP?-8
Added Pin To Net: NetName=SPI_BUS.SCLK Pin=JP?-8
Added Pin To Net: NetName=SPI_BUS.SCLK Pin=JP?-8
Added Pin To Net: NetName=SPI_BUS.MISO Pin=JP?-9
Added Pin To Net: NetName=SPI_BUS.MISO Pin=JP?-9
Added Pin To Net: NetName=SPI_BUS.MISO Pin=JP?-9
Added Pin To Net: NetName=SPI_BUS.MISO Pin=JP?-9
Added Pin To Net: NetName=SPI_BUS.MISO Pin=JP?-9
Added Pin To Net: NetName=SPI_BUS.MISO Pin=JP?-9
Added Pin To Net: NetName=SPI_BUS.MISO Pin=JP?-9
Added Pin To Net: NetName=SPI_BUS.MISO Pin=JP?-9
Added Pin To Net: NetName=SPI_BUS.MISO Pin=JP?-9
Added Pin To Net: NetName=SPI_BUS.MISO Pin=JP?-9
Added Pin To Net: NetName=SPI_BUS.MISO Pin=JP?-9
Added Pin To Net: NetName=SPI_BUS.MISO Pin=JP?-9
Added Pin To Net: NetName=SPI_BUS.MISO Pin=JP?-9
Added Pin To Net: NetName=SPI_BUS.MISO Pin=JP?-9
Added Pin To Net: NetName=SPI_BUS.Module1_CS Pin=JP?-10
Added Pin To Net: NetName=SPI_BUS.Module2_CS Pin=JP?-10
Added Pin To Net: NetName=SPI_BUS.Module3_CS Pin=JP?-10
Added Pin To Net: NetName=SPI_BUS.Module4_CS Pin=JP?-10
Added Pin To Net: NetName=SPI_BUS.Module5_CS Pin=JP?-10
Added Pin To Net: NetName=SPI_BUS.Module6_CS Pin=JP?-10
Added Pin To Net: NetName=SPI_BUS.Module7_CS Pin=JP?-10
Added Pin To Net: NetName=SPI_BUS.Module8_CS Pin=JP?-10
Added Pin To Net: NetName=SPI_BUS.Module9_CS Pin=JP?-10
Added Pin To Net: NetName=SPI_BUS.Module10_CS Pin=JP?-10
Added Pin To Net: NetName=SPI_BUS.Module11_CS Pin=JP?-10
Added Pin To Net: NetName=SPI_BUS.Module12_CS Pin=JP?-10
Added Pin To Net: NetName=SPI_BUS.Module13_CS Pin=JP?-10
Added Pin To Net: NetName=SPI_BUS.Module14_CS Pin=JP?-10
Added Pin To Net: NetName=GND Pin=JP?-11
Added Pin To Net: NetName=GND Pin=JP?-11
Added Pin To Net: NetName=GND Pin=JP?-11
Added Pin To Net: NetName=GND Pin=JP?-11
Added Pin To Net: NetName=GND Pin=JP?-11
Added Pin To Net: NetName=GND Pin=JP?-11
Added Pin To Net: NetName=GND Pin=JP?-11
Added Pin To Net: NetName=GND Pin=JP?-11
Added Pin To Net: NetName=GND Pin=JP?-11
Added Pin To Net: NetName=GND Pin=JP?-11
Added Pin To Net: NetName=GND Pin=JP?-11
Added Pin To Net: NetName=GND Pin=JP?-11
Added Pin To Net: NetName=GND Pin=JP?-11
Added Pin To Net: NetName=GND Pin=JP?-11
Added Pin To Net: NetName=GND Pin=JP?-12
Added Pin To Net: NetName=GND Pin=JP?-12
Added Pin To Net: NetName=GND Pin=JP?-12
Added Pin To Net: NetName=GND Pin=JP?-12
Added Pin To Net: NetName=GND Pin=JP?-12
Added Pin To Net: NetName=GND Pin=JP?-12
Added Pin To Net: NetName=GND Pin=JP?-12
Added Pin To Net: NetName=GND Pin=JP?-12
Added Pin To Net: NetName=GND Pin=JP?-12
Added Pin To Net: NetName=GND Pin=JP?-12
Added Pin To Net: NetName=GND Pin=JP?-12
Added Pin To Net: NetName=GND Pin=JP?-12
Added Pin To Net: NetName=GND Pin=JP?-12
Added Pin To Net: NetName=GND Pin=JP?-12
Added Pin To Net: NetName=GND Pin=JP?-13
Added Pin To Net: NetName=GND Pin=JP?-13
Added Pin To Net: NetName=GND Pin=JP?-13
Added Pin To Net: NetName=GND Pin=JP?-13
Added Pin To Net: NetName=GND Pin=JP?-13
Added Pin To Net: NetName=GND Pin=JP?-13
Added Pin To Net: NetName=GND Pin=JP?-13
Added Pin To Net: NetName=GND Pin=JP?-13
Added Pin To Net: NetName=GND Pin=JP?-13
Added Pin To Net: NetName=GND Pin=JP?-13
Added Pin To Net: NetName=GND Pin=JP?-13
Added Pin To Net: NetName=GND Pin=JP?-13
Added Pin To Net: NetName=GND Pin=JP?-13
Added Pin To Net: NetName=GND Pin=JP?-13
Added Pin To Net: NetName=GND Pin=JP?-14
Added Pin To Net: NetName=GND Pin=JP?-14
Added Pin To Net: NetName=GND Pin=JP?-14
Added Pin To Net: NetName=GND Pin=JP?-14
Added Pin To Net: NetName=GND Pin=JP?-14
Added Pin To Net: NetName=GND Pin=JP?-14
Added Pin To Net: NetName=GND Pin=JP?-14
Added Pin To Net: NetName=GND Pin=JP?-14
Added Pin To Net: NetName=GND Pin=JP?-14
Added Pin To Net: NetName=GND Pin=JP?-14
Added Pin To Net: NetName=GND Pin=JP?-14
Added Pin To Net: NetName=GND Pin=JP?-14
Added Pin To Net: NetName=GND Pin=JP?-14
Added Pin To Net: NetName=GND Pin=JP?-14
Added Pin To Net: NetName=GND Pin=JP?-15
Added Pin To Net: NetName=GND Pin=JP?-15
Added Pin To Net: NetName=GND Pin=JP?-15
Added Pin To Net: NetName=GND Pin=JP?-15
Added Pin To Net: NetName=GND Pin=JP?-15
Added Pin To Net: NetName=GND Pin=JP?-15
Added Pin To Net: NetName=GND Pin=JP?-15
Added Pin To Net: NetName=GND Pin=JP?-15
Added Pin To Net: NetName=GND Pin=JP?-15
Added Pin To Net: NetName=GND Pin=JP?-15
Added Pin To Net: NetName=GND Pin=JP?-15
Added Pin To Net: NetName=GND Pin=JP?-15
Added Pin To Net: NetName=GND Pin=JP?-15
Added Pin To Net: NetName=GND Pin=JP?-15
Added Pin To Net: NetName=GND Pin=JP?-16
Added Pin To Net: NetName=GND Pin=JP?-16
Added Pin To Net: NetName=GND Pin=JP?-16
Added Pin To Net: NetName=GND Pin=JP?-16
Added Pin To Net: NetName=GND Pin=JP?-16
Added Pin To Net: NetName=GND Pin=JP?-16
Added Pin To Net: NetName=GND Pin=JP?-16
Added Pin To Net: NetName=GND Pin=JP?-16
Added Pin To Net: NetName=GND Pin=JP?-16
Added Pin To Net: NetName=GND Pin=JP?-16
Added Pin To Net: NetName=GND Pin=JP?-16
Added Pin To Net: NetName=GND Pin=JP?-16
Added Pin To Net: NetName=GND Pin=JP?-16
Added Pin To Net: NetName=GND Pin=JP?-16
Added Member To Class: ClassName=Sheet1 Member=Component JP? FPC1.0-16P
Added Member To Class: ClassName=Sheet1 Member=Component JP? FPC1.0-16P
Added Member To Class: ClassName=Sheet1 Member=Component JP? FPC1.0-16P
Added Member To Class: ClassName=Sheet1 Member=Component JP? FPC1.0-16P
Added Member To Class: ClassName=Sheet1 Member=Component JP? FPC1.0-16P
Added Member To Class: ClassName=Sheet1 Member=Component JP? FPC1.0-16P
Added Member To Class: ClassName=Sheet1 Member=Component JP? FPC1.0-16P
Added Member To Class: ClassName=Sheet1 Member=Component JP? FPC1.0-16P
Added Member To Class: ClassName=Sheet1 Member=Component JP? FPC1.0-16P
Added Member To Class: ClassName=Sheet1 Member=Component JP? FPC1.0-16P
Added Member To Class: ClassName=Sheet1 Member=Component JP? FPC1.0-16P
Added Member To Class: ClassName=Sheet1 Member=Component JP? FPC1.0-16P
Added Member To Class: ClassName=Sheet1 Member=Component JP? FPC1.0-16P
Added Member To Class: ClassName=Sheet1 Member=Component JP? FPC1.0-16P
