Removed Pin From Net: NetName=BKUP_BATT_OUT- Pin=Q2-2
Removed Pin From Net: NetName=BKUP_BATT_OUT- Pin=Q5-2
Removed Pin From Net: NetName=BKUP_BATT_OUT- Pin=Q6-2
Removed Pin From Net: NetName=+5 Pin=Q7-3
Removed Pin From Net: NetName=BKUP_BATT+ Pin=R8-2
Removed Pin From Net: NetName=+5 Pin=R14-2
Removed Pin From Net: NetName=BKUP_BATT_OUT- Pin=R16-1
Removed Pin From Net: NetName=+5 Pin=R17-2
Removed Pin From Net: NetName=+5 Pin=R22-1
Removed Pin From Net: NetName=BKUP_BATT_OUT- Pin=R23-1
Removed Pin From Net: NetName=BKUP_BATT_OUT- Pin=R28-2
Removed Pin From Net: NetName=BKUP_BATT_OUT- Pin=R30-1
Removed Pin From Net: NetName=BKUP_BATT_OUT- Pin=R31-2
Removed Pin From Net: NetName=BKUP_BATT+ Pin=U9-14
Removed Member From Class: ClassName=Sheet1 Member=Q2
Removed Member From Class: ClassName=Sheet1 Member=Q5
Removed Member From Class: ClassName=Sheet1 Member=Q6
Removed Member From Class: ClassName=Sheet1 Member=Q7
Removed Member From Class: ClassName=Sheet1 Member=R8
Removed Member From Class: ClassName=Sheet1 Member=R14
Removed Member From Class: ClassName=Sheet1 Member=R15
Removed Member From Class: ClassName=Sheet1 Member=R16
Removed Member From Class: ClassName=Sheet1 Member=R17
Removed Member From Class: ClassName=Sheet1 Member=R22
Removed Member From Class: ClassName=Sheet1 Member=R23
Removed Member From Class: ClassName=Sheet1 Member=R26
Removed Member From Class: ClassName=Sheet1 Member=R27
Removed Member From Class: ClassName=Sheet1 Member=R28
Removed Member From Class: ClassName=Sheet1 Member=R29
Removed Member From Class: ClassName=Sheet1 Member=R30
Removed Member From Class: ClassName=Sheet1 Member=R31
Added Component: Designator=U10(SOT108-1_NEX)
Add component (AddParameter): Name = "Copyright"; Value = "Copyright (C) 2022 Ultra Librarian. All rights reserved."; VariantName = "[No Variations]"
Add component (AddParameter): Name = "Manufacturer_Part_Number"; Value = "74HC14D"; VariantName = "[No Variations]"
Add component (AddParameter): Name = "Mfr_Name"; Value = "Nexperia"; VariantName = "[No Variations]"
Add component (AddParameter): Name = "RefDes"; Value = "RefDes"; VariantName = "[No Variations]"
Add component (AddParameter): Name = "Type"; Value = "DEV"; VariantName = "[No Variations]"
Added Pin To Net: NetName=+5 Pin=U9-14
Added Pin To Net: NetName=BKUP_BATT_OUT- Pin=U10-7
Added Pin To Net: NetName=BKUP_BATT+ Pin=U10-14
Added Pin To Net: NetName=NetU3_8 Pin=U3-8
Added Pin To Net: NetName=NetU3_8 Pin=U9-6
Added Net: Name=NetU3_8
Added Pin To Net: NetName=NetU5_3 Pin=U5-3
Added Pin To Net: NetName=NetU5_3 Pin=U10-2
Added Pin To Net: NetName=NetU5_3 Pin=U10-3
Added Net: Name=NetU5_3
Added Pin To Net: NetName=NetU6_2 Pin=U6-2
Added Pin To Net: NetName=NetU6_2 Pin=U6-4
Added Pin To Net: NetName=NetU6_2 Pin=U9-5
Added Net: Name=NetU6_2
Added Pin To Net: NetName=NetU7_2 Pin=U7-2
Added Pin To Net: NetName=NetU7_2 Pin=U9-2
Added Pin To Net: NetName=NetU7_2 Pin=U9-3
Added Net: Name=NetU7_2
Added Pin To Net: NetName=NetU8_2 Pin=U8-2
Added Pin To Net: NetName=NetU8_2 Pin=U8-4
Added Pin To Net: NetName=NetU8_2 Pin=U9-4
Added Net: Name=NetU8_2
Added Pin To Net: NetName=NetU9_1 Pin=U9-1
Added Net: Name=NetU9_1
Added Pin To Net: NetName=NetU10_1 Pin=U10-1
Added Net: Name=NetU10_1
Added Member To Class: ClassName=Sheet1 Member=Component U10 74HC14D
