Removed Pin From Net: NetName=ESP32_USB.USB_D_N Pin=JP_USB-8
Removed Pin From Net: NetName=ESP32_USB.USB_D_P Pin=JP_USB-9
Added Component: Designator=R6(R0603_L)
Add component (AddParameter): Name = "BOM名称"; Value = "贴片电阻"; VariantName = "[No Variations]"
Add component (AddParameter): Name = "联系卖家，免费查找封装"; Value = "唯一出售店铺网址https://shop463601444.taobao.com"; VariantName = "[No Variations]"
Added Component: Designator=R7(R0603_L)
Add component (AddParameter): Name = "BOM名称"; Value = "贴片电阻"; VariantName = "[No Variations]"
Add component (AddParameter): Name = "联系卖家，免费查找封装"; Value = "唯一出售店铺网址https://shop463601444.taobao.com"; VariantName = "[No Variations]"
Added Pin To Net: NetName=ESP32_USB.USB_D_N Pin=R6-1
Added Pin To Net: NetName=ESP32_USB.USB_D_P Pin=R7-1
Added Pin To Net: NetName=NetJP_USB_8 Pin=JP_USB-8
Added Pin To Net: NetName=NetJP_USB_8 Pin=R6-2
Added Net: Name=NetJP_USB_8
Added Pin To Net: NetName=NetJP_USB_9 Pin=JP_USB-9
Added Pin To Net: NetName=NetJP_USB_9 Pin=R7-2
Added Net: Name=NetJP_USB_9
Add Differential Pair: Number of nets in differential pair NetJP_USB_8 is 1 instead of 2
Add Differential Pair: Number of nets in differential pair NetJP_USB_9 is 1 instead of 2
Added Member To Class: ClassName=Sheet1 Member=Component R6 22
Added Member To Class: ClassName=Sheet1 Member=Component R7 22
