Removed Pin From Net: NetName=GND Pin=C1-1
Removed Pin From Net: NetName=GND Pin=C2-1
Removed Pin From Net: NetName=ESP32_3V3 Pin=C2-2
Removed Pin From Net: NetName=GND Pin=C6-1
Removed Pin From Net: NetName=GND Pin=D2-1
Removed Pin From Net: NetName=GND Pin=DZ1-1
Removed Pin From Net: NetName=GND Pin=E1-2
Removed Pin From Net: NetName=GND Pin=E2-2
Removed Pin From Net: NetName=ESP32_3V3 Pin=E3-1
Removed Pin From Net: NetName=GND Pin=E3-2
Removed Pin From Net: NetName=ESP32_3V3 Pin=E4-1
Removed Pin From Net: NetName=GND Pin=E4-2
Removed Pin From Net: NetName=ESP32_3V3 Pin=E5-1
Removed Pin From Net: NetName=GND Pin=E5-2
Removed Pin From Net: NetName=+5 Pin=F1-1
Removed Pin From Net: NetName=GND Pin=IC2-2
Removed Pin From Net: NetName=BKUP_BATT+ Pin=IC2-3
Removed Pin From Net: NetName=ESP32_3V3 Pin=R4-2
Removed Pin From Net: NetName=ESP32_3V3 Pin=R5-2
Removed Pin From Net: NetName=GND Pin=R6-1
Removed Pin From Net: NetName=SW_ESC Pin=R7-1
Removed Pin From Net: NetName=SW_1 Pin=R7-2
Removed Pin From Net: NetName=SW_2 Pin=R7-3
Removed Pin From Net: NetName=SW_3 Pin=R7-4
Removed Pin From Net: NetName=ESP32_3V3 Pin=R7-5
Removed Pin From Net: NetName=ESP32_3V3 Pin=R7-6
Removed Pin From Net: NetName=ESP32_3V3 Pin=R7-7
Removed Pin From Net: NetName=ESP32_3V3 Pin=R7-8
Removed Pin From Net: NetName=SW_4 Pin=R8-1
Removed Pin From Net: NetName=SW_5 Pin=R8-2
Removed Pin From Net: NetName=SW_6 Pin=R8-3
Removed Pin From Net: NetName=SW_7 Pin=R8-4
Removed Pin From Net: NetName=ESP32_3V3 Pin=R8-5
Removed Pin From Net: NetName=ESP32_3V3 Pin=R8-6
Removed Pin From Net: NetName=ESP32_3V3 Pin=R8-7
Removed Pin From Net: NetName=ESP32_3V3 Pin=R8-8
Removed Pin From Net: NetName=SW_W Pin=R14-1
Removed Pin From Net: NetName=SW_E Pin=R14-2
Removed Pin From Net: NetName=SW_R Pin=R14-3
Removed Pin From Net: NetName=SW_T Pin=R14-4
Removed Pin From Net: NetName=ESP32_3V3 Pin=R14-5
Removed Pin From Net: NetName=ESP32_3V3 Pin=R14-6
Removed Pin From Net: NetName=ESP32_3V3 Pin=R14-7
Removed Pin From Net: NetName=ESP32_3V3 Pin=R14-8
Removed Pin From Net: NetName=SW_Y Pin=R15-1
Removed Pin From Net: NetName=SW_U Pin=R15-2
Removed Pin From Net: NetName=SW_I Pin=R15-3
Removed Pin From Net: NetName=SW_O Pin=R15-4
Removed Pin From Net: NetName=ESP32_3V3 Pin=R15-5
Removed Pin From Net: NetName=ESP32_3V3 Pin=R15-6
Removed Pin From Net: NetName=ESP32_3V3 Pin=R15-7
Removed Pin From Net: NetName=ESP32_3V3 Pin=R15-8
Removed Pin From Net: NetName=SW_CAPSLOCK Pin=R16-1
Removed Pin From Net: NetName=SW_L Pin=R16-2
Removed Pin From Net: NetName=SW_; Pin=R16-3
Removed Pin From Net: NetName=SW_' Pin=R16-4
Removed Pin From Net: NetName=ESP32_3V3 Pin=R16-5
Removed Pin From Net: NetName=ESP32_3V3 Pin=R16-6
Removed Pin From Net: NetName=ESP32_3V3 Pin=R16-7
Removed Pin From Net: NetName=ESP32_3V3 Pin=R16-8
Removed Pin From Net: NetName=SW_ENTER Pin=R17-1
Removed Pin From Net: NetName=SW_LSHIFT Pin=R17-2
Removed Pin From Net: NetName=SW_Z Pin=R17-3
Removed Pin From Net: NetName=SW_RIGHT Pin=R17-4
Removed Pin From Net: NetName=ESP32_3V3 Pin=R17-5
Removed Pin From Net: NetName=ESP32_3V3 Pin=R17-6
Removed Pin From Net: NetName=ESP32_3V3 Pin=R17-7
Removed Pin From Net: NetName=ESP32_3V3 Pin=R17-8
Removed Pin From Net: NetName=SW_DOWN Pin=R18-1
Removed Pin From Net: NetName=SW_LEFT Pin=R18-2
Removed Pin From Net: NetName=SW_MENU Pin=R18-3
Removed Pin From Net: NetName=SW_FUNC Pin=R18-4
Removed Pin From Net: NetName=ESP32_3V3 Pin=R18-5
Removed Pin From Net: NetName=ESP32_3V3 Pin=R18-6
Removed Pin From Net: NetName=ESP32_3V3 Pin=R18-7
Removed Pin From Net: NetName=ESP32_3V3 Pin=R18-8
Removed Pin From Net: NetName=SW_SPACE Pin=R19-1
Removed Pin From Net: NetName=SW_LALT Pin=R19-2
Removed Pin From Net: NetName=SW_LOS Pin=R19-3
Removed Pin From Net: NetName=SW_LCTRL Pin=R19-4
Removed Pin From Net: NetName=ESP32_3V3 Pin=R19-5
Removed Pin From Net: NetName=ESP32_3V3 Pin=R19-6
Removed Pin From Net: NetName=ESP32_3V3 Pin=R19-7
Removed Pin From Net: NetName=ESP32_3V3 Pin=R19-8
Removed Pin From Net: NetName=ESP32_3V3 Pin=R20-1
Removed Pin From Net: NetName=ESP32_3V3 Pin=R20-2
Removed Pin From Net: NetName=ESP32_3V3 Pin=R20-3
Removed Pin From Net: NetName=ESP32_3V3 Pin=R20-4
Removed Pin From Net: NetName=SW_- Pin=R20-5
Removed Pin From Net: NetName=SW_0 Pin=R20-6
Removed Pin From Net: NetName=SW_9 Pin=R20-7
Removed Pin From Net: NetName=SW_8 Pin=R20-8
Removed Pin From Net: NetName=ESP32_3V3 Pin=R21-1
Removed Pin From Net: NetName=ESP32_3V3 Pin=R21-2
Removed Pin From Net: NetName=ESP32_3V3 Pin=R21-3
Removed Pin From Net: NetName=ESP32_3V3 Pin=R21-4
Removed Pin From Net: NetName=SW_Q Pin=R21-5
Removed Pin From Net: NetName=SW_TAB Pin=R21-6
Removed Pin From Net: NetName=SW_BACKSPACE Pin=R21-7
Removed Pin From Net: NetName=SW_= Pin=R21-8
Removed Pin From Net: NetName=ESP32_3V3 Pin=R22-1
Removed Pin From Net: NetName=ESP32_3V3 Pin=R22-2
Removed Pin From Net: NetName=ESP32_3V3 Pin=R22-3
Removed Pin From Net: NetName=ESP32_3V3 Pin=R22-4
Removed Pin From Net: NetName=SW_P Pin=R22-5
Removed Pin From Net: NetName=SW_[ Pin=R22-6
Removed Pin From Net: NetName=SW_] Pin=R22-7
Removed Pin From Net: NetName=SW_\ Pin=R22-8
Removed Pin From Net: NetName=ESP32_3V3 Pin=R23-1
Removed Pin From Net: NetName=ESP32_3V3 Pin=R23-2
Removed Pin From Net: NetName=ESP32_3V3 Pin=R23-3
Removed Pin From Net: NetName=ESP32_3V3 Pin=R23-4
Removed Pin From Net: NetName=SW_F Pin=R23-5
Removed Pin From Net: NetName=SW_D Pin=R23-6
Removed Pin From Net: NetName=SW_S Pin=R23-7
Removed Pin From Net: NetName=SW_A Pin=R23-8
Removed Pin From Net: NetName=ESP32_3V3 Pin=R26-1
Removed Pin From Net: NetName=ESP32_3V3 Pin=R26-2
Removed Pin From Net: NetName=ESP32_3V3 Pin=R26-3
Removed Pin From Net: NetName=ESP32_3V3 Pin=R26-4
Removed Pin From Net: NetName=SW_K Pin=R26-5
Removed Pin From Net: NetName=SW_J Pin=R26-6
Removed Pin From Net: NetName=SW_H Pin=R26-7
Removed Pin From Net: NetName=SW_G Pin=R26-8
Removed Pin From Net: NetName=ESP32_3V3 Pin=R27-1
Removed Pin From Net: NetName=ESP32_3V3 Pin=R27-2
Removed Pin From Net: NetName=ESP32_3V3 Pin=R27-3
Removed Pin From Net: NetName=ESP32_3V3 Pin=R27-4
Removed Pin From Net: NetName=SW_B Pin=R27-5
Removed Pin From Net: NetName=SW_V Pin=R27-6
Removed Pin From Net: NetName=SW_C Pin=R27-7
Removed Pin From Net: NetName=SW_X Pin=R27-8
Removed Pin From Net: NetName=ESP32_3V3 Pin=R28-1
Removed Pin From Net: NetName=ESP32_3V3 Pin=R28-2
Removed Pin From Net: NetName=ESP32_3V3 Pin=R28-3
Removed Pin From Net: NetName=ESP32_3V3 Pin=R28-4
Removed Pin From Net: NetName=SW_. Pin=R28-5
Removed Pin From Net: NetName=SW_, Pin=R28-6
Removed Pin From Net: NetName=SW_M Pin=R28-7
Removed Pin From Net: NetName=SW_N Pin=R28-8
Removed Pin From Net: NetName=ESP32_3V3 Pin=R29-1
Removed Pin From Net: NetName=ESP32_3V3 Pin=R29-2
Removed Pin From Net: NetName=ESP32_3V3 Pin=R29-3
Removed Pin From Net: NetName=ESP32_3V3 Pin=R29-4
Removed Pin From Net: NetName=SW_DEL Pin=R29-5
Removed Pin From Net: NetName=SW_UP Pin=R29-6
Removed Pin From Net: NetName=SW_RSHIFT Pin=R29-7
Removed Pin From Net: NetName=SW_/ Pin=R29-8
Removed Pin From Net: NetName=GND Pin=SW_0-1
Removed Pin From Net: NetName=GND Pin=SW_0-1
Removed Pin From Net: NetName=GND Pin=SW_0-1
Removed Pin From Net: NetName=GND Pin=SW_1-1
Removed Pin From Net: NetName=GND Pin=SW_1-1
Removed Pin From Net: NetName=GND Pin=SW_1-1
Removed Pin From Net: NetName=GND Pin=SW_2-1
Removed Pin From Net: NetName=GND Pin=SW_2-1
Removed Pin From Net: NetName=GND Pin=SW_2-1
Removed Pin From Net: NetName=GND Pin=SW_3-1
Removed Pin From Net: NetName=GND Pin=SW_3-1
Removed Pin From Net: NetName=GND Pin=SW_3-1
Removed Pin From Net: NetName=GND Pin=SW_4-1
Removed Pin From Net: NetName=GND Pin=SW_4-1
Removed Pin From Net: NetName=GND Pin=SW_4-1
Removed Pin From Net: NetName=GND Pin=SW_5-1
Removed Pin From Net: NetName=GND Pin=SW_5-1
Removed Pin From Net: NetName=GND Pin=SW_5-1
Removed Pin From Net: NetName=GND Pin=SW_6-1
Removed Pin From Net: NetName=GND Pin=SW_6-1
Removed Pin From Net: NetName=GND Pin=SW_6-1
Removed Pin From Net: NetName=GND Pin=SW_7-1
Removed Pin From Net: NetName=GND Pin=SW_7-1
Removed Pin From Net: NetName=GND Pin=SW_7-1
Removed Pin From Net: NetName=GND Pin=SW_8-1
Removed Pin From Net: NetName=GND Pin=SW_8-1
Removed Pin From Net: NetName=GND Pin=SW_8-1
Removed Pin From Net: NetName=GND Pin=SW_9-1
Removed Pin From Net: NetName=GND Pin=SW_9-1
Removed Pin From Net: NetName=GND Pin=SW_9-1
Removed Pin From Net: NetName=GND Pin=SW_'-1
Removed Pin From Net: NetName=GND Pin=SW_'-1
Removed Pin From Net: NetName=GND Pin=SW_'-1
Removed Pin From Net: NetName=GND Pin=SW_,-1
Removed Pin From Net: NetName=GND Pin=SW_,-1
Removed Pin From Net: NetName=GND Pin=SW_,-1
Removed Pin From Net: NetName=GND Pin=SW_--1
Removed Pin From Net: NetName=GND Pin=SW_--1
Removed Pin From Net: NetName=GND Pin=SW_--1
Removed Pin From Net: NetName=GND Pin=SW_.-1
Removed Pin From Net: NetName=GND Pin=SW_.-1
Removed Pin From Net: NetName=GND Pin=SW_.-1
Removed Pin From Net: NetName=GND Pin=SW_/-1
Removed Pin From Net: NetName=GND Pin=SW_/-1
Removed Pin From Net: NetName=GND Pin=SW_/-1
Removed Pin From Net: NetName=GND Pin=SW_;-1
Removed Pin From Net: NetName=GND Pin=SW_;-1
Removed Pin From Net: NetName=GND Pin=SW_;-1
Removed Pin From Net: NetName=GND Pin=SW_=-1
Removed Pin From Net: NetName=GND Pin=SW_=-1
Removed Pin From Net: NetName=GND Pin=SW_=-1
Removed Pin From Net: NetName=GND Pin=SW_[-1
Removed Pin From Net: NetName=GND Pin=SW_[-1
Removed Pin From Net: NetName=GND Pin=SW_[-1
Removed Pin From Net: NetName=GND Pin=SW_\-1
Removed Pin From Net: NetName=GND Pin=SW_\-1
Removed Pin From Net: NetName=GND Pin=SW_\-1
Removed Pin From Net: NetName=GND Pin=SW_]-1
Removed Pin From Net: NetName=GND Pin=SW_]-1
Removed Pin From Net: NetName=GND Pin=SW_]-1
Removed Pin From Net: NetName=GND Pin=SW_A-1
Removed Pin From Net: NetName=GND Pin=SW_A-1
Removed Pin From Net: NetName=GND Pin=SW_A-1
Removed Pin From Net: NetName=GND Pin=SW_B-1
Removed Pin From Net: NetName=GND Pin=SW_B-1
Removed Pin From Net: NetName=GND Pin=SW_B-1
Removed Pin From Net: NetName=GND Pin=SW_BACKSPACE-1
Removed Pin From Net: NetName=GND Pin=SW_BACKSPACE-1
Removed Pin From Net: NetName=GND Pin=SW_BACKSPACE-1
Removed Pin From Net: NetName=GND Pin=SW_C-1
Removed Pin From Net: NetName=GND Pin=SW_C-1
Removed Pin From Net: NetName=GND Pin=SW_C-1
Removed Pin From Net: NetName=GND Pin=SW_CAPSLOCK-1
Removed Pin From Net: NetName=GND Pin=SW_CAPSLOCK-1
Removed Pin From Net: NetName=GND Pin=SW_CAPSLOCK-1
Removed Pin From Net: NetName=GND Pin=SW_D-1
Removed Pin From Net: NetName=GND Pin=SW_D-1
Removed Pin From Net: NetName=GND Pin=SW_D-1
Removed Pin From Net: NetName=GND Pin=SW_DEL-1
Removed Pin From Net: NetName=GND Pin=SW_DEL-1
Removed Pin From Net: NetName=GND Pin=SW_DEL-1
Removed Pin From Net: NetName=GND Pin=SW_DOWN-1
Removed Pin From Net: NetName=GND Pin=SW_DOWN-1
Removed Pin From Net: NetName=GND Pin=SW_DOWN-1
Removed Pin From Net: NetName=GND Pin=SW_E-1
Removed Pin From Net: NetName=GND Pin=SW_E-1
Removed Pin From Net: NetName=GND Pin=SW_E-1
Removed Pin From Net: NetName=GND Pin=SW_ENTER-1
Removed Pin From Net: NetName=GND Pin=SW_ENTER-1
Removed Pin From Net: NetName=GND Pin=SW_ENTER-1
Removed Pin From Net: NetName=GND Pin=SW_ESC-1
Removed Pin From Net: NetName=GND Pin=SW_ESC-1
Removed Pin From Net: NetName=GND Pin=SW_ESC-1
Removed Pin From Net: NetName=GND Pin=SW_F-1
Removed Pin From Net: NetName=GND Pin=SW_F-1
Removed Pin From Net: NetName=GND Pin=SW_F-1
Removed Pin From Net: NetName=GND Pin=SW_FUNC-1
Removed Pin From Net: NetName=GND Pin=SW_FUNC-1
Removed Pin From Net: NetName=GND Pin=SW_FUNC-1
Removed Pin From Net: NetName=GND Pin=SW_G-1
Removed Pin From Net: NetName=GND Pin=SW_G-1
Removed Pin From Net: NetName=GND Pin=SW_G-1
Removed Pin From Net: NetName=GND Pin=SW_H-1
Removed Pin From Net: NetName=GND Pin=SW_H-1
Removed Pin From Net: NetName=GND Pin=SW_H-1
Removed Pin From Net: NetName=GND Pin=SW_I-1
Removed Pin From Net: NetName=GND Pin=SW_I-1
Removed Pin From Net: NetName=GND Pin=SW_I-1
Removed Pin From Net: NetName=GND Pin=SW_J-1
Removed Pin From Net: NetName=GND Pin=SW_J-1
Removed Pin From Net: NetName=GND Pin=SW_J-1
Removed Pin From Net: NetName=GND Pin=SW_K-1
Removed Pin From Net: NetName=GND Pin=SW_K-1
Removed Pin From Net: NetName=GND Pin=SW_K-1
Removed Pin From Net: NetName=GND Pin=SW_L-1
Removed Pin From Net: NetName=GND Pin=SW_L-1
Removed Pin From Net: NetName=GND Pin=SW_L-1
Removed Pin From Net: NetName=GND Pin=SW_LALT-1
Removed Pin From Net: NetName=GND Pin=SW_LALT-1
Removed Pin From Net: NetName=GND Pin=SW_LALT-1
Removed Pin From Net: NetName=GND Pin=SW_LCTRL-1
Removed Pin From Net: NetName=GND Pin=SW_LCTRL-1
Removed Pin From Net: NetName=GND Pin=SW_LCTRL-1
Removed Pin From Net: NetName=GND Pin=SW_LEFT-1
Removed Pin From Net: NetName=GND Pin=SW_LEFT-1
Removed Pin From Net: NetName=GND Pin=SW_LEFT-1
Removed Pin From Net: NetName=GND Pin=SW_LOS-1
Removed Pin From Net: NetName=GND Pin=SW_LOS-1
Removed Pin From Net: NetName=GND Pin=SW_LOS-1
Removed Pin From Net: NetName=GND Pin=SW_LSHIFT-1
Removed Pin From Net: NetName=GND Pin=SW_LSHIFT-1
Removed Pin From Net: NetName=GND Pin=SW_LSHIFT-1
Removed Pin From Net: NetName=GND Pin=SW_M-1
Removed Pin From Net: NetName=GND Pin=SW_M-1
Removed Pin From Net: NetName=GND Pin=SW_M-1
Removed Pin From Net: NetName=GND Pin=SW_MENU-1
Removed Pin From Net: NetName=GND Pin=SW_MENU-1
Removed Pin From Net: NetName=GND Pin=SW_MENU-1
Removed Pin From Net: NetName=GND Pin=SW_N-1
Removed Pin From Net: NetName=GND Pin=SW_N-1
Removed Pin From Net: NetName=GND Pin=SW_N-1
Removed Pin From Net: NetName=GND Pin=SW_O-1
Removed Pin From Net: NetName=GND Pin=SW_O-1
Removed Pin From Net: NetName=GND Pin=SW_O-1
Removed Pin From Net: NetName=GND Pin=SW_P-1
Removed Pin From Net: NetName=GND Pin=SW_P-1
Removed Pin From Net: NetName=GND Pin=SW_P-1
Removed Pin From Net: NetName=GND Pin=SW_Q-1
Removed Pin From Net: NetName=GND Pin=SW_Q-1
Removed Pin From Net: NetName=GND Pin=SW_Q-1
Removed Pin From Net: NetName=GND Pin=SW_R-1
Removed Pin From Net: NetName=GND Pin=SW_R-1
Removed Pin From Net: NetName=GND Pin=SW_R-1
Removed Pin From Net: NetName=GND Pin=SW_RIGHT-1
Removed Pin From Net: NetName=GND Pin=SW_RIGHT-1
Removed Pin From Net: NetName=GND Pin=SW_RIGHT-1
Removed Pin From Net: NetName=GND Pin=SW_RSHIFT-1
Removed Pin From Net: NetName=GND Pin=SW_RSHIFT-1
Removed Pin From Net: NetName=GND Pin=SW_RSHIFT-1
Removed Pin From Net: NetName=GND Pin=SW_S-1
Removed Pin From Net: NetName=GND Pin=SW_S-1
Removed Pin From Net: NetName=GND Pin=SW_S-1
Removed Pin From Net: NetName=GND Pin=SW_SPACE-1
Removed Pin From Net: NetName=GND Pin=SW_SPACE-1
Removed Pin From Net: NetName=GND Pin=SW_SPACE-1
Removed Pin From Net: NetName=GND Pin=SW_T-1
Removed Pin From Net: NetName=GND Pin=SW_T-1
Removed Pin From Net: NetName=GND Pin=SW_T-1
Removed Pin From Net: NetName=GND Pin=SW_TAB-1
Removed Pin From Net: NetName=GND Pin=SW_TAB-1
Removed Pin From Net: NetName=GND Pin=SW_TAB-1
Removed Pin From Net: NetName=GND Pin=SW_U-1
Removed Pin From Net: NetName=GND Pin=SW_U-1
Removed Pin From Net: NetName=GND Pin=SW_U-1
Removed Pin From Net: NetName=GND Pin=SW_UP-1
Removed Pin From Net: NetName=GND Pin=SW_UP-1
Removed Pin From Net: NetName=GND Pin=SW_UP-1
Removed Pin From Net: NetName=GND Pin=SW_V-1
Removed Pin From Net: NetName=GND Pin=SW_V-1
Removed Pin From Net: NetName=GND Pin=SW_V-1
Removed Pin From Net: NetName=GND Pin=SW_W-1
Removed Pin From Net: NetName=GND Pin=SW_W-1
Removed Pin From Net: NetName=GND Pin=SW_W-1
Removed Pin From Net: NetName=GND Pin=SW_X-1
Removed Pin From Net: NetName=GND Pin=SW_X-1
Removed Pin From Net: NetName=GND Pin=SW_X-1
Removed Pin From Net: NetName=GND Pin=SW_Y-1
Removed Pin From Net: NetName=GND Pin=SW_Y-1
Removed Pin From Net: NetName=GND Pin=SW_Y-1
Removed Pin From Net: NetName=GND Pin=SW_Z-1
Removed Pin From Net: NetName=GND Pin=SW_Z-1
Removed Pin From Net: NetName=GND Pin=SW_Z-1
Removed Pin From Net: NetName=NetSW2_1 Pin=U1-27
Removed Pin From Net: NetName=GND Pin=U2-8
Removed Pin From Net: NetName=GND Pin=U2-15
Removed Pin From Net: NetName=GND Pin=U4-8
Removed Pin From Net: NetName=GND Pin=U4-15
Removed Pin From Net: NetName=GND Pin=U5-1
Removed Pin From Net: NetName=GND Pin=U5-2
Removed Pin From Net: NetName=ESP32_3V3 Pin=U5-4
Removed Pin From Net: NetName=ESP32_3V3 Pin=U5-5
Removed Pin From Net: NetName=GND Pin=U5-12
Removed Pin From Net: NetName=GND Pin=U5-13
Removed Pin From Net: NetName=GND Pin=U5-15
Removed Pin From Net: NetName=GND Pin=U7-8
Removed Pin From Net: NetName=GND Pin=U7-15
Removed Pin From Net: NetName=GND Pin=U8-8
Removed Pin From Net: NetName=GND Pin=U8-15
Removed Pin From Net: NetName=GND Pin=U9-8
Removed Pin From Net: NetName=GND Pin=U9-15
Removed Pin From Net: NetName=GND Pin=U10-8
Removed Pin From Net: NetName=GND Pin=U10-15
Removed Pin From Net: NetName=GND Pin=U11-8
Removed Pin From Net: NetName=GND Pin=U11-15
Removed Pin From Net: NetName=Module1_CS Pin=U12-1
Removed Pin From Net: NetName=Module2_CS Pin=U12-2
Removed Pin From Net: NetName=Module3_CS Pin=U12-3
Removed Pin From Net: NetName=Module4_CS Pin=U12-4
Removed Pin From Net: NetName=Module5_CS Pin=U12-5
Removed Pin From Net: NetName=Module6_CS Pin=U12-6
Removed Pin From Net: NetName=Module7_CS Pin=U12-7
Removed Pin From Net: NetName=ESP32_3V3 Pin=U12-11
Removed Pin From Net: NetName=Module0_CS Pin=U12-15
Removed Pin From Net: NetName=Module9_CS Pin=U13-1
Removed Pin From Net: NetName=Module10_CS Pin=U13-2
Removed Pin From Net: NetName=Module11_CS Pin=U13-3
Removed Pin From Net: NetName=Module12_CS Pin=U13-4
Removed Pin From Net: NetName=Module13_CS Pin=U13-5
Removed Pin From Net: NetName=Module14_CS Pin=U13-6
Removed Pin From Net: NetName=Module15_CS Pin=U13-7
Removed Pin From Net: NetName=ESP32_3V3 Pin=U13-11
Removed Pin From Net: NetName=Module8_CS Pin=U13-15
Removed Pin From Net: NetName=GND Pin=U14-8
Removed Pin From Net: NetName=GND Pin=U14-15
Removed Member From Class: ClassName=Sheet1 Member=C1
Removed Member From Class: ClassName=Sheet1 Member=C2
Removed Member From Class: ClassName=Sheet1 Member=C6
Removed Member From Class: ClassName=Sheet1 Member=D2
Removed Member From Class: ClassName=Sheet1 Member=DZ1
Removed Member From Class: ClassName=Sheet1 Member=E1
Removed Member From Class: ClassName=Sheet1 Member=E2
Removed Member From Class: ClassName=Sheet1 Member=E3
Removed Member From Class: ClassName=Sheet1 Member=E4
Removed Member From Class: ClassName=Sheet1 Member=E5
Removed Member From Class: ClassName=Sheet1 Member=F1
Removed Member From Class: ClassName=Sheet1 Member=IC1
Removed Member From Class: ClassName=Sheet1 Member=IC2
Removed Member From Class: ClassName=Sheet1 Member=JP1
Removed Member From Class: ClassName=Sheet1 Member=L1
Removed Member From Class: ClassName=Sheet1 Member=R4
Removed Member From Class: ClassName=Sheet1 Member=R5
Removed Member From Class: ClassName=Sheet1 Member=R6
Removed Member From Class: ClassName=Sheet1 Member=R7
Removed Member From Class: ClassName=Sheet1 Member=R8
Removed Member From Class: ClassName=Sheet1 Member=R14
Removed Member From Class: ClassName=Sheet1 Member=R15
Removed Member From Class: ClassName=Sheet1 Member=R16
Removed Member From Class: ClassName=Sheet1 Member=R17
Removed Member From Class: ClassName=Sheet1 Member=R18
Removed Member From Class: ClassName=Sheet1 Member=R19
Removed Member From Class: ClassName=Sheet1 Member=R20
Removed Member From Class: ClassName=Sheet1 Member=R21
Removed Member From Class: ClassName=Sheet1 Member=R22
Removed Member From Class: ClassName=Sheet1 Member=R23
Removed Member From Class: ClassName=Sheet1 Member=R26
Removed Member From Class: ClassName=Sheet1 Member=R27
Removed Member From Class: ClassName=Sheet1 Member=R28
Removed Member From Class: ClassName=Sheet1 Member=R29
Removed Member From Class: ClassName=Sheet1 Member=U5
Removed Member From Class: ClassName=Sheet1 Member=X1
Change Component Comment : Designator=R11 Old Comment=1.6K New Comment=1.2K
Added Component: Designator=U3(SOIC-8_EP)
Add component (AddParameter): Name = "联系卖家，免费查找封装"; Value = "唯一出售店铺网址https://shop463601444.taobao.com"; VariantName = "[No Variations]"
Added Pin To Net: NetName=GND Pin=U3-1
Added Pin To Net: NetName=GND Pin=U3-3
Added Pin To Net: NetName=+5 Pin=U3-4
Added Pin To Net: NetName=BKUP_BATT+ Pin=U3-5
Added Pin To Net: NetName=Module11_CS Pin=U12-1
Added Pin To Net: NetName=Module12_CS Pin=U12-2
Added Pin To Net: NetName=Module13_CS Pin=U12-3
Added Pin To Net: NetName=Module0_CS Pin=U12-4
Added Pin To Net: NetName=Module1_CS Pin=U12-5
Added Pin To Net: NetName=Module2_CS Pin=U12-6
Added Pin To Net: NetName=Module3_CS Pin=U12-7
Added Pin To Net: NetName=Module10_CS Pin=U12-15
Added Pin To Net: NetName=Module5_CS Pin=U13-1
Added Pin To Net: NetName=Module14_CS Pin=U13-2
Added Pin To Net: NetName=Module6_CS Pin=U13-3
Added Pin To Net: NetName=Module7_CS Pin=U13-4
Added Pin To Net: NetName=Module8_CS Pin=U13-5
Added Pin To Net: NetName=Module15_CS Pin=U13-6
Added Pin To Net: NetName=Module9_CS Pin=U13-7
Added Pin To Net: NetName=Module4_CS Pin=U13-15
Change Net Name : Old Net Name=GND New Net Name=BKUP_BATT-
Added Pin To Net: NetName=NetR11_2 Pin=R11-2
Added Pin To Net: NetName=NetR11_2 Pin=U3-2
Added Net: Name=NetR11_2
Added Pin To Net: NetName=NetU3_6 Pin=U3-6
Added Net: Name=NetU3_6
Added Pin To Net: NetName=NetU3_7 Pin=U3-7
Added Net: Name=NetU3_7
Added Pin To Net: NetName=NetU3_8 Pin=U3-8
Added Pin To Net: NetName=NetU3_8 Pin=U17-8
Added Net: Name=NetU3_8
Added Pin To Net: NetName=NetU12_11 Pin=U12-11
Added Pin To Net: NetName=NetU12_11 Pin=U13-11
Added Net: Name=NetU12_11
Added Member To Class: ClassName=Sheet1 Member=Component U3 TP4056
