Removed Pin From Net: NetName=BKUP_BATT- Pin=C1-1
Removed Pin From Net: NetName=CONV_IN Pin=C1-2
Removed Pin From Net: NetName=BKUP_BATT- Pin=C2-1
Removed Pin From Net: NetName=CONV_IN Pin=C2-2
Removed Pin From Net: NetName=BKUP_BATT- Pin=C6-1
Removed Pin From Net: NetName=ESP32_3V3 Pin=C6-2
Removed Pin From Net: NetName=BKUP_BATT- Pin=C11-1
Removed Pin From Net: NetName=ESP32_3V3 Pin=C11-2
Removed Pin From Net: NetName=BKUP_BATT- Pin=C12-1
Removed Pin From Net: NetName=ESP32_3V3 Pin=C12-2
Removed Member From Class: ClassName=Sheet1 Member=C6
Removed Member From Class: ClassName=Sheet1 Member=C11
Removed Member From Class: ClassName=Sheet1 Member=C12
Change Component Designator: OldDesignator=IC? NewDesignator=IC1
Change Component Designator: OldDesignator=JP? NewDesignator=JP1
Change Component Designator: OldDesignator=X? NewDesignator=X1
Added Component: Designator=C1(C0603_L)
Add component (AddParameter): Name = "BOM名称"; Value = "无极性贴片电容"; VariantName = "[No Variations]"
Add component (AddParameter): Name = "联系卖家，免费查找封装"; Value = "唯一出售店铺网址https://shop463601444.taobao.com"; VariantName = "[No Variations]"
Added Component: Designator=C2(C0603_L)
Add component (AddParameter): Name = "BOM名称"; Value = "无极性贴片电容"; VariantName = "[No Variations]"
Add component (AddParameter): Name = "联系卖家，免费查找封装"; Value = "唯一出售店铺网址https://shop463601444.taobao.com"; VariantName = "[No Variations]"
Added Component: Designator=E1(C_3528)
Add component (AddParameter): Name = "BOM名称"; Value = "贴片钽电容"; VariantName = "[No Variations]"
Add component (AddParameter): Name = "联系卖家，免费查找封装"; Value = "唯一出售店铺网址https://shop463601444.taobao.com"; VariantName = "[No Variations]"
Added Component: Designator=E2(C_3528)
Add component (AddParameter): Name = "BOM名称"; Value = "贴片钽电容"; VariantName = "[No Variations]"
Add component (AddParameter): Name = "联系卖家，免费查找封装"; Value = "唯一出售店铺网址https://shop463601444.taobao.com"; VariantName = "[No Variations]"
Added Component: Designator=E3(C_3528)
Add component (AddParameter): Name = "BOM名称"; Value = "贴片钽电容"; VariantName = "[No Variations]"
Add component (AddParameter): Name = "联系卖家，免费查找封装"; Value = "唯一出售店铺网址https://shop463601444.taobao.com"; VariantName = "[No Variations]"
Added Component: Designator=E4(C_3528)
Add component (AddParameter): Name = "BOM名称"; Value = "贴片钽电容"; VariantName = "[No Variations]"
Add component (AddParameter): Name = "联系卖家，免费查找封装"; Value = "唯一出售店铺网址https://shop463601444.taobao.com"; VariantName = "[No Variations]"
Added Component: Designator=E5(C_3528)
Add component (AddParameter): Name = "BOM名称"; Value = "贴片钽电容"; VariantName = "[No Variations]"
Add component (AddParameter): Name = "联系卖家，免费查找封装"; Value = "唯一出售店铺网址https://shop463601444.taobao.com"; VariantName = "[No Variations]"
Added Pin To Net: NetName=BKUP_BATT- Pin=C1-1
Added Pin To Net: NetName=CONV_IN Pin=C1-2
Added Pin To Net: NetName=BKUP_BATT- Pin=C2-1
Added Pin To Net: NetName=ESP32_3V3 Pin=C2-2
Added Pin To Net: NetName=CONV_IN Pin=E1-1
Added Pin To Net: NetName=BKUP_BATT- Pin=E1-2
Added Pin To Net: NetName=CONV_IN Pin=E2-1
Added Pin To Net: NetName=BKUP_BATT- Pin=E2-2
Added Pin To Net: NetName=ESP32_3V3 Pin=E3-1
Added Pin To Net: NetName=BKUP_BATT- Pin=E3-2
Added Pin To Net: NetName=ESP32_3V3 Pin=E4-1
Added Pin To Net: NetName=BKUP_BATT- Pin=E4-2
Added Pin To Net: NetName=ESP32_3V3 Pin=E5-1
Added Pin To Net: NetName=BKUP_BATT- Pin=E5-2
Added Member To Class: ClassName=Sheet1 Member=Component E1 22uF/16V
Added Member To Class: ClassName=Sheet1 Member=Component E2 22uF/16V
Added Member To Class: ClassName=Sheet1 Member=Component E3 22uF/16V
Added Member To Class: ClassName=Sheet1 Member=Component E4 22uF/16V
Added Member To Class: ClassName=Sheet1 Member=Component E5 22uF/16V
