Removed Pin From Net: NetName=BKUP_BATT- Pin=JP_BATT-0
Removed Pin From Net: NetName=BKUP_BATT- Pin=JP_BATT-0
Removed Pin From Net: NetName=BKUP_BATT- Pin=JP_Module0-0
Removed Pin From Net: NetName=BKUP_BATT- Pin=JP_Module0-0
Removed Pin From Net: NetName=BKUP_BATT- Pin=JP_Module1-0
Removed Pin From Net: NetName=BKUP_BATT- Pin=JP_Module1-0
Removed Pin From Net: NetName=BKUP_BATT- Pin=JP_Module2-0
Removed Pin From Net: NetName=BKUP_BATT- Pin=JP_Module2-0
Removed Pin From Net: NetName=BKUP_BATT- Pin=JP_Module3-0
Removed Pin From Net: NetName=BKUP_BATT- Pin=JP_Module3-0
Removed Pin From Net: NetName=BKUP_BATT- Pin=JP_Module4-0
Removed Pin From Net: NetName=BKUP_BATT- Pin=JP_Module4-0
Removed Pin From Net: NetName=BKUP_BATT- Pin=JP_Module5-0
Removed Pin From Net: NetName=BKUP_BATT- Pin=JP_Module5-0
Removed Pin From Net: NetName=BKUP_BATT- Pin=JP_Module6-0
Removed Pin From Net: NetName=BKUP_BATT- Pin=JP_Module6-0
Removed Pin From Net: NetName=BKUP_BATT- Pin=JP_Module7-0
Removed Pin From Net: NetName=BKUP_BATT- Pin=JP_Module7-0
Removed Pin From Net: NetName=BKUP_BATT- Pin=JP_Module8-0
Removed Pin From Net: NetName=BKUP_BATT- Pin=JP_Module8-0
Removed Pin From Net: NetName=BKUP_BATT- Pin=JP_Module9-0
Removed Pin From Net: NetName=BKUP_BATT- Pin=JP_Module9-0
Removed Pin From Net: NetName=BKUP_BATT- Pin=JP_Module10-0
Removed Pin From Net: NetName=BKUP_BATT- Pin=JP_Module10-0
Removed Pin From Net: NetName=BKUP_BATT- Pin=JP_Module11-0
Removed Pin From Net: NetName=BKUP_BATT- Pin=JP_Module11-0
Removed Pin From Net: NetName=BKUP_BATT- Pin=JP_Module12-0
Removed Pin From Net: NetName=BKUP_BATT- Pin=JP_Module12-0
Removed Pin From Net: NetName=BKUP_BATT- Pin=JP_Module13-0
Removed Pin From Net: NetName=BKUP_BATT- Pin=JP_Module13-0
Removed Pin From Net: NetName=BKUP_BATT- Pin=JP_Module14-0
Removed Pin From Net: NetName=BKUP_BATT- Pin=JP_Module14-0
Removed Pin From Net: NetName=BKUP_BATT- Pin=JP_Module15-0
Removed Pin From Net: NetName=BKUP_BATT- Pin=JP_Module15-0
Removed Pin From Net: NetName=BKUP_BATT- Pin=JP_USB-0
Removed Pin From Net: NetName=BKUP_BATT- Pin=JP_USB-0
Removed Pin From Net: NetName=BKUP_BATT- Pin=U3-9
Added Pin To Net: NetName=NetR10_1 Pin=U1-17
Added Pin To Net: NetName=NetR12_1 Pin=U1-18
Added Pin To Net: NetName=NetR13_1 Pin=U1-22
Added Pin To Net: NetName=NetU1_9 Pin=U1-9
Added Pin To Net: NetName=NetU1_9 Pin=U2-11
Added Pin To Net: NetName=NetU1_9 Pin=U11-11
Added Net: Name=NetU1_9
Added Pin To Net: NetName=NetU1_10 Pin=U1-10
Added Pin To Net: NetName=NetU1_10 Pin=U2-12
Added Pin To Net: NetName=NetU1_10 Pin=U11-12
Added Net: Name=NetU1_10
Added Pin To Net: NetName=NetU1_11 Pin=U1-11
Added Pin To Net: NetName=NetU1_11 Pin=U2-14
Added Net: Name=NetU1_11
Added Pin To Net: NetName=NetU1_12 Pin=U1-12
Added Pin To Net: NetName=NetU1_12 Pin=U12-14
Added Net: Name=NetU1_12
Added Pin To Net: NetName=NetU1_15 Pin=U1-15
Added Pin To Net: NetName=NetU1_15 Pin=U12-12
Added Pin To Net: NetName=NetU1_15 Pin=U13-12
Added Net: Name=NetU1_15
Added Pin To Net: NetName=NetU1_16 Pin=U1-16
Added Pin To Net: NetName=NetU1_16 Pin=U12-11
Added Pin To Net: NetName=NetU1_16 Pin=U13-11
Added Net: Name=NetU1_16
