Added Component: Designator=R4(RCA-8P4R-0402)
Add component (AddParameter): Name = "BOM名称"; Value = "贴片网络排阻"; VariantName = "[No Variations]"
Add component (AddParameter): Name = "联系卖家，免费查找封装"; Value = "唯一出售店铺网址https://shop463601444.taobao.com"; VariantName = "[No Variations]"
Added Component: Designator=R5(RCA-8P4R-0402)
Add component (AddParameter): Name = "BOM名称"; Value = "贴片网络排阻"; VariantName = "[No Variations]"
Add component (AddParameter): Name = "联系卖家，免费查找封装"; Value = "唯一出售店铺网址https://shop463601444.taobao.com"; VariantName = "[No Variations]"
Added Component: Designator=R6(RCA-8P4R-0402)
Add component (AddParameter): Name = "BOM名称"; Value = "贴片网络排阻"; VariantName = "[No Variations]"
Add component (AddParameter): Name = "联系卖家，免费查找封装"; Value = "唯一出售店铺网址https://shop463601444.taobao.com"; VariantName = "[No Variations]"
Added Component: Designator=R7(RCA-8P4R-0402)
Add component (AddParameter): Name = "BOM名称"; Value = "贴片网络排阻"; VariantName = "[No Variations]"
Add component (AddParameter): Name = "联系卖家，免费查找封装"; Value = "唯一出售店铺网址https://shop463601444.taobao.com"; VariantName = "[No Variations]"
Added Pin To Net: NetName=+3.3 Pin=R4-1
Added Pin To Net: NetName=+3.3 Pin=R4-2
Added Pin To Net: NetName=+3.3 Pin=R4-3
Added Pin To Net: NetName=+3.3 Pin=R4-4
Added Pin To Net: NetName=KB_C10 Pin=R4-5
Added Pin To Net: NetName=KB_C11 Pin=R4-6
Added Pin To Net: NetName=KB_C12 Pin=R4-7
Added Pin To Net: NetName=KB_C13 Pin=R4-8
Added Pin To Net: NetName=+3.3 Pin=R5-1
Added Pin To Net: NetName=+3.3 Pin=R5-2
Added Pin To Net: NetName=+3.3 Pin=R5-3
Added Pin To Net: NetName=+3.3 Pin=R5-4
Added Pin To Net: NetName=KB_C6 Pin=R5-5
Added Pin To Net: NetName=KB_C7 Pin=R5-6
Added Pin To Net: NetName=KB_C8 Pin=R5-7
Added Pin To Net: NetName=KB_C9 Pin=R5-8
Added Pin To Net: NetName=+3.3 Pin=R6-1
Added Pin To Net: NetName=+3.3 Pin=R6-2
Added Pin To Net: NetName=+3.3 Pin=R6-3
Added Pin To Net: NetName=+3.3 Pin=R6-4
Added Pin To Net: NetName=KB_C2 Pin=R6-5
Added Pin To Net: NetName=KB_C3 Pin=R6-6
Added Pin To Net: NetName=KB_C4 Pin=R6-7
Added Pin To Net: NetName=KB_C5 Pin=R6-8
Added Pin To Net: NetName=+3.3 Pin=R7-1
Added Pin To Net: NetName=+3.3 Pin=R7-2
Added Pin To Net: NetName=KB_C0 Pin=R7-7
Added Pin To Net: NetName=KB_C1 Pin=R7-8
Added Member To Class: ClassName=Sheet1 Member=Component R4 103
Added Member To Class: ClassName=Sheet1 Member=Component R5 103
Added Member To Class: ClassName=Sheet1 Member=Component R6 103
Added Member To Class: ClassName=Sheet1 Member=Component R7 103
