Removed Pin From Net: NetName=NetR12_2 Pin=U15-1
Removed Pin From Net: NetName=GND Pin=U15-2
Removed Pin From Net: NetName=NetSW4_4 Pin=U15-6
Change Component Footprint: Designator=U15 Old Footprint=SOT23-6 New Footprint=SOT23-5L
Change Component Comment : Designator=U15 Old Comment=74LVC2G14 New Comment=74LVC1G04
Added Component: Designator=C5(C0603_L_NS)
Add component (AddParameter): Name = "BOM名称"; Value = "无极性贴片电容"; VariantName = "[No Variations]"
Add component (AddParameter): Name = "联系卖家，免费查找封装"; Value = "唯一出售店铺网址https://shop463601444.taobao.com"; VariantName = "[No Variations]"
Added Component: Designator=C20(C0603_L_NS)
Add component (AddParameter): Name = "BOM名称"; Value = "无极性贴片电容"; VariantName = "[No Variations]"
Add component (AddParameter): Name = "联系卖家，免费查找封装"; Value = "唯一出售店铺网址https://shop463601444.taobao.com"; VariantName = "[No Variations]"
Added Pin To Net: NetName=BKUP_BATT+ Pin=C5-1
Added Pin To Net: NetName=GND Pin=C5-2
Added Pin To Net: NetName=+5 Pin=C20-1
Added Pin To Net: NetName=GND Pin=C20-2
Added Pin To Net: NetName=NetR12_2 Pin=U15-2
Added Pin To Net: NetName=GND Pin=U15-3
Added Pin To Net: NetName=NetSW4_4 Pin=U15-4
Added Member To Class: ClassName=Sheet1 Member=Component C5 104
Added Member To Class: ClassName=Sheet1 Member=Component C20 104
