Removed Pin From Net: NetName=GND Pin=Q1-2
Removed Pin From Net: NetName=GND Pin=R13-2
Removed Member From Class: ClassName=Sheet1 Member=IC?
Removed Member From Class: ClassName=Sheet1 Member=Q1
Removed Member From Class: ClassName=Sheet1 Member=R13
Added Component: Designator=U12(TDFN-3*3-8L)
Added Component: Designator=U?(SOT23-6)
Added Pin To Net: NetName=+5 Pin=U12-1
Added Pin To Net: NetName=GND Pin=U12-5
Added Pin To Net: NetName=BKUP_BATT+ Pin=U12-8
Added Pin To Net: NetName=GND Pin=U12-9
Added Pin To Net: NetName=GND Pin=U?-2
Added Pin To Net: NetName=BKUP_BATT+ Pin=U?-5
Added Pin To Net: NetName=NetR11_2 Pin=R11-2
Added Pin To Net: NetName=NetR11_2 Pin=SW4-4
Added Pin To Net: NetName=NetR11_2 Pin=U?-4
Added Net: Name=NetR11_2
Added Pin To Net: NetName=NetR12_2 Pin=R12-2
Added Pin To Net: NetName=NetR12_2 Pin=SW5-4
Added Pin To Net: NetName=NetR12_2 Pin=U?-3
Added Net: Name=NetR12_2
Added Member To Class: ClassName=Sheet1 Member=Component R1 1.15M
Added Member To Class: ClassName=Sheet1 Member=Component U12 SGM4056
Added Member To Class: ClassName=Sheet1 Member=Component U? 74LVC2G14
