Removed Pin From Net: NetName=ESP32_3V3 Pin=U6-5
Removed Pin From Net: NetName=ESP32_3V3 Pin=U6-6
Removed Pin From Net: NetName=ESP32_3V3 Pin=U8-5
Removed Pin From Net: NetName=ESP32_3V3 Pin=U8-6
Removed Pin From Net: NetName=NetC17_2 Pin=U8-7
Removed Pin From Net: NetName=NetC17_2 Pin=U8-8
Removed Member From Class: ClassName=Sheet1 Member=R16
Removed Member From Class: ClassName=Sheet1 Member=U6
Removed Member From Class: ClassName=Sheet1 Member=U8
Added Pin To Net: NetName=ESP32_3V3 Pin=U14-5
Added Pin To Net: NetName=ESP32_3V3 Pin=U14-6
Added Pin To Net: NetName=NetC17_2 Pin=U14-7
Added Pin To Net: NetName=NetC17_2 Pin=U14-8
Added Pin To Net: NetName=ESP32_3V3 Pin=U15-5
Added Pin To Net: NetName=ESP32_3V3 Pin=U15-6
Change Net Name : Old Net Name=NetC17_2 New Net Name=VBUS_CONV_OUTPUT
Added Pin To Net: NetName=BKUP_BATT_CONV_OUTPUT Pin=C14-2
Added Pin To Net: NetName=BKUP_BATT_CONV_OUTPUT Pin=U5-1
Added Pin To Net: NetName=BKUP_BATT_CONV_OUTPUT Pin=U15-7
Added Pin To Net: NetName=BKUP_BATT_CONV_OUTPUT Pin=U15-8
Added Net: Name=BKUP_BATT_CONV_OUTPUT
Added Pin To Net: NetName=NetU10_4 Pin=U10-4
Added Net: Name=NetU10_4
