Change Component Comment : Designator=L? Old Comment=10uH New Comment=24uH
Change Component Designator: OldDesignator=L? NewDesignator=L1
Added Component: Designator=C3(C0603_L)
Add component (AddParameter): Name = "BOM名称"; Value = "无极性贴片电容"; VariantName = "[No Variations]"
Add component (AddParameter): Name = "联系卖家，免费查找封装"; Value = "唯一出售店铺网址https://shop463601444.taobao.com"; VariantName = "[No Variations]"
Added Component: Designator=C4(C0603_L)
Add component (AddParameter): Name = "BOM名称"; Value = "无极性贴片电容"; VariantName = "[No Variations]"
Add component (AddParameter): Name = "联系卖家，免费查找封装"; Value = "唯一出售店铺网址https://shop463601444.taobao.com"; VariantName = "[No Variations]"
Added Component: Designator=C5(C0603_L)
Add component (AddParameter): Name = "BOM名称"; Value = "无极性贴片电容"; VariantName = "[No Variations]"
Add component (AddParameter): Name = "联系卖家，免费查找封装"; Value = "唯一出售店铺网址https://shop463601444.taobao.com"; VariantName = "[No Variations]"
Added Component: Designator=C6(C0603_L)
Add component (AddParameter): Name = "BOM名称"; Value = "无极性贴片电容"; VariantName = "[No Variations]"
Add component (AddParameter): Name = "联系卖家，免费查找封装"; Value = "唯一出售店铺网址https://shop463601444.taobao.com"; VariantName = "[No Variations]"
Added Component: Designator=C7(C0603_L)
Add component (AddParameter): Name = "BOM名称"; Value = "无极性贴片电容"; VariantName = "[No Variations]"
Add component (AddParameter): Name = "联系卖家，免费查找封装"; Value = "唯一出售店铺网址https://shop463601444.taobao.com"; VariantName = "[No Variations]"
Added Component: Designator=C8(C0603_L)
Add component (AddParameter): Name = "BOM名称"; Value = "无极性贴片电容"; VariantName = "[No Variations]"
Add component (AddParameter): Name = "联系卖家，免费查找封装"; Value = "唯一出售店铺网址https://shop463601444.taobao.com"; VariantName = "[No Variations]"
Added Component: Designator=C9(C0603_L)
Add component (AddParameter): Name = "BOM名称"; Value = "无极性贴片电容"; VariantName = "[No Variations]"
Add component (AddParameter): Name = "联系卖家，免费查找封装"; Value = "唯一出售店铺网址https://shop463601444.taobao.com"; VariantName = "[No Variations]"
Added Component: Designator=L2(L0603)
Add component (AddParameter): Name = "BOM名称"; Value = "小功率贴片电感"; VariantName = "[No Variations]"
Add component (AddParameter): Name = "联系卖家，免费查找封装"; Value = "唯一出售店铺网址https://shop463601444.taobao.com"; VariantName = "[No Variations]"
Added Component: Designator=L3(L0603)
Add component (AddParameter): Name = "BOM名称"; Value = "小功率贴片电感"; VariantName = "[No Variations]"
Add component (AddParameter): Name = "联系卖家，免费查找封装"; Value = "唯一出售店铺网址https://shop463601444.taobao.com"; VariantName = "[No Variations]"
Added Component: Designator=R3(R0603_L)
Add component (AddParameter): Name = "BOM名称"; Value = "贴片电阻"; VariantName = "[No Variations]"
Add component (AddParameter): Name = "联系卖家，免费查找封装"; Value = "唯一出售店铺网址https://shop463601444.taobao.com"; VariantName = "[No Variations]"
Added Component: Designator=R4(R0603_L)
Add component (AddParameter): Name = "BOM名称"; Value = "贴片电阻"; VariantName = "[No Variations]"
Add component (AddParameter): Name = "联系卖家，免费查找封装"; Value = "唯一出售店铺网址https://shop463601444.taobao.com"; VariantName = "[No Variations]"
Added Component: Designator=R5(R0603_L)
Add component (AddParameter): Name = "BOM名称"; Value = "贴片电阻"; VariantName = "[No Variations]"
Add component (AddParameter): Name = "联系卖家，免费查找封装"; Value = "唯一出售店铺网址https://shop463601444.taobao.com"; VariantName = "[No Variations]"
Added Component: Designator=R6(R0603_L)
Add component (AddParameter): Name = "BOM名称"; Value = "贴片电阻"; VariantName = "[No Variations]"
Add component (AddParameter): Name = "联系卖家，免费查找封装"; Value = "唯一出售店铺网址https://shop463601444.taobao.com"; VariantName = "[No Variations]"
Added Component: Designator=R7(R0603_L)
Add component (AddParameter): Name = "BOM名称"; Value = "贴片电阻"; VariantName = "[No Variations]"
Add component (AddParameter): Name = "联系卖家，免费查找封装"; Value = "唯一出售店铺网址https://shop463601444.taobao.com"; VariantName = "[No Variations]"
Added Pin To Net: NetName=GND Pin=C3-1
Added Pin To Net: NetName=GND Pin=C4-1
Added Pin To Net: NetName=GND Pin=C5-1
Added Pin To Net: NetName=GND Pin=C6-1
Added Pin To Net: NetName=GND Pin=C7-1
Added Pin To Net: NetName=ESP32_XTAL_N Pin=C7-2
Added Pin To Net: NetName=GND Pin=C8-1
Added Pin To Net: NetName=GND Pin=C9-1
Added Pin To Net: NetName=GND Pin=IC2-4
Added Pin To Net: NetName=GND Pin=IC2-9
Added Pin To Net: NetName=ESP32_XTAL_P Pin=L1-1
Added Pin To Net: NetName=GND Pin=X1-2
Added Pin To Net: NetName=ESP32_XTAL_N Pin=X1-3
Added Pin To Net: NetName=GND Pin=X1-4
Added Pin To Net: NetName=ESP32_LNA_IN Pin=C4-2
Added Pin To Net: NetName=ESP32_LNA_IN Pin=IC1-1
Added Pin To Net: NetName=ESP32_LNA_IN Pin=L2-2
Added Net: Name=ESP32_LNA_IN
Added Pin To Net: NetName=ESP32_SPICLK Pin=IC2-6
Added Pin To Net: NetName=ESP32_SPICLK Pin=R5-2
Added Net: Name=ESP32_SPICLK
Added Pin To Net: NetName=ESP32_SPICS0 Pin=IC1-32
Added Pin To Net: NetName=ESP32_SPICS0 Pin=IC2-1
Added Net: Name=ESP32_SPICS0
Added Pin To Net: NetName=ESP32_SPID Pin=IC2-5
Added Pin To Net: NetName=ESP32_SPID Pin=R3-2
Added Net: Name=ESP32_SPID
Added Pin To Net: NetName=ESP32_SPIHD Pin=IC2-7
Added Pin To Net: NetName=ESP32_SPIHD Pin=R7-2
Added Net: Name=ESP32_SPIHD
Added Pin To Net: NetName=ESP32_SPIQ Pin=IC2-2
Added Pin To Net: NetName=ESP32_SPIQ Pin=R4-2
Added Net: Name=ESP32_SPIQ
Added Pin To Net: NetName=ESP32_SPIWP Pin=IC2-3
Added Pin To Net: NetName=ESP32_SPIWP Pin=R6-2
Added Net: Name=ESP32_SPIWP
Added Pin To Net: NetName=ESP32_VDD_SPI Pin=C8-2
Added Pin To Net: NetName=ESP32_VDD_SPI Pin=C9-2
Added Pin To Net: NetName=ESP32_VDD_SPI Pin=IC1-29
Added Pin To Net: NetName=ESP32_VDD_SPI Pin=IC2-8
Added Net: Name=ESP32_VDD_SPI
Added Pin To Net: NetName=NetC3_2 Pin=C3-2
Added Pin To Net: NetName=NetC3_2 Pin=L2-1
Added Pin To Net: NetName=NetC3_2 Pin=L3-2
Added Pin To Net: NetName=NetC3_2 Pin=P1-2
Added Net: Name=NetC3_2
Added Pin To Net: NetName=NetC5_2 Pin=C5-2
Added Pin To Net: NetName=NetC5_2 Pin=L3-1
Added Net: Name=NetC5_2
Added Pin To Net: NetName=NetC6_2 Pin=C6-2
Added Pin To Net: NetName=NetC6_2 Pin=L1-2
Added Pin To Net: NetName=NetC6_2 Pin=X1-1
Added Net: Name=NetC6_2
Added Pin To Net: NetName=NetIC1_30 Pin=IC1-30
Added Pin To Net: NetName=NetIC1_30 Pin=R7-1
Added Net: Name=NetIC1_30
Added Pin To Net: NetName=NetIC1_31 Pin=IC1-31
Added Pin To Net: NetName=NetIC1_31 Pin=R6-1
Added Net: Name=NetIC1_31
Added Pin To Net: NetName=NetIC1_33 Pin=IC1-33
Added Pin To Net: NetName=NetIC1_33 Pin=R5-1
Added Net: Name=NetIC1_33
Added Pin To Net: NetName=NetIC1_34 Pin=IC1-34
Added Pin To Net: NetName=NetIC1_34 Pin=R4-1
Added Net: Name=NetIC1_34
Added Pin To Net: NetName=NetIC1_35 Pin=IC1-35
Added Pin To Net: NetName=NetIC1_35 Pin=R3-1
Added Net: Name=NetIC1_35
Added Member To Class: ClassName=Sheet1 Member=Component C3 104
Added Member To Class: ClassName=Sheet1 Member=Component C4 104
Added Member To Class: ClassName=Sheet1 Member=Component C5 104
Added Member To Class: ClassName=Sheet1 Member=Component C6 12pF
Added Member To Class: ClassName=Sheet1 Member=Component C7 12pF
Added Member To Class: ClassName=Sheet1 Member=Component C8 0.1uF
Added Member To Class: ClassName=Sheet1 Member=Component C9 1uF
Added Member To Class: ClassName=Sheet1 Member=Component L2 10uH
Added Member To Class: ClassName=Sheet1 Member=Component L3 10uH
Added Member To Class: ClassName=Sheet1 Member=Component R3 0
Added Member To Class: ClassName=Sheet1 Member=Component R4 0
Added Member To Class: ClassName=Sheet1 Member=Component R5 0
Added Member To Class: ClassName=Sheet1 Member=Component R6 0
Added Member To Class: ClassName=Sheet1 Member=Component R7 0
Added Room: Name=Sheet1
