Removed Pin From Net: NetName=BKUP_BATT_OUT- Pin=D1-1
Removed Pin From Net: NetName=NetC15_2 Pin=D1-2
Removed Pin From Net: NetName=NetC15_2 Pin=L1-1
Removed Pin From Net: NetName=VBUS_CONV_OUTPUT Pin=L1-2
Removed Pin From Net: NetName=VBUS_CONV_OUTPUT Pin=R18-2
Removed Pin From Net: NetName=BKUP_BATT_OUT- Pin=R19-1
Removed Pin From Net: NetName=BKUP_BATT_OUT- Pin=R20-1
Removed Pin From Net: NetName=BKUP_BATT_OUT- Pin=R21-1
Removed Pin From Net: NetName=NetC18_1 Pin=R21-2
Removed Pin From Net: NetName=NetC15_2 Pin=U7-1
Removed Pin From Net: NetName=NetC18_2 Pin=U7-3
Removed Pin From Net: NetName=BKUP_BATT_OUT- Pin=U7-5
Removed Pin From Net: NetName=+5 Pin=U7-7
Removed Pin From Net: NetName=NetC15_1 Pin=U7-8
Removed Pin From Net: NetName=BKUP_BATT_OUT- Pin=U7-9
Removed Member From Class: ClassName=Sheet1 Member=D1
Removed Member From Class: ClassName=Sheet1 Member=L1
Removed Member From Class: ClassName=Sheet1 Member=R15
Removed Member From Class: ClassName=Sheet1 Member=R18
Removed Member From Class: ClassName=Sheet1 Member=R19
Removed Member From Class: ClassName=Sheet1 Member=R20
Removed Member From Class: ClassName=Sheet1 Member=R21
Change Component Footprint: Designator=C16 Old Footprint=C1206_L New Footprint=C0603_L
Change Component Footprint: Designator=C17 Old Footprint=C1206_L New Footprint=C0603_L
Change Component Footprint: Designator=U7 Old Footprint=ESOP8_N New Footprint=SOT-23-6
Change Component Comment : Designator=C16 Old Comment=10uF New Comment=2.2uF
Change Component Comment : Designator=C17 Old Comment=22uF New Comment=2.2uF
Change Component Comment : Designator=C15 Old Comment=100nF New Comment=2.2uF
Change Component Comment : Designator=C18 Old Comment=220pF New Comment=2.2uF
Change Component Comment : Designator=U7 Old Comment=MP1584 New Comment=SOT23
Added Component: Designator=C1(C0603_L)
Add component (AddParameter): Name = "BOM名称"; Value = "无极性贴片电容"; VariantName = "[No Variations]"
Add component (AddParameter): Name = "联系卖家，免费查找封装"; Value = "唯一出售店铺网址https://shop463601444.taobao.com"; VariantName = "[No Variations]"
Added Component: Designator=C2(C0603_L)
Add component (AddParameter): Name = "BOM名称"; Value = "无极性贴片电容"; VariantName = "[No Variations]"
Add component (AddParameter): Name = "联系卖家，免费查找封装"; Value = "唯一出售店铺网址https://shop463601444.taobao.com"; VariantName = "[No Variations]"
Added Component: Designator=C6(C0603_L)
Add component (AddParameter): Name = "BOM名称"; Value = "无极性贴片电容"; VariantName = "[No Variations]"
Add component (AddParameter): Name = "联系卖家，免费查找封装"; Value = "唯一出售店铺网址https://shop463601444.taobao.com"; VariantName = "[No Variations]"
Added Component: Designator=C7(C0603_L)
Add component (AddParameter): Name = "BOM名称"; Value = "无极性贴片电容"; VariantName = "[No Variations]"
Add component (AddParameter): Name = "联系卖家，免费查找封装"; Value = "唯一出售店铺网址https://shop463601444.taobao.com"; VariantName = "[No Variations]"
Added Component: Designator=C8(C0603_L)
Add component (AddParameter): Name = "BOM名称"; Value = "无极性贴片电容"; VariantName = "[No Variations]"
Add component (AddParameter): Name = "联系卖家，免费查找封装"; Value = "唯一出售店铺网址https://shop463601444.taobao.com"; VariantName = "[No Variations]"
Added Component: Designator=C9(C0603_L)
Add component (AddParameter): Name = "BOM名称"; Value = "无极性贴片电容"; VariantName = "[No Variations]"
Add component (AddParameter): Name = "联系卖家，免费查找封装"; Value = "唯一出售店铺网址https://shop463601444.taobao.com"; VariantName = "[No Variations]"
Added Component: Designator=C19(C0603_L)
Add component (AddParameter): Name = "BOM名称"; Value = "无极性贴片电容"; VariantName = "[No Variations]"
Add component (AddParameter): Name = "联系卖家，免费查找封装"; Value = "唯一出售店铺网址https://shop463601444.taobao.com"; VariantName = "[No Variations]"
Added Component: Designator=C20(C0603_L)
Add component (AddParameter): Name = "BOM名称"; Value = "无极性贴片电容"; VariantName = "[No Variations]"
Add component (AddParameter): Name = "联系卖家，免费查找封装"; Value = "唯一出售店铺网址https://shop463601444.taobao.com"; VariantName = "[No Variations]"
Added Component: Designator=U6(SOT-23-6)
Added Component: Designator=U8(SOT-23-6)
Added Component: Designator=U9(SOT-23-6)
Added Pin To Net: NetName=BKUP_BATT_OUT- Pin=C2-1
Added Pin To Net: NetName=+5 Pin=C2-2
Added Pin To Net: NetName=BKUP_BATT_OUT- Pin=C6-1
Added Pin To Net: NetName=VBUS_CONV_OUTPUT Pin=C6-2
Added Pin To Net: NetName=BKUP_BATT_OUT- Pin=C8-1
Added Pin To Net: NetName=+5 Pin=C8-2
Added Pin To Net: NetName=BKUP_BATT_OUT- Pin=C9-1
Added Pin To Net: NetName=VBUS_CONV_OUTPUT Pin=C9-2
Added Pin To Net: NetName=BKUP_BATT_OUT- Pin=C19-1
Added Pin To Net: NetName=+5 Pin=C19-2
Added Pin To Net: NetName=BKUP_BATT_OUT- Pin=C20-1
Added Pin To Net: NetName=VBUS_CONV_OUTPUT Pin=C20-2
Added Pin To Net: NetName=VBUS_CONV_OUTPUT Pin=U6-1
Added Pin To Net: NetName=BKUP_BATT_OUT- Pin=U6-2
Added Pin To Net: NetName=+5 Pin=U6-5
Added Pin To Net: NetName=VBUS_CONV_OUTPUT Pin=U7-1
Added Pin To Net: NetName=BKUP_BATT_OUT- Pin=U7-2
Added Pin To Net: NetName=+5 Pin=U7-5
Added Pin To Net: NetName=VBUS_CONV_OUTPUT Pin=U8-1
Added Pin To Net: NetName=BKUP_BATT_OUT- Pin=U8-2
Added Pin To Net: NetName=NetC15_1 Pin=U8-4
Added Pin To Net: NetName=+5 Pin=U8-5
Added Pin To Net: NetName=NetC15_2 Pin=U8-6
Added Pin To Net: NetName=VBUS_CONV_OUTPUT Pin=U9-1
Added Pin To Net: NetName=BKUP_BATT_OUT- Pin=U9-2
Added Pin To Net: NetName=NetC18_1 Pin=U9-4
Added Pin To Net: NetName=+5 Pin=U9-5
Added Pin To Net: NetName=NetC18_2 Pin=U9-6
Added Pin To Net: NetName=NetC1_1 Pin=C1-1
Added Pin To Net: NetName=NetC1_1 Pin=U6-4
Added Net: Name=NetC1_1
Added Pin To Net: NetName=NetC1_2 Pin=C1-2
Added Pin To Net: NetName=NetC1_2 Pin=U6-6
Added Net: Name=NetC1_2
Added Pin To Net: NetName=NetC7_1 Pin=C7-1
Added Pin To Net: NetName=NetC7_1 Pin=U7-4
Added Net: Name=NetC7_1
Added Pin To Net: NetName=NetC7_2 Pin=C7-2
Added Pin To Net: NetName=NetC7_2 Pin=U7-6
Added Net: Name=NetC7_2
Added Pin To Net: NetName=NetU6_3 Pin=U6-3
Added Pin To Net: NetName=NetU6_3 Pin=U7-3
Added Pin To Net: NetName=NetU6_3 Pin=U8-3
Added Pin To Net: NetName=NetU6_3 Pin=U9-3
Added Net: Name=NetU6_3
Added Member To Class: ClassName=Sheet1 Member=Component C1 2.2uF
Added Member To Class: ClassName=Sheet1 Member=Component C2 2.2uF
Added Member To Class: ClassName=Sheet1 Member=Component C6 2.2uF
Added Member To Class: ClassName=Sheet1 Member=Component C7 2.2uF
Added Member To Class: ClassName=Sheet1 Member=Component C8 2.2uF
Added Member To Class: ClassName=Sheet1 Member=Component C9 2.2uF
Added Member To Class: ClassName=Sheet1 Member=Component C19 2.2uF
Added Member To Class: ClassName=Sheet1 Member=Component C20 2.2uF
Added Member To Class: ClassName=Sheet1 Member=Component U6 SOT23
Added Member To Class: ClassName=Sheet1 Member=Component U8 SOT23
Added Member To Class: ClassName=Sheet1 Member=Component U9 SOT23
