Added Component: Designator=C12(C0603_L)
Add component (AddParameter): Name = "BOM名称"; Value = "无极性贴片电容"; VariantName = "[No Variations]"
Add component (AddParameter): Name = "联系卖家，免费查找封装"; Value = "唯一出售店铺网址https://shop463601444.taobao.com"; VariantName = "[No Variations]"
Added Component: Designator=C13(C0603_L)
Add component (AddParameter): Name = "BOM名称"; Value = "无极性贴片电容"; VariantName = "[No Variations]"
Add component (AddParameter): Name = "联系卖家，免费查找封装"; Value = "唯一出售店铺网址https://shop463601444.taobao.com"; VariantName = "[No Variations]"
Added Component: Designator=C14(C0603_L)
Add component (AddParameter): Name = "BOM名称"; Value = "无极性贴片电容"; VariantName = "[No Variations]"
Add component (AddParameter): Name = "联系卖家，免费查找封装"; Value = "唯一出售店铺网址https://shop463601444.taobao.com"; VariantName = "[No Variations]"
Added Component: Designator=C15(C0603_L)
Add component (AddParameter): Name = "BOM名称"; Value = "无极性贴片电容"; VariantName = "[No Variations]"
Add component (AddParameter): Name = "联系卖家，免费查找封装"; Value = "唯一出售店铺网址https://shop463601444.taobao.com"; VariantName = "[No Variations]"
Added Component: Designator=C16(C0603_L)
Add component (AddParameter): Name = "BOM名称"; Value = "无极性贴片电容"; VariantName = "[No Variations]"
Add component (AddParameter): Name = "联系卖家，免费查找封装"; Value = "唯一出售店铺网址https://shop463601444.taobao.com"; VariantName = "[No Variations]"
Added Component: Designator=C17(C0603_L)
Add component (AddParameter): Name = "BOM名称"; Value = "无极性贴片电容"; VariantName = "[No Variations]"
Add component (AddParameter): Name = "联系卖家，免费查找封装"; Value = "唯一出售店铺网址https://shop463601444.taobao.com"; VariantName = "[No Variations]"
Added Component: Designator=C18(C0603_L)
Add component (AddParameter): Name = "BOM名称"; Value = "无极性贴片电容"; VariantName = "[No Variations]"
Add component (AddParameter): Name = "联系卖家，免费查找封装"; Value = "唯一出售店铺网址https://shop463601444.taobao.com"; VariantName = "[No Variations]"
Added Component: Designator=C19(C0603_L)
Add component (AddParameter): Name = "BOM名称"; Value = "无极性贴片电容"; VariantName = "[No Variations]"
Add component (AddParameter): Name = "联系卖家，免费查找封装"; Value = "唯一出售店铺网址https://shop463601444.taobao.com"; VariantName = "[No Variations]"
Added Component: Designator=L2(L-SMD-0420)
Add component (AddParameter): Name = "BOM名称"; Value = "一体成型电感"; VariantName = "[No Variations]"
Add component (AddParameter): Name = "联系卖家，免费查找封装"; Value = "唯一出售店铺网址https://shop463601444.taobao.com"; VariantName = "[No Variations]"
Added Component: Designator=R1(R0603_L)
Add component (AddParameter): Name = "BOM名称"; Value = "贴片电阻"; VariantName = "[No Variations]"
Add component (AddParameter): Name = "联系卖家，免费查找封装"; Value = "唯一出售店铺网址https://shop463601444.taobao.com"; VariantName = "[No Variations]"
Added Component: Designator=R2(R0603_L)
Add component (AddParameter): Name = "BOM名称"; Value = "贴片电阻"; VariantName = "[No Variations]"
Add component (AddParameter): Name = "联系卖家，免费查找封装"; Value = "唯一出售店铺网址https://shop463601444.taobao.com"; VariantName = "[No Variations]"
Added Component: Designator=U13(DSJ14_2P85X1P58_TEX)
Add component (AddParameter): Name = "Copyright"; Value = "Copyright (C) 2022 Ultra Librarian. All rights reserved."; VariantName = "[No Variations]"
Add component (AddParameter): Name = "Manufacturer_Part_Number"; Value = "TPS63020QDSJTQ1"; VariantName = "[No Variations]"
Add component (AddParameter): Name = "Mfr_Name"; Value = "Texas Instruments"; VariantName = "[No Variations]"
Add component (AddParameter): Name = "RefDes"; Value = "RefDes"; VariantName = "[No Variations]"
Add component (AddParameter): Name = "Type"; Value = "DEV"; VariantName = "[No Variations]"
Added Pin To Net: NetName=CONV_IN Pin=C6-2
Added Pin To Net: NetName=GND Pin=C12-1
Added Pin To Net: NetName=CONV_IN Pin=C12-2
Added Pin To Net: NetName=GND Pin=C13-1
Added Pin To Net: NetName=CONV_IN Pin=C13-2
Added Pin To Net: NetName=GND Pin=C14-1
Added Pin To Net: NetName=CONV_IN Pin=C14-2
Added Pin To Net: NetName=GND Pin=C15-1
Added Pin To Net: NetName=ESP32_3V3 Pin=C15-2
Added Pin To Net: NetName=GND Pin=C16-1
Added Pin To Net: NetName=ESP32_3V3 Pin=C16-2
Added Pin To Net: NetName=GND Pin=C17-1
Added Pin To Net: NetName=ESP32_3V3 Pin=C17-2
Added Pin To Net: NetName=GND Pin=C18-1
Added Pin To Net: NetName=ESP32_3V3 Pin=C18-2
Added Pin To Net: NetName=GND Pin=C19-1
Added Pin To Net: NetName=CONV_IN Pin=C19-2
Added Pin To Net: NetName=ESP32_3V3 Pin=R1-2
Added Pin To Net: NetName=GND Pin=R2-1
Added Pin To Net: NetName=CONV_IN Pin=U3-1
Added Pin To Net: NetName=CONV_IN Pin=U3-12
Added Pin To Net: NetName=CONV_IN Pin=U3-13
Added Pin To Net: NetName=CONV_IN Pin=U13-1
Added Pin To Net: NetName=GND Pin=U13-2
Added Pin To Net: NetName=ESP32_3V3 Pin=U13-4
Added Pin To Net: NetName=ESP32_3V3 Pin=U13-5
Added Pin To Net: NetName=CONV_IN Pin=U13-10
Added Pin To Net: NetName=CONV_IN Pin=U13-11
Added Pin To Net: NetName=CONV_IN Pin=U13-13
Added Pin To Net: NetName=GND Pin=U13-15
Added Pin To Net: NetName=NetC5_2 Pin=U_AUTH-1
Added Pin To Net: NetName=NetL2_1 Pin=L2-1
Added Pin To Net: NetName=NetL2_1 Pin=U13-6
Added Pin To Net: NetName=NetL2_1 Pin=U13-7
Added Net: Name=NetL2_1
Added Pin To Net: NetName=NetL2_2 Pin=L2-2
Added Pin To Net: NetName=NetL2_2 Pin=U13-8
Added Pin To Net: NetName=NetL2_2 Pin=U13-9
Added Net: Name=NetL2_2
Added Pin To Net: NetName=NetR1_1 Pin=R1-1
Added Pin To Net: NetName=NetR1_1 Pin=R2-2
Added Pin To Net: NetName=NetR1_1 Pin=U13-3
Added Net: Name=NetR1_1
Added Pin To Net: NetName=NetU13_12 Pin=U13-12
Added Net: Name=NetU13_12
Added Member To Class: ClassName=Sheet1 Member=Component C12 22uF
Added Member To Class: ClassName=Sheet1 Member=Component C13 22uF
Added Member To Class: ClassName=Sheet1 Member=Component C14 22uF
Added Member To Class: ClassName=Sheet1 Member=Component C15 22uF
Added Member To Class: ClassName=Sheet1 Member=Component C16 22uF
Added Member To Class: ClassName=Sheet1 Member=Component C17 22uF
Added Member To Class: ClassName=Sheet1 Member=Component C18 22uF
Added Member To Class: ClassName=Sheet1 Member=Component C19 104
Added Member To Class: ClassName=Sheet1 Member=Component L2 1.5uH
Added Member To Class: ClassName=Sheet1 Member=Component R1 1.15M
Added Member To Class: ClassName=Sheet1 Member=Component R2 180K
Added Member To Class: ClassName=Sheet1 Member=Component U13 TPS63020QDSJTQ1
