Added Component: Designator=R7(RCA-8P4R-0603)
Add component (AddParameter): Name = "BOM名称"; Value = "贴片网络排阻"; VariantName = "[No Variations]"
Add component (AddParameter): Name = "联系卖家，免费查找封装"; Value = "唯一出售店铺网址https://shop463601444.taobao.com"; VariantName = "[No Variations]"
Added Component: Designator=R8(RCA-8P4R-0603)
Add component (AddParameter): Name = "BOM名称"; Value = "贴片网络排阻"; VariantName = "[No Variations]"
Add component (AddParameter): Name = "联系卖家，免费查找封装"; Value = "唯一出售店铺网址https://shop463601444.taobao.com"; VariantName = "[No Variations]"
Added Component: Designator=R14(RCA-8P4R-0603)
Add component (AddParameter): Name = "BOM名称"; Value = "贴片网络排阻"; VariantName = "[No Variations]"
Add component (AddParameter): Name = "联系卖家，免费查找封装"; Value = "唯一出售店铺网址https://shop463601444.taobao.com"; VariantName = "[No Variations]"
Added Component: Designator=R15(RCA-8P4R-0603)
Add component (AddParameter): Name = "BOM名称"; Value = "贴片网络排阻"; VariantName = "[No Variations]"
Add component (AddParameter): Name = "联系卖家，免费查找封装"; Value = "唯一出售店铺网址https://shop463601444.taobao.com"; VariantName = "[No Variations]"
Added Component: Designator=R16(RCA-8P4R-0603)
Add component (AddParameter): Name = "BOM名称"; Value = "贴片网络排阻"; VariantName = "[No Variations]"
Add component (AddParameter): Name = "联系卖家，免费查找封装"; Value = "唯一出售店铺网址https://shop463601444.taobao.com"; VariantName = "[No Variations]"
Added Component: Designator=R17(RCA-8P4R-0603)
Add component (AddParameter): Name = "BOM名称"; Value = "贴片网络排阻"; VariantName = "[No Variations]"
Add component (AddParameter): Name = "联系卖家，免费查找封装"; Value = "唯一出售店铺网址https://shop463601444.taobao.com"; VariantName = "[No Variations]"
Added Component: Designator=R18(RCA-8P4R-0603)
Add component (AddParameter): Name = "BOM名称"; Value = "贴片网络排阻"; VariantName = "[No Variations]"
Add component (AddParameter): Name = "联系卖家，免费查找封装"; Value = "唯一出售店铺网址https://shop463601444.taobao.com"; VariantName = "[No Variations]"
Added Component: Designator=R19(RCA-8P4R-0603)
Add component (AddParameter): Name = "BOM名称"; Value = "贴片网络排阻"; VariantName = "[No Variations]"
Add component (AddParameter): Name = "联系卖家，免费查找封装"; Value = "唯一出售店铺网址https://shop463601444.taobao.com"; VariantName = "[No Variations]"
Added Component: Designator=R20(RCA-8P4R-0603)
Add component (AddParameter): Name = "BOM名称"; Value = "贴片网络排阻"; VariantName = "[No Variations]"
Add component (AddParameter): Name = "联系卖家，免费查找封装"; Value = "唯一出售店铺网址https://shop463601444.taobao.com"; VariantName = "[No Variations]"
Added Component: Designator=R21(RCA-8P4R-0603)
Add component (AddParameter): Name = "BOM名称"; Value = "贴片网络排阻"; VariantName = "[No Variations]"
Add component (AddParameter): Name = "联系卖家，免费查找封装"; Value = "唯一出售店铺网址https://shop463601444.taobao.com"; VariantName = "[No Variations]"
Added Component: Designator=R22(RCA-8P4R-0603)
Add component (AddParameter): Name = "BOM名称"; Value = "贴片网络排阻"; VariantName = "[No Variations]"
Add component (AddParameter): Name = "联系卖家，免费查找封装"; Value = "唯一出售店铺网址https://shop463601444.taobao.com"; VariantName = "[No Variations]"
Added Component: Designator=R23(RCA-8P4R-0603)
Add component (AddParameter): Name = "BOM名称"; Value = "贴片网络排阻"; VariantName = "[No Variations]"
Add component (AddParameter): Name = "联系卖家，免费查找封装"; Value = "唯一出售店铺网址https://shop463601444.taobao.com"; VariantName = "[No Variations]"
Added Component: Designator=R26(RCA-8P4R-0603)
Add component (AddParameter): Name = "BOM名称"; Value = "贴片网络排阻"; VariantName = "[No Variations]"
Add component (AddParameter): Name = "联系卖家，免费查找封装"; Value = "唯一出售店铺网址https://shop463601444.taobao.com"; VariantName = "[No Variations]"
Added Component: Designator=R27(RCA-8P4R-0603)
Add component (AddParameter): Name = "BOM名称"; Value = "贴片网络排阻"; VariantName = "[No Variations]"
Add component (AddParameter): Name = "联系卖家，免费查找封装"; Value = "唯一出售店铺网址https://shop463601444.taobao.com"; VariantName = "[No Variations]"
Added Component: Designator=R28(RCA-8P4R-0603)
Add component (AddParameter): Name = "BOM名称"; Value = "贴片网络排阻"; VariantName = "[No Variations]"
Add component (AddParameter): Name = "联系卖家，免费查找封装"; Value = "唯一出售店铺网址https://shop463601444.taobao.com"; VariantName = "[No Variations]"
Added Component: Designator=R29(RCA-8P4R-0603)
Add component (AddParameter): Name = "BOM名称"; Value = "贴片网络排阻"; VariantName = "[No Variations]"
Add component (AddParameter): Name = "联系卖家，免费查找封装"; Value = "唯一出售店铺网址https://shop463601444.taobao.com"; VariantName = "[No Variations]"
Added Pin To Net: NetName=SW_ESC Pin=R7-1
Added Pin To Net: NetName=SW_1 Pin=R7-2
Added Pin To Net: NetName=SW_2 Pin=R7-3
Added Pin To Net: NetName=SW_3 Pin=R7-4
Added Pin To Net: NetName=ESP32_3V3 Pin=R7-5
Added Pin To Net: NetName=ESP32_3V3 Pin=R7-6
Added Pin To Net: NetName=ESP32_3V3 Pin=R7-7
Added Pin To Net: NetName=ESP32_3V3 Pin=R7-8
Added Pin To Net: NetName=SW_4 Pin=R8-1
Added Pin To Net: NetName=SW_5 Pin=R8-2
Added Pin To Net: NetName=SW_6 Pin=R8-3
Added Pin To Net: NetName=SW_7 Pin=R8-4
Added Pin To Net: NetName=ESP32_3V3 Pin=R8-5
Added Pin To Net: NetName=ESP32_3V3 Pin=R8-6
Added Pin To Net: NetName=ESP32_3V3 Pin=R8-7
Added Pin To Net: NetName=ESP32_3V3 Pin=R8-8
Added Pin To Net: NetName=SW_W Pin=R14-1
Added Pin To Net: NetName=SW_E Pin=R14-2
Added Pin To Net: NetName=SW_R Pin=R14-3
Added Pin To Net: NetName=SW_T Pin=R14-4
Added Pin To Net: NetName=ESP32_3V3 Pin=R14-5
Added Pin To Net: NetName=ESP32_3V3 Pin=R14-6
Added Pin To Net: NetName=ESP32_3V3 Pin=R14-7
Added Pin To Net: NetName=ESP32_3V3 Pin=R14-8
Added Pin To Net: NetName=SW_Y Pin=R15-1
Added Pin To Net: NetName=SW_U Pin=R15-2
Added Pin To Net: NetName=SW_I Pin=R15-3
Added Pin To Net: NetName=SW_O Pin=R15-4
Added Pin To Net: NetName=ESP32_3V3 Pin=R15-5
Added Pin To Net: NetName=ESP32_3V3 Pin=R15-6
Added Pin To Net: NetName=ESP32_3V3 Pin=R15-7
Added Pin To Net: NetName=ESP32_3V3 Pin=R15-8
Added Pin To Net: NetName=SW_CAPSLOCK Pin=R16-1
Added Pin To Net: NetName=SW_L Pin=R16-2
Added Pin To Net: NetName=SW_; Pin=R16-3
Added Pin To Net: NetName=SW_' Pin=R16-4
Added Pin To Net: NetName=ESP32_3V3 Pin=R16-5
Added Pin To Net: NetName=ESP32_3V3 Pin=R16-6
Added Pin To Net: NetName=ESP32_3V3 Pin=R16-7
Added Pin To Net: NetName=ESP32_3V3 Pin=R16-8
Added Pin To Net: NetName=SW_ENTER Pin=R17-1
Added Pin To Net: NetName=SW_LSHIFT Pin=R17-2
Added Pin To Net: NetName=SW_Z Pin=R17-3
Added Pin To Net: NetName=SW_RIGHT Pin=R17-4
Added Pin To Net: NetName=ESP32_3V3 Pin=R17-5
Added Pin To Net: NetName=ESP32_3V3 Pin=R17-6
Added Pin To Net: NetName=ESP32_3V3 Pin=R17-7
Added Pin To Net: NetName=ESP32_3V3 Pin=R17-8
Added Pin To Net: NetName=SW_DOWN Pin=R18-1
Added Pin To Net: NetName=SW_LEFT Pin=R18-2
Added Pin To Net: NetName=SW_MENU Pin=R18-3
Added Pin To Net: NetName=SW_FUNC Pin=R18-4
Added Pin To Net: NetName=ESP32_3V3 Pin=R18-5
Added Pin To Net: NetName=ESP32_3V3 Pin=R18-6
Added Pin To Net: NetName=ESP32_3V3 Pin=R18-7
Added Pin To Net: NetName=ESP32_3V3 Pin=R18-8
Added Pin To Net: NetName=SW_SPACE Pin=R19-1
Added Pin To Net: NetName=SW_LALT Pin=R19-2
Added Pin To Net: NetName=SW_LOS Pin=R19-3
Added Pin To Net: NetName=SW_LCTRL Pin=R19-4
Added Pin To Net: NetName=ESP32_3V3 Pin=R19-5
Added Pin To Net: NetName=ESP32_3V3 Pin=R19-6
Added Pin To Net: NetName=ESP32_3V3 Pin=R19-7
Added Pin To Net: NetName=ESP32_3V3 Pin=R19-8
Added Pin To Net: NetName=ESP32_3V3 Pin=R20-1
Added Pin To Net: NetName=ESP32_3V3 Pin=R20-2
Added Pin To Net: NetName=ESP32_3V3 Pin=R20-3
Added Pin To Net: NetName=ESP32_3V3 Pin=R20-4
Added Pin To Net: NetName=SW_- Pin=R20-5
Added Pin To Net: NetName=SW_0 Pin=R20-6
Added Pin To Net: NetName=SW_9 Pin=R20-7
Added Pin To Net: NetName=SW_8 Pin=R20-8
Added Pin To Net: NetName=ESP32_3V3 Pin=R21-1
Added Pin To Net: NetName=ESP32_3V3 Pin=R21-2
Added Pin To Net: NetName=ESP32_3V3 Pin=R21-3
Added Pin To Net: NetName=ESP32_3V3 Pin=R21-4
Added Pin To Net: NetName=SW_Q Pin=R21-5
Added Pin To Net: NetName=SW_TAB Pin=R21-6
Added Pin To Net: NetName=SW_BACKSPACE Pin=R21-7
Added Pin To Net: NetName=SW_= Pin=R21-8
Added Pin To Net: NetName=ESP32_3V3 Pin=R22-1
Added Pin To Net: NetName=ESP32_3V3 Pin=R22-2
Added Pin To Net: NetName=ESP32_3V3 Pin=R22-3
Added Pin To Net: NetName=ESP32_3V3 Pin=R22-4
Added Pin To Net: NetName=SW_P Pin=R22-5
Added Pin To Net: NetName=SW_[ Pin=R22-6
Added Pin To Net: NetName=SW_] Pin=R22-7
Added Pin To Net: NetName=SW_\ Pin=R22-8
Added Pin To Net: NetName=ESP32_3V3 Pin=R23-1
Added Pin To Net: NetName=ESP32_3V3 Pin=R23-2
Added Pin To Net: NetName=ESP32_3V3 Pin=R23-3
Added Pin To Net: NetName=ESP32_3V3 Pin=R23-4
Added Pin To Net: NetName=SW_F Pin=R23-5
Added Pin To Net: NetName=SW_D Pin=R23-6
Added Pin To Net: NetName=SW_S Pin=R23-7
Added Pin To Net: NetName=SW_A Pin=R23-8
Added Pin To Net: NetName=ESP32_3V3 Pin=R26-1
Added Pin To Net: NetName=ESP32_3V3 Pin=R26-2
Added Pin To Net: NetName=ESP32_3V3 Pin=R26-3
Added Pin To Net: NetName=ESP32_3V3 Pin=R26-4
Added Pin To Net: NetName=SW_K Pin=R26-5
Added Pin To Net: NetName=SW_J Pin=R26-6
Added Pin To Net: NetName=SW_H Pin=R26-7
Added Pin To Net: NetName=SW_G Pin=R26-8
Added Pin To Net: NetName=ESP32_3V3 Pin=R27-1
Added Pin To Net: NetName=ESP32_3V3 Pin=R27-2
Added Pin To Net: NetName=ESP32_3V3 Pin=R27-3
Added Pin To Net: NetName=ESP32_3V3 Pin=R27-4
Added Pin To Net: NetName=SW_B Pin=R27-5
Added Pin To Net: NetName=SW_V Pin=R27-6
Added Pin To Net: NetName=SW_C Pin=R27-7
Added Pin To Net: NetName=SW_X Pin=R27-8
Added Pin To Net: NetName=ESP32_3V3 Pin=R28-1
Added Pin To Net: NetName=ESP32_3V3 Pin=R28-2
Added Pin To Net: NetName=ESP32_3V3 Pin=R28-3
Added Pin To Net: NetName=ESP32_3V3 Pin=R28-4
Added Pin To Net: NetName=SW_. Pin=R28-5
Added Pin To Net: NetName=SW_, Pin=R28-6
Added Pin To Net: NetName=SW_M Pin=R28-7
Added Pin To Net: NetName=SW_N Pin=R28-8
Added Pin To Net: NetName=ESP32_3V3 Pin=R29-1
Added Pin To Net: NetName=ESP32_3V3 Pin=R29-2
Added Pin To Net: NetName=ESP32_3V3 Pin=R29-3
Added Pin To Net: NetName=ESP32_3V3 Pin=R29-4
Added Pin To Net: NetName=SW_DEL Pin=R29-5
Added Pin To Net: NetName=SW_UP Pin=R29-6
Added Pin To Net: NetName=SW_RSHIFT Pin=R29-7
Added Pin To Net: NetName=SW_/ Pin=R29-8
Added Pin To Net: NetName=ESP32_3V3 Pin=U12-11
Added Pin To Net: NetName=ESP32_3V3 Pin=U13-11
Added Member To Class: ClassName=Sheet1 Member=Component R7 100K
Added Member To Class: ClassName=Sheet1 Member=Component R8 100K
Added Member To Class: ClassName=Sheet1 Member=Component R14 100K
Added Member To Class: ClassName=Sheet1 Member=Component R15 100K
Added Member To Class: ClassName=Sheet1 Member=Component R16 100K
Added Member To Class: ClassName=Sheet1 Member=Component R17 100K
Added Member To Class: ClassName=Sheet1 Member=Component R18 100K
Added Member To Class: ClassName=Sheet1 Member=Component R19 100K
Added Member To Class: ClassName=Sheet1 Member=Component R20 100K
Added Member To Class: ClassName=Sheet1 Member=Component R21 100K
Added Member To Class: ClassName=Sheet1 Member=Component R22 100K
Added Member To Class: ClassName=Sheet1 Member=Component R23 100K
Added Member To Class: ClassName=Sheet1 Member=Component R26 100K
Added Member To Class: ClassName=Sheet1 Member=Component R27 100K
Added Member To Class: ClassName=Sheet1 Member=Component R28 100K
Added Member To Class: ClassName=Sheet1 Member=Component R29 100K
