Removed Pin From Net: NetName=BKUP_BATT+ Pin=T1-1
Removed Pin From Net: NetName=+5 Pin=T1-2
Removed Pin From Net: NetName=NetT1_6 Pin=T1-6
Removed Pin From Net: NetName=NetT1_6 Pin=T1-7
Added Component: Designator=T1(SOT1118)
Add component (AddParameter): Name = "Availability"; Value = "Unavailable"; VariantName = "[No Variations]"
Add component (AddParameter): Name = "MF"; Value = ""; VariantName = "[No Variations]"
Add component (AddParameter): Name = "MP"; Value = "PMDPB80XP"; VariantName = "[No Variations]"
Add component (AddParameter): Name = "Package"; Value = "None"; VariantName = "[No Variations]"
Add component (AddParameter): Name = "Price"; Value = "None"; VariantName = "[No Variations]"
Add component (AddParameter): Name = "Value"; Value = ""; VariantName = "[No Variations]"
Added Component: Designator=T2(SOT1118)
Add component (AddParameter): Name = "Availability"; Value = "Unavailable"; VariantName = "[No Variations]"
Add component (AddParameter): Name = "MF"; Value = ""; VariantName = "[No Variations]"
Add component (AddParameter): Name = "MP"; Value = "PMDPB80XP"; VariantName = "[No Variations]"
Add component (AddParameter): Name = "Package"; Value = "None"; VariantName = "[No Variations]"
Add component (AddParameter): Name = "Price"; Value = "None"; VariantName = "[No Variations]"
Add component (AddParameter): Name = "Value"; Value = ""; VariantName = "[No Variations]"
Added Pin To Net: NetName=BKUP_BATT+ Pin=T1-1
Added Pin To Net: NetName=+5 Pin=T1-2
Added Pin To Net: NetName=NetT1_6 Pin=T1-6
Added Pin To Net: NetName=NetT1_6 Pin=T1-7
Added Pin To Net: NetName=NetC3_2 Pin=T2-1
Added Pin To Net: NetName=NetT1_6 Pin=T2-3
Added Pin To Net: NetName=+5 Pin=T2-5
Added Pin To Net: NetName=NetT1_6 Pin=T2-8
Added Member To Class: ClassName=Sheet1 Member=Component T1 PMDPB80XP
Added Member To Class: ClassName=Sheet1 Member=Component T2 PMDPB80XP
