Change Component Designator: OldDesignator=U? NewDesignator=U5
Added Component: Designator=C1(C1206_L)
Add component (AddParameter): Name = "BOM名称"; Value = "无极性贴片电容"; VariantName = "[No Variations]"
Add component (AddParameter): Name = "联系卖家，免费查找封装"; Value = "唯一出售店铺网址https://shop463601444.taobao.com"; VariantName = "[No Variations]"
Added Component: Designator=C2(C1206_L)
Add component (AddParameter): Name = "BOM名称"; Value = "无极性贴片电容"; VariantName = "[No Variations]"
Add component (AddParameter): Name = "联系卖家，免费查找封装"; Value = "唯一出售店铺网址https://shop463601444.taobao.com"; VariantName = "[No Variations]"
Added Component: Designator=C6(C1206_L)
Add component (AddParameter): Name = "BOM名称"; Value = "无极性贴片电容"; VariantName = "[No Variations]"
Add component (AddParameter): Name = "联系卖家，免费查找封装"; Value = "唯一出售店铺网址https://shop463601444.taobao.com"; VariantName = "[No Variations]"
Added Component: Designator=C11(C1206_L)
Add component (AddParameter): Name = "BOM名称"; Value = "无极性贴片电容"; VariantName = "[No Variations]"
Add component (AddParameter): Name = "联系卖家，免费查找封装"; Value = "唯一出售店铺网址https://shop463601444.taobao.com"; VariantName = "[No Variations]"
Added Component: Designator=C12(C1206_L)
Add component (AddParameter): Name = "BOM名称"; Value = "无极性贴片电容"; VariantName = "[No Variations]"
Add component (AddParameter): Name = "联系卖家，免费查找封装"; Value = "唯一出售店铺网址https://shop463601444.taobao.com"; VariantName = "[No Variations]"
Added Component: Designator=L1(SWPA3010)
Add component (AddParameter): Name = "BOM名称"; Value = "功率屏蔽电感"; VariantName = "[No Variations]"
Add component (AddParameter): Name = "联系卖家，免费查找封装"; Value = "唯一出售店铺网址https://shop463601444.taobao.com"; VariantName = "[No Variations]"
Added Component: Designator=R4(R0603_L)
Add component (AddParameter): Name = "BOM名称"; Value = "贴片电阻"; VariantName = "[No Variations]"
Add component (AddParameter): Name = "联系卖家，免费查找封装"; Value = "唯一出售店铺网址https://shop463601444.taobao.com"; VariantName = "[No Variations]"
Added Component: Designator=R5(R0603_L)
Add component (AddParameter): Name = "BOM名称"; Value = "贴片电阻"; VariantName = "[No Variations]"
Add component (AddParameter): Name = "联系卖家，免费查找封装"; Value = "唯一出售店铺网址https://shop463601444.taobao.com"; VariantName = "[No Variations]"
Added Component: Designator=R6(R0603_L)
Add component (AddParameter): Name = "BOM名称"; Value = "贴片电阻"; VariantName = "[No Variations]"
Add component (AddParameter): Name = "联系卖家，免费查找封装"; Value = "唯一出售店铺网址https://shop463601444.taobao.com"; VariantName = "[No Variations]"
Added Pin To Net: NetName=BKUP_BATT- Pin=C1-1
Added Pin To Net: NetName=BKUP_BATT- Pin=C2-1
Added Pin To Net: NetName=BKUP_BATT- Pin=C6-1
Added Pin To Net: NetName=ESP32_3V3 Pin=C6-2
Added Pin To Net: NetName=BKUP_BATT- Pin=C11-1
Added Pin To Net: NetName=ESP32_3V3 Pin=C11-2
Added Pin To Net: NetName=BKUP_BATT- Pin=C12-1
Added Pin To Net: NetName=ESP32_3V3 Pin=C12-2
Added Pin To Net: NetName=ESP32_3V3 Pin=R4-2
Added Pin To Net: NetName=ESP32_3V3 Pin=R5-2
Added Pin To Net: NetName=BKUP_BATT- Pin=R6-1
Added Pin To Net: NetName=BKUP_BATT- Pin=U5-1
Added Pin To Net: NetName=BKUP_BATT- Pin=U5-2
Added Pin To Net: NetName=ESP32_3V3 Pin=U5-4
Added Pin To Net: NetName=ESP32_3V3 Pin=U5-5
Added Pin To Net: NetName=BKUP_BATT- Pin=U5-12
Added Pin To Net: NetName=BKUP_BATT- Pin=U5-13
Added Pin To Net: NetName=BKUP_BATT- Pin=U5-15
Added Pin To Net: NetName=CONV_IN Pin=C1-2
Added Pin To Net: NetName=CONV_IN Pin=C2-2
Added Pin To Net: NetName=CONV_IN Pin=U5-10
Added Pin To Net: NetName=CONV_IN Pin=U5-11
Added Net: Name=CONV_IN
Added Pin To Net: NetName=NetL1_1 Pin=L1-1
Added Pin To Net: NetName=NetL1_1 Pin=U5-8
Added Pin To Net: NetName=NetL1_1 Pin=U5-9
Added Net: Name=NetL1_1
Added Pin To Net: NetName=NetL1_2 Pin=L1-2
Added Pin To Net: NetName=NetL1_2 Pin=U5-6
Added Pin To Net: NetName=NetL1_2 Pin=U5-7
Added Net: Name=NetL1_2
Added Pin To Net: NetName=NetR4_1 Pin=R4-1
Added Pin To Net: NetName=NetR4_1 Pin=R6-2
Added Pin To Net: NetName=NetR4_1 Pin=U5-3
Added Net: Name=NetR4_1
Added Pin To Net: NetName=NetR5_1 Pin=R5-1
Added Pin To Net: NetName=NetR5_1 Pin=U5-14
Added Net: Name=NetR5_1
Added Member To Class: ClassName=Sheet1 Member=Component C1 22uF
Added Member To Class: ClassName=Sheet1 Member=Component C2 22uF
Added Member To Class: ClassName=Sheet1 Member=Component C6 22uF
Added Member To Class: ClassName=Sheet1 Member=Component C11 22uF
Added Member To Class: ClassName=Sheet1 Member=Component C12 22uF
Added Member To Class: ClassName=Sheet1 Member=Component L1 1.5uH
Added Member To Class: ClassName=Sheet1 Member=Component R4 1M
Added Member To Class: ClassName=Sheet1 Member=Component R5 1M
Added Member To Class: ClassName=Sheet1 Member=Component R6 180K
