Removed Pin From Net: NetName=GND Pin=TP3-1
Removed Pin From Net: NetName=TCK Pin=TP4-1
Removed Pin From Net: NetName=TDO Pin=TP5-1
Removed Pin From Net: NetName=TDI Pin=TP6-1
Removed Pin From Net: NetName=TMS Pin=TP7-1
Removed Member From Class: ClassName=Sheet1 Member=TP1
Removed Member From Class: ClassName=Sheet1 Member=TP2
Removed Member From Class: ClassName=Sheet1 Member=TP3
Removed Member From Class: ClassName=Sheet1 Member=TP4
Removed Member From Class: ClassName=Sheet1 Member=TP5
Removed Member From Class: ClassName=Sheet1 Member=TP6
Removed Member From Class: ClassName=Sheet1 Member=TP7
Added Component: Designator=*1(R100)
Add component (AddParameter): Name = "BOM名称"; Value = "探针焊盘"; VariantName = "[No Variations]"
Add component (AddParameter): Name = "封装库来自淘宝卖家ID：黄晶宝石"; Value = "其他店铺购入均为盗版假冒封装库，请立即申请退款"; VariantName = "[No Variations]"
Add component (AddParameter): Name = "联系卖家，免费查找封装"; Value = "唯一出售店铺网址https://shop463601444.taobao.com"; VariantName = "[No Variations]"
Added Component: Designator=*2(R100)
Add component (AddParameter): Name = "BOM名称"; Value = "探针焊盘"; VariantName = "[No Variations]"
Add component (AddParameter): Name = "封装库来自淘宝卖家ID：黄晶宝石"; Value = "其他店铺购入均为盗版假冒封装库，请立即申请退款"; VariantName = "[No Variations]"
Add component (AddParameter): Name = "联系卖家，免费查找封装"; Value = "唯一出售店铺网址https://shop463601444.taobao.com"; VariantName = "[No Variations]"
Added Component: Designator=*3(R100)
Add component (AddParameter): Name = "BOM名称"; Value = "探针焊盘"; VariantName = "[No Variations]"
Add component (AddParameter): Name = "封装库来自淘宝卖家ID：黄晶宝石"; Value = "其他店铺购入均为盗版假冒封装库，请立即申请退款"; VariantName = "[No Variations]"
Add component (AddParameter): Name = "联系卖家，免费查找封装"; Value = "唯一出售店铺网址https://shop463601444.taobao.com"; VariantName = "[No Variations]"
Added Component: Designator=*4(R100)
Add component (AddParameter): Name = "BOM名称"; Value = "探针焊盘"; VariantName = "[No Variations]"
Add component (AddParameter): Name = "封装库来自淘宝卖家ID：黄晶宝石"; Value = "其他店铺购入均为盗版假冒封装库，请立即申请退款"; VariantName = "[No Variations]"
Add component (AddParameter): Name = "联系卖家，免费查找封装"; Value = "唯一出售店铺网址https://shop463601444.taobao.com"; VariantName = "[No Variations]"
Added Component: Designator=*5(R100)
Add component (AddParameter): Name = "BOM名称"; Value = "探针焊盘"; VariantName = "[No Variations]"
Add component (AddParameter): Name = "封装库来自淘宝卖家ID：黄晶宝石"; Value = "其他店铺购入均为盗版假冒封装库，请立即申请退款"; VariantName = "[No Variations]"
Add component (AddParameter): Name = "联系卖家，免费查找封装"; Value = "唯一出售店铺网址https://shop463601444.taobao.com"; VariantName = "[No Variations]"
Added Component: Designator=*6(R100)
Add component (AddParameter): Name = "BOM名称"; Value = "探针焊盘"; VariantName = "[No Variations]"
Add component (AddParameter): Name = "封装库来自淘宝卖家ID：黄晶宝石"; Value = "其他店铺购入均为盗版假冒封装库，请立即申请退款"; VariantName = "[No Variations]"
Add component (AddParameter): Name = "联系卖家，免费查找封装"; Value = "唯一出售店铺网址https://shop463601444.taobao.com"; VariantName = "[No Variations]"
Added Component: Designator=*(R100)
Add component (AddParameter): Name = "BOM名称"; Value = "探针焊盘"; VariantName = "[No Variations]"
Add component (AddParameter): Name = "封装库来自淘宝卖家ID：黄晶宝石"; Value = "其他店铺购入均为盗版假冒封装库，请立即申请退款"; VariantName = "[No Variations]"
Add component (AddParameter): Name = "联系卖家，免费查找封装"; Value = "唯一出售店铺网址https://shop463601444.taobao.com"; VariantName = "[No Variations]"
Added Pin To Net: NetName=GND Pin=*2-1
Added Pin To Net: NetName=TCK Pin=*3-1
Added Pin To Net: NetName=TDO Pin=*4-1
Added Pin To Net: NetName=TDI Pin=*5-1
Added Pin To Net: NetName=TMS Pin=*6-1
Added Pin To Net: NetName=Net*1_1 Pin=*1-1
Added Pin To Net: NetName=Net*1_1 Pin=U1-36
Added Net: Name=Net*1_1
Added Pin To Net: NetName=Net*_1 Pin=*-1
Added Pin To Net: NetName=Net*_1 Pin=U1-37
Added Net: Name=Net*_1
Added Member To Class: ClassName=Sheet1 Member=Component *1 CS
Added Member To Class: ClassName=Sheet1 Member=Component *2 CS
Added Member To Class: ClassName=Sheet1 Member=Component *3 CS
Added Member To Class: ClassName=Sheet1 Member=Component *4 CS
Added Member To Class: ClassName=Sheet1 Member=Component *5 CS
Added Member To Class: ClassName=Sheet1 Member=Component *6 CS
Added Member To Class: ClassName=Sheet1 Member=Component * CS
Added Member To Class: ClassName=Sheet1 Member=Component R1 1.15M
