Removed Pin From Net: NetName=ESP32_3V3 Pin=U10-4
Added Pin To Net: NetName=I2C_BUS.SDA Pin=U10-4
Added Member To Class: ClassName=Sheet1 Member=Component C2 104
Added Member To Class: ClassName=Sheet1 Member=Component C3 104
Added Member To Class: ClassName=Sheet1 Member=Component C4 104
Added Member To Class: ClassName=Sheet1 Member=Component C5 104
Added Member To Class: ClassName=Sheet1 Member=Component C6 104
Added Member To Class: ClassName=Sheet1 Member=Component C7 104
Added Member To Class: ClassName=Sheet1 Member=Component C8 22uF
Added Member To Class: ClassName=Sheet1 Member=Component C9 22uF
Added Member To Class: ClassName=Sheet1 Member=Component C10 22uF
Added Member To Class: ClassName=Sheet1 Member=Component C11 22uF
Added Member To Class: ClassName=Sheet1 Member=Component C12 22uF
Added Member To Class: ClassName=Sheet1 Member=Component C13 22uF
Added Member To Class: ClassName=Sheet1 Member=Component C14 22uF
Added Member To Class: ClassName=Sheet1 Member=Component C15 100uF
Added Member To Class: ClassName=Sheet1 Member=Component C16 104
Added Member To Class: ClassName=Sheet1 Member=Component C17 104
Added Member To Class: ClassName=Sheet1 Member=Component C18 104
Added Member To Class: ClassName=Sheet1 Member=Component C19 100uF
Added Member To Class: ClassName=Sheet1 Member=Component C20 22uF
Added Member To Class: ClassName=Sheet1 Member=Component C21 22uF
Added Member To Class: ClassName=Sheet1 Member=Component C22 22uF
Added Member To Class: ClassName=Sheet1 Member=Component C23 22uF
Added Member To Class: ClassName=Sheet1 Member=Component C24 22uF
Added Member To Class: ClassName=Sheet1 Member=Component C25 22uF
Added Member To Class: ClassName=Sheet1 Member=Component C26 22uF
Added Member To Class: ClassName=Sheet1 Member=Component C27 104
Added Member To Class: ClassName=Sheet1 Member=Component C28 104
Added Member To Class: ClassName=Sheet1 Member=Component JP_BATT1 FPC1.0-6P
Added Member To Class: ClassName=Sheet1 Member=Component JP_Module1 FPC1.0-16P
Added Member To Class: ClassName=Sheet1 Member=Component JP_Module2 FPC1.0-16P
Added Member To Class: ClassName=Sheet1 Member=Component JP_Module3 FPC1.0-16P
Added Member To Class: ClassName=Sheet1 Member=Component JP_Module4 FPC1.0-16P
Added Member To Class: ClassName=Sheet1 Member=Component JP_Module5 FPC1.0-16P
Added Member To Class: ClassName=Sheet1 Member=Component JP_Module6 FPC1.0-16P
Added Member To Class: ClassName=Sheet1 Member=Component JP_Module7 FPC1.0-16P
Added Member To Class: ClassName=Sheet1 Member=Component JP_Module8 FPC1.0-16P
Added Member To Class: ClassName=Sheet1 Member=Component JP_Module9 FPC1.0-16P
Added Member To Class: ClassName=Sheet1 Member=Component JP_Module10 FPC1.0-16P
Added Member To Class: ClassName=Sheet1 Member=Component JP_Module11 FPC1.0-16P
Added Member To Class: ClassName=Sheet1 Member=Component JP_Module12 FPC1.0-16P
Added Member To Class: ClassName=Sheet1 Member=Component JP_Module13 FPC1.0-16P
Added Member To Class: ClassName=Sheet1 Member=Component JP_Module14 FPC1.0-16P
Added Member To Class: ClassName=Sheet1 Member=Component JP_Module15 FPC1.0-16P
Added Member To Class: ClassName=Sheet1 Member=Component JP_Module16 FPC1.0-16P
Added Member To Class: ClassName=Sheet1 Member=Component JP_USB1 FPC1.0-14P
Added Member To Class: ClassName=Sheet1 Member=Component L1 1.5uH
Added Member To Class: ClassName=Sheet1 Member=Component L2 1.5uH
Added Member To Class: ClassName=Sheet1 Member=Component LED1 WS2812
Added Member To Class: ClassName=Sheet1 Member=Component LED2 WS2812
Added Member To Class: ClassName=Sheet1 Member=Component LED3 WS2812
Added Member To Class: ClassName=Sheet1 Member=Component LED4 WS2812
Added Member To Class: ClassName=Sheet1 Member=Component LED5 WS2812
Added Member To Class: ClassName=Sheet1 Member=Component LED6 WS2812
Added Member To Class: ClassName=Sheet1 Member=Component LED7 WS2812
Added Member To Class: ClassName=Sheet1 Member=Component LED8 WS2812
Added Member To Class: ClassName=Sheet1 Member=Component LED9 WS2812
Added Member To Class: ClassName=Sheet1 Member=Component LED10 WS2812
Added Member To Class: ClassName=Sheet1 Member=Component LED11 WS2812
Added Member To Class: ClassName=Sheet1 Member=Component LED12 WS2812
Added Member To Class: ClassName=Sheet1 Member=Component LED13 WS2812
Added Member To Class: ClassName=Sheet1 Member=Component LED14 WS2812
Added Member To Class: ClassName=Sheet1 Member=Component LED15 WS2812
Added Member To Class: ClassName=Sheet1 Member=Component LED16 WS2812
Added Member To Class: ClassName=Sheet1 Member=Component LED17 WS2812
Added Member To Class: ClassName=Sheet1 Member=Component LED18 WS2812
Added Member To Class: ClassName=Sheet1 Member=Component LED19 WS2812
Added Member To Class: ClassName=Sheet1 Member=Component LED20 WS2812
Added Member To Class: ClassName=Sheet1 Member=Component R1 103
Added Member To Class: ClassName=Sheet1 Member=Component R2 103
Added Member To Class: ClassName=Sheet1 Member=Component R3 103
Added Member To Class: ClassName=Sheet1 Member=Component R4 103
Added Member To Class: ClassName=Sheet1 Member=Component R5 103
Added Member To Class: ClassName=Sheet1 Member=Component R6 103
Added Member To Class: ClassName=Sheet1 Member=Component R7 103
Added Member To Class: ClassName=Sheet1 Member=Component R8 103
Added Member To Class: ClassName=Sheet1 Member=Component R9 103
Added Member To Class: ClassName=Sheet1 Member=Component R10 103
Added Member To Class: ClassName=Sheet1 Member=Component R11 103
Added Member To Class: ClassName=Sheet1 Member=Component R12 103
Added Member To Class: ClassName=Sheet1 Member=Component R13 10K
Added Member To Class: ClassName=Sheet1 Member=Component R14 103
Added Member To Class: ClassName=Sheet1 Member=Component R15 103
Added Member To Class: ClassName=Sheet1 Member=Component R16 22
Added Member To Class: ClassName=Sheet1 Member=Component R17 22
Added Member To Class: ClassName=Sheet1 Member=Component R18 75K
Added Member To Class: ClassName=Sheet1 Member=Component R19 103
Added Member To Class: ClassName=Sheet1 Member=Component R20 103
Added Member To Class: ClassName=Sheet1 Member=Component R21 75K
Added Member To Class: ClassName=Sheet1 Member=Component R22 2M
Added Member To Class: ClassName=Sheet1 Member=Component R24 243K
Added Member To Class: ClassName=Sheet1 Member=Component R25 24.3K
Added Member To Class: ClassName=Sheet1 Member=Component R26 1M
Added Member To Class: ClassName=Sheet1 Member=Component R27 2M
Added Member To Class: ClassName=Sheet1 Member=Component R28 1M
Added Member To Class: ClassName=Sheet1 Member=Component R29 180K
Added Member To Class: ClassName=Sheet1 Member=Component R30 10K
Added Member To Class: ClassName=Sheet1 Member=Component R31 1M
Added Member To Class: ClassName=Sheet1 Member=Component R32 1.15M
Added Member To Class: ClassName=Sheet1 Member=Component R33 180K
Added Member To Class: ClassName=Sheet1 Member=Component R33 (R23) 1M
Added Member To Class: ClassName=Sheet1 Member=Component R34 103
Added Member To Class: ClassName=Sheet1 Member=Component SW1 SGM2445A
Added Member To Class: ClassName=Sheet1 Member=Component SW2 SW_3x4
Added Member To Class: ClassName=Sheet1 Member=Component SW3 SW_3x4
Added Member To Class: ClassName=Sheet1 Member=Component SW4 SGM2445A
Added Member To Class: ClassName=Sheet1 Member=Component SW5 SGM2445A
Added Member To Class: ClassName=Sheet1 Member=Component SW_1 SW
Added Member To Class: ClassName=Sheet1 Member=Component SW_2 SW
Added Member To Class: ClassName=Sheet1 Member=Component SW_3 SW
Added Member To Class: ClassName=Sheet1 Member=Component SW_4 SW
Added Member To Class: ClassName=Sheet1 Member=Component SW_5 SW
Added Member To Class: ClassName=Sheet1 Member=Component SW_6 SW
Added Member To Class: ClassName=Sheet1 Member=Component SW_7 SW
Added Member To Class: ClassName=Sheet1 Member=Component SW_8 SW
Added Member To Class: ClassName=Sheet1 Member=Component SW_9 SW
Added Member To Class: ClassName=Sheet1 Member=Component SW_10 SW
Added Member To Class: ClassName=Sheet1 Member=Component SW_'1 SW
Added Member To Class: ClassName=Sheet1 Member=Component SW_,1 SW
Added Member To Class: ClassName=Sheet1 Member=Component SW_-1 SW
Added Member To Class: ClassName=Sheet1 Member=Component SW_.1 SW
Added Member To Class: ClassName=Sheet1 Member=Component SW_/1 SW
Added Member To Class: ClassName=Sheet1 Member=Component SW_;1 SW
Added Member To Class: ClassName=Sheet1 Member=Component SW_=1 SW
Added Member To Class: ClassName=Sheet1 Member=Component SW_[1 SW
Added Member To Class: ClassName=Sheet1 Member=Component SW_\1 SW
Added Member To Class: ClassName=Sheet1 Member=Component SW_]1 SW
Added Member To Class: ClassName=Sheet1 Member=Component SW_A1 SW
Added Member To Class: ClassName=Sheet1 Member=Component SW_B1 SW
Added Member To Class: ClassName=Sheet1 Member=Component SW_BACKSPACE1 SW
Added Member To Class: ClassName=Sheet1 Member=Component SW_C1 SW
Added Member To Class: ClassName=Sheet1 Member=Component SW_CAPSLOCK1 SW
Added Member To Class: ClassName=Sheet1 Member=Component SW_D1 SW
Added Member To Class: ClassName=Sheet1 Member=Component SW_DEL1 SW
Added Member To Class: ClassName=Sheet1 Member=Component SW_DOWN1 SW
Added Member To Class: ClassName=Sheet1 Member=Component SW_E1 SW
Added Member To Class: ClassName=Sheet1 Member=Component SW_ENTER1 SW
Added Member To Class: ClassName=Sheet1 Member=Component SW_ESC1 SW
Added Member To Class: ClassName=Sheet1 Member=Component SW_F1 SW
Added Member To Class: ClassName=Sheet1 Member=Component SW_FUNC1 SW
Added Member To Class: ClassName=Sheet1 Member=Component SW_G1 SW
Added Member To Class: ClassName=Sheet1 Member=Component SW_H1 SW
Added Member To Class: ClassName=Sheet1 Member=Component SW_I1 SW
Added Member To Class: ClassName=Sheet1 Member=Component SW_J1 SW
Added Member To Class: ClassName=Sheet1 Member=Component SW_K1 SW
Added Member To Class: ClassName=Sheet1 Member=Component SW_L1 SW
Added Member To Class: ClassName=Sheet1 Member=Component SW_LALT1 SW
Added Member To Class: ClassName=Sheet1 Member=Component SW_LCTRL1 SW
Added Member To Class: ClassName=Sheet1 Member=Component SW_LEFT1 SW
Added Member To Class: ClassName=Sheet1 Member=Component SW_LSHIFT1 SW
Added Member To Class: ClassName=Sheet1 Member=Component SW_LUI (SW_LOS1A) SW
Added Member To Class: ClassName=Sheet1 Member=Component SW_M1 SW
Added Member To Class: ClassName=Sheet1 Member=Component SW_MENU1 SW
Added Member To Class: ClassName=Sheet1 Member=Component SW_N1 SW
Added Member To Class: ClassName=Sheet1 Member=Component SW_O1 SW
Added Member To Class: ClassName=Sheet1 Member=Component SW_P1 SW
Added Member To Class: ClassName=Sheet1 Member=Component SW_POWER1 SW_3x4
Added Member To Class: ClassName=Sheet1 Member=Component SW_Q1 SW
Added Member To Class: ClassName=Sheet1 Member=Component SW_R1 SW
Added Member To Class: ClassName=Sheet1 Member=Component SW_RIGHT1 SW
Added Member To Class: ClassName=Sheet1 Member=Component SW_RSHIFT1 SW
Added Member To Class: ClassName=Sheet1 Member=Component SW_S1 SW
Added Member To Class: ClassName=Sheet1 Member=Component SW_SPACE1 SW
Added Member To Class: ClassName=Sheet1 Member=Component SW_T1 SW
Added Member To Class: ClassName=Sheet1 Member=Component SW_TAB1 SW
Added Member To Class: ClassName=Sheet1 Member=Component SW_U1 SW
Added Member To Class: ClassName=Sheet1 Member=Component SW_UP1 SW
Added Member To Class: ClassName=Sheet1 Member=Component SW_V1 SW
Added Member To Class: ClassName=Sheet1 Member=Component SW_W1 SW
Added Member To Class: ClassName=Sheet1 Member=Component SW_X1 SW
Added Member To Class: ClassName=Sheet1 Member=Component SW_Y1 SW
Added Member To Class: ClassName=Sheet1 Member=Component SW_Z1 SW
Added Member To Class: ClassName=Sheet1 Member=Component U1 74HC165PW,118
Added Member To Class: ClassName=Sheet1 Member=Component U2 74HC165PW,118
Added Member To Class: ClassName=Sheet1 Member=Component U3 74HC165PW,118
Added Member To Class: ClassName=Sheet1 Member=Component U4 74HC165PW,118
Added Member To Class: ClassName=Sheet1 Member=Component U5 74HC165PW,118
Added Member To Class: ClassName=Sheet1 Member=Component U6 PCF8575
Added Member To Class: ClassName=Sheet1 Member=Component U7 74HC165PW,118
Added Member To Class: ClassName=Sheet1 Member=Component U8 ESP32-S3-WROOM-1U-N16R8
Added Member To Class: ClassName=Sheet1 Member=Component U9 74HC165PW,118
Added Member To Class: ClassName=Sheet1 Member=Component U10 MPR121
Added Member To Class: ClassName=Sheet1 Member=Component U11 74HC165PW,118
Added Member To Class: ClassName=Sheet1 Member=Component U12 MPR121
Added Member To Class: ClassName=Sheet1 Member=Component U13 SGM4056
Added Member To Class: ClassName=Sheet1 Member=Component U14 TPS63020QDSJTQ1
Added Member To Class: ClassName=Sheet1 Member=Component U15 74LVC1G04
Added Member To Class: ClassName=Sheet1 Member=Component U16 TPS63020QDSJTQ1
Added Member To Class: ClassName=Sheet1 Member=Component U_AUTH1 STC8G1K08
