Removed Pin From Net: NetName=GND Pin=C1-2
Added Pin To Net: NetName=NetC1_2 Pin=C1-2
Added Member To Class: ClassName=Sheet1 Member=Component C6 104
Added Member To Class: ClassName=Sheet1 Member=Component C7 104
Added Member To Class: ClassName=Sheet1 Member=Component C8 22uF
Added Member To Class: ClassName=Sheet1 Member=Component C9 22uF
Added Member To Class: ClassName=Sheet1 Member=Component C10 22uF
Added Member To Class: ClassName=Sheet1 Member=Component C11 22uF
Added Member To Class: ClassName=Sheet1 Member=Component C12 22uF
Added Member To Class: ClassName=Sheet1 Member=Component C13 22uF
Added Member To Class: ClassName=Sheet1 Member=Component C14 22uF
Added Member To Class: ClassName=Sheet1 Member=Component C16 104
Added Member To Class: ClassName=Sheet1 Member=Component C17 104
Added Member To Class: ClassName=Sheet1 Member=Component C20 22uF
Added Member To Class: ClassName=Sheet1 Member=Component C21 22uF
Added Member To Class: ClassName=Sheet1 Member=Component C22 22uF
Added Member To Class: ClassName=Sheet1 Member=Component C23 22uF
Added Member To Class: ClassName=Sheet1 Member=Component C25 22uF
Added Member To Class: ClassName=Sheet1 Member=Component JP_Module2 FPC1.0-16P
Added Member To Class: ClassName=Sheet1 Member=Component JP_Module4 FPC1.0-16P
Added Member To Class: ClassName=Sheet1 Member=Component JP_Module5 FPC1.0-16P
Added Member To Class: ClassName=Sheet1 Member=Component JP_Module7 FPC1.0-16P
Added Member To Class: ClassName=Sheet1 Member=Component JP_Module9 FPC1.0-16P
Added Member To Class: ClassName=Sheet1 Member=Component JP_Module10 FPC1.0-16P
Added Member To Class: ClassName=Sheet1 Member=Component JP_Module11 FPC1.0-16P
Added Member To Class: ClassName=Sheet1 Member=Component JP_Module12 FPC1.0-16P
Added Member To Class: ClassName=Sheet1 Member=Component JP_Module14 FPC1.0-16P
Added Member To Class: ClassName=Sheet1 Member=Component JP_Module15 FPC1.0-16P
Added Member To Class: ClassName=Sheet1 Member=Component R3 103
Added Member To Class: ClassName=Sheet1 Member=Component R5 103
Added Member To Class: ClassName=Sheet1 Member=Component R7 103
Added Member To Class: ClassName=Sheet1 Member=Component R9 103
Added Member To Class: ClassName=Sheet1 Member=Component R11 103
Added Member To Class: ClassName=Sheet1 Member=Component R13 10K
Added Member To Class: ClassName=Sheet1 Member=Component R14 103
Added Member To Class: ClassName=Sheet1 Member=Component R16 22
Added Member To Class: ClassName=Sheet1 Member=Component R17 22
Added Member To Class: ClassName=Sheet1 Member=Component R18 75K
Added Member To Class: ClassName=Sheet1 Member=Component R19 103
Added Member To Class: ClassName=Sheet1 Member=Component R24 243K
Added Member To Class: ClassName=Sheet1 Member=Component R26 1M
Added Member To Class: ClassName=Sheet1 Member=Component R28 1M
Added Member To Class: ClassName=Sheet1 Member=Component R30 10K
Added Member To Class: ClassName=Sheet1 Member=Component R32 1.15M
Added Member To Class: ClassName=Sheet1 Member=Component R33 180K
Added Member To Class: ClassName=Sheet1 Member=Component R33 (R23) 1M
Added Member To Class: ClassName=Sheet1 Member=Component SW2 SW_3x4
Added Member To Class: ClassName=Sheet1 Member=Component U3 74HC165PW,118
Added Member To Class: ClassName=Sheet1 Member=Component U7 74HC165PW,118
Added Member To Class: ClassName=Sheet1 Member=Component U8 ESP32-S3-WROOM-1U-N16R8
Added Member To Class: ClassName=Sheet1 Member=Component U9 74HC165PW,118
Added Member To Class: ClassName=Sheet1 Member=Component U10 MPR121
Added Member To Class: ClassName=Sheet1 Member=Component U11 74HC165PW,118
Added Member To Class: ClassName=Sheet1 Member=Component U16 TPS63020QDSJTQ1
