Removed Pin From Net: NetName=GND Pin=SW_1-
Removed Pin From Net: NetName=GND Pin=SW_2-
Removed Pin From Net: NetName=GND Pin=SW_3-
Removed Pin From Net: NetName=GND Pin=SW_4-
Removed Pin From Net: NetName=GND Pin=SW_5-
Removed Pin From Net: NetName=GND Pin=SW_6-
Removed Pin From Net: NetName=GND Pin=SW_7-
Removed Pin From Net: NetName=GND Pin=SW_8-
Removed Pin From Net: NetName=GND Pin=SW_9-
Removed Pin From Net: NetName=GND Pin=SW_10-
Removed Pin From Net: NetName=GND Pin=SW_'1-
Removed Pin From Net: NetName=GND Pin=SW_,1-
Removed Pin From Net: NetName=GND Pin=SW_-1-
Removed Pin From Net: NetName=GND Pin=SW_.1-
Removed Pin From Net: NetName=GND Pin=SW_/1-
Removed Pin From Net: NetName=GND Pin=SW_;1-
Removed Pin From Net: NetName=GND Pin=SW_=1-
Removed Pin From Net: NetName=GND Pin=SW_[1-
Removed Pin From Net: NetName=GND Pin=SW_\1-
Removed Pin From Net: NetName=GND Pin=SW_]1-
Removed Pin From Net: NetName=GND Pin=SW_A1-
Removed Pin From Net: NetName=GND Pin=SW_B1-
Removed Pin From Net: NetName=GND Pin=SW_BACKSPACE1-
Removed Pin From Net: NetName=GND Pin=SW_C1-
Removed Pin From Net: NetName=GND Pin=SW_CAPSLOCK1-
Removed Pin From Net: NetName=GND Pin=SW_D1-
Removed Pin From Net: NetName=GND Pin=SW_DEL1-
Removed Pin From Net: NetName=GND Pin=SW_DOWN1-
Removed Pin From Net: NetName=GND Pin=SW_E1-
Removed Pin From Net: NetName=GND Pin=SW_ENTER1-
Removed Pin From Net: NetName=GND Pin=SW_ESC1-
Removed Pin From Net: NetName=GND Pin=SW_F1-
Removed Pin From Net: NetName=GND Pin=SW_FUNC1-
Removed Pin From Net: NetName=GND Pin=SW_G1-
Removed Pin From Net: NetName=GND Pin=SW_H1-
Removed Pin From Net: NetName=GND Pin=SW_I1-
Removed Pin From Net: NetName=GND Pin=SW_J1-
Removed Pin From Net: NetName=GND Pin=SW_K1-
Removed Pin From Net: NetName=GND Pin=SW_L1-
Removed Pin From Net: NetName=GND Pin=SW_LALT1-
Removed Pin From Net: NetName=GND Pin=SW_LCTRL1-
Removed Pin From Net: NetName=GND Pin=SW_LEFT1-
Removed Pin From Net: NetName=GND Pin=SW_LSHIFT1-
Removed Pin From Net: NetName=GND Pin=SW_LUI-
Removed Pin From Net: NetName=GND Pin=SW_M1-
Removed Pin From Net: NetName=GND Pin=SW_MENU1-
Removed Pin From Net: NetName=GND Pin=SW_N1-
Removed Pin From Net: NetName=GND Pin=SW_O1-
Removed Pin From Net: NetName=GND Pin=SW_P1-
Removed Pin From Net: NetName=GND Pin=SW_Q1-
Removed Pin From Net: NetName=GND Pin=SW_R1-
Removed Pin From Net: NetName=GND Pin=SW_RIGHT1-
Removed Pin From Net: NetName=GND Pin=SW_RSHIFT1-
Removed Pin From Net: NetName=GND Pin=SW_S1-
Removed Pin From Net: NetName=GND Pin=SW_SPACE1-
Removed Pin From Net: NetName=GND Pin=SW_T1-
Removed Pin From Net: NetName=GND Pin=SW_TAB1-
Removed Pin From Net: NetName=GND Pin=SW_U1-
Removed Pin From Net: NetName=GND Pin=SW_UP1-
Removed Pin From Net: NetName=GND Pin=SW_V1-
Removed Pin From Net: NetName=GND Pin=SW_W1-
Removed Pin From Net: NetName=GND Pin=SW_X1-
Removed Pin From Net: NetName=GND Pin=SW_Y1-
Removed Pin From Net: NetName=GND Pin=SW_Z1-
Change Component Footprint: Designator=SW_1 Old Footprint= New Footprint=KeyboardSwitchModule
Change Component Footprint: Designator=SW_2 Old Footprint= New Footprint=KeyboardSwitchModule
Change Component Footprint: Designator=SW_3 Old Footprint= New Footprint=KeyboardSwitchModule
Change Component Footprint: Designator=SW_4 Old Footprint= New Footprint=KeyboardSwitchModule
Change Component Footprint: Designator=SW_5 Old Footprint= New Footprint=KeyboardSwitchModule
Change Component Footprint: Designator=SW_6 Old Footprint= New Footprint=KeyboardSwitchModule
Change Component Footprint: Designator=SW_7 Old Footprint= New Footprint=KeyboardSwitchModule
Change Component Footprint: Designator=SW_8 Old Footprint= New Footprint=KeyboardSwitchModule
Change Component Footprint: Designator=SW_9 Old Footprint= New Footprint=KeyboardSwitchModule
Change Component Footprint: Designator=SW_10 Old Footprint= New Footprint=KeyboardSwitchModule
Change Component Footprint: Designator=SW_'1 Old Footprint= New Footprint=KeyboardSwitchModule
Change Component Footprint: Designator=SW_,1 Old Footprint= New Footprint=KeyboardSwitchModule
Change Component Footprint: Designator=SW_-1 Old Footprint= New Footprint=KeyboardSwitchModule
Change Component Footprint: Designator=SW_.1 Old Footprint= New Footprint=KeyboardSwitchModule
Change Component Footprint: Designator=SW_/1 Old Footprint= New Footprint=KeyboardSwitchModule
Change Component Footprint: Designator=SW_;1 Old Footprint= New Footprint=KeyboardSwitchModule
Change Component Footprint: Designator=SW_=1 Old Footprint= New Footprint=KeyboardSwitchModule
Change Component Footprint: Designator=SW_[1 Old Footprint= New Footprint=KeyboardSwitchModule
Change Component Footprint: Designator=SW_\1 Old Footprint= New Footprint=KeyboardSwitchModule
Change Component Footprint: Designator=SW_]1 Old Footprint= New Footprint=KeyboardSwitchModule
Change Component Footprint: Designator=SW_A1 Old Footprint= New Footprint=KeyboardSwitchModule
Change Component Footprint: Designator=SW_B1 Old Footprint= New Footprint=KeyboardSwitchModule
Change Component Footprint: Designator=SW_BACKSPACE1 Old Footprint= New Footprint=KeyboardSwitchModule
Change Component Footprint: Designator=SW_C1 Old Footprint= New Footprint=KeyboardSwitchModule
Change Component Footprint: Designator=SW_CAPSLOCK1 Old Footprint= New Footprint=KeyboardSwitchModule
Change Component Footprint: Designator=SW_D1 Old Footprint= New Footprint=KeyboardSwitchModule
Change Component Footprint: Designator=SW_DEL1 Old Footprint= New Footprint=KeyboardSwitchModule
Change Component Footprint: Designator=SW_DOWN1 Old Footprint= New Footprint=KeyboardSwitchModule
Change Component Footprint: Designator=SW_E1 Old Footprint= New Footprint=KeyboardSwitchModule
Change Component Footprint: Designator=SW_ENTER1 Old Footprint= New Footprint=KeyboardSwitchModule
Change Component Footprint: Designator=SW_ESC1 Old Footprint= New Footprint=KeyboardSwitchModule
Change Component Footprint: Designator=SW_F1 Old Footprint= New Footprint=KeyboardSwitchModule
Change Component Footprint: Designator=SW_FUNC1 Old Footprint= New Footprint=KeyboardSwitchModule
Change Component Footprint: Designator=SW_G1 Old Footprint= New Footprint=KeyboardSwitchModule
Change Component Footprint: Designator=SW_H1 Old Footprint= New Footprint=KeyboardSwitchModule
Change Component Footprint: Designator=SW_I1 Old Footprint= New Footprint=KeyboardSwitchModule
Change Component Footprint: Designator=SW_J1 Old Footprint= New Footprint=KeyboardSwitchModule
Change Component Footprint: Designator=SW_K1 Old Footprint= New Footprint=KeyboardSwitchModule
Change Component Footprint: Designator=SW_L1 Old Footprint= New Footprint=KeyboardSwitchModule
Change Component Footprint: Designator=SW_LALT1 Old Footprint= New Footprint=KeyboardSwitchModule
Change Component Footprint: Designator=SW_LCTRL1 Old Footprint= New Footprint=KeyboardSwitchModule
Change Component Footprint: Designator=SW_LEFT1 Old Footprint= New Footprint=KeyboardSwitchModule
Change Component Footprint: Designator=SW_LSHIFT1 Old Footprint= New Footprint=KeyboardSwitchModule
Change Component Footprint: Designator=SW_LUI Old Footprint= New Footprint=KeyboardSwitchModule
Change Component Footprint: Designator=SW_M1 Old Footprint= New Footprint=KeyboardSwitchModule
Change Component Footprint: Designator=SW_MENU1 Old Footprint= New Footprint=KeyboardSwitchModule
Change Component Footprint: Designator=SW_N1 Old Footprint= New Footprint=KeyboardSwitchModule
Change Component Footprint: Designator=SW_O1 Old Footprint= New Footprint=KeyboardSwitchModule
Change Component Footprint: Designator=SW_P1 Old Footprint= New Footprint=KeyboardSwitchModule
Change Component Footprint: Designator=SW_Q1 Old Footprint= New Footprint=KeyboardSwitchModule
Change Component Footprint: Designator=SW_R1 Old Footprint= New Footprint=KeyboardSwitchModule
Change Component Footprint: Designator=SW_RIGHT1 Old Footprint= New Footprint=KeyboardSwitchModule
Change Component Footprint: Designator=SW_RSHIFT1 Old Footprint= New Footprint=KeyboardSwitchModule
Change Component Footprint: Designator=SW_S1 Old Footprint= New Footprint=KeyboardSwitchModule
Change Component Footprint: Designator=SW_SPACE1 Old Footprint= New Footprint=KeyboardSwitchModule
Change Component Footprint: Designator=SW_T1 Old Footprint= New Footprint=KeyboardSwitchModule
Change Component Footprint: Designator=SW_TAB1 Old Footprint= New Footprint=KeyboardSwitchModule
Change Component Footprint: Designator=SW_U1 Old Footprint= New Footprint=KeyboardSwitchModule
Change Component Footprint: Designator=SW_UP1 Old Footprint= New Footprint=KeyboardSwitchModule
Change Component Footprint: Designator=SW_V1 Old Footprint= New Footprint=KeyboardSwitchModule
Change Component Footprint: Designator=SW_W1 Old Footprint= New Footprint=KeyboardSwitchModule
Change Component Footprint: Designator=SW_X1 Old Footprint= New Footprint=KeyboardSwitchModule
Change Component Footprint: Designator=SW_Y1 Old Footprint= New Footprint=KeyboardSwitchModule
Change Component Footprint: Designator=SW_Z1 Old Footprint= New Footprint=KeyboardSwitchModule
