Removed Pin From Net: NetName=GND Pin=IC1-2
Removed Pin From Net: NetName=BKUP_BATT+ Pin=IC1-3
Removed Pin From Net: NetName=+5 Pin=IC1-4
Removed Pin From Net: NetName=GND Pin=Q1-2
Removed Pin From Net: NetName=+5 Pin=R24-2
Removed Pin From Net: NetName=GND Pin=R25-1
Removed Member From Class: ClassName=Sheet1 Member=IC1
Removed Member From Class: ClassName=Sheet1 Member=Q1
Removed Member From Class: ClassName=Sheet1 Member=R24
Removed Member From Class: ClassName=Sheet1 Member=R25
Change Component Comment : Designator=R13 Old Comment=1.6K New Comment=24.3K
Added Component: Designator=R29(R0603_L_NS)
Add component (AddParameter): Name = "BOM名称"; Value = "贴片电阻"; VariantName = "[No Variations]"
Add component (AddParameter): Name = "联系卖家，免费查找封装"; Value = "唯一出售店铺网址https://shop463601444.taobao.com"; VariantName = "[No Variations]"
Added Component: Designator=U12(TDFN-2*2-8L)
Added Pin To Net: NetName=GND Pin=R13-2
Added Pin To Net: NetName=GND Pin=R29-2
Added Pin To Net: NetName=+5 Pin=U12-1
Added Pin To Net: NetName=GND Pin=U12-5
Added Pin To Net: NetName=BKUP_BATT+ Pin=U12-8
Added Pin To Net: NetName=GND Pin=U12-9
Added Pin To Net: NetName=NetR13_1 Pin=R13-1
Added Pin To Net: NetName=NetR13_1 Pin=U12-7
Added Net: Name=NetR13_1
Added Pin To Net: NetName=NetR29_1 Pin=R29-1
Added Pin To Net: NetName=NetR29_1 Pin=U12-6
Added Net: Name=NetR29_1
Added Pin To Net: NetName=NetU12_3 Pin=U12-3
Added Net: Name=NetU12_3
Added Pin To Net: NetName=NetU12_4 Pin=U12-4
Added Net: Name=NetU12_4
Added Member To Class: ClassName=Sheet1 Member=Component R29 243K
Added Member To Class: ClassName=Sheet1 Member=Component U12 SGM4056
