Change Component Designator: OldDesignator=LED? NewDesignator=LED1
Change Component Designator: OldDesignator=LED? NewDesignator=LED2
Change Component Designator: OldDesignator=LED? NewDesignator=LED3
Change Component Designator: OldDesignator=LED? NewDesignator=LED4
Change Component Designator: OldDesignator=LED? NewDesignator=LED5
Change Component Designator: OldDesignator=LED? NewDesignator=LED6
Change Component Designator: OldDesignator=LED? NewDesignator=LED7
Change Component Designator: OldDesignator=LED? NewDesignator=LED8
Change Component Designator: OldDesignator=LED? NewDesignator=LED9
Change Component Designator: OldDesignator=LED? NewDesignator=LED10
Change Component Designator: OldDesignator=LED? NewDesignator=LED11
Change Component Designator: OldDesignator=LED? NewDesignator=LED12
Change Component Designator: OldDesignator=LED? NewDesignator=LED13
Change Component Designator: OldDesignator=LED? NewDesignator=LED14
Change Component Designator: OldDesignator=LED? NewDesignator=LED15
Change Net Name : Old Net Name=NetLED?_2 New Net Name=NetLED14_4
Change Net Name : Old Net Name=NetLED?_4 New Net Name=NetLED15_4
Added Pin To Net: NetName=NetLED1_2 Pin=LED1-2
Added Pin To Net: NetName=NetLED1_2 Pin=U1-12
Added Net: Name=NetLED1_2
Added Pin To Net: NetName=NetLED1_4 Pin=LED1-4
Added Pin To Net: NetName=NetLED1_4 Pin=LED2-2
Added Net: Name=NetLED1_4
Added Pin To Net: NetName=NetLED2_4 Pin=LED2-4
Added Pin To Net: NetName=NetLED2_4 Pin=LED3-2
Added Net: Name=NetLED2_4
Added Pin To Net: NetName=NetLED3_4 Pin=LED3-4
Added Pin To Net: NetName=NetLED3_4 Pin=LED4-2
Added Net: Name=NetLED3_4
Added Pin To Net: NetName=NetLED4_4 Pin=LED4-4
Added Pin To Net: NetName=NetLED4_4 Pin=LED5-2
Added Net: Name=NetLED4_4
Added Pin To Net: NetName=NetLED5_4 Pin=LED5-4
Added Pin To Net: NetName=NetLED5_4 Pin=LED6-2
Added Net: Name=NetLED5_4
Added Pin To Net: NetName=NetLED6_4 Pin=LED6-4
Added Pin To Net: NetName=NetLED6_4 Pin=LED7-2
Added Net: Name=NetLED6_4
Added Pin To Net: NetName=NetLED7_4 Pin=LED7-4
Added Pin To Net: NetName=NetLED7_4 Pin=LED8-2
Added Net: Name=NetLED7_4
Added Pin To Net: NetName=NetLED8_4 Pin=LED8-4
Added Pin To Net: NetName=NetLED8_4 Pin=LED9-2
Added Net: Name=NetLED8_4
Added Pin To Net: NetName=NetLED9_4 Pin=LED9-4
Added Pin To Net: NetName=NetLED9_4 Pin=LED10-2
Added Net: Name=NetLED9_4
Added Pin To Net: NetName=NetLED10_4 Pin=LED10-4
Added Pin To Net: NetName=NetLED10_4 Pin=LED11-2
Added Net: Name=NetLED10_4
Added Pin To Net: NetName=NetLED11_4 Pin=LED11-4
Added Pin To Net: NetName=NetLED11_4 Pin=LED12-2
Added Net: Name=NetLED11_4
Added Pin To Net: NetName=NetLED12_4 Pin=LED12-4
Added Pin To Net: NetName=NetLED12_4 Pin=LED13-2
Added Net: Name=NetLED12_4
Added Pin To Net: NetName=NetLED13_4 Pin=LED13-4
Added Pin To Net: NetName=NetLED13_4 Pin=LED14-2
Added Net: Name=NetLED13_4
Added Member To Class: ClassName=Sheet1 Member=Component LED1 WS2812
Added Member To Class: ClassName=Sheet1 Member=Component LED2 WS2812
Added Member To Class: ClassName=Sheet1 Member=Component LED3 WS2812
Added Member To Class: ClassName=Sheet1 Member=Component LED4 WS2812
Added Member To Class: ClassName=Sheet1 Member=Component LED5 WS2812
Added Member To Class: ClassName=Sheet1 Member=Component LED6 WS2812
Added Member To Class: ClassName=Sheet1 Member=Component LED7 WS2812
Added Member To Class: ClassName=Sheet1 Member=Component LED8 WS2812
Added Member To Class: ClassName=Sheet1 Member=Component LED9 WS2812
Added Member To Class: ClassName=Sheet1 Member=Component LED10 WS2812
Added Member To Class: ClassName=Sheet1 Member=Component LED11 WS2812
Added Member To Class: ClassName=Sheet1 Member=Component LED12 WS2812
Added Member To Class: ClassName=Sheet1 Member=Component LED13 WS2812
Added Member To Class: ClassName=Sheet1 Member=Component LED14 WS2812
