Removed Member From Class: ClassName=Sheet1 Member=C50
Removed Member From Class: ClassName=Sheet1 Member=R23
Change Component Designator: OldDesignator=C2 NewDesignator=C7
Change Component Designator: OldDesignator=C3 NewDesignator=C8
Change Component Designator: OldDesignator=C4 NewDesignator=C11
Change Component Designator: OldDesignator=C5 NewDesignator=C17
Change Component Designator: OldDesignator=C6 NewDesignator=C16
Change Component Designator: OldDesignator=C7 NewDesignator=C9
Change Component Designator: OldDesignator=C8 NewDesignator=C10
Change Component Designator: OldDesignator=C9 NewDesignator=C12
Change Component Designator: OldDesignator=C10 NewDesignator=C13
Change Component Designator: OldDesignator=C11 NewDesignator=C14
Change Component Designator: OldDesignator=C12 NewDesignator=C20
Change Component Designator: OldDesignator=C13 NewDesignator=C21
Change Component Designator: OldDesignator=C14 NewDesignator=C22
Change Component Designator: OldDesignator=C15 NewDesignator=C23
Change Component Designator: OldDesignator=C16 NewDesignator=C24
Change Component Designator: OldDesignator=C17 NewDesignator=C25
Change Component Designator: OldDesignator=C18 NewDesignator=C26
Change Component Designator: OldDesignator=C19 NewDesignator=C27
Change Component Designator: OldDesignator=C20 NewDesignator=C18
Change Component Designator: OldDesignator=C21 NewDesignator=C15
Change Component Designator: OldDesignator=C22 NewDesignator=C19
Change Component Designator: OldDesignator=C23 NewDesignator=C2
Change Component Designator: OldDesignator=C24 NewDesignator=C3
Change Component Designator: OldDesignator=C25 NewDesignator=C4
Change Component Designator: OldDesignator=C26 NewDesignator=C5
Change Component Designator: OldDesignator=C50 NewDesignator=C6
Change Component Designator: OldDesignator=C52 NewDesignator=C1
Change Component Designator: OldDesignator=JP_BATT NewDesignator=JP_BATT1
Change Component Designator: OldDesignator=JP_Module0 NewDesignator=JP_Module1
Change Component Designator: OldDesignator=JP_Module1 NewDesignator=JP_Module2
Change Component Designator: OldDesignator=JP_Module2 NewDesignator=JP_Module3
Change Component Designator: OldDesignator=JP_Module3 NewDesignator=JP_Module4
Change Component Designator: OldDesignator=JP_Module4 NewDesignator=JP_Module5
Change Component Designator: OldDesignator=JP_Module5 NewDesignator=JP_Module6
Change Component Designator: OldDesignator=JP_Module6 NewDesignator=JP_Module7
Change Component Designator: OldDesignator=JP_Module7 NewDesignator=JP_Module8
Change Component Designator: OldDesignator=JP_Module8 NewDesignator=JP_Module9
Change Component Designator: OldDesignator=JP_Module9 NewDesignator=JP_Module10
Change Component Designator: OldDesignator=JP_Module10 NewDesignator=JP_Module11
Change Component Designator: OldDesignator=JP_Module11 NewDesignator=JP_Module12
Change Component Designator: OldDesignator=JP_Module12 NewDesignator=JP_Module13
Change Component Designator: OldDesignator=JP_Module13 NewDesignator=JP_Module14
Change Component Designator: OldDesignator=JP_Module14 NewDesignator=JP_Module15
Change Component Designator: OldDesignator=JP_Module15 NewDesignator=JP_Module16
Change Component Designator: OldDesignator=JP_USB NewDesignator=JP_USB1
Change Component Designator: OldDesignator=R1 NewDesignator=R32
Change Component Designator: OldDesignator=R2 NewDesignator=R33
Change Component Designator: OldDesignator=R3 NewDesignator=R13
Change Component Designator: OldDesignator=R4 NewDesignator=R1
Change Component Designator: OldDesignator=R5 NewDesignator=R2
Change Component Designator: OldDesignator=R6 NewDesignator=R3
Change Component Designator: OldDesignator=R7 NewDesignator=R4
Change Component Designator: OldDesignator=R8 NewDesignator=R5
Change Component Designator: OldDesignator=R9 NewDesignator=R16
Change Component Designator: OldDesignator=R10 NewDesignator=R17
Change Component Designator: OldDesignator=R11 NewDesignator=R31
Change Component Designator: OldDesignator=R12 NewDesignator=R30
Change Component Designator: OldDesignator=R13 NewDesignator=R24
Change Component Designator: OldDesignator=R14 NewDesignator=R6
Change Component Designator: OldDesignator=R15 NewDesignator=R7
Change Component Designator: OldDesignator=R16 NewDesignator=R8
Change Component Designator: OldDesignator=R17 NewDesignator=R9
Change Component Designator: OldDesignator=R18 NewDesignator=R10
Change Component Designator: OldDesignator=R19 NewDesignator=R11
Change Component Designator: OldDesignator=R20 NewDesignator=R12
Change Component Designator: OldDesignator=R21 NewDesignator=R14
Change Component Designator: OldDesignator=R22 NewDesignator=R15
Change Component Designator: OldDesignator=R23 NewDesignator=R19
Change Component Designator: OldDesignator=R24 NewDesignator=R22
Change Component Designator: OldDesignator=R26 NewDesignator=R20
Change Component Designator: OldDesignator=R27 NewDesignator=R28
Change Component Designator: OldDesignator=R28 NewDesignator=R29
Change Component Designator: OldDesignator=R29 NewDesignator=R25
Change Component Designator: OldDesignator=R30 NewDesignator=R18
Change Component Designator: OldDesignator=R31 NewDesignator=R26
Change Component Designator: OldDesignator=R32 NewDesignator=R27
Change Component Designator: OldDesignator=R33 NewDesignator=R21
Change Component Designator: OldDesignator=SW1 NewDesignator=SW2
Change Component Designator: OldDesignator=SW2 NewDesignator=SW3
Change Component Designator: OldDesignator=SW3 NewDesignator=SW1
Change Component Designator: OldDesignator=SW_0 NewDesignator=SW_10
Change Component Designator: OldDesignator=SW_' NewDesignator=SW_'1
Change Component Designator: OldDesignator=SW_, NewDesignator=SW_,1
Change Component Designator: OldDesignator=SW_- NewDesignator=SW_-1
Change Component Designator: OldDesignator=SW_. NewDesignator=SW_.1
Change Component Designator: OldDesignator=SW_/ NewDesignator=SW_/1
Change Component Designator: OldDesignator=SW_; NewDesignator=SW_;1
Change Component Designator: OldDesignator=SW_= NewDesignator=SW_=1
Change Component Designator: OldDesignator=SW_[ NewDesignator=SW_[1
Change Component Designator: OldDesignator=SW_\ NewDesignator=SW_\1
Change Component Designator: OldDesignator=SW_] NewDesignator=SW_]1
Change Component Designator: OldDesignator=SW_A NewDesignator=SW_A1
Change Component Designator: OldDesignator=SW_B NewDesignator=SW_B1
Change Component Designator: OldDesignator=SW_BACKSPACE NewDesignator=SW_BACKSPACE1
Change Component Designator: OldDesignator=SW_C NewDesignator=SW_C1
Change Component Designator: OldDesignator=SW_CAPSLOCK NewDesignator=SW_CAPSLOCK1
Change Component Designator: OldDesignator=SW_D NewDesignator=SW_D1
Change Component Designator: OldDesignator=SW_DEL NewDesignator=SW_DEL1
Change Component Designator: OldDesignator=SW_DOWN NewDesignator=SW_DOWN1
Change Component Designator: OldDesignator=SW_E NewDesignator=SW_E1
Change Component Designator: OldDesignator=SW_ENTER NewDesignator=SW_ENTER1
Change Component Designator: OldDesignator=SW_ESC NewDesignator=SW_ESC1
Change Component Designator: OldDesignator=SW_F NewDesignator=SW_F1
Change Component Designator: OldDesignator=SW_FUNC NewDesignator=SW_FUNC1
Change Component Designator: OldDesignator=SW_G NewDesignator=SW_G1
Change Component Designator: OldDesignator=SW_H NewDesignator=SW_H1
Change Component Designator: OldDesignator=SW_I NewDesignator=SW_I1
Change Component Designator: OldDesignator=SW_J NewDesignator=SW_J1
Change Component Designator: OldDesignator=SW_K NewDesignator=SW_K1
Change Component Designator: OldDesignator=SW_L NewDesignator=SW_L1
Change Component Designator: OldDesignator=SW_LALT NewDesignator=SW_LALT1
Change Component Designator: OldDesignator=SW_LCTRL NewDesignator=SW_LCTRL1
Change Component Designator: OldDesignator=SW_LEFT NewDesignator=SW_LEFT1
Change Component Designator: OldDesignator=SW_LSHIFT NewDesignator=SW_LSHIFT1
Change Component Designator: OldDesignator=SW_M NewDesignator=SW_M1
Change Component Designator: OldDesignator=SW_MENU NewDesignator=SW_MENU1
Change Component Designator: OldDesignator=SW_N NewDesignator=SW_N1
Change Component Designator: OldDesignator=SW_O NewDesignator=SW_O1
Change Component Designator: OldDesignator=SW_P NewDesignator=SW_P1
Change Component Designator: OldDesignator=SW_POWER NewDesignator=SW_POWER1
Change Component Designator: OldDesignator=SW_Q NewDesignator=SW_Q1
Change Component Designator: OldDesignator=SW_R NewDesignator=SW_R1
Change Component Designator: OldDesignator=SW_RIGHT NewDesignator=SW_RIGHT1
Change Component Designator: OldDesignator=SW_RSHIFT NewDesignator=SW_RSHIFT1
Change Component Designator: OldDesignator=SW_S NewDesignator=SW_S1
Change Component Designator: OldDesignator=SW_SPACE NewDesignator=SW_SPACE1
Change Component Designator: OldDesignator=SW_T NewDesignator=SW_T1
Change Component Designator: OldDesignator=SW_TAB NewDesignator=SW_TAB1
Change Component Designator: OldDesignator=SW_U NewDesignator=SW_U1
Change Component Designator: OldDesignator=SW_UP NewDesignator=SW_UP1
Change Component Designator: OldDesignator=SW_V NewDesignator=SW_V1
Change Component Designator: OldDesignator=SW_W NewDesignator=SW_W1
Change Component Designator: OldDesignator=SW_X NewDesignator=SW_X1
Change Component Designator: OldDesignator=SW_Y NewDesignator=SW_Y1
Change Component Designator: OldDesignator=SW_Z NewDesignator=SW_Z1
Change Component Designator: OldDesignator=U1 NewDesignator=U8
Change Component Designator: OldDesignator=U2 NewDesignator=U5
Change Component Designator: OldDesignator=U3 NewDesignator=U14
Change Component Designator: OldDesignator=U4 NewDesignator=U7
Change Component Designator: OldDesignator=U5 NewDesignator=U10
Change Component Designator: OldDesignator=U7 NewDesignator=U9
Change Component Designator: OldDesignator=U8 NewDesignator=U11
Change Component Designator: OldDesignator=U9 NewDesignator=U4
Change Component Designator: OldDesignator=U10 NewDesignator=U1
Change Component Designator: OldDesignator=U11 NewDesignator=U2
Change Component Designator: OldDesignator=U12 NewDesignator=U13
Change Component Designator: OldDesignator=U13 NewDesignator=U16
Change Component Designator: OldDesignator=U14 NewDesignator=U3
Change Component Designator: OldDesignator=U16 NewDesignator=U12
Change Component Designator: OldDesignator=U_AUTH NewDesignator=U_AUTH1
Added Pin To Net: NetName=GND Pin=C1-2
Change Net Name : Old Net Name=NetC2_2 New Net Name=NetC7_2
Change Net Name : Old Net Name=NetC3_2 New Net Name=NetC8_2
Change Net Name : Old Net Name=NetC6_2 New Net Name=NetC16_2
Change Net Name : Old Net Name=NetC19_2 New Net Name=NetC27_2
Change Net Name : Old Net Name=NetC24_2 New Net Name=NetC3_2
Change Net Name : Old Net Name=NetC26_2 New Net Name=NetC5_2
Change Net Name : Old Net Name=NetC50_2 New Net Name=NetC6_2
Change Net Name : Old Net Name=NetC52_2 New Net Name=NetC1_2
Change Net Name : Old Net Name=NetJP_USB_1 New Net Name=NetJP_USB1_1
Change Net Name : Old Net Name=NetR1_1 New Net Name=NetR32_1
Change Net Name : Old Net Name=NetR9_1 New Net Name=NetR16_1
Change Net Name : Old Net Name=NetR10_1 New Net Name=NetR17_1
Change Net Name : Old Net Name=NetR12_1 New Net Name=NetR30_1
Change Net Name : Old Net Name=NetR13_1 New Net Name=NetR24_1
Change Net Name : Old Net Name=NetR27_1 New Net Name=NetR28_1
Change Net Name : Old Net Name=NetR29_1 New Net Name=NetR25_1
Change Net Name : Old Net Name=NetR30_2 New Net Name=NetR18_2
Change Net Name : Old Net Name=NetR33_2 New Net Name=NetR21_2
Change Net Name : Old Net Name=NetSW2_1 New Net Name=NetSW3_1
Change Net Name : Old Net Name=NetSW_0_4 New Net Name=NetSW_9_6
Change Net Name : Old Net Name=NetSW_0_6 New Net Name=NetSW_10_6
Change Net Name : Old Net Name=NetSW_'_4 New Net Name=NetSW_'1_4
Change Net Name : Old Net Name=NetSW_'_6 New Net Name=NetSW_'1_6
Change Net Name : Old Net Name=NetSW_,_4 New Net Name=NetSW_,1_4
Change Net Name : Old Net Name=NetSW_,_6 New Net Name=NetSW_,1_6
Change Net Name : Old Net Name=NetSW_-_6 New Net Name=NetSW_-1_6
Change Net Name : Old Net Name=NetSW_._6 New Net Name=NetSW_.1_6
Change Net Name : Old Net Name=NetSW_/_6 New Net Name=NetSW_/1_6
Change Net Name : Old Net Name=NetSW_;_4 New Net Name=NetSW_;1_4
Change Net Name : Old Net Name=NetSW_=_6 New Net Name=NetSW_=1_6
Change Net Name : Old Net Name=NetSW_[_4 New Net Name=NetSW_[1_4
Change Net Name : Old Net Name=NetSW_[_6 New Net Name=NetSW_[1_6
Change Net Name : Old Net Name=NetSW_\_4 New Net Name=NetSW_\1_4
Change Net Name : Old Net Name=NetSW_\_6 New Net Name=NetSW_\1_6
Change Net Name : Old Net Name=NetSW_A_4 New Net Name=NetSW_A1_4
Change Net Name : Old Net Name=NetSW_A_6 New Net Name=NetSW_A1_6
Change Net Name : Old Net Name=NetSW_B_4 New Net Name=NetSW_B1_4
Change Net Name : Old Net Name=NetSW_B_6 New Net Name=NetSW_B1_6
Change Net Name : Old Net Name=NetSW_BACKSPACE_6 New Net Name=NetSW_BACKSPACE1_6
Change Net Name : Old Net Name=NetSW_C_4 New Net Name=NetSW_C1_4
Change Net Name : Old Net Name=NetSW_C_6 New Net Name=NetSW_C1_6
Change Net Name : Old Net Name=NetSW_D_4 New Net Name=NetSW_D1_4
Change Net Name : Old Net Name=NetSW_D_6 New Net Name=NetSW_D1_6
Change Net Name : Old Net Name=NetSW_DEL_4 New Net Name=NetSW_DEL1_4
Change Net Name : Old Net Name=NetSW_DEL_6 New Net Name=NetSW_DEL1_6
Change Net Name : Old Net Name=NetSW_DOWN_4 New Net Name=NetSW_DOWN1_4
Change Net Name : Old Net Name=NetSW_DOWN_6 New Net Name=NetSW_DOWN1_6
Change Net Name : Old Net Name=NetSW_E_4 New Net Name=NetSW_E1_4
Change Net Name : Old Net Name=NetSW_E_6 New Net Name=NetSW_E1_6
Change Net Name : Old Net Name=NetSW_ENTER_6 New Net Name=NetSW_ENTER1_6
Change Net Name : Old Net Name=NetSW_F_6 New Net Name=NetSW_F1_6
Change Net Name : Old Net Name=NetSW_FUNC_4 New Net Name=NetSW_FUNC1_4
Change Net Name : Old Net Name=NetSW_FUNC_6 New Net Name=NetSW_FUNC1_6
Change Net Name : Old Net Name=NetSW_G_6 New Net Name=NetSW_G1_6
Change Net Name : Old Net Name=NetSW_H_6 New Net Name=NetSW_H1_6
Change Net Name : Old Net Name=NetSW_I_4 New Net Name=NetSW_I1_4
Change Net Name : Old Net Name=NetSW_I_6 New Net Name=NetSW_I1_6
Change Net Name : Old Net Name=NetSW_J_6 New Net Name=NetSW_J1_6
Change Net Name : Old Net Name=NetSW_K_6 New Net Name=NetSW_K1_6
Change Net Name : Old Net Name=NetSW_LALT_4 New Net Name=NetSW_LALT1_4
Change Net Name : Old Net Name=NetSW_LALT_6 New Net Name=NetSW_LALT1_6
Change Net Name : Old Net Name=NetSW_LCTRL_6 New Net Name=NetSW_LCTRL1_6
Change Net Name : Old Net Name=NetSW_LEFT_4 New Net Name=NetSW_LEFT1_4
Change Net Name : Old Net Name=NetSW_LSHIFT_6 New Net Name=NetSW_LSHIFT1_6
Change Net Name : Old Net Name=NetSW_M_4 New Net Name=NetSW_M1_4
Change Net Name : Old Net Name=NetSW_O_6 New Net Name=NetSW_O1_6
Change Net Name : Old Net Name=NetSW_POWER_1 New Net Name=NetSW_POWER1_1
Change Net Name : Old Net Name=NetSW_Q_4 New Net Name=NetSW_Q1_4
Change Net Name : Old Net Name=NetSW_Q_6 New Net Name=NetSW_Q1_6
Change Net Name : Old Net Name=NetSW_R_6 New Net Name=NetSW_R1_6
Change Net Name : Old Net Name=NetSW_RSHIFT_6 New Net Name=NetSW_RSHIFT1_6
Change Net Name : Old Net Name=NetSW_T_6 New Net Name=NetSW_T1_6
Change Net Name : Old Net Name=NetSW_U_4 New Net Name=NetSW_U1_4
Change Net Name : Old Net Name=NetSW_X_4 New Net Name=NetSW_X1_4
Change Net Name : Old Net Name=NetU1_4 New Net Name=NetU8_4
Change Net Name : Old Net Name=NetU1_5 New Net Name=NetU1_1
Change Net Name : Old Net Name=NetU1_6 New Net Name=NetU1_2
Change Net Name : Old Net Name=NetU1_7 New Net Name=NetU8_7
Change Net Name : Old Net Name=NetU1_9 New Net Name=NetU8_9
Change Net Name : Old Net Name=NetU1_10 New Net Name=NetU8_10
Change Net Name : Old Net Name=NetU1_36 New Net Name=NetU8_36
Change Net Name : Old Net Name=NetU1_37 New Net Name=NetU8_37
Change Net Name : Old Net Name=NetU2_9 New Net Name=NetU5_9
Change Net Name : Old Net Name=NetU2_10 New Net Name=NetU4_9
Change Net Name : Old Net Name=NetU4_9 New Net Name=NetU7_9
Change Net Name : Old Net Name=NetU7_9 New Net Name=NetU9_9
Change Net Name : Old Net Name=NetU9_10 New Net Name=NetU3_9
Change Net Name : Old Net Name=NetU10_9 New Net Name=NetU1_9
Change Net Name : Old Net Name=NetU11_9 New Net Name=NetU2_9
Change Net Name : Old Net Name=SW_[ New Net Name=SW_LSB
Change Net Name : Old Net Name=SW_] New Net Name=SW_RSB
Added Member To Class: ClassName=Sheet1 Member=Component C27 104
Added Member To Class: ClassName=Sheet1 Member=Component R29 180K
Added Member To Class: ClassName=Sheet1 Member=Component R33 180K
