Removed Pin From Net: NetName=BKUP_BATT_OUT- Pin=Q1-2
Removed Pin From Net: NetName=BKUP_BATT+ Pin=Q3-3
Removed Pin From Net: NetName=BKUP_BATT+ Pin=Q4-3
Removed Pin From Net: NetName=BKUP_BATT_OUT- Pin=R15-1
Removed Pin From Net: NetName=BKUP_BATT_OUT- Pin=R33-1
Removed Member From Class: ClassName=Sheet1 Member=Q1
Removed Member From Class: ClassName=Sheet1 Member=Q3
Removed Member From Class: ClassName=Sheet1 Member=Q4
Removed Member From Class: ClassName=Sheet1 Member=R32
Removed Member From Class: ClassName=Sheet1 Member=R33
Change Component Comment : Designator=R31 Old Comment=1K New Comment=500R
Change Component Comment : Designator=R15 Old Comment=100K New Comment=1K
Added Component: Designator=U9(SOT108-1_NEX)
Add component (AddParameter): Name = "Copyright"; Value = "Copyright (C) 2022 Ultra Librarian. All rights reserved."; VariantName = "[No Variations]"
Add component (AddParameter): Name = "Manufacturer_Part_Number"; Value = "74HC14D"; VariantName = "[No Variations]"
Add component (AddParameter): Name = "Mfr_Name"; Value = "Nexperia"; VariantName = "[No Variations]"
Add component (AddParameter): Name = "RefDes"; Value = "RefDes"; VariantName = "[No Variations]"
Add component (AddParameter): Name = "Type"; Value = "DEV"; VariantName = "[No Variations]"
Added Pin To Net: NetName=BKUP_BATT_OUT- Pin=R31-2
Added Pin To Net: NetName=NetR31_1 Pin=U9-3
Added Pin To Net: NetName=NetR31_1 Pin=U9-5
Added Pin To Net: NetName=BKUP_BATT_OUT- Pin=U9-7
Added Pin To Net: NetName=NetR31_1 Pin=U9-9
Added Pin To Net: NetName=NetR31_1 Pin=U9-11
Added Pin To Net: NetName=BKUP_BATT+ Pin=U9-14
Added Pin To Net: NetName=NetR8_1 Pin=R8-1
Added Pin To Net: NetName=NetR8_1 Pin=U5-3
Added Pin To Net: NetName=NetR8_1 Pin=U9-2
Added Pin To Net: NetName=NetR8_1 Pin=U9-13
Added Net: Name=NetR8_1
Added Pin To Net: NetName=NetR15_1 Pin=R15-1
Added Pin To Net: NetName=NetR15_1 Pin=U9-12
Added Net: Name=NetR15_1
Added Pin To Net: NetName=NetR15_2 Pin=R15-2
Added Pin To Net: NetName=NetR15_2 Pin=U6-2
Added Pin To Net: NetName=NetR15_2 Pin=U6-4
Added Net: Name=NetR15_2
Added Pin To Net: NetName=NetR16_2 Pin=R16-2
Added Pin To Net: NetName=NetR16_2 Pin=U9-1
Added Net: Name=NetR16_2
Added Member To Class: ClassName=Sheet1 Member=Component U9 74HC14D
