Added Component: Designator=U1(LQFP64-10x10mm)
Add component (AddParameter): Name = "Copyright"; Value = "Copyright (C) 2022 Ultra Librarian. All rights reserved."; VariantName = "[No Variations]"
Add component (AddParameter): Name = "Manufacturer_Part_Number"; Value = "STM32F405RGT6"; VariantName = "[No Variations]"
Add component (AddParameter): Name = "Mfr_Name"; Value = "STMicroelectronics"; VariantName = "[No Variations]"
Add component (AddParameter): Name = "RefDes"; Value = "RefDes"; VariantName = "[No Variations]"
Add component (AddParameter): Name = "Type"; Value = "DEV"; VariantName = "[No Variations]"
Added Component: Designator=U2(LQFP64-10x10mm)
Add component (AddParameter): Name = "Copyright"; Value = "Copyright (C) 2022 Ultra Librarian. All rights reserved."; VariantName = "[No Variations]"
Add component (AddParameter): Name = "Manufacturer_Part_Number"; Value = "STM32F030R8T6"; VariantName = "[No Variations]"
Add component (AddParameter): Name = "Mfr_Name"; Value = "STMicroelectronics"; VariantName = "[No Variations]"
Add component (AddParameter): Name = "RefDes"; Value = "RefDes"; VariantName = "[No Variations]"
Add component (AddParameter): Name = "Type"; Value = "DEV"; VariantName = "[No Variations]"
Added Pin To Net: NetName=SPI_RootHub_CS Pin=U1-20
Added Pin To Net: NetName=SPI_BUS.SCLK Pin=U1-21
Added Pin To Net: NetName=SPI_BUS.MISO Pin=U1-22
Added Pin To Net: NetName=SPI_BUS.MOSI Pin=U1-23
Added Pin To Net: NetName=SPI_RootHub_CS Pin=U2-20
Added Pin To Net: NetName=SPI_BUS.SCLK Pin=U2-21
Added Pin To Net: NetName=SPI_BUS.MISO Pin=U2-22
Added Pin To Net: NetName=SPI_BUS.MOSI Pin=U2-23
Added Member To Class: ClassName=Sheet1 Member=Component U1 STM32F405RGT6
Added Member To Class: ClassName=Sheet1 Member=Component U2 STM32F030R8T6
