Added Component: Designator=C1(C0805_L)
Add component (AddParameter): Name = "BOM名称"; Value = "无极性贴片电容"; VariantName = "[No Variations]"
Add component (AddParameter): Name = "联系卖家，免费查找封装"; Value = "唯一出售店铺网址https://shop463601444.taobao.com"; VariantName = "[No Variations]"
Added Component: Designator=C2(C0805_L)
Add component (AddParameter): Name = "BOM名称"; Value = "无极性贴片电容"; VariantName = "[No Variations]"
Add component (AddParameter): Name = "联系卖家，免费查找封装"; Value = "唯一出售店铺网址https://shop463601444.taobao.com"; VariantName = "[No Variations]"
Added Pin To Net: NetName=GND Pin=C1-1
Added Pin To Net: NetName=GND Pin=C2-1
Added Pin To Net: NetName=GND Pin=X2-2
Added Pin To Net: NetName=GND Pin=X2-4
Added Pin To Net: NetName=STM32F0_OSC_IN Pin=C1-2
Added Pin To Net: NetName=STM32F0_OSC_IN Pin=U2-5
Added Pin To Net: NetName=STM32F0_OSC_IN Pin=X2-1
Added Net: Name=STM32F0_OSC_IN
Added Pin To Net: NetName=STM32F0_OSC_OUT Pin=C2-2
Added Pin To Net: NetName=STM32F0_OSC_OUT Pin=U2-6
Added Pin To Net: NetName=STM32F0_OSC_OUT Pin=X2-3
Added Net: Name=STM32F0_OSC_OUT
Added Member To Class: ClassName=Sheet1 Member=Component C1 12pF
Added Member To Class: ClassName=Sheet1 Member=Component C2 12pF
Added Room: Name=Sheet1
