Added Pin To Net: NetName=SW_G Pin=U2-3
Added Pin To Net: NetName=SW_H Pin=U2-4
Added Pin To Net: NetName=SW_J Pin=U2-5
Added Pin To Net: NetName=SW_K Pin=U2-6
Added Pin To Net: NetName=SW_' Pin=U2-11
Added Pin To Net: NetName=SW_; Pin=U2-12
Added Pin To Net: NetName=SW_L Pin=U2-13
Added Pin To Net: NetName=SW_CAPSLOCK Pin=U2-14
Added Pin To Net: NetName=ESP32_3V3 Pin=U2-16
Added Pin To Net: NetName=SW_X Pin=U4-3
Added Pin To Net: NetName=SW_C Pin=U4-4
Added Pin To Net: NetName=SW_V Pin=U4-5
Added Pin To Net: NetName=SW_B Pin=U4-6
Added Pin To Net: NetName=SW_RIGHT Pin=U4-11
Added Pin To Net: NetName=SW_Z Pin=U4-12
Added Pin To Net: NetName=SW_LSHIFT Pin=U4-13
Added Pin To Net: NetName=SW_ENTER Pin=U4-14
Added Pin To Net: NetName=ESP32_3V3 Pin=U4-16
Added Pin To Net: NetName=SW_N Pin=U7-3
Added Pin To Net: NetName=SW_M Pin=U7-4
Added Pin To Net: NetName=SW_, Pin=U7-5
Added Pin To Net: NetName=SW_. Pin=U7-6
Added Pin To Net: NetName=SW_FUNC Pin=U7-11
Added Pin To Net: NetName=SW_MENU Pin=U7-12
Added Pin To Net: NetName=SW_LEFT Pin=U7-13
Added Pin To Net: NetName=SW_DOWN Pin=U7-14
Added Pin To Net: NetName=ESP32_3V3 Pin=U7-16
Added Pin To Net: NetName=SW_/ Pin=U8-3
Added Pin To Net: NetName=SW_RSHIFT Pin=U8-4
Added Pin To Net: NetName=SW_UP Pin=U8-5
Added Pin To Net: NetName=SW_DEL Pin=U8-6
Added Pin To Net: NetName=SW_LCTRL Pin=U8-11
Added Pin To Net: NetName=SW_LOS Pin=U8-12
Added Pin To Net: NetName=SW_LALT Pin=U8-13
Added Pin To Net: NetName=SW_SPACE Pin=U8-14
Added Pin To Net: NetName=ESP32_3V3 Pin=U8-16
Added Pin To Net: NetName=SW_A Pin=U9-3
Added Pin To Net: NetName=SW_S Pin=U9-4
Added Pin To Net: NetName=SW_D Pin=U9-5
Added Pin To Net: NetName=SW_F Pin=U9-6
Added Pin To Net: NetName=SW_O Pin=U9-11
Added Pin To Net: NetName=SW_I Pin=U9-12
Added Pin To Net: NetName=SW_U Pin=U9-13
Added Pin To Net: NetName=SW_Y Pin=U9-14
Added Pin To Net: NetName=ESP32_3V3 Pin=U9-16
Added Pin To Net: NetName=SW_8 Pin=U10-3
Added Pin To Net: NetName=SW_9 Pin=U10-4
Added Pin To Net: NetName=SW_0 Pin=U10-5
Added Pin To Net: NetName=SW_- Pin=U10-6
Added Pin To Net: NetName=SW_3 Pin=U10-11
Added Pin To Net: NetName=SW_2 Pin=U10-12
Added Pin To Net: NetName=SW_1 Pin=U10-13
Added Pin To Net: NetName=SW_ESC Pin=U10-14
Added Pin To Net: NetName=ESP32_3V3 Pin=U10-16
Added Pin To Net: NetName=SW_= Pin=U11-3
Added Pin To Net: NetName=SW_BACKSPACE Pin=U11-4
Added Pin To Net: NetName=SW_TAB Pin=U11-5
Added Pin To Net: NetName=SW_Q Pin=U11-6
Added Pin To Net: NetName=SW_7 Pin=U11-11
Added Pin To Net: NetName=SW_6 Pin=U11-12
Added Pin To Net: NetName=SW_5 Pin=U11-13
Added Pin To Net: NetName=SW_4 Pin=U11-14
Added Pin To Net: NetName=ESP32_3V3 Pin=U11-16
Added Pin To Net: NetName=SW_\ Pin=U14-3
Added Pin To Net: NetName=SW_] Pin=U14-4
Added Pin To Net: NetName=SW_[ Pin=U14-5
Added Pin To Net: NetName=SW_P Pin=U14-6
Added Pin To Net: NetName=SW_T Pin=U14-11
Added Pin To Net: NetName=SW_R Pin=U14-12
Added Pin To Net: NetName=SW_E Pin=U14-13
Added Pin To Net: NetName=SW_W Pin=U14-14
Added Pin To Net: NetName=ESP32_3V3 Pin=U14-16
