Removed Pin From Net: NetName=NetQ1_2 Pin=Q2-2
Change Component Footprint: Designator=Q1 Old Footprint=SOT23-3N New Footprint=SOT23-6N
Change Component Footprint: Designator=Q2 Old Footprint=SOT23-3N New Footprint=SOT23-6N
Change Component Comment : Designator=Q1 Old Comment=SI2305 New Comment=CJL2301
Change Component Comment : Designator=Q2 Old Comment=SI2305 New Comment=CJL2301
Change component parameters: Designator = "Q1" ("Q1"); Footprint = "SOT23-3N"; UniqueID = "\MXQHUYEW" ("\MXQHUYEW")
Change component parameters: Designator = "Q2" ("Q2"); Footprint = "SOT23-3N"; UniqueID = "\HOJBYECJ" ("\HOJBYECJ")
Added Component: Designator=Q3(SOT23-3N)
Add component (AddParameter): Name = "BOM名称"; Value = "N沟道场效应管"; VariantName = "[No Variations]"
Add component (AddParameter): Name = "联系卖家，免费查找封装"; Value = "唯一出售店铺网址https://shop463601444.taobao.com"; VariantName = "[No Variations]"
Added Component: Designator=Q4(SOT23-3N)
Add component (AddParameter): Name = "BOM名称"; Value = "N沟道场效应管"; VariantName = "[No Variations]"
Add component (AddParameter): Name = "联系卖家，免费查找封装"; Value = "唯一出售店铺网址https://shop463601444.taobao.com"; VariantName = "[No Variations]"
Added Component: Designator=R8(R0603_L)
Add component (AddParameter): Name = "BOM名称"; Value = "贴片电阻"; VariantName = "[No Variations]"
Add component (AddParameter): Name = "联系卖家，免费查找封装"; Value = "唯一出售店铺网址https://shop463601444.taobao.com"; VariantName = "[No Variations]"
Added Component: Designator=R14(R0603_L)
Add component (AddParameter): Name = "BOM名称"; Value = "贴片电阻"; VariantName = "[No Variations]"
Add component (AddParameter): Name = "联系卖家，免费查找封装"; Value = "唯一出售店铺网址https://shop463601444.taobao.com"; VariantName = "[No Variations]"
Added Component: Designator=R15(R0603_L)
Add component (AddParameter): Name = "BOM名称"; Value = "贴片电阻"; VariantName = "[No Variations]"
Add component (AddParameter): Name = "联系卖家，免费查找封装"; Value = "唯一出售店铺网址https://shop463601444.taobao.com"; VariantName = "[No Variations]"
Added Component: Designator=R16(R0603_L)
Add component (AddParameter): Name = "BOM名称"; Value = "贴片电阻"; VariantName = "[No Variations]"
Add component (AddParameter): Name = "联系卖家，免费查找封装"; Value = "唯一出售店铺网址https://shop463601444.taobao.com"; VariantName = "[No Variations]"
Added Pin To Net: NetName=+5 Pin=D1-1
Added Pin To Net: NetName=+5 Pin=D1-1
Added Pin To Net: NetName=SPI_BUS.MOSI Pin=D1-2
Added Pin To Net: NetName=SPI_BUS.MOSI Pin=D1-2
Added Pin To Net: NetName=SPI_BUS.SCLK Pin=D1-4
Added Pin To Net: NetName=SPI_BUS.SCLK Pin=D1-4
Added Pin To Net: NetName=SPI_BUS.MISO Pin=D1-5
Added Pin To Net: NetName=SPI_BUS.MISO Pin=D1-5
Added Pin To Net: NetName=ESP32_3V3 Pin=Q1-4
Added Pin To Net: NetName=NetQ1_2 Pin=Q1-5
Added Pin To Net: NetName=BKUP_BATT_CONV_OUTPUT Pin=Q1-6
Added Pin To Net: NetName=ESP32_3V3 Pin=Q2-4
Added Pin To Net: NetName=NetC6_2 Pin=Q2-6
Added Pin To Net: NetName=BKUP_BATT_OUT- Pin=Q3-2
Added Pin To Net: NetName=BKUP_BATT_OUT- Pin=Q4-2
Added Pin To Net: NetName=NetQ1_2 Pin=R8-2
Added Pin To Net: NetName=BKUP_BATT_OUT- Pin=R15-1
Added Pin To Net: NetName=BKUP_BATT_OUT- Pin=R16-1
Change Net Name : Old Net Name=NetC6_2 New Net Name=VBUS_CONV_OUTPUT
Added Pin To Net: NetName=NetQ1_1 Pin=Q1-1
Added Pin To Net: NetName=NetQ1_1 Pin=Q1-3
Added Pin To Net: NetName=NetQ1_1 Pin=Q3-3
Added Pin To Net: NetName=NetQ1_1 Pin=R8-1
Added Net: Name=NetQ1_1
Added Pin To Net: NetName=NetQ2_1 Pin=Q2-1
Added Pin To Net: NetName=NetQ2_1 Pin=Q2-3
Added Pin To Net: NetName=NetQ2_1 Pin=Q4-3
Added Pin To Net: NetName=NetQ2_1 Pin=R14-1
Added Net: Name=NetQ2_1
Added Pin To Net: NetName=NetQ2_2 Pin=Q2-2
Added Pin To Net: NetName=NetQ2_2 Pin=R14-2
Added Net: Name=NetQ2_2
Added Pin To Net: NetName=NetQ3_1 Pin=Q3-1
Added Pin To Net: NetName=NetQ3_1 Pin=R15-2
Added Net: Name=NetQ3_1
Added Pin To Net: NetName=NetQ4_1 Pin=Q4-1
Added Pin To Net: NetName=NetQ4_1 Pin=R16-2
Added Net: Name=NetQ4_1
Added Member To Class: ClassName=Sheet1 Member=Component Q3 SI2302
Added Member To Class: ClassName=Sheet1 Member=Component Q4 SI2302
Added Member To Class: ClassName=Sheet1 Member=Component R8 10K
Added Member To Class: ClassName=Sheet1 Member=Component R14 10K
Added Member To Class: ClassName=Sheet1 Member=Component R15 10K
Added Member To Class: ClassName=Sheet1 Member=Component R16 10K
