Added Component: Designator=JP_Module15(FPC0.5 2H-WS-12P)
Add component (AddParameter): Name = "BOM名称"; Value = "FPC连接器"; VariantName = "[No Variations]"
Add component (AddParameter): Name = "学习资源"; Value = "www.ooocke.com"; VariantName = "[No Variations]"
Add component (AddParameter): Name = "版权归属"; Value = "源创客"; VariantName = "[No Variations]"
Added Component: Designator=JP_Module16(FPC0.5 2H-WS-12P)
Add component (AddParameter): Name = "BOM名称"; Value = "FPC连接器"; VariantName = "[No Variations]"
Add component (AddParameter): Name = "学习资源"; Value = "www.ooocke.com"; VariantName = "[No Variations]"
Add component (AddParameter): Name = "版权归属"; Value = "源创客"; VariantName = "[No Variations]"
Added Pin To Net: NetName=VBUS Pin=JP_Module15-1
Added Pin To Net: NetName=VBUS Pin=JP_Module15-2
Added Pin To Net: NetName=VBUS Pin=JP_Module15-3
Added Pin To Net: NetName=VBUS Pin=JP_Module15-4
Added Pin To Net: NetName=GND Pin=JP_Module15-9
Added Pin To Net: NetName=GND Pin=JP_Module15-10
Added Pin To Net: NetName=GND Pin=JP_Module15-11
Added Pin To Net: NetName=GND Pin=JP_Module15-12
Added Pin To Net: NetName=VBUS Pin=JP_Module16-1
Added Pin To Net: NetName=VBUS Pin=JP_Module16-2
Added Pin To Net: NetName=VBUS Pin=JP_Module16-3
Added Pin To Net: NetName=VBUS Pin=JP_Module16-4
Added Pin To Net: NetName=GND Pin=JP_Module16-9
Added Pin To Net: NetName=GND Pin=JP_Module16-10
Added Pin To Net: NetName=GND Pin=JP_Module16-11
Added Pin To Net: NetName=GND Pin=JP_Module16-12
Added Member To Class: ClassName=Sheet1 Member=Component JP_Module15 FPC1.0-12P
Added Member To Class: ClassName=Sheet1 Member=Component JP_Module16 FPC1.0-12P
