Removed Pin From Net: NetName=ESP32_3V3 Pin=R2-2
Removed Pin From Net: NetName=ESP32_3V3 Pin=R5-2
Removed Member From Class: ClassName=Sheet1 Member=R2
Removed Member From Class: ClassName=Sheet1 Member=R5
Added Component: Designator=R?(R0603_L)
Add component (AddParameter): Name = "BOM名称"; Value = "贴片电阻"; VariantName = "[No Variations]"
Add component (AddParameter): Name = "联系卖家，免费查找封装"; Value = "唯一出售店铺网址https://shop463601444.taobao.com"; VariantName = "[No Variations]"
Added Component: Designator=R?(R0603_L)
Add component (AddParameter): Name = "BOM名称"; Value = "贴片电阻"; VariantName = "[No Variations]"
Add component (AddParameter): Name = "联系卖家，免费查找封装"; Value = "唯一出售店铺网址https://shop463601444.taobao.com"; VariantName = "[No Variations]"
Added Component: Designator=R?(R0603_L)
Add component (AddParameter): Name = "BOM名称"; Value = "贴片电阻"; VariantName = "[No Variations]"
Add component (AddParameter): Name = "联系卖家，免费查找封装"; Value = "唯一出售店铺网址https://shop463601444.taobao.com"; VariantName = "[No Variations]"
Added Component: Designator=R?(R0603_L)
Add component (AddParameter): Name = "BOM名称"; Value = "贴片电阻"; VariantName = "[No Variations]"
Add component (AddParameter): Name = "联系卖家，免费查找封装"; Value = "唯一出售店铺网址https://shop463601444.taobao.com"; VariantName = "[No Variations]"
Added Component: Designator=R?(R0603_L)
Add component (AddParameter): Name = "BOM名称"; Value = "贴片电阻"; VariantName = "[No Variations]"
Add component (AddParameter): Name = "联系卖家，免费查找封装"; Value = "唯一出售店铺网址https://shop463601444.taobao.com"; VariantName = "[No Variations]"
Added Component: Designator=R?(R0603_L)
Add component (AddParameter): Name = "BOM名称"; Value = "贴片电阻"; VariantName = "[No Variations]"
Add component (AddParameter): Name = "联系卖家，免费查找封装"; Value = "唯一出售店铺网址https://shop463601444.taobao.com"; VariantName = "[No Variations]"
Added Pin To Net: NetName=BKUP_BATT- Pin=R?-2
Added Pin To Net: NetName=BKUP_BATT- Pin=R?-2
Added Pin To Net: NetName=BKUP_BATT- Pin=R?-2
Added Pin To Net: NetName=ESP32_3V3 Pin=R?-2
Added Pin To Net: NetName=ESP32_3V3 Pin=R?-2
Added Pin To Net: NetName=NetD1_2 Pin=R?-2
Added Pin To Net: NetName=NetR?_1 Pin=R?-1
Added Pin To Net: NetName=NetR?_1 Pin=U17-3
Added Net: Name=NetR?_1
Add Net: Net with name "NetR?_1" already exists
Add Net: Net with name "NetR?_1" already exists
Add Net: Net with name "NetR?_1" already exists
Add Net: Net with name "NetR?_1" already exists
Add Net: Net with name "NetR?_1" already exists
Added Pin To Net: NetName=NetU2_12 Pin=U2-12
Added Pin To Net: NetName=NetU2_12 Pin=U11-12
Added Net: Name=NetU2_12
Added Pin To Net: NetName=NetU2_14 Pin=U2-14
Added Net: Name=NetU2_14
Added Pin To Net: NetName=NetU12_12 Pin=U12-12
Added Pin To Net: NetName=NetU12_12 Pin=U13-12
Added Net: Name=NetU12_12
Added Pin To Net: NetName=NetU12_14 Pin=U12-14
Added Net: Name=NetU12_14
Added Member To Class: ClassName=Sheet1 Member=Component R? 10K
Added Member To Class: ClassName=Sheet1 Member=Component R? 10K
Added Member To Class: ClassName=Sheet1 Member=Component R? 10K
Added Member To Class: ClassName=Sheet1 Member=Component R? 10K
Added Member To Class: ClassName=Sheet1 Member=Component R? 10K
Added Member To Class: ClassName=Sheet1 Member=Component R? 10K
