Removed Pin From Net: NetName=GND Pin=C3-1
Removed Pin From Net: NetName=CONV_IN Pin=C3-2
Removed Pin From Net: NetName=CONV_IN Pin=E1-1
Removed Pin From Net: NetName=GND Pin=E1-2
Removed Pin From Net: NetName=CONV_IN Pin=E2-1
Removed Pin From Net: NetName=GND Pin=E2-2
Removed Pin From Net: NetName=ESP32_3V3 Pin=E3-1
Removed Pin From Net: NetName=GND Pin=E3-2
Removed Pin From Net: NetName=ESP32_3V3 Pin=E4-1
Removed Pin From Net: NetName=GND Pin=E4-2
Removed Pin From Net: NetName=ESP32_3V3 Pin=E5-1
Removed Pin From Net: NetName=GND Pin=E5-2
Removed Member From Class: ClassName=Sheet1 Member=C3
Removed Member From Class: ClassName=Sheet1 Member=E1
Removed Member From Class: ClassName=Sheet1 Member=E2
Removed Member From Class: ClassName=Sheet1 Member=E3
Removed Member From Class: ClassName=Sheet1 Member=E4
Removed Member From Class: ClassName=Sheet1 Member=E5
Change Component Comment : Designator=C4 Old Comment=10uF New Comment=22uF
Added Component: Designator=C?(C0603_L)
Add component (AddParameter): Name = "BOM名称"; Value = "无极性贴片电容"; VariantName = "[No Variations]"
Add component (AddParameter): Name = "联系卖家，免费查找封装"; Value = "唯一出售店铺网址https://shop463601444.taobao.com"; VariantName = "[No Variations]"
Added Component: Designator=C?(C0603_L)
Add component (AddParameter): Name = "BOM名称"; Value = "无极性贴片电容"; VariantName = "[No Variations]"
Add component (AddParameter): Name = "联系卖家，免费查找封装"; Value = "唯一出售店铺网址https://shop463601444.taobao.com"; VariantName = "[No Variations]"
Added Component: Designator=C?(C0603_L)
Add component (AddParameter): Name = "BOM名称"; Value = "无极性贴片电容"; VariantName = "[No Variations]"
Add component (AddParameter): Name = "联系卖家，免费查找封装"; Value = "唯一出售店铺网址https://shop463601444.taobao.com"; VariantName = "[No Variations]"
Added Component: Designator=C?(C0603_L)
Add component (AddParameter): Name = "BOM名称"; Value = "无极性贴片电容"; VariantName = "[No Variations]"
Add component (AddParameter): Name = "联系卖家，免费查找封装"; Value = "唯一出售店铺网址https://shop463601444.taobao.com"; VariantName = "[No Variations]"
Added Component: Designator=C?(C0603_L)
Add component (AddParameter): Name = "BOM名称"; Value = "无极性贴片电容"; VariantName = "[No Variations]"
Add component (AddParameter): Name = "联系卖家，免费查找封装"; Value = "唯一出售店铺网址https://shop463601444.taobao.com"; VariantName = "[No Variations]"
Added Component: Designator=C?(C0603_L)
Add component (AddParameter): Name = "BOM名称"; Value = "无极性贴片电容"; VariantName = "[No Variations]"
Add component (AddParameter): Name = "联系卖家，免费查找封装"; Value = "唯一出售店铺网址https://shop463601444.taobao.com"; VariantName = "[No Variations]"
Added Pin To Net: NetName=GND Pin=C?-1
Added Pin To Net: NetName=GND Pin=C?-1
Added Pin To Net: NetName=GND Pin=C?-1
Added Pin To Net: NetName=GND Pin=C?-1
Added Pin To Net: NetName=GND Pin=C?-1
Added Pin To Net: NetName=GND Pin=C?-1
Added Pin To Net: NetName=CONV_IN Pin=C?-2
Added Pin To Net: NetName=CONV_IN Pin=C?-2
Added Pin To Net: NetName=CONV_IN Pin=C?-2
Added Pin To Net: NetName=ESP32_3V3 Pin=C?-2
Added Pin To Net: NetName=ESP32_3V3 Pin=C?-2
Added Pin To Net: NetName=ESP32_3V3 Pin=C?-2
Added Member To Class: ClassName=Sheet1 Member=Component C? 22uF
Added Member To Class: ClassName=Sheet1 Member=Component C? 22uF
Added Member To Class: ClassName=Sheet1 Member=Component C? 22uF
Added Member To Class: ClassName=Sheet1 Member=Component C? 22uF
Added Member To Class: ClassName=Sheet1 Member=Component C? 22uF
Added Member To Class: ClassName=Sheet1 Member=Component C? 22uF
