Removed Pin From Net: NetName=Module4_CS Pin=U6-5
Removed Pin From Net: NetName=Module5_CS Pin=U6-6
Removed Pin From Net: NetName=Module14_CS Pin=U6-7
Removed Pin From Net: NetName=Module6_CS Pin=U6-8
Removed Pin From Net: NetName=Module7_CS Pin=U6-9
Removed Pin From Net: NetName=Module8_CS Pin=U6-10
Removed Pin From Net: NetName=Module15_CS Pin=U6-11
Removed Pin From Net: NetName=Module9_CS Pin=U6-12
Added Pin To Net: NetName=GND Pin=U5-12
Added Pin To Net: NetName=Module4_CS Pin=U6-4
Added Pin To Net: NetName=Module5_CS Pin=U6-5
Added Pin To Net: NetName=Module14_CS Pin=U6-6
Added Pin To Net: NetName=Module6_CS Pin=U6-7
Added Pin To Net: NetName=Module7_CS Pin=U6-8
Added Pin To Net: NetName=Module8_CS Pin=U6-9
Added Pin To Net: NetName=Module15_CS Pin=U6-10
Added Pin To Net: NetName=Module9_CS Pin=U6-11
Added Pin To Net: NetName=GND Pin=U6-12
Added Pin To Net: NetName=NetU5_1 Pin=U5-1
Added Pin To Net: NetName=NetU5_1 Pin=U6-1
Added Net: Name=NetU5_1
Added Pin To Net: NetName=NetU5_22 Pin=U5-22
Added Pin To Net: NetName=NetU5_22 Pin=U6-22
Added Net: Name=NetU5_22
Added Pin To Net: NetName=NetU5_23 Pin=U5-23
Added Pin To Net: NetName=NetU5_23 Pin=U6-23
Added Net: Name=NetU5_23
