Removed Pin From Net: NetName=VBUS Pin=JP_Module1-4
Removed Pin From Net: NetName=VBUS Pin=JP_Module1-5
Removed Pin From Net: NetName=VBUS Pin=JP_Module1-6
Removed Pin From Net: NetName=GND Pin=JP_Module1-14
Removed Pin From Net: NetName=GND Pin=JP_Module1-15
Removed Pin From Net: NetName=GND Pin=JP_Module1-16
Removed Pin From Net: NetName=VBUS Pin=JP_Module2-4
Removed Pin From Net: NetName=VBUS Pin=JP_Module2-5
Removed Pin From Net: NetName=VBUS Pin=JP_Module2-6
Removed Pin From Net: NetName=GND Pin=JP_Module2-14
Removed Pin From Net: NetName=GND Pin=JP_Module2-15
Removed Pin From Net: NetName=GND Pin=JP_Module2-16
Removed Pin From Net: NetName=VBUS Pin=JP_Module3-4
Removed Pin From Net: NetName=VBUS Pin=JP_Module3-5
Removed Pin From Net: NetName=VBUS Pin=JP_Module3-6
Removed Pin From Net: NetName=GND Pin=JP_Module3-14
Removed Pin From Net: NetName=GND Pin=JP_Module3-15
Removed Pin From Net: NetName=GND Pin=JP_Module3-16
Removed Pin From Net: NetName=VBUS Pin=JP_Module4-4
Removed Pin From Net: NetName=VBUS Pin=JP_Module4-5
Removed Pin From Net: NetName=VBUS Pin=JP_Module4-6
Removed Pin From Net: NetName=GND Pin=JP_Module4-14
Removed Pin From Net: NetName=GND Pin=JP_Module4-15
Removed Pin From Net: NetName=GND Pin=JP_Module4-16
Removed Pin From Net: NetName=VBUS Pin=JP_Module5-4
Removed Pin From Net: NetName=VBUS Pin=JP_Module5-5
Removed Pin From Net: NetName=VBUS Pin=JP_Module5-6
Removed Pin From Net: NetName=GND Pin=JP_Module5-14
Removed Pin From Net: NetName=GND Pin=JP_Module5-15
Removed Pin From Net: NetName=GND Pin=JP_Module5-16
Removed Pin From Net: NetName=VBUS Pin=JP_Module6-4
Removed Pin From Net: NetName=VBUS Pin=JP_Module6-5
Removed Pin From Net: NetName=VBUS Pin=JP_Module6-6
Removed Pin From Net: NetName=GND Pin=JP_Module6-14
Removed Pin From Net: NetName=GND Pin=JP_Module6-15
Removed Pin From Net: NetName=GND Pin=JP_Module6-16
Removed Pin From Net: NetName=VBUS Pin=JP_Module7-4
Removed Pin From Net: NetName=VBUS Pin=JP_Module7-5
Removed Pin From Net: NetName=VBUS Pin=JP_Module7-6
Removed Pin From Net: NetName=GND Pin=JP_Module7-14
Removed Pin From Net: NetName=GND Pin=JP_Module7-15
Removed Pin From Net: NetName=GND Pin=JP_Module7-16
Removed Pin From Net: NetName=VBUS Pin=JP_Module8-4
Removed Pin From Net: NetName=VBUS Pin=JP_Module8-5
Removed Pin From Net: NetName=VBUS Pin=JP_Module8-6
Removed Pin From Net: NetName=GND Pin=JP_Module8-14
Removed Pin From Net: NetName=GND Pin=JP_Module8-15
Removed Pin From Net: NetName=GND Pin=JP_Module8-16
Removed Pin From Net: NetName=VBUS Pin=JP_Module9-4
Removed Pin From Net: NetName=VBUS Pin=JP_Module9-5
Removed Pin From Net: NetName=VBUS Pin=JP_Module9-6
Removed Pin From Net: NetName=GND Pin=JP_Module9-14
Removed Pin From Net: NetName=GND Pin=JP_Module9-15
Removed Pin From Net: NetName=GND Pin=JP_Module9-16
Removed Pin From Net: NetName=VBUS Pin=JP_Module10-4
Removed Pin From Net: NetName=VBUS Pin=JP_Module10-5
Removed Pin From Net: NetName=VBUS Pin=JP_Module10-6
Removed Pin From Net: NetName=GND Pin=JP_Module10-14
Removed Pin From Net: NetName=GND Pin=JP_Module10-15
Removed Pin From Net: NetName=GND Pin=JP_Module10-16
Removed Pin From Net: NetName=VBUS Pin=JP_Module11-4
Removed Pin From Net: NetName=VBUS Pin=JP_Module11-5
Removed Pin From Net: NetName=VBUS Pin=JP_Module11-6
Removed Pin From Net: NetName=GND Pin=JP_Module11-14
Removed Pin From Net: NetName=GND Pin=JP_Module11-15
Removed Pin From Net: NetName=GND Pin=JP_Module11-16
Removed Pin From Net: NetName=VBUS Pin=JP_Module12-4
Removed Pin From Net: NetName=VBUS Pin=JP_Module12-5
Removed Pin From Net: NetName=VBUS Pin=JP_Module12-6
Removed Pin From Net: NetName=GND Pin=JP_Module12-14
Removed Pin From Net: NetName=GND Pin=JP_Module12-15
Removed Pin From Net: NetName=GND Pin=JP_Module12-16
Removed Pin From Net: NetName=VBUS Pin=JP_Module13-4
Removed Pin From Net: NetName=VBUS Pin=JP_Module13-5
Removed Pin From Net: NetName=VBUS Pin=JP_Module13-6
Removed Pin From Net: NetName=GND Pin=JP_Module13-14
Removed Pin From Net: NetName=GND Pin=JP_Module13-15
Removed Pin From Net: NetName=GND Pin=JP_Module13-16
Removed Pin From Net: NetName=VBUS Pin=JP_Module14-4
Removed Pin From Net: NetName=VBUS Pin=JP_Module14-5
Removed Pin From Net: NetName=VBUS Pin=JP_Module14-6
Removed Pin From Net: NetName=GND Pin=JP_Module14-14
Removed Pin From Net: NetName=GND Pin=JP_Module14-15
Removed Pin From Net: NetName=GND Pin=JP_Module14-16
Removed Pin From Net: NetName=GND Pin=USBC1-0
Removed Pin From Net: NetName=GND Pin=USBC1-0
Removed Pin From Net: NetName=GND Pin=USBC1-0
Removed Pin From Net: NetName=GND Pin=USBC1-0
Removed Pin From Net: NetName=GND Pin=USBC1-A1
Removed Pin From Net: NetName=VBUS Pin=USBC1-A4
Removed Pin From Net: NetName=VBUS Pin=USBC1-A9
Removed Pin From Net: NetName=GND Pin=USBC1-A12
Removed Pin From Net: NetName=GND Pin=USBC1-B1
Removed Pin From Net: NetName=VBUS Pin=USBC1-B4
Removed Pin From Net: NetName=VBUS Pin=USBC1-B9
Removed Pin From Net: NetName=GND Pin=USBC1-B12
Removed Member From Class: ClassName=Sheet1 Member=USBC1
Added Component: Designator=*(ESOP8_N)
Added Component: Designator=C10(C0603_L)
Add component (AddParameter): Name = "BOM名称"; Value = "无极性贴片电容"; VariantName = "[No Variations]"
Add component (AddParameter): Name = "联系卖家，免费查找封装"; Value = "唯一出售店铺网址https://shop463601444.taobao.com"; VariantName = "[No Variations]"
Added Component: Designator=C11(C0603_L)
Add component (AddParameter): Name = "BOM名称"; Value = "无极性贴片电容"; VariantName = "[No Variations]"
Add component (AddParameter): Name = "联系卖家，免费查找封装"; Value = "唯一出售店铺网址https://shop463601444.taobao.com"; VariantName = "[No Variations]"
Added Component: Designator=JP_BKUP_BATT(MX1.25-WS-2P)
Add component (AddParameter): Name = "BOM名称"; Value = "2P连接器"; VariantName = "[No Variations]"
Add component (AddParameter): Name = "联系卖家 免费技术支持"; Value = "封装库来自淘宝卖家ID：黄晶宝石"; VariantName = "[No Variations]"
Add component (AddParameter): Name = "联系卖家，免费技术支持"; Value = "唯一出售店铺网址https://shop463601444.taobao.com"; VariantName = "[No Variations]"
Added Component: Designator=JP_USB(FPC1.25A-LI-16P)
Add component (AddParameter): Name = "BOM名称"; Value = "FPC连接器"; VariantName = "[No Variations]"
Add component (AddParameter): Name = "学习资源"; Value = "www.ooocke.com"; VariantName = "[No Variations]"
Add component (AddParameter): Name = "版权归属"; Value = "源创客"; VariantName = "[No Variations]"
Added Component: Designator=Q1(SOT23-3N)
Add component (AddParameter): Name = "BOM名称"; Value = "低噪放大-NPN型"; VariantName = "[No Variations]"
Add component (AddParameter): Name = "参数"; Value = "50V 0.1A 0.4W 150MHZ"; VariantName = "[No Variations]"
Add component (AddParameter): Name = "联系卖家，免费查找封装"; Value = "唯一出售店铺网址https://shop463601444.taobao.com"; VariantName = "[No Variations]"
Added Component: Designator=R8(R0603_L)
Add component (AddParameter): Name = "BOM名称"; Value = "贴片电阻"; VariantName = "[No Variations]"
Add component (AddParameter): Name = "联系卖家，免费查找封装"; Value = "唯一出售店铺网址https://shop463601444.taobao.com"; VariantName = "[No Variations]"
Added Component: Designator=R9(R0603_L)
Add component (AddParameter): Name = "BOM名称"; Value = "贴片电阻"; VariantName = "[No Variations]"
Add component (AddParameter): Name = "联系卖家，免费查找封装"; Value = "唯一出售店铺网址https://shop463601444.taobao.com"; VariantName = "[No Variations]"
Added Component: Designator=R10(R0603_L)
Add component (AddParameter): Name = "BOM名称"; Value = "贴片电阻"; VariantName = "[No Variations]"
Add component (AddParameter): Name = "联系卖家，免费查找封装"; Value = "唯一出售店铺网址https://shop463601444.taobao.com"; VariantName = "[No Variations]"
Added Component: Designator=R11(R0603_L)
Add component (AddParameter): Name = "BOM名称"; Value = "贴片电阻"; VariantName = "[No Variations]"
Add component (AddParameter): Name = "联系卖家，免费查找封装"; Value = "唯一出售店铺网址https://shop463601444.taobao.com"; VariantName = "[No Variations]"
Added Component: Designator=R12(R0603_L)
Add component (AddParameter): Name = "BOM名称"; Value = "贴片电阻"; VariantName = "[No Variations]"
Add component (AddParameter): Name = "联系卖家，免费查找封装"; Value = "唯一出售店铺网址https://shop463601444.taobao.com"; VariantName = "[No Variations]"
Added Component: Designator=R13(R0603_L)
Add component (AddParameter): Name = "BOM名称"; Value = "贴片电阻"; VariantName = "[No Variations]"
Add component (AddParameter): Name = "联系卖家，免费查找封装"; Value = "唯一出售店铺网址https://shop463601444.taobao.com"; VariantName = "[No Variations]"
Added Component: Designator=U3(SOIC-8_EP)
Add component (AddParameter): Name = "联系卖家，免费查找封装"; Value = "唯一出售店铺网址https://shop463601444.taobao.com"; VariantName = "[No Variations]"
Added Component: Designator=U4(TSSOP8)
Added Component: Designator=U5(SOT-23-6)
Added Pin To Net: NetName=GND Pin=*-5
Added Pin To Net: NetName=GND Pin=*-9
Added Pin To Net: NetName=GND Pin=C10-1
Added Pin To Net: NetName=GND Pin=JP_Module1-4
Added Pin To Net: NetName=GND Pin=JP_Module1-5
Added Pin To Net: NetName=GND Pin=JP_Module1-6
Added Pin To Net: NetName=VBUS Pin=JP_Module1-14
Added Pin To Net: NetName=VBUS Pin=JP_Module1-15
Added Pin To Net: NetName=VBUS Pin=JP_Module1-16
Added Pin To Net: NetName=GND Pin=JP_Module2-4
Added Pin To Net: NetName=GND Pin=JP_Module2-5
Added Pin To Net: NetName=GND Pin=JP_Module2-6
Added Pin To Net: NetName=VBUS Pin=JP_Module2-14
Added Pin To Net: NetName=VBUS Pin=JP_Module2-15
Added Pin To Net: NetName=VBUS Pin=JP_Module2-16
Added Pin To Net: NetName=GND Pin=JP_Module3-4
Added Pin To Net: NetName=GND Pin=JP_Module3-5
Added Pin To Net: NetName=GND Pin=JP_Module3-6
Added Pin To Net: NetName=VBUS Pin=JP_Module3-14
Added Pin To Net: NetName=VBUS Pin=JP_Module3-15
Added Pin To Net: NetName=VBUS Pin=JP_Module3-16
Added Pin To Net: NetName=GND Pin=JP_Module4-4
Added Pin To Net: NetName=GND Pin=JP_Module4-5
Added Pin To Net: NetName=GND Pin=JP_Module4-6
Added Pin To Net: NetName=VBUS Pin=JP_Module4-14
Added Pin To Net: NetName=VBUS Pin=JP_Module4-15
Added Pin To Net: NetName=VBUS Pin=JP_Module4-16
Added Pin To Net: NetName=GND Pin=JP_Module5-4
Added Pin To Net: NetName=GND Pin=JP_Module5-5
Added Pin To Net: NetName=GND Pin=JP_Module5-6
Added Pin To Net: NetName=VBUS Pin=JP_Module5-14
Added Pin To Net: NetName=VBUS Pin=JP_Module5-15
Added Pin To Net: NetName=VBUS Pin=JP_Module5-16
Added Pin To Net: NetName=GND Pin=JP_Module6-4
Added Pin To Net: NetName=GND Pin=JP_Module6-5
Added Pin To Net: NetName=GND Pin=JP_Module6-6
Added Pin To Net: NetName=VBUS Pin=JP_Module6-14
Added Pin To Net: NetName=VBUS Pin=JP_Module6-15
Added Pin To Net: NetName=VBUS Pin=JP_Module6-16
Added Pin To Net: NetName=GND Pin=JP_Module7-4
Added Pin To Net: NetName=GND Pin=JP_Module7-5
Added Pin To Net: NetName=GND Pin=JP_Module7-6
Added Pin To Net: NetName=VBUS Pin=JP_Module7-14
Added Pin To Net: NetName=VBUS Pin=JP_Module7-15
Added Pin To Net: NetName=VBUS Pin=JP_Module7-16
Added Pin To Net: NetName=GND Pin=JP_Module8-4
Added Pin To Net: NetName=GND Pin=JP_Module8-5
Added Pin To Net: NetName=GND Pin=JP_Module8-6
Added Pin To Net: NetName=VBUS Pin=JP_Module8-14
Added Pin To Net: NetName=VBUS Pin=JP_Module8-15
Added Pin To Net: NetName=VBUS Pin=JP_Module8-16
Added Pin To Net: NetName=GND Pin=JP_Module9-4
Added Pin To Net: NetName=GND Pin=JP_Module9-5
Added Pin To Net: NetName=GND Pin=JP_Module9-6
Added Pin To Net: NetName=VBUS Pin=JP_Module9-14
Added Pin To Net: NetName=VBUS Pin=JP_Module9-15
Added Pin To Net: NetName=VBUS Pin=JP_Module9-16
Added Pin To Net: NetName=GND Pin=JP_Module10-4
Added Pin To Net: NetName=GND Pin=JP_Module10-5
Added Pin To Net: NetName=GND Pin=JP_Module10-6
Added Pin To Net: NetName=VBUS Pin=JP_Module10-14
Added Pin To Net: NetName=VBUS Pin=JP_Module10-15
Added Pin To Net: NetName=VBUS Pin=JP_Module10-16
Added Pin To Net: NetName=GND Pin=JP_Module11-4
Added Pin To Net: NetName=GND Pin=JP_Module11-5
Added Pin To Net: NetName=GND Pin=JP_Module11-6
Added Pin To Net: NetName=VBUS Pin=JP_Module11-14
Added Pin To Net: NetName=VBUS Pin=JP_Module11-15
Added Pin To Net: NetName=VBUS Pin=JP_Module11-16
Added Pin To Net: NetName=GND Pin=JP_Module12-4
Added Pin To Net: NetName=GND Pin=JP_Module12-5
Added Pin To Net: NetName=GND Pin=JP_Module12-6
Added Pin To Net: NetName=VBUS Pin=JP_Module12-14
Added Pin To Net: NetName=VBUS Pin=JP_Module12-15
Added Pin To Net: NetName=VBUS Pin=JP_Module12-16
Added Pin To Net: NetName=GND Pin=JP_Module13-4
Added Pin To Net: NetName=GND Pin=JP_Module13-5
Added Pin To Net: NetName=GND Pin=JP_Module13-6
Added Pin To Net: NetName=VBUS Pin=JP_Module13-14
Added Pin To Net: NetName=VBUS Pin=JP_Module13-15
Added Pin To Net: NetName=VBUS Pin=JP_Module13-16
Added Pin To Net: NetName=GND Pin=JP_Module14-4
Added Pin To Net: NetName=GND Pin=JP_Module14-5
Added Pin To Net: NetName=GND Pin=JP_Module14-6
Added Pin To Net: NetName=VBUS Pin=JP_Module14-14
Added Pin To Net: NetName=VBUS Pin=JP_Module14-15
Added Pin To Net: NetName=VBUS Pin=JP_Module14-16
Added Pin To Net: NetName=VBUS Pin=Q1-3
Added Pin To Net: NetName=GND Pin=R8-1
Added Pin To Net: NetName=GND Pin=R11-1
Added Pin To Net: NetName=GND Pin=R13-1
Added Pin To Net: NetName=GND Pin=U3-1
Added Pin To Net: NetName=GND Pin=U3-3
Added Pin To Net: NetName=VBUS Pin=U3-4
Added Pin To Net: NetName=GND Pin=U4-6
Change Net Name : Old Net Name=ESP32_RX New Net Name=NetJP_ESP32_DEBUG_2
Change Net Name : Old Net Name=ESP32_TCK New Net Name=NetJP_ESP32_DEBUG_6
Change Net Name : Old Net Name=ESP32_TDI New Net Name=NetJP_ESP32_DEBUG_4
Change Net Name : Old Net Name=ESP32_TDO New Net Name=NetJP_ESP32_DEBUG_5
Change Net Name : Old Net Name=ESP32_TMS New Net Name=NetJP_ESP32_DEBUG_3
Change Net Name : Old Net Name=ESP32_TX New Net Name=NetJP_ESP32_DEBUG_1
Change Net Name : Old Net Name=GND New Net Name=BKUP_BATT_OUT-
Change Net Name : Old Net Name=SPI_BUS.RootHub_CS New Net Name=NetU1_18
Added Pin To Net: NetName=BKUP_BATT+ Pin=C10-2
Added Pin To Net: NetName=BKUP_BATT+ Pin=JP_BKUP_BATT-1
Added Pin To Net: NetName=BKUP_BATT+ Pin=R12-2
Added Pin To Net: NetName=BKUP_BATT+ Pin=U3-5
Added Net: Name=BKUP_BATT+
Added Pin To Net: NetName=BKUP_BATT- Pin=C11-1
Added Pin To Net: NetName=BKUP_BATT- Pin=JP_BKUP_BATT-2
Added Pin To Net: NetName=BKUP_BATT- Pin=U4-3
Added Net: Name=BKUP_BATT-
Added Pin To Net: NetName=ESP32_USB.USB_DN Pin=JP_USB-9
Added Pin To Net: NetName=ESP32_USB.USB_DN Pin=U1-13
Added Net: Name=ESP32_USB.USB_DN
Added Pin To Net: NetName=ESP32_USB.USB_DP Pin=JP_USB-8
Added Pin To Net: NetName=ESP32_USB.USB_DP Pin=U1-14
Added Net: Name=ESP32_USB.USB_DP
Added Pin To Net: NetName=NetC11_2 Pin=C11-2
Added Pin To Net: NetName=NetC11_2 Pin=R12-1
Added Pin To Net: NetName=NetC11_2 Pin=U4-7
Added Net: Name=NetC11_2
Added Pin To Net: NetName=NetJP_USB_1 Pin=JP_USB-1
Added Pin To Net: NetName=NetJP_USB_1 Pin=JP_USB-2
Added Pin To Net: NetName=NetJP_USB_1 Pin=JP_USB-3
Added Net: Name=NetJP_USB_1
Added Pin To Net: NetName=NetJP_USB_5 Pin=JP_USB-5
Added Pin To Net: NetName=NetJP_USB_5 Pin=JP_USB-6
Added Pin To Net: NetName=NetJP_USB_5 Pin=JP_USB-7
Added Net: Name=NetJP_USB_5
Added Pin To Net: NetName=NetJP_USB_10 Pin=JP_USB-10
Added Pin To Net: NetName=NetJP_USB_10 Pin=JP_USB-11
Added Pin To Net: NetName=NetJP_USB_10 Pin=JP_USB-12
Added Net: Name=NetJP_USB_10
Added Pin To Net: NetName=NetJP_USB_14 Pin=JP_USB-14
Added Pin To Net: NetName=NetJP_USB_14 Pin=JP_USB-15
Added Pin To Net: NetName=NetJP_USB_14 Pin=JP_USB-16
Added Net: Name=NetJP_USB_14
Added Pin To Net: NetName=NetQ1_1 Pin=Q1-1
Added Net: Name=NetQ1_1
Added Pin To Net: NetName=NetQ1_2 Pin=Q1-2
Added Pin To Net: NetName=NetQ1_2 Pin=R8-2
Added Pin To Net: NetName=NetQ1_2 Pin=U3-8
Added Net: Name=NetQ1_2
Added Pin To Net: NetName=NetR9_1 Pin=R9-1
Added Net: Name=NetR9_1
Added Pin To Net: NetName=NetR9_2 Pin=R9-2
Added Pin To Net: NetName=NetR9_2 Pin=U3-7
Added Net: Name=NetR9_2
Added Pin To Net: NetName=NetR10_1 Pin=R10-1
Added Net: Name=NetR10_1
Added Pin To Net: NetName=NetR10_2 Pin=R10-2
Added Pin To Net: NetName=NetR10_2 Pin=U3-6
Added Net: Name=NetR10_2
Added Pin To Net: NetName=NetR11_2 Pin=R11-2
Added Pin To Net: NetName=NetR11_2 Pin=U3-2
Added Net: Name=NetR11_2
Added Pin To Net: NetName=NetR13_2 Pin=R13-2
Added Pin To Net: NetName=NetR13_2 Pin=U4-1
Added Net: Name=NetR13_2
Added Pin To Net: NetName=NetU4_2 Pin=U4-2
Added Pin To Net: NetName=NetU4_2 Pin=U4-4
Added Net: Name=NetU4_2
Added Pin To Net: NetName=NetU4_5 Pin=U4-5
Added Pin To Net: NetName=NetU4_5 Pin=U4-8
Added Net: Name=NetU4_5
Added Pin To Net: NetName=USB_CC1 Pin=JP_USB-4
Added Net: Name=USB_CC1
Added Pin To Net: NetName=USB_CC2 Pin=JP_USB-13
Added Net: Name=USB_CC2
Added Member To Class: ClassName=Sheet1 Member=Component * MP1584
Added Member To Class: ClassName=Sheet1 Member=Component C10 10uF
Added Member To Class: ClassName=Sheet1 Member=Component C11 100nF
Added Member To Class: ClassName=Sheet1 Member=Component JP_BKUP_BATT HDR-1X2
Added Member To Class: ClassName=Sheet1 Member=Component JP_USB FPC1.0-16P
Added Member To Class: ClassName=Sheet1 Member=Component Q1 S9014
Added Member To Class: ClassName=Sheet1 Member=Component R8 10K
Added Member To Class: ClassName=Sheet1 Member=Component R9 10K
Added Member To Class: ClassName=Sheet1 Member=Component R10 10K
Added Member To Class: ClassName=Sheet1 Member=Component R11 1.2K
Added Member To Class: ClassName=Sheet1 Member=Component R12 100R
Added Member To Class: ClassName=Sheet1 Member=Component R13 1K
Added Member To Class: ClassName=Sheet1 Member=Component U3 TP4056
Added Member To Class: ClassName=Sheet1 Member=Component U4 DW03D
Added Member To Class: ClassName=Sheet1 Member=Component U5 SOT23
