Removed Pin From Net: NetName=+5 Pin=LED1-3
Removed Pin From Net: NetName=+5 Pin=LED2-3
Removed Pin From Net: NetName=+5 Pin=LED3-3
Removed Pin From Net: NetName=+5 Pin=LED4-3
Removed Pin From Net: NetName=+5 Pin=LED5-3
Removed Pin From Net: NetName=+5 Pin=LED6-3
Removed Pin From Net: NetName=+5 Pin=LED7-3
Removed Pin From Net: NetName=+5 Pin=LED8-3
Removed Pin From Net: NetName=+5 Pin=LED9-3
Removed Pin From Net: NetName=+5 Pin=LED10-3
Removed Pin From Net: NetName=+5 Pin=LED11-3
Removed Pin From Net: NetName=+5 Pin=LED12-3
Removed Pin From Net: NetName=+5 Pin=LED13-3
Removed Pin From Net: NetName=+5 Pin=LED14-3
Removed Pin From Net: NetName=+5 Pin=LED15-3
Removed Pin From Net: NetName=+5 Pin=SW_0-5
Removed Pin From Net: NetName=+5 Pin=SW_1-5
Removed Pin From Net: NetName=+5 Pin=SW_2-5
Removed Pin From Net: NetName=+5 Pin=SW_3-5
Removed Pin From Net: NetName=+5 Pin=SW_4-5
Removed Pin From Net: NetName=+5 Pin=SW_5-5
Removed Pin From Net: NetName=+5 Pin=SW_6-5
Removed Pin From Net: NetName=+5 Pin=SW_7-5
Removed Pin From Net: NetName=+5 Pin=SW_8-5
Removed Pin From Net: NetName=+5 Pin=SW_9-5
Removed Pin From Net: NetName=+5 Pin=SW_'-5
Removed Pin From Net: NetName=+5 Pin=SW_,-5
Removed Pin From Net: NetName=+5 Pin=SW_--5
Removed Pin From Net: NetName=+5 Pin=SW_.-5
Removed Pin From Net: NetName=+5 Pin=SW_/-5
Removed Pin From Net: NetName=+5 Pin=SW_;-5
Removed Pin From Net: NetName=+5 Pin=SW_=-5
Removed Pin From Net: NetName=+5 Pin=SW_[-5
Removed Pin From Net: NetName=+5 Pin=SW_\-5
Removed Pin From Net: NetName=+5 Pin=SW_]-5
Removed Pin From Net: NetName=+5 Pin=SW_A-5
Removed Pin From Net: NetName=+5 Pin=SW_B-5
Removed Pin From Net: NetName=+5 Pin=SW_BACKSPACE-5
Removed Pin From Net: NetName=+5 Pin=SW_C-5
Removed Pin From Net: NetName=+5 Pin=SW_CAPSLOCK-5
Removed Pin From Net: NetName=+5 Pin=SW_D-5
Removed Pin From Net: NetName=+5 Pin=SW_DEL-5
Removed Pin From Net: NetName=+5 Pin=SW_DOWN-5
Removed Pin From Net: NetName=+5 Pin=SW_E-5
Removed Pin From Net: NetName=+5 Pin=SW_ENTER-5
Removed Pin From Net: NetName=+5 Pin=SW_ESC-5
Removed Pin From Net: NetName=+5 Pin=SW_F-5
Removed Pin From Net: NetName=+5 Pin=SW_FUNC-5
Removed Pin From Net: NetName=+5 Pin=SW_G-5
Removed Pin From Net: NetName=+5 Pin=SW_H-5
Removed Pin From Net: NetName=+5 Pin=SW_I-5
Removed Pin From Net: NetName=+5 Pin=SW_J-5
Removed Pin From Net: NetName=+5 Pin=SW_K-5
Removed Pin From Net: NetName=+5 Pin=SW_L-5
Removed Pin From Net: NetName=+5 Pin=SW_LALT-5
Removed Pin From Net: NetName=+5 Pin=SW_LCTRL-5
Removed Pin From Net: NetName=+5 Pin=SW_LEFT-5
Removed Pin From Net: NetName=+5 Pin=SW_LOS-5
Removed Pin From Net: NetName=+5 Pin=SW_LSHIFT-5
Removed Pin From Net: NetName=+5 Pin=SW_M-5
Removed Pin From Net: NetName=+5 Pin=SW_MENU-5
Removed Pin From Net: NetName=+5 Pin=SW_N-5
Removed Pin From Net: NetName=+5 Pin=SW_O-5
Removed Pin From Net: NetName=+5 Pin=SW_P-5
Removed Pin From Net: NetName=+5 Pin=SW_Q-5
Removed Pin From Net: NetName=+5 Pin=SW_R-5
Removed Pin From Net: NetName=+5 Pin=SW_RIGHT-5
Removed Pin From Net: NetName=+5 Pin=SW_RSHIFT-5
Removed Pin From Net: NetName=+5 Pin=SW_S-5
Removed Pin From Net: NetName=+5 Pin=SW_SPACE-5
Removed Pin From Net: NetName=+5 Pin=SW_T-5
Removed Pin From Net: NetName=+5 Pin=SW_TAB-5
Removed Pin From Net: NetName=+5 Pin=SW_U-5
Removed Pin From Net: NetName=+5 Pin=SW_UP-5
Removed Pin From Net: NetName=+5 Pin=SW_V-5
Removed Pin From Net: NetName=+5 Pin=SW_W-5
Removed Pin From Net: NetName=+5 Pin=SW_X-5
Removed Pin From Net: NetName=+5 Pin=SW_Y-5
Removed Pin From Net: NetName=+5 Pin=SW_Z-5
Added Component: Designator=D3(SOD-323)
Add component (AddParameter): Name = "BOM名称"; Value = "肖特基二极管"; VariantName = "[No Variations]"
Add component (AddParameter): Name = "联系卖家，免费查找封装"; Value = "唯一出售店铺网址https://shop463601444.taobao.com"; VariantName = "[No Variations]"
Added Component: Designator=DZ2(MELF (LL41))
Add component (AddParameter): Name = "BOM名称"; Value = "5.1V/1W稳压管"; VariantName = "[No Variations]"
Add component (AddParameter): Name = "联系卖家，免费查找封装"; Value = "唯一出售店铺网址https://shop463601444.taobao.com"; VariantName = "[No Variations]"
Added Component: Designator=F2(FU 1206)
Add component (AddParameter): Name = "BOM名称"; Value = "贴片保险丝"; VariantName = "[No Variations]"
Add component (AddParameter): Name = "学习资源"; Value = "www.ooocke.com"; VariantName = "[No Variations]"
Add component (AddParameter): Name = "版权归属"; Value = "源创客"; VariantName = "[No Variations]"
Added Pin To Net: NetName=GND Pin=D3-1
Added Pin To Net: NetName=GND Pin=DZ2-1
Added Pin To Net: NetName=+5 Pin=F2-1
Added Pin To Net: NetName=+5_LED Pin=D3-2
Added Pin To Net: NetName=+5_LED Pin=DZ2-2
Added Pin To Net: NetName=+5_LED Pin=F2-2
Added Pin To Net: NetName=+5_LED Pin=LED1-3
Added Pin To Net: NetName=+5_LED Pin=LED2-3
Added Pin To Net: NetName=+5_LED Pin=LED3-3
Added Pin To Net: NetName=+5_LED Pin=LED4-3
Added Pin To Net: NetName=+5_LED Pin=LED5-3
Added Pin To Net: NetName=+5_LED Pin=LED6-3
Added Pin To Net: NetName=+5_LED Pin=LED7-3
Added Pin To Net: NetName=+5_LED Pin=LED8-3
Added Pin To Net: NetName=+5_LED Pin=LED9-3
Added Pin To Net: NetName=+5_LED Pin=LED10-3
Added Pin To Net: NetName=+5_LED Pin=LED11-3
Added Pin To Net: NetName=+5_LED Pin=LED12-3
Added Pin To Net: NetName=+5_LED Pin=LED13-3
Added Pin To Net: NetName=+5_LED Pin=LED14-3
Added Pin To Net: NetName=+5_LED Pin=LED15-3
Added Pin To Net: NetName=+5_LED Pin=SW_0-5
Added Pin To Net: NetName=+5_LED Pin=SW_1-5
Added Pin To Net: NetName=+5_LED Pin=SW_2-5
Added Pin To Net: NetName=+5_LED Pin=SW_3-5
Added Pin To Net: NetName=+5_LED Pin=SW_4-5
Added Pin To Net: NetName=+5_LED Pin=SW_5-5
Added Pin To Net: NetName=+5_LED Pin=SW_6-5
Added Pin To Net: NetName=+5_LED Pin=SW_7-5
Added Pin To Net: NetName=+5_LED Pin=SW_8-5
Added Pin To Net: NetName=+5_LED Pin=SW_9-5
Added Pin To Net: NetName=+5_LED Pin=SW_'-5
Added Pin To Net: NetName=+5_LED Pin=SW_,-5
Added Pin To Net: NetName=+5_LED Pin=SW_--5
Added Pin To Net: NetName=+5_LED Pin=SW_.-5
Added Pin To Net: NetName=+5_LED Pin=SW_/-5
Added Pin To Net: NetName=+5_LED Pin=SW_;-5
Added Pin To Net: NetName=+5_LED Pin=SW_=-5
Added Pin To Net: NetName=+5_LED Pin=SW_[-5
Added Pin To Net: NetName=+5_LED Pin=SW_\-5
Added Pin To Net: NetName=+5_LED Pin=SW_]-5
Added Pin To Net: NetName=+5_LED Pin=SW_A-5
Added Pin To Net: NetName=+5_LED Pin=SW_B-5
Added Pin To Net: NetName=+5_LED Pin=SW_BACKSPACE-5
Added Pin To Net: NetName=+5_LED Pin=SW_C-5
Added Pin To Net: NetName=+5_LED Pin=SW_CAPSLOCK-5
Added Pin To Net: NetName=+5_LED Pin=SW_D-5
Added Pin To Net: NetName=+5_LED Pin=SW_DEL-5
Added Pin To Net: NetName=+5_LED Pin=SW_DOWN-5
Added Pin To Net: NetName=+5_LED Pin=SW_E-5
Added Pin To Net: NetName=+5_LED Pin=SW_ENTER-5
Added Pin To Net: NetName=+5_LED Pin=SW_ESC-5
Added Pin To Net: NetName=+5_LED Pin=SW_F-5
Added Pin To Net: NetName=+5_LED Pin=SW_FUNC-5
Added Pin To Net: NetName=+5_LED Pin=SW_G-5
Added Pin To Net: NetName=+5_LED Pin=SW_H-5
Added Pin To Net: NetName=+5_LED Pin=SW_I-5
Added Pin To Net: NetName=+5_LED Pin=SW_J-5
Added Pin To Net: NetName=+5_LED Pin=SW_K-5
Added Pin To Net: NetName=+5_LED Pin=SW_L-5
Added Pin To Net: NetName=+5_LED Pin=SW_LALT-5
Added Pin To Net: NetName=+5_LED Pin=SW_LCTRL-5
Added Pin To Net: NetName=+5_LED Pin=SW_LEFT-5
Added Pin To Net: NetName=+5_LED Pin=SW_LOS-5
Added Pin To Net: NetName=+5_LED Pin=SW_LSHIFT-5
Added Pin To Net: NetName=+5_LED Pin=SW_M-5
Added Pin To Net: NetName=+5_LED Pin=SW_MENU-5
Added Pin To Net: NetName=+5_LED Pin=SW_N-5
Added Pin To Net: NetName=+5_LED Pin=SW_O-5
Added Pin To Net: NetName=+5_LED Pin=SW_P-5
Added Pin To Net: NetName=+5_LED Pin=SW_Q-5
Added Pin To Net: NetName=+5_LED Pin=SW_R-5
Added Pin To Net: NetName=+5_LED Pin=SW_RIGHT-5
Added Pin To Net: NetName=+5_LED Pin=SW_RSHIFT-5
Added Pin To Net: NetName=+5_LED Pin=SW_S-5
Added Pin To Net: NetName=+5_LED Pin=SW_SPACE-5
Added Pin To Net: NetName=+5_LED Pin=SW_T-5
Added Pin To Net: NetName=+5_LED Pin=SW_TAB-5
Added Pin To Net: NetName=+5_LED Pin=SW_U-5
Added Pin To Net: NetName=+5_LED Pin=SW_UP-5
Added Pin To Net: NetName=+5_LED Pin=SW_V-5
Added Pin To Net: NetName=+5_LED Pin=SW_W-5
Added Pin To Net: NetName=+5_LED Pin=SW_X-5
Added Pin To Net: NetName=+5_LED Pin=SW_Y-5
Added Pin To Net: NetName=+5_LED Pin=SW_Z-5
Added Net: Name=+5_LED
Added Member To Class: ClassName=Sheet1 Member=Component D3 B5919WS
Added Member To Class: ClassName=Sheet1 Member=Component DZ2 1N4733
Added Member To Class: ClassName=Sheet1 Member=Component F2 MSMD200-8V 2A
