Added Component: Designator=IC2(SON127P800X600X80-9N-D)
Add component (AddParameter): Name = "Arrow Part Number"; Value = "W25Q256JVEIQ"; VariantName = "[No Variations]"
Add component (AddParameter): Name = "Arrow Price/Stock"; Value = "https://www.arrow.com/en/products/w25q256jveiq/winbond-electronics?region=nac"; VariantName = "[No Variations]"
Add component (AddParameter): Name = "Datasheet Link"; Value = "https://www.winbond.com/hq/search-resource-file.jsp?partNo=W25Q256JVEIQ&type=datasheet"; VariantName = "[No Variations]"
Add component (AddParameter): Name = "Height"; Value = "0.8mm"; VariantName = "[No Variations]"
Add component (AddParameter): Name = "Manufacturer_Name"; Value = "Winbond"; VariantName = "[No Variations]"
Add component (AddParameter): Name = "Manufacturer_Part_Number"; Value = "W25Q256JVEIQ"; VariantName = "[No Variations]"
Add component (AddParameter): Name = "Mouser Part Number"; Value = "454-W25Q256JVEIQ"; VariantName = "[No Variations]"
Add component (AddParameter): Name = "Mouser Price/Stock"; Value = "https://www.mouser.co.uk/ProductDetail/Winbond/W25Q256JVEIQ?qs=qSfuJ%252Bfl%2Fd4o%2FNFUf7yCgA%3D%3D"; VariantName = "[No Variations]"
Add component (AddParameter): Name = "Mouser Testing Part Number"; Value = ""; VariantName = "[No Variations]"
Add component (AddParameter): Name = "Mouser Testing Price/Stock"; Value = ""; VariantName = "[No Variations]"
Added Component: Designator=JP_STM32F0_DEBUG(HDR2.54-LI-5P)
Add component (AddParameter): Name = "BOM名称"; Value = "5P接插件"; VariantName = "[No Variations]"
Add component (AddParameter): Name = "封装库来自淘宝卖家 ID：黄晶宝石"; Value = "其他店铺购入均为盗版假冒封装库"; VariantName = "[No Variations]"
Add component (AddParameter): Name = "联系卖家，免费查找封装"; Value = "唯一出售店铺网址https://shop463601444.taobao.com"; VariantName = "[No Variations]"
Added Component: Designator=P1(IPEX)
Add component (AddParameter): Name = "ComponentLink1Description"; Value = "Manufacturer Link"; VariantName = "[No Variations]"
Add component (AddParameter): Name = "ComponentLink1URL"; Value = "http://www.amphenolrf.com/"; VariantName = "[No Variations]"
Add component (AddParameter): Name = "DatasheetDocument"; Value = "30-May-2003"; VariantName = "[No Variations]"
Add component (AddParameter): Name = "DrillSize"; Value = "Corresponds to nominal value."; VariantName = "[No Variations]"
Add component (AddParameter): Name = "LatestRevisionDate"; Value = "15-Jul-2004"; VariantName = "[No Variations]"
Add component (AddParameter): Name = "LatestRevisionNote"; Value = "Component Replaced."; VariantName = "[No Variations]"
Add component (AddParameter): Name = "PackageDocument"; Value = "04-Jul-1999"; VariantName = "[No Variations]"
Add component (AddParameter): Name = "PackageReference"; Value = "919-119J-51AX"; VariantName = "[No Variations]"
Add component (AddParameter): Name = "PCB_Layout"; Value = "Complies with manufacturer's recommendation."; VariantName = "[No Variations]"
Add component (AddParameter): Name = "Published"; Value = "15-Jul-2004"; VariantName = "[No Variations]"
Add component (AddParameter): Name = "Publisher"; Value = "Altium Limited"; VariantName = "[No Variations]"
Added Component: Designator=R1(R0805_L)
Add component (AddParameter): Name = "BOM名称"; Value = "贴片电阻"; VariantName = "[No Variations]"
Add component (AddParameter): Name = "联系卖家，免费查找封装"; Value = "唯一出售店铺网址https://shop463601444.taobao.com"; VariantName = "[No Variations]"
Added Component: Designator=R2(R0805_L)
Add component (AddParameter): Name = "BOM名称"; Value = "贴片电阻"; VariantName = "[No Variations]"
Add component (AddParameter): Name = "联系卖家，免费查找封装"; Value = "唯一出售店铺网址https://shop463601444.taobao.com"; VariantName = "[No Variations]"
Added Component: Designator=SW_STM32F0_BOOTSELECT(SW1.27 SMD-2P)
Add component (AddParameter): Name = "BOM名称"; Value = "2路编码开关"; VariantName = "[No Variations]"
Add component (AddParameter): Name = "封装库来自淘宝卖家ID：黄晶宝石"; Value = "其他店铺购入均为盗版假冒封装库，请立即申请退款"; VariantName = "[No Variations]"
Add component (AddParameter): Name = "联系卖家，免费查找封装"; Value = "唯一出售店铺网址https://shop463601444.taobao.com"; VariantName = "[No Variations]"
Added Pin To Net: NetName=GND Pin=IC1-57
Added Pin To Net: NetName=GND Pin=JP_STM32F0_DEBUG-5
Added Pin To Net: NetName=GND Pin=P1-1
Added Pin To Net: NetName=GND Pin=P1-3
Added Pin To Net: NetName=GND Pin=R1-1
Added Pin To Net: NetName=GND Pin=R2-1
Added Pin To Net: NetName=GND Pin=U2-12
Added Pin To Net: NetName=KB_R0 Pin=U2-14
Added Pin To Net: NetName=KB_R1 Pin=U2-16
Added Pin To Net: NetName=KB_R2 Pin=U2-25
Added Pin To Net: NetName=GND Pin=U2-31
Added Pin To Net: NetName=KB_R3 Pin=U2-36
Added Pin To Net: NetName=KB_R4 Pin=U2-57
Added Pin To Net: NetName=GND Pin=U2-63
Added Pin To Net: NetName=NetR2_2 Pin=R2-2
Added Pin To Net: NetName=NetR2_2 Pin=SW_STM32F0_BOOTSELECT-2
Added Net: Name=NetR2_2
Added Pin To Net: NetName=STM32F0_BOOT0 Pin=R1-2
Added Pin To Net: NetName=STM32F0_BOOT0 Pin=SW_STM32F0_BOOTSELECT-1
Added Pin To Net: NetName=STM32F0_BOOT0 Pin=U2-60
Added Net: Name=STM32F0_BOOT0
Added Pin To Net: NetName=STM32F0_POWER Pin=SW_STM32F0_BOOTSELECT-3
Added Pin To Net: NetName=STM32F0_POWER Pin=SW_STM32F0_BOOTSELECT-4
Added Pin To Net: NetName=STM32F0_POWER Pin=U2-1
Added Pin To Net: NetName=STM32F0_POWER Pin=U2-13
Added Pin To Net: NetName=STM32F0_POWER Pin=U2-32
Added Pin To Net: NetName=STM32F0_POWER Pin=U2-64
Added Net: Name=STM32F0_POWER
Added Pin To Net: NetName=STM32F0_SWCLK Pin=JP_STM32F0_DEBUG-4
Added Pin To Net: NetName=STM32F0_SWCLK Pin=U2-49
Added Net: Name=STM32F0_SWCLK
Added Pin To Net: NetName=STM32F0_SWDIO Pin=JP_STM32F0_DEBUG-3
Added Pin To Net: NetName=STM32F0_SWDIO Pin=U2-46
Added Net: Name=STM32F0_SWDIO
Added Pin To Net: NetName=STM32F0_USART1_RX Pin=JP_STM32F0_DEBUG-2
Added Pin To Net: NetName=STM32F0_USART1_RX Pin=U2-43
Added Net: Name=STM32F0_USART1_RX
Added Pin To Net: NetName=STM32F0_USART1_TX Pin=JP_STM32F0_DEBUG-1
Added Pin To Net: NetName=STM32F0_USART1_TX Pin=U2-42
Added Net: Name=STM32F0_USART1_TX
Added Member To Class: ClassName=Sheet1 Member=Component IC2 W25Q256JVEIQ
Added Member To Class: ClassName=Sheet1 Member=Component JP_STM32F0_DEBUG HDR-1X5
Added Member To Class: ClassName=Sheet1 Member=Component P1 50OHM
Added Member To Class: ClassName=Sheet1 Member=Component R1 10K
Added Member To Class: ClassName=Sheet1 Member=Component R2 10K
Added Member To Class: ClassName=Sheet1 Member=Component SW_STM32F0_BOOTSELECT DIP-SW-2P
