Added Component: Designator=Q1(SOT23-6N)
Added Component: Designator=Q2(SOT23-6N)
Added Component: Designator=R29(R0603_L)
Add component (AddParameter): Name = "BOM名称"; Value = "贴片电阻"; VariantName = "[No Variations]"
Add component (AddParameter): Name = "联系卖家，免费查找封装"; Value = "唯一出售店铺网址https://shop463601444.taobao.com"; VariantName = "[No Variations]"
Added Component: Designator=R30(R0603_L)
Add component (AddParameter): Name = "BOM名称"; Value = "贴片电阻"; VariantName = "[No Variations]"
Add component (AddParameter): Name = "联系卖家，免费查找封装"; Value = "唯一出售店铺网址https://shop463601444.taobao.com"; VariantName = "[No Variations]"
Added Pin To Net: NetName=+5_IC Pin=Q1-6
Added Pin To Net: NetName=BKUP_BATT+ Pin=Q2-6
Change Net Name : Old Net Name=CONV_IN New Net Name=NetC3_2
Added Pin To Net: NetName=CONV_IN Pin=Q1-4
Added Pin To Net: NetName=CONV_IN Pin=Q2-4
Added Net: Name=CONV_IN
Added Pin To Net: NetName=NetIC1_1 Pin=IC1-1
Added Net: Name=NetIC1_1
Added Pin To Net: NetName=NetQ1_1 Pin=Q1-1
Added Pin To Net: NetName=NetQ1_1 Pin=Q1-3
Added Pin To Net: NetName=NetQ1_1 Pin=R29-1
Added Net: Name=NetQ1_1
Added Pin To Net: NetName=NetQ1_2 Pin=Q1-2
Added Pin To Net: NetName=NetQ1_2 Pin=Q1-5
Added Pin To Net: NetName=NetQ1_2 Pin=R29-2
Added Net: Name=NetQ1_2
Added Pin To Net: NetName=NetQ2_1 Pin=Q2-1
Added Pin To Net: NetName=NetQ2_1 Pin=Q2-3
Added Pin To Net: NetName=NetQ2_1 Pin=R30-1
Added Net: Name=NetQ2_1
Added Pin To Net: NetName=NetQ2_2 Pin=Q2-2
Added Pin To Net: NetName=NetQ2_2 Pin=Q2-5
Added Pin To Net: NetName=NetQ2_2 Pin=R30-2
Added Net: Name=NetQ2_2
Added Member To Class: ClassName=Sheet1 Member=Component Q1 CJL2301
Added Member To Class: ClassName=Sheet1 Member=Component Q2 CJL2301
Added Member To Class: ClassName=Sheet1 Member=Component R29 10K
Added Member To Class: ClassName=Sheet1 Member=Component R30 10K
