Removed Pin From Net: NetName=GND Pin=SW_1-
Removed Pin From Net: NetName=GND Pin=SW_2-
Removed Pin From Net: NetName=GND Pin=SW_3-
Removed Pin From Net: NetName=GND Pin=SW_4-
Removed Pin From Net: NetName=GND Pin=SW_5-
Removed Pin From Net: NetName=GND Pin=SW_6-
Removed Pin From Net: NetName=GND Pin=SW_7-
Removed Pin From Net: NetName=GND Pin=SW_8-
Removed Pin From Net: NetName=GND Pin=SW_9-
Removed Pin From Net: NetName=GND Pin=SW_10-
Removed Pin From Net: NetName=GND Pin=SW_'1-
Removed Pin From Net: NetName=GND Pin=SW_,1-
Removed Pin From Net: NetName=GND Pin=SW_-1-
Removed Pin From Net: NetName=GND Pin=SW_.1-
Removed Pin From Net: NetName=GND Pin=SW_/1-
Removed Pin From Net: NetName=GND Pin=SW_;1-
Removed Pin From Net: NetName=GND Pin=SW_=1-
Removed Pin From Net: NetName=GND Pin=SW_[1-
Removed Pin From Net: NetName=GND Pin=SW_\1-
Removed Pin From Net: NetName=GND Pin=SW_]1-
Removed Pin From Net: NetName=GND Pin=SW_A1-
Removed Pin From Net: NetName=GND Pin=SW_B1-
Removed Pin From Net: NetName=GND Pin=SW_BACKSPACE1-
Removed Pin From Net: NetName=GND Pin=SW_C1-
Removed Pin From Net: NetName=GND Pin=SW_CAPSLOCK1-
Removed Pin From Net: NetName=GND Pin=SW_D1-
Removed Pin From Net: NetName=GND Pin=SW_DEL1-
Removed Pin From Net: NetName=GND Pin=SW_DOWN1-
Removed Pin From Net: NetName=GND Pin=SW_E1-
Removed Pin From Net: NetName=GND Pin=SW_ENTER1-
Removed Pin From Net: NetName=GND Pin=SW_ESC1-
Removed Pin From Net: NetName=GND Pin=SW_F1-
Removed Pin From Net: NetName=GND Pin=SW_FUNC1-
Removed Pin From Net: NetName=GND Pin=SW_G1-
Removed Pin From Net: NetName=GND Pin=SW_H1-
Removed Pin From Net: NetName=GND Pin=SW_I1-
Removed Pin From Net: NetName=GND Pin=SW_J1-
Removed Pin From Net: NetName=GND Pin=SW_K1-
Removed Pin From Net: NetName=GND Pin=SW_L1-
Removed Pin From Net: NetName=GND Pin=SW_LALT1-
Removed Pin From Net: NetName=GND Pin=SW_LCTRL1-
Removed Pin From Net: NetName=GND Pin=SW_LEFT1-
Removed Pin From Net: NetName=GND Pin=SW_LSHIFT1-
Removed Pin From Net: NetName=GND Pin=SW_LUI-
Removed Pin From Net: NetName=GND Pin=SW_M1-
Removed Pin From Net: NetName=GND Pin=SW_MENU1-
Removed Pin From Net: NetName=GND Pin=SW_N1-
Removed Pin From Net: NetName=GND Pin=SW_O1-
Removed Pin From Net: NetName=GND Pin=SW_P1-
Removed Pin From Net: NetName=GND Pin=SW_Q1-
Removed Pin From Net: NetName=GND Pin=SW_R1-
Removed Pin From Net: NetName=GND Pin=SW_RIGHT1-
Removed Pin From Net: NetName=GND Pin=SW_RSHIFT1-
Removed Pin From Net: NetName=GND Pin=SW_S1-
Removed Pin From Net: NetName=GND Pin=SW_SPACE1-
Removed Pin From Net: NetName=GND Pin=SW_T1-
Removed Pin From Net: NetName=GND Pin=SW_TAB1-
Removed Pin From Net: NetName=GND Pin=SW_U1-
Removed Pin From Net: NetName=GND Pin=SW_UP1-
Removed Pin From Net: NetName=GND Pin=SW_V1-
Removed Pin From Net: NetName=GND Pin=SW_W1-
Removed Pin From Net: NetName=GND Pin=SW_X1-
Removed Pin From Net: NetName=GND Pin=SW_Y1-
Removed Pin From Net: NetName=GND Pin=SW_Z1-
Added Component: Designator=U?(DIP-20)
Add component (AddParameter): Name = "技术支持，联系售后"; Value = "唯一出售店铺网址https://shop463601444.taobao.com"; VariantName = "[No Variations]"
Added Pin To Net: NetName=GND Pin=U?-10
Added Member To Class: ClassName=Sheet1 Member=Component U? SN74276
