Added Component: Designator=U2(74HC595PW-Q100,118_NEX)
Add component (AddParameter): Name = "Copyright"; Value = "Copyright (C) 2022 Ultra Librarian. All rights reserved."; VariantName = "[No Variations]"
Add component (AddParameter): Name = "Manufacturer_Part_Number"; Value = "74HC595PW-Q100,118"; VariantName = "[No Variations]"
Add component (AddParameter): Name = "Mfr_Name"; Value = "Nexperia"; VariantName = "[No Variations]"
Add component (AddParameter): Name = "RefDes"; Value = "RefDes"; VariantName = "[No Variations]"
Add component (AddParameter): Name = "Type"; Value = "DEV"; VariantName = "[No Variations]"
Added Component: Designator=U11(74HC595PW-Q100,118_NEX)
Add component (AddParameter): Name = "Copyright"; Value = "Copyright (C) 2022 Ultra Librarian. All rights reserved."; VariantName = "[No Variations]"
Add component (AddParameter): Name = "Manufacturer_Part_Number"; Value = "74HC595PW-Q100,118"; VariantName = "[No Variations]"
Add component (AddParameter): Name = "Mfr_Name"; Value = "Nexperia"; VariantName = "[No Variations]"
Add component (AddParameter): Name = "RefDes"; Value = "RefDes"; VariantName = "[No Variations]"
Add component (AddParameter): Name = "Type"; Value = "DEV"; VariantName = "[No Variations]"
Added Pin To Net: NetName=KB_C1 Pin=U2-1
Added Pin To Net: NetName=KB_C2 Pin=U2-2
Added Pin To Net: NetName=KB_C3 Pin=U2-3
Added Pin To Net: NetName=KB_C4 Pin=U2-4
Added Pin To Net: NetName=KB_C5 Pin=U2-5
Added Pin To Net: NetName=KB_C6 Pin=U2-6
Added Pin To Net: NetName=KB_C7 Pin=U2-7
Added Pin To Net: NetName=BKUP_BATT_OUT- Pin=U2-8
Added Pin To Net: NetName=NetU2_9 Pin=U2-9
Added Pin To Net: NetName=NetU2_10 Pin=U2-10
Added Pin To Net: NetName=NetU2_11 Pin=U2-11
Added Pin To Net: NetName=NetR2_1 Pin=U2-12
Added Pin To Net: NetName=NetR1_1 Pin=U2-13
Added Pin To Net: NetName=KB_C0 Pin=U2-15
Added Pin To Net: NetName=ESP32_3V3 Pin=U2-16
Added Pin To Net: NetName=KB_C9 Pin=U11-1
Added Pin To Net: NetName=KB_C10 Pin=U11-2
Added Pin To Net: NetName=KB_C11 Pin=U11-3
Added Pin To Net: NetName=KB_C12 Pin=U11-4
Added Pin To Net: NetName=KB_C13 Pin=U11-5
Added Pin To Net: NetName=BKUP_BATT_OUT- Pin=U11-8
Added Pin To Net: NetName=NetU2_10 Pin=U11-10
Added Pin To Net: NetName=NetU2_11 Pin=U11-11
Added Pin To Net: NetName=NetR2_1 Pin=U11-12
Added Pin To Net: NetName=NetR1_1 Pin=U11-13
Added Pin To Net: NetName=NetU2_9 Pin=U11-14
Added Pin To Net: NetName=KB_C8 Pin=U11-15
Added Pin To Net: NetName=ESP32_3V3 Pin=U11-16
Added Member To Class: ClassName=Sheet1 Member=Component U2 74HC595PW-Q100,118
Added Member To Class: ClassName=Sheet1 Member=Component U11 74HC595PW-Q100,118
