Removed Pin From Net: NetName=NetC1_2 Pin=C1-2
Removed Pin From Net: NetName=BKUP_BATT+ Pin=C5-1
Removed Pin From Net: NetName=+5 Pin=C20-1
Removed Pin From Net: NetName=GND Pin=C20-2
Removed Pin From Net: NetName=+5 Pin=R12-1
Removed Pin From Net: NetName=NetR12_2 Pin=R12-2
Removed Pin From Net: NetName=NetJP_USB_1 Pin=R30-2
Removed Pin From Net: NetName=GND Pin=R33-1
Change Component Footprint: Designator=C1 Old Footprint=C0603_L_NS New Footprint=C0805_L
Change Component Comment : Designator=R13 Old Comment=24.3K New Comment=243K
Change Component Comment : Designator=R29 Old Comment=243K New Comment=24.3K
Change Component Designator: OldDesignator=C1 NewDesignator=C?
Change Component Designator: OldDesignator=C5 NewDesignator=C1
Added Component: Designator=C5(C0603_L_NS)
Add component (AddParameter): Name = "BOM名称"; Value = "无极性贴片电容"; VariantName = "[No Variations]"
Add component (AddParameter): Name = "联系卖家，免费查找封装"; Value = "唯一出售店铺网址https://shop463601444.taobao.com"; VariantName = "[No Variations]"
Added Component: Designator=R24(R0603_L)
Add component (AddParameter): Name = "BOM名称"; Value = "贴片电阻"; VariantName = "[No Variations]"
Add component (AddParameter): Name = "联系卖家，免费查找封装"; Value = "唯一出售店铺网址https://shop463601444.taobao.com"; VariantName = "[No Variations]"
Added Component: Designator=R25(R0603_L)
Add component (AddParameter): Name = "BOM名称"; Value = "贴片电阻"; VariantName = "[No Variations]"
Add component (AddParameter): Name = "联系卖家，免费查找封装"; Value = "唯一出售店铺网址https://shop463601444.taobao.com"; VariantName = "[No Variations]"
Added Component: Designator=R33(R0603_L_NS)
Add component (AddParameter): Name = "BOM名称"; Value = "贴片电阻"; VariantName = "[No Variations]"
Add component (AddParameter): Name = "联系卖家，免费查找封装"; Value = "唯一出售店铺网址https://shop463601444.taobao.com"; VariantName = "[No Variations]"
Added Pin To Net: NetName=NetC1_2 Pin=C1-2
Added Pin To Net: NetName=BKUP_BATT+ Pin=C5-1
Added Pin To Net: NetName=GND Pin=C5-2
Added Pin To Net: NetName=GND Pin=C20-1
Added Pin To Net: NetName=+5 Pin=C20-2
Added Pin To Net: NetName=NetR12_2 Pin=R12-1
Added Pin To Net: NetName=+5 Pin=R12-2
Added Pin To Net: NetName=GND Pin=R24-1
Added Pin To Net: NetName=GND Pin=R25-1
Added Pin To Net: NetName=GND Pin=R33-1
Added Pin To Net: NetName=NetJP_USB_1 Pin=R33-2
Change Net Name : Old Net Name=NetR12_2 New Net Name=NetR12_1
Added Pin To Net: NetName=NetC?_2 Pin=C?-2
Added Pin To Net: NetName=NetC?_2 Pin=R33-1
Added Pin To Net: NetName=NetC?_2 Pin=R33-2
Added Pin To Net: NetName=NetC?_2 Pin=U1-11
Added Net: Name=NetC?_2
Added Pin To Net: NetName=NetJP_USB_15 Pin=R24-2
Added Net: Name=NetJP_USB_15
Added Pin To Net: NetName=NetJP_USB_16 Pin=R25-2
Added Net: Name=NetJP_USB_16
Added Member To Class: ClassName=Sheet1 Member=Component C5 104
Added Member To Class: ClassName=Sheet1 Member=Component C? 104
Added Member To Class: ClassName=Sheet1 Member=Component R24 5.1K
Added Member To Class: ClassName=Sheet1 Member=Component R25 5.1K
Added Member To Class: ClassName=Sheet1 Member=Component R33 2M
Added Member To Class: ClassName=Sheet1 Member=Component R33 (R30) 1M
