Removed Pin From Net: NetName=ESP32_SPICS0 Pin=IC1-32
Removed Pin From Net: NetName=NetIC1_35 Pin=R3-1
Removed Pin From Net: NetName=ESP32_SPID Pin=R3-2
Removed Pin From Net: NetName=NetIC1_34 Pin=R4-1
Removed Pin From Net: NetName=ESP32_SPIQ Pin=R4-2
Removed Pin From Net: NetName=NetIC1_33 Pin=R5-1
Removed Pin From Net: NetName=ESP32_SPICLK Pin=R5-2
Removed Pin From Net: NetName=NetIC1_31 Pin=R6-1
Removed Pin From Net: NetName=ESP32_SPIWP Pin=R6-2
Removed Pin From Net: NetName=NetIC1_30 Pin=R7-1
Removed Pin From Net: NetName=ESP32_SPIHD Pin=R7-2
Removed Member From Class: ClassName=Sheet1 Member=R5
Removed Member From Class: ClassName=Sheet1 Member=R6
Removed Member From Class: ClassName=Sheet1 Member=R7
Change Component Footprint: Designator=R3 Old Footprint=R0603_L New Footprint=RCA-8P4R-0402
Change Component Footprint: Designator=R4 Old Footprint=R0603_L New Footprint=RCA-8P4R-0402
Change Component Comment : Designator=IC1 Old Comment=ESP32-S3R2 New Comment=ESP32-S3R8
Change component parameters: Designator = "R3" ("R3"); Footprint = "R0603_L"; UniqueID = "\ELOIZUYS" ("\ELOIZUYS")
Change component parameters (AddParameter): Name = "BOM名称"; Value = "贴片网络排阻"; VariantName = "[No Variations]"
Change component parameters (AddParameter): Name = "联系卖家，免费查找封装"; Value = "唯一出售店铺网址https://shop463601444.taobao.com"; VariantName = "[No Variations]"
Change component parameters: Designator = "R4" ("R4"); Footprint = "R0603_L"; UniqueID = "\ZHLGZRYX" ("\ZHLGZRYX")
Change component parameters (AddParameter): Name = "BOM名称"; Value = "贴片网络排阻"; VariantName = "[No Variations]"
Change component parameters (AddParameter): Name = "联系卖家，免费查找封装"; Value = "唯一出售店铺网址https://shop463601444.taobao.com"; VariantName = "[No Variations]"
Added Pin To Net: NetName=NetIC1_35 Pin=R3-3
Added Pin To Net: NetName=NetIC1_34 Pin=R3-4
Added Pin To Net: NetName=ESP32_SPIQ Pin=R3-5
Added Pin To Net: NetName=ESP32_SPID Pin=R3-6
Added Pin To Net: NetName=NetIC1_33 Pin=R4-1
Added Pin To Net: NetName=NetIC1_31 Pin=R4-3
Added Pin To Net: NetName=NetIC1_30 Pin=R4-4
Added Pin To Net: NetName=ESP32_SPIHD Pin=R4-5
Added Pin To Net: NetName=ESP32_SPIWP Pin=R4-6
Added Pin To Net: NetName=ESP32_SPICS0 Pin=R4-7
Added Pin To Net: NetName=ESP32_SPICLK Pin=R4-8
Added Pin To Net: NetName=NetIC1_32 Pin=IC1-32
Added Pin To Net: NetName=NetIC1_32 Pin=R4-2
Added Net: Name=NetIC1_32
Added Room: Name=Sheet1
