Removed Pin From Net: NetName=SPI_BUS.MOSI Pin=JP_Module1-5
Removed Pin From Net: NetName=SPI_BUS.SCLK Pin=JP_Module1-6
Removed Pin From Net: NetName=SPI_BUS.MISO Pin=JP_Module1-7
Removed Pin From Net: NetName=SPI_BUS.Module1_CS Pin=JP_Module1-8
Removed Pin From Net: NetName=GND Pin=JP_Module1-9
Removed Pin From Net: NetName=GND Pin=JP_Module1-10
Change Component Footprint: Designator=JP_Module1 Old Footprint=FPC0.5 2H-WS-12P New Footprint=CON16_1X16_DUTB_HRS_HIR
Change Component Comment : Designator=JP_Module1 Old Comment=FPC1.0-12P New Comment=FH12-16S-0.5SV
Change component parameters: Designator = "JP_Module1" ("JP_Module1"); Footprint = "FPC0.5 2H-WS-12P"; UniqueID = "\IUVGHNTU" ("\IUVGHNTU")
Change component parameters (AddParameter): Name = "Copyright"; Value = "Copyright (C) 2022 Ultra Librarian. All rights reserved."; VariantName = "[No Variations]"
Change component parameters (AddParameter): Name = "Manufacturer_Part_Number"; Value = "FH12-16S-0.5SV"; VariantName = "[No Variations]"
Change component parameters (AddParameter): Name = "Mfr_Name"; Value = "Hirose"; VariantName = "[No Variations]"
Change component parameters (AddParameter): Name = "RefDes"; Value = "RefDes"; VariantName = "[No Variations]"
Change component parameters (AddParameter): Name = "Type"; Value = "DEV"; VariantName = "[No Variations]"
Added Pin To Net: NetName=VBUS Pin=JP_Module1-5
Added Pin To Net: NetName=VBUS Pin=JP_Module1-6
Added Pin To Net: NetName=SPI_BUS.MOSI Pin=JP_Module1-7
Added Pin To Net: NetName=SPI_BUS.SCLK Pin=JP_Module1-8
Added Pin To Net: NetName=SPI_BUS.MISO Pin=JP_Module1-9
Added Pin To Net: NetName=SPI_BUS.Module1_CS Pin=JP_Module1-10
Added Pin To Net: NetName=GND Pin=JP_Module1-13
Added Pin To Net: NetName=GND Pin=JP_Module1-14
Added Pin To Net: NetName=GND Pin=JP_Module1-15
Added Pin To Net: NetName=GND Pin=JP_Module1-16
Added Pin To Net: NetName=GND Pin=JP_Module1-17
Added Pin To Net: NetName=GND Pin=JP_Module1-18
Added Pin To Net: NetName=GND Pin=JP_Module1-19
Added Pin To Net: NetName=GND Pin=JP_Module1-20
