Removed Pin From Net: NetName=BKUP_BATT_CONV_OUTPUT Pin=U14-7
Removed Pin From Net: NetName=BKUP_BATT_CONV_OUTPUT Pin=U14-8
Removed Pin From Net: NetName=VBUS_CONV_OUTPUT Pin=U15-7
Removed Pin From Net: NetName=VBUS_CONV_OUTPUT Pin=U15-8
Change Component Footprint: Designator=C3 Old Footprint=C0603_L_NS New Footprint=C0603_L
Change Component Footprint: Designator=C4 Old Footprint=C0603_L_NS New Footprint=C0603_L
Change Component Footprint: Designator=C5 Old Footprint=C0603_L_NS New Footprint=C0603_L
Change Component Footprint: Designator=C10 Old Footprint=C0603_L_NS New Footprint=C0603_L
Change Component Footprint: Designator=C11 Old Footprint=C0603_L_NS New Footprint=C0603_L
Change Component Footprint: Designator=C12 Old Footprint=C0603_L_NS New Footprint=C0603_L
Change Component Footprint: Designator=C13 Old Footprint=C0603_L_NS New Footprint=C0603_L
Change Component Footprint: Designator=C14 Old Footprint=C0603_L_NS New Footprint=C0603_L
Change Component Footprint: Designator=C15 Old Footprint=C0603_L_NS New Footprint=C0603_L
Change Component Footprint: Designator=C18 Old Footprint=C0603_L_NS New Footprint=C0603_L
Change Component Footprint: Designator=C16 Old Footprint=C1206_M New Footprint=C1206_L
Change Component Footprint: Designator=C17 Old Footprint=C1206_M New Footprint=C1206_L
Change Component Footprint: Designator=L1 Old Footprint=L-SMD-0420 New Footprint=L-SMD-0630
Change Component Footprint: Designator=R1 Old Footprint=R0603_L_NS New Footprint=R0603_L
Change Component Footprint: Designator=R2 Old Footprint=R0603_L_NS New Footprint=R0603_L
Change Component Footprint: Designator=R3 Old Footprint=R0603_L_NS New Footprint=R0603_L
Change Component Footprint: Designator=R4 Old Footprint=R0603_L_NS New Footprint=R0603_L
Change Component Footprint: Designator=R5 Old Footprint=R0603_L_NS New Footprint=R0603_L
Change Component Footprint: Designator=R6 Old Footprint=R0603_L_NS New Footprint=R0603_L
Change Component Footprint: Designator=R7 Old Footprint=R0603_L_NS New Footprint=R0603_L
Change Component Footprint: Designator=R9 Old Footprint=R0603_L_NS New Footprint=R0603_L
Change Component Footprint: Designator=R10 Old Footprint=R0603_L_NS New Footprint=R0603_L
Change Component Footprint: Designator=R11 Old Footprint=R0603_L_NS New Footprint=R0603_L
Change Component Footprint: Designator=R12 Old Footprint=R0603_L_NS New Footprint=R0603_L
Change Component Footprint: Designator=R13 Old Footprint=R0603_L_NS New Footprint=R0603_L
Change Component Footprint: Designator=R15 Old Footprint=R0603_L_NS New Footprint=R0603_L
Change Component Footprint: Designator=R17 Old Footprint=R0603_L_NS New Footprint=R0603_L
Change Component Footprint: Designator=R18 Old Footprint=R0603_L_NS New Footprint=R0603_L
Change Component Footprint: Designator=R19 Old Footprint=R0603_L_NS New Footprint=R0603_L
Change Component Footprint: Designator=R20 Old Footprint=R0603_L_NS New Footprint=R0603_L
Change Component Footprint: Designator=R21 Old Footprint=R0603_L_NS New Footprint=R0603_L
Change Component Footprint: Designator=R22 Old Footprint=R0603_L_NS New Footprint=R0603_L
Change Component Footprint: Designator=R24 Old Footprint=R0603_L_NS New Footprint=R0603_L
Change Component Footprint: Designator=R25 Old Footprint=R0603_L_NS New Footprint=R0603_L
Change Component Comment : Designator=R11 Old Comment=1K New Comment=1.2K
Change Component Comment : Designator=R24 Old Comment=1K New Comment=5.1K
Change Component Comment : Designator=R25 Old Comment=1K New Comment=5.1K
Change Component Comment : Designator=R1 Old Comment=1K New Comment=10K
Change Component Comment : Designator=R2 Old Comment=1K New Comment=10K
Change Component Comment : Designator=R3 Old Comment=1K New Comment=10K
Change Component Comment : Designator=R4 Old Comment=1K New Comment=10K
Change Component Comment : Designator=R5 Old Comment=1K New Comment=10K
Change Component Comment : Designator=R6 Old Comment=1K New Comment=10K
Change Component Comment : Designator=R7 Old Comment=1K New Comment=10K
Change Component Comment : Designator=R9 Old Comment=1K New Comment=10K
Change Component Comment : Designator=R10 Old Comment=1K New Comment=10K
Change Component Comment : Designator=R15 Old Comment=1K New Comment=10K
Change Component Comment : Designator=R17 Old Comment=1K New Comment=10K
Change Component Comment : Designator=R22 Old Comment=1K New Comment=10K
Change Component Comment : Designator=R19 Old Comment=1K New Comment=40.2K
Change Component Comment : Designator=R21 Old Comment=1K New Comment=68.1K
Change Component Comment : Designator=R12 Old Comment=1K New Comment=100R
Change Component Comment : Designator=R18 Old Comment=1K New Comment=124K
Change Component Comment : Designator=R20 Old Comment=1K New Comment=200K
Change Component Comment : Designator=C4 Old Comment=104 New Comment=0.1uF
Change Component Comment : Designator=C5 Old Comment=104 New Comment=1uF
Change Component Comment : Designator=C12 Old Comment=104 New Comment=2.2uF
Change Component Comment : Designator=C13 Old Comment=104 New Comment=2.2uF
Change Component Comment : Designator=C14 Old Comment=104 New Comment=2.2uF
Change Component Comment : Designator=C10 Old Comment=104 New Comment=10uF
Change Component Comment : Designator=C16 Old Comment=104 New Comment=10uF
Change Component Comment : Designator=C3 Old Comment=104 New Comment=22uF
Change Component Comment : Designator=C17 Old Comment=104 New Comment=22uF
Change Component Comment : Designator=C11 Old Comment=104 New Comment=100nF
Change Component Comment : Designator=C15 Old Comment=104 New Comment=100nF
Change Component Comment : Designator=C18 Old Comment=104 New Comment=220pF
Added Component: Designator=C3(C0603_L)
Add component (AddParameter): Name = "BOM名称"; Value = "无极性贴片电容"; VariantName = "[No Variations]"
Add component (AddParameter): Name = "联系卖家，免费查找封装"; Value = "唯一出售店铺网址https://shop463601444.taobao.com"; VariantName = "[No Variations]"
Added Component: Designator=C4(C0603_L)
Add component (AddParameter): Name = "BOM名称"; Value = "无极性贴片电容"; VariantName = "[No Variations]"
Add component (AddParameter): Name = "联系卖家，免费查找封装"; Value = "唯一出售店铺网址https://shop463601444.taobao.com"; VariantName = "[No Variations]"
Added Component: Designator=C5(C0603_L)
Add component (AddParameter): Name = "BOM名称"; Value = "无极性贴片电容"; VariantName = "[No Variations]"
Add component (AddParameter): Name = "联系卖家，免费查找封装"; Value = "唯一出售店铺网址https://shop463601444.taobao.com"; VariantName = "[No Variations]"
Added Component: Designator=C10(C0603_L)
Add component (AddParameter): Name = "BOM名称"; Value = "无极性贴片电容"; VariantName = "[No Variations]"
Add component (AddParameter): Name = "联系卖家，免费查找封装"; Value = "唯一出售店铺网址https://shop463601444.taobao.com"; VariantName = "[No Variations]"
Added Component: Designator=C11(C0603_L)
Add component (AddParameter): Name = "BOM名称"; Value = "无极性贴片电容"; VariantName = "[No Variations]"
Add component (AddParameter): Name = "联系卖家，免费查找封装"; Value = "唯一出售店铺网址https://shop463601444.taobao.com"; VariantName = "[No Variations]"
Added Component: Designator=C12(C0603_L)
Add component (AddParameter): Name = "BOM名称"; Value = "无极性贴片电容"; VariantName = "[No Variations]"
Add component (AddParameter): Name = "联系卖家，免费查找封装"; Value = "唯一出售店铺网址https://shop463601444.taobao.com"; VariantName = "[No Variations]"
Added Component: Designator=C13(C0603_L)
Add component (AddParameter): Name = "BOM名称"; Value = "无极性贴片电容"; VariantName = "[No Variations]"
Add component (AddParameter): Name = "联系卖家，免费查找封装"; Value = "唯一出售店铺网址https://shop463601444.taobao.com"; VariantName = "[No Variations]"
Added Component: Designator=C14(C0603_L)
Add component (AddParameter): Name = "BOM名称"; Value = "无极性贴片电容"; VariantName = "[No Variations]"
Add component (AddParameter): Name = "联系卖家，免费查找封装"; Value = "唯一出售店铺网址https://shop463601444.taobao.com"; VariantName = "[No Variations]"
Added Component: Designator=C15(C0603_L)
Add component (AddParameter): Name = "BOM名称"; Value = "无极性贴片电容"; VariantName = "[No Variations]"
Add component (AddParameter): Name = "联系卖家，免费查找封装"; Value = "唯一出售店铺网址https://shop463601444.taobao.com"; VariantName = "[No Variations]"
Added Component: Designator=C16(C1206_L)
Add component (AddParameter): Name = "BOM名称"; Value = "无极性贴片电容"; VariantName = "[No Variations]"
Add component (AddParameter): Name = "联系卖家，免费查找封装"; Value = "唯一出售店铺网址https://shop463601444.taobao.com"; VariantName = "[No Variations]"
Added Component: Designator=C17(C1206_L)
Add component (AddParameter): Name = "BOM名称"; Value = "无极性贴片电容"; VariantName = "[No Variations]"
Add component (AddParameter): Name = "联系卖家，免费查找封装"; Value = "唯一出售店铺网址https://shop463601444.taobao.com"; VariantName = "[No Variations]"
Added Component: Designator=C18(C0603_L)
Add component (AddParameter): Name = "BOM名称"; Value = "无极性贴片电容"; VariantName = "[No Variations]"
Add component (AddParameter): Name = "联系卖家，免费查找封装"; Value = "唯一出售店铺网址https://shop463601444.taobao.com"; VariantName = "[No Variations]"
Added Component: Designator=D1(SMA)
Add component (AddParameter): Name = "BOM名称"; Value = "肖特基二极管"; VariantName = "[No Variations]"
Add component (AddParameter): Name = "属性"; Value = "40V/1A"; VariantName = "[No Variations]"
Add component (AddParameter): Name = "联系卖家，免费查找封装"; Value = "唯一出售店铺网址https://shop463601444.taobao.com"; VariantName = "[No Variations]"
Added Component: Designator=JP_BATT(FPC0.5 2H-WS-6P)
Add component (AddParameter): Name = "BOM名称"; Value = "FPC连接器"; VariantName = "[No Variations]"
Add component (AddParameter): Name = "学习资源"; Value = "www.ooocke.com"; VariantName = "[No Variations]"
Add component (AddParameter): Name = "版权归属"; Value = "源创客"; VariantName = "[No Variations]"
Added Component: Designator=JP_ESP32_DEBUG(HDR2.54-Y-LI-3P)
Add component (AddParameter): Name = "BOM名称"; Value = "3P接插件"; VariantName = "[No Variations]"
Add component (AddParameter): Name = "封装库来自淘宝卖家 ID：黄晶宝石"; Value = "其他店铺购入均为盗版假冒封装库"; VariantName = "[No Variations]"
Add component (AddParameter): Name = "联系卖家，免费查找封装"; Value = "唯一出售店铺网址https://shop463601444.taobao.com"; VariantName = "[No Variations]"
Added Component: Designator=JP_Module0(FPC0.5 2H-WS-16P)
Add component (AddParameter): Name = "BOM名称"; Value = "FPC连接器"; VariantName = "[No Variations]"
Add component (AddParameter): Name = "学习资源"; Value = "www.ooocke.com"; VariantName = "[No Variations]"
Add component (AddParameter): Name = "版权归属"; Value = "源创客"; VariantName = "[No Variations]"
Added Component: Designator=JP_Module1(FPC0.5 2H-WS-16P)
Add component (AddParameter): Name = "BOM名称"; Value = "FPC连接器"; VariantName = "[No Variations]"
Add component (AddParameter): Name = "学习资源"; Value = "www.ooocke.com"; VariantName = "[No Variations]"
Add component (AddParameter): Name = "版权归属"; Value = "源创客"; VariantName = "[No Variations]"
Added Component: Designator=JP_Module2(FPC0.5 2H-WS-16P)
Add component (AddParameter): Name = "BOM名称"; Value = "FPC连接器"; VariantName = "[No Variations]"
Add component (AddParameter): Name = "学习资源"; Value = "www.ooocke.com"; VariantName = "[No Variations]"
Add component (AddParameter): Name = "版权归属"; Value = "源创客"; VariantName = "[No Variations]"
Added Component: Designator=JP_Module3(FPC0.5 2H-WS-16P)
Add component (AddParameter): Name = "BOM名称"; Value = "FPC连接器"; VariantName = "[No Variations]"
Add component (AddParameter): Name = "学习资源"; Value = "www.ooocke.com"; VariantName = "[No Variations]"
Add component (AddParameter): Name = "版权归属"; Value = "源创客"; VariantName = "[No Variations]"
Added Component: Designator=JP_Module4(FPC0.5 2H-WS-16P)
Add component (AddParameter): Name = "BOM名称"; Value = "FPC连接器"; VariantName = "[No Variations]"
Add component (AddParameter): Name = "学习资源"; Value = "www.ooocke.com"; VariantName = "[No Variations]"
Add component (AddParameter): Name = "版权归属"; Value = "源创客"; VariantName = "[No Variations]"
Added Component: Designator=JP_Module5(FPC0.5 2H-WS-16P)
Add component (AddParameter): Name = "BOM名称"; Value = "FPC连接器"; VariantName = "[No Variations]"
Add component (AddParameter): Name = "学习资源"; Value = "www.ooocke.com"; VariantName = "[No Variations]"
Add component (AddParameter): Name = "版权归属"; Value = "源创客"; VariantName = "[No Variations]"
Added Component: Designator=JP_Module6(FPC0.5 2H-WS-16P)
Add component (AddParameter): Name = "BOM名称"; Value = "FPC连接器"; VariantName = "[No Variations]"
Add component (AddParameter): Name = "学习资源"; Value = "www.ooocke.com"; VariantName = "[No Variations]"
Add component (AddParameter): Name = "版权归属"; Value = "源创客"; VariantName = "[No Variations]"
Added Component: Designator=JP_Module7(FPC0.5 2H-WS-16P)
Add component (AddParameter): Name = "BOM名称"; Value = "FPC连接器"; VariantName = "[No Variations]"
Add component (AddParameter): Name = "学习资源"; Value = "www.ooocke.com"; VariantName = "[No Variations]"
Add component (AddParameter): Name = "版权归属"; Value = "源创客"; VariantName = "[No Variations]"
Added Component: Designator=JP_Module8(FPC0.5 2H-WS-16P)
Add component (AddParameter): Name = "BOM名称"; Value = "FPC连接器"; VariantName = "[No Variations]"
Add component (AddParameter): Name = "学习资源"; Value = "www.ooocke.com"; VariantName = "[No Variations]"
Add component (AddParameter): Name = "版权归属"; Value = "源创客"; VariantName = "[No Variations]"
Added Component: Designator=JP_Module9(FPC0.5 2H-WS-16P)
Add component (AddParameter): Name = "BOM名称"; Value = "FPC连接器"; VariantName = "[No Variations]"
Add component (AddParameter): Name = "学习资源"; Value = "www.ooocke.com"; VariantName = "[No Variations]"
Add component (AddParameter): Name = "版权归属"; Value = "源创客"; VariantName = "[No Variations]"
Added Component: Designator=JP_Module10(FPC0.5 2H-WS-16P)
Add component (AddParameter): Name = "BOM名称"; Value = "FPC连接器"; VariantName = "[No Variations]"
Add component (AddParameter): Name = "学习资源"; Value = "www.ooocke.com"; VariantName = "[No Variations]"
Add component (AddParameter): Name = "版权归属"; Value = "源创客"; VariantName = "[No Variations]"
Added Component: Designator=JP_Module11(FPC0.5 2H-WS-16P)
Add component (AddParameter): Name = "BOM名称"; Value = "FPC连接器"; VariantName = "[No Variations]"
Add component (AddParameter): Name = "学习资源"; Value = "www.ooocke.com"; VariantName = "[No Variations]"
Add component (AddParameter): Name = "版权归属"; Value = "源创客"; VariantName = "[No Variations]"
Added Component: Designator=JP_Module12(FPC0.5 2H-WS-16P)
Add component (AddParameter): Name = "BOM名称"; Value = "FPC连接器"; VariantName = "[No Variations]"
Add component (AddParameter): Name = "学习资源"; Value = "www.ooocke.com"; VariantName = "[No Variations]"
Add component (AddParameter): Name = "版权归属"; Value = "源创客"; VariantName = "[No Variations]"
Added Component: Designator=JP_Module13(FPC0.5 2H-WS-16P)
Add component (AddParameter): Name = "BOM名称"; Value = "FPC连接器"; VariantName = "[No Variations]"
Add component (AddParameter): Name = "学习资源"; Value = "www.ooocke.com"; VariantName = "[No Variations]"
Add component (AddParameter): Name = "版权归属"; Value = "源创客"; VariantName = "[No Variations]"
Added Component: Designator=JP_Module14(FPC0.5 2H-WS-16P)
Add component (AddParameter): Name = "BOM名称"; Value = "FPC连接器"; VariantName = "[No Variations]"
Add component (AddParameter): Name = "学习资源"; Value = "www.ooocke.com"; VariantName = "[No Variations]"
Add component (AddParameter): Name = "版权归属"; Value = "源创客"; VariantName = "[No Variations]"
Added Component: Designator=JP_Module15(FPC0.5 2H-WS-16P)
Add component (AddParameter): Name = "BOM名称"; Value = "FPC连接器"; VariantName = "[No Variations]"
Add component (AddParameter): Name = "学习资源"; Value = "www.ooocke.com"; VariantName = "[No Variations]"
Add component (AddParameter): Name = "版权归属"; Value = "源创客"; VariantName = "[No Variations]"
Added Component: Designator=JP_USB(FPC0.5 2H-WS-16P)
Add component (AddParameter): Name = "BOM名称"; Value = "FPC连接器"; VariantName = "[No Variations]"
Add component (AddParameter): Name = "学习资源"; Value = "www.ooocke.com"; VariantName = "[No Variations]"
Add component (AddParameter): Name = "版权归属"; Value = "源创客"; VariantName = "[No Variations]"
Added Component: Designator=L1(L-SMD-0630)
Add component (AddParameter): Name = "BOM名称"; Value = "一体成型电感"; VariantName = "[No Variations]"
Add component (AddParameter): Name = "联系卖家，免费查找封装"; Value = "唯一出售店铺网址https://shop463601444.taobao.com"; VariantName = "[No Variations]"
Added Component: Designator=R1(R0603_L)
Add component (AddParameter): Name = "BOM名称"; Value = "贴片电阻"; VariantName = "[No Variations]"
Add component (AddParameter): Name = "联系卖家，免费查找封装"; Value = "唯一出售店铺网址https://shop463601444.taobao.com"; VariantName = "[No Variations]"
Added Component: Designator=R2(R0603_L)
Add component (AddParameter): Name = "BOM名称"; Value = "贴片电阻"; VariantName = "[No Variations]"
Add component (AddParameter): Name = "联系卖家，免费查找封装"; Value = "唯一出售店铺网址https://shop463601444.taobao.com"; VariantName = "[No Variations]"
Added Component: Designator=R3(R0603_L)
Add component (AddParameter): Name = "BOM名称"; Value = "贴片电阻"; VariantName = "[No Variations]"
Add component (AddParameter): Name = "联系卖家，免费查找封装"; Value = "唯一出售店铺网址https://shop463601444.taobao.com"; VariantName = "[No Variations]"
Added Component: Designator=R4(R0603_L)
Add component (AddParameter): Name = "BOM名称"; Value = "贴片电阻"; VariantName = "[No Variations]"
Add component (AddParameter): Name = "联系卖家，免费查找封装"; Value = "唯一出售店铺网址https://shop463601444.taobao.com"; VariantName = "[No Variations]"
Added Component: Designator=R5(R0603_L)
Add component (AddParameter): Name = "BOM名称"; Value = "贴片电阻"; VariantName = "[No Variations]"
Add component (AddParameter): Name = "联系卖家，免费查找封装"; Value = "唯一出售店铺网址https://shop463601444.taobao.com"; VariantName = "[No Variations]"
Added Component: Designator=R8(R0603_L)
Add component (AddParameter): Name = "BOM名称"; Value = "贴片电阻"; VariantName = "[No Variations]"
Add component (AddParameter): Name = "联系卖家，免费查找封装"; Value = "唯一出售店铺网址https://shop463601444.taobao.com"; VariantName = "[No Variations]"
Added Component: Designator=R8(R0603_L)
Add component (AddParameter): Name = "BOM名称"; Value = "贴片电阻"; VariantName = "[No Variations]"
Add component (AddParameter): Name = "联系卖家，免费查找封装"; Value = "唯一出售店铺网址https://shop463601444.taobao.com"; VariantName = "[No Variations]"
Added Component: Designator=R9(R0603_L)
Add component (AddParameter): Name = "BOM名称"; Value = "贴片电阻"; VariantName = "[No Variations]"
Add component (AddParameter): Name = "联系卖家，免费查找封装"; Value = "唯一出售店铺网址https://shop463601444.taobao.com"; VariantName = "[No Variations]"
Added Component: Designator=R10(R0603_L)
Add component (AddParameter): Name = "BOM名称"; Value = "贴片电阻"; VariantName = "[No Variations]"
Add component (AddParameter): Name = "联系卖家，免费查找封装"; Value = "唯一出售店铺网址https://shop463601444.taobao.com"; VariantName = "[No Variations]"
Added Component: Designator=R11(R0603_L)
Add component (AddParameter): Name = "BOM名称"; Value = "贴片电阻"; VariantName = "[No Variations]"
Add component (AddParameter): Name = "联系卖家，免费查找封装"; Value = "唯一出售店铺网址https://shop463601444.taobao.com"; VariantName = "[No Variations]"
Added Component: Designator=R12(R0603_L)
Add component (AddParameter): Name = "BOM名称"; Value = "贴片电阻"; VariantName = "[No Variations]"
Add component (AddParameter): Name = "联系卖家，免费查找封装"; Value = "唯一出售店铺网址https://shop463601444.taobao.com"; VariantName = "[No Variations]"
Added Component: Designator=R13(R0603_L)
Add component (AddParameter): Name = "BOM名称"; Value = "贴片电阻"; VariantName = "[No Variations]"
Add component (AddParameter): Name = "联系卖家，免费查找封装"; Value = "唯一出售店铺网址https://shop463601444.taobao.com"; VariantName = "[No Variations]"
Added Component: Designator=R14(R0603_L)
Add component (AddParameter): Name = "BOM名称"; Value = "贴片电阻"; VariantName = "[No Variations]"
Add component (AddParameter): Name = "联系卖家，免费查找封装"; Value = "唯一出售店铺网址https://shop463601444.taobao.com"; VariantName = "[No Variations]"
Added Component: Designator=R14(R0603_L)
Add component (AddParameter): Name = "BOM名称"; Value = "贴片电阻"; VariantName = "[No Variations]"
Add component (AddParameter): Name = "联系卖家，免费查找封装"; Value = "唯一出售店铺网址https://shop463601444.taobao.com"; VariantName = "[No Variations]"
Added Component: Designator=R15(R0603_L)
Add component (AddParameter): Name = "BOM名称"; Value = "贴片电阻"; VariantName = "[No Variations]"
Add component (AddParameter): Name = "联系卖家，免费查找封装"; Value = "唯一出售店铺网址https://shop463601444.taobao.com"; VariantName = "[No Variations]"
Added Component: Designator=R16(R0603_L)
Add component (AddParameter): Name = "BOM名称"; Value = "贴片电阻"; VariantName = "[No Variations]"
Add component (AddParameter): Name = "联系卖家，免费查找封装"; Value = "唯一出售店铺网址https://shop463601444.taobao.com"; VariantName = "[No Variations]"
Added Component: Designator=R18(R0603_L)
Add component (AddParameter): Name = "BOM名称"; Value = "贴片电阻"; VariantName = "[No Variations]"
Add component (AddParameter): Name = "联系卖家，免费查找封装"; Value = "唯一出售店铺网址https://shop463601444.taobao.com"; VariantName = "[No Variations]"
Added Component: Designator=R19(R0603_L)
Add component (AddParameter): Name = "BOM名称"; Value = "贴片电阻"; VariantName = "[No Variations]"
Add component (AddParameter): Name = "联系卖家，免费查找封装"; Value = "唯一出售店铺网址https://shop463601444.taobao.com"; VariantName = "[No Variations]"
Added Component: Designator=R20(R0603_L)
Add component (AddParameter): Name = "BOM名称"; Value = "贴片电阻"; VariantName = "[No Variations]"
Add component (AddParameter): Name = "联系卖家，免费查找封装"; Value = "唯一出售店铺网址https://shop463601444.taobao.com"; VariantName = "[No Variations]"
Added Component: Designator=R21(R0603_L)
Add component (AddParameter): Name = "BOM名称"; Value = "贴片电阻"; VariantName = "[No Variations]"
Add component (AddParameter): Name = "联系卖家，免费查找封装"; Value = "唯一出售店铺网址https://shop463601444.taobao.com"; VariantName = "[No Variations]"
Added Component: Designator=R24(R0603_L)
Add component (AddParameter): Name = "BOM名称"; Value = "贴片电阻"; VariantName = "[No Variations]"
Add component (AddParameter): Name = "联系卖家，免费查找封装"; Value = "唯一出售店铺网址https://shop463601444.taobao.com"; VariantName = "[No Variations]"
Added Component: Designator=R25(R0603_L)
Add component (AddParameter): Name = "BOM名称"; Value = "贴片电阻"; VariantName = "[No Variations]"
Add component (AddParameter): Name = "联系卖家，免费查找封装"; Value = "唯一出售店铺网址https://shop463601444.taobao.com"; VariantName = "[No Variations]"
Added Component: Designator=SW1(SW SMD-3*6*4.3)
Add component (AddParameter): Name = "BOM名称"; Value = "3x6轻触开关"; VariantName = "[No Variations]"
Add component (AddParameter): Name = "封装库来自淘宝卖家ID：黄晶宝石"; Value = "其他店铺购入均为盗版假冒封装库，请立即申请退款"; VariantName = "[No Variations]"
Add component (AddParameter): Name = "联系卖家，免费查找封装"; Value = "唯一出售店铺网址https://shop463601444.taobao.com"; VariantName = "[No Variations]"
Added Component: Designator=SW2(SW SMD-3*6*4.3)
Add component (AddParameter): Name = "BOM名称"; Value = "3x6轻触开关"; VariantName = "[No Variations]"
Add component (AddParameter): Name = "封装库来自淘宝卖家ID：黄晶宝石"; Value = "其他店铺购入均为盗版假冒封装库，请立即申请退款"; VariantName = "[No Variations]"
Add component (AddParameter): Name = "联系卖家，免费查找封装"; Value = "唯一出售店铺网址https://shop463601444.taobao.com"; VariantName = "[No Variations]"
Added Component: Designator=SW_0(KeyboardSwitchModule)
Added Component: Designator=SW_1(KeyboardSwitchModule)
Added Component: Designator=SW_2(KeyboardSwitchModule)
Added Component: Designator=SW_3(KeyboardSwitchModule)
Added Component: Designator=SW_4(KeyboardSwitchModule)
Added Component: Designator=SW_5(KeyboardSwitchModule)
Added Component: Designator=SW_6(KeyboardSwitchModule)
Added Component: Designator=SW_7(KeyboardSwitchModule)
Added Component: Designator=SW_8(KeyboardSwitchModule)
Added Component: Designator=SW_9(KeyboardSwitchModule)
Added Component: Designator=SW_'(KeyboardSwitchModule)
Added Component: Designator=SW_,(KeyboardSwitchModule)
Added Component: Designator=SW_-(KeyboardSwitchModule)
Added Component: Designator=SW_.(KeyboardSwitchModule)
Added Component: Designator=SW_/(KeyboardSwitchModule)
Added Component: Designator=SW_;(KeyboardSwitchModule)
Added Component: Designator=SW_=(KeyboardSwitchModule)
Added Component: Designator=SW_[(KeyboardSwitchModule)
Added Component: Designator=SW_\(KeyboardSwitchModule)
Added Component: Designator=SW_](KeyboardSwitchModule)
Added Component: Designator=SW_A(KeyboardSwitchModule)
Added Component: Designator=SW_BACKSPACE(KeyboardSwitchModule)
Added Component: Designator=SW_B(KeyboardSwitchModule)
Added Component: Designator=SW_CAPSLOCK(KeyboardSwitchModule)
Added Component: Designator=SW_C(KeyboardSwitchModule)
Added Component: Designator=SW_DEL(KeyboardSwitchModule)
Added Component: Designator=SW_DOWN(KeyboardSwitchModule)
Added Component: Designator=SW_D(KeyboardSwitchModule)
Added Component: Designator=SW_ENTER(KeyboardSwitchModule)
Added Component: Designator=SW_ESC(KeyboardSwitchModule)
Added Component: Designator=SW_E(KeyboardSwitchModule)
Added Component: Designator=SW_F(KeyboardSwitchModule)
Added Component: Designator=SW_FUNC(KeyboardSwitchModule)
Added Component: Designator=SW_G(KeyboardSwitchModule)
Added Component: Designator=SW_H(KeyboardSwitchModule)
Added Component: Designator=SW_I(KeyboardSwitchModule)
Added Component: Designator=SW_J(KeyboardSwitchModule)
Added Component: Designator=SW_K(KeyboardSwitchModule)
Added Component: Designator=SW_LALT(KeyboardSwitchModule)
Added Component: Designator=SW_LCTRL(KeyboardSwitchModule)
Added Component: Designator=SW_LEFT(KeyboardSwitchModule)
Added Component: Designator=SW_LSHIFT(KeyboardSwitchModule)
Added Component: Designator=SW_L(KeyboardSwitchModule)
Added Component: Designator=SW_LWIN(KeyboardSwitchModule)
Added Component: Designator=SW_MENU(KeyboardSwitchModule)
Added Component: Designator=SW_M(KeyboardSwitchModule)
Added Component: Designator=SW_N(KeyboardSwitchModule)
Added Component: Designator=SW_O(KeyboardSwitchModule)
Added Component: Designator=SW_P(KeyboardSwitchModule)
Added Component: Designator=SW_Q(KeyboardSwitchModule)
Added Component: Designator=SW_RIGHT(KeyboardSwitchModule)
Added Component: Designator=SW_RSHIFT(KeyboardSwitchModule)
Added Component: Designator=SW_R(KeyboardSwitchModule)
Added Component: Designator=SW_SPACE(KeyboardSwitchModule)
Added Component: Designator=SW_S(KeyboardSwitchModule)
Added Component: Designator=SW_TAP(KeyboardSwitchModule)
Added Component: Designator=SW_T(KeyboardSwitchModule)
Added Component: Designator=SW_UP(KeyboardSwitchModule)
Added Component: Designator=SW_U(KeyboardSwitchModule)
Added Component: Designator=SW_V(KeyboardSwitchModule)
Added Component: Designator=SW_W(KeyboardSwitchModule)
Added Component: Designator=SW_X(KeyboardSwitchModule)
Added Component: Designator=SW_Y(KeyboardSwitchModule)
Added Component: Designator=SW_Z(KeyboardSwitchModule)
Added Component: Designator=U1(ESP32S3WROOM?U_EXP)
Add component (AddParameter): Name = "Copyright"; Value = "Copyright (C) 2022 Ultra Librarian. All rights reserved."; VariantName = "[No Variations]"
Add component (AddParameter): Name = "Manufacturer_Part_Number"; Value = "ESP32-S3-WROOM-1U-N16R8"; VariantName = "[No Variations]"
Add component (AddParameter): Name = "Mfr_Name"; Value = "Espressif Systems"; VariantName = "[No Variations]"
Add component (AddParameter): Name = "RefDes"; Value = "RefDes"; VariantName = "[No Variations]"
Add component (AddParameter): Name = "Type"; Value = "Type"; VariantName = "[No Variations]"
Added Component: Designator=U2(TSSOP16_N)
Add component (AddParameter): Name = "Copyright"; Value = "Copyright (C) 2022 Ultra Librarian. All rights reserved."; VariantName = "[No Variations]"
Add component (AddParameter): Name = "Manufacturer_Part_Number"; Value = "74HC595PW-Q100,118"; VariantName = "[No Variations]"
Add component (AddParameter): Name = "Mfr_Name"; Value = "Nexperia"; VariantName = "[No Variations]"
Add component (AddParameter): Name = "RefDes"; Value = "RefDes"; VariantName = "[No Variations]"
Add component (AddParameter): Name = "Type"; Value = "DEV"; VariantName = "[No Variations]"
Added Component: Designator=U3(SOIC-8_EP)
Add component (AddParameter): Name = "联系卖家，免费查找封装"; Value = "唯一出售店铺网址https://shop463601444.taobao.com"; VariantName = "[No Variations]"
Added Component: Designator=U4(TSSOP8)
Added Component: Designator=U5(SOT-23-6)
Added Component: Designator=U6(SOP8_M)
Add component (AddParameter): Name = "参数"; Value = ""; VariantName = "[No Variations]"
Add component (AddParameter): Name = "联系卖家，免费查找封装"; Value = "唯一出售店铺网址https://shop463601444.taobao.com"; VariantName = "[No Variations]"
Added Component: Designator=U7(ESOP8_N)
Added Component: Designator=U8(SOP8_M)
Add component (AddParameter): Name = "参数"; Value = ""; VariantName = "[No Variations]"
Add component (AddParameter): Name = "联系卖家，免费查找封装"; Value = "唯一出售店铺网址https://shop463601444.taobao.com"; VariantName = "[No Variations]"
Added Component: Designator=U9(SOT108-1_NEX)
Add component (AddParameter): Name = "Copyright"; Value = "Copyright (C) 2022 Ultra Librarian. All rights reserved."; VariantName = "[No Variations]"
Add component (AddParameter): Name = "Manufacturer_Part_Number"; Value = "74HC14D"; VariantName = "[No Variations]"
Add component (AddParameter): Name = "Mfr_Name"; Value = "Nexperia"; VariantName = "[No Variations]"
Add component (AddParameter): Name = "RefDes"; Value = "RefDes"; VariantName = "[No Variations]"
Add component (AddParameter): Name = "Type"; Value = "DEV"; VariantName = "[No Variations]"
Added Component: Designator=U9(SOT108-1_NEX)
Add component (AddParameter): Name = "Copyright"; Value = "Copyright (C) 2022 Ultra Librarian. All rights reserved."; VariantName = "[No Variations]"
Add component (AddParameter): Name = "Manufacturer_Part_Number"; Value = "74HC14D"; VariantName = "[No Variations]"
Add component (AddParameter): Name = "Mfr_Name"; Value = "Nexperia"; VariantName = "[No Variations]"
Add component (AddParameter): Name = "RefDes"; Value = "RefDes"; VariantName = "[No Variations]"
Add component (AddParameter): Name = "Type"; Value = "DEV"; VariantName = "[No Variations]"
Added Component: Designator=U10(SOT108-1_NEX)
Add component (AddParameter): Name = "Copyright"; Value = "Copyright (C) 2022 Ultra Librarian. All rights reserved."; VariantName = "[No Variations]"
Add component (AddParameter): Name = "Manufacturer_Part_Number"; Value = "74HC14D"; VariantName = "[No Variations]"
Add component (AddParameter): Name = "Mfr_Name"; Value = "Nexperia"; VariantName = "[No Variations]"
Add component (AddParameter): Name = "RefDes"; Value = "RefDes"; VariantName = "[No Variations]"
Add component (AddParameter): Name = "Type"; Value = "DEV"; VariantName = "[No Variations]"
Added Component: Designator=U10(SOT108-1_NEX)
Add component (AddParameter): Name = "Copyright"; Value = "Copyright (C) 2022 Ultra Librarian. All rights reserved."; VariantName = "[No Variations]"
Add component (AddParameter): Name = "Manufacturer_Part_Number"; Value = "74HC14D"; VariantName = "[No Variations]"
Add component (AddParameter): Name = "Mfr_Name"; Value = "Nexperia"; VariantName = "[No Variations]"
Add component (AddParameter): Name = "RefDes"; Value = "RefDes"; VariantName = "[No Variations]"
Add component (AddParameter): Name = "Type"; Value = "DEV"; VariantName = "[No Variations]"
Added Component: Designator=U11(TSSOP16_N)
Add component (AddParameter): Name = "Copyright"; Value = "Copyright (C) 2022 Ultra Librarian. All rights reserved."; VariantName = "[No Variations]"
Add component (AddParameter): Name = "Manufacturer_Part_Number"; Value = "74HC595PW-Q100,118"; VariantName = "[No Variations]"
Add component (AddParameter): Name = "Mfr_Name"; Value = "Nexperia"; VariantName = "[No Variations]"
Add component (AddParameter): Name = "RefDes"; Value = "RefDes"; VariantName = "[No Variations]"
Add component (AddParameter): Name = "Type"; Value = "DEV"; VariantName = "[No Variations]"
Added Component: Designator=U12(TSSOP16_N)
Add component (AddParameter): Name = "Copyright"; Value = "Copyright (C) 2022 Ultra Librarian. All rights reserved."; VariantName = "[No Variations]"
Add component (AddParameter): Name = "Manufacturer_Part_Number"; Value = "74HC595PW-Q100,118"; VariantName = "[No Variations]"
Add component (AddParameter): Name = "Mfr_Name"; Value = "Nexperia"; VariantName = "[No Variations]"
Add component (AddParameter): Name = "RefDes"; Value = "RefDes"; VariantName = "[No Variations]"
Add component (AddParameter): Name = "Type"; Value = "DEV"; VariantName = "[No Variations]"
Added Component: Designator=U13(TSSOP16_N)
Add component (AddParameter): Name = "Copyright"; Value = "Copyright (C) 2022 Ultra Librarian. All rights reserved."; VariantName = "[No Variations]"
Add component (AddParameter): Name = "Manufacturer_Part_Number"; Value = "74HC595PW-Q100,118"; VariantName = "[No Variations]"
Add component (AddParameter): Name = "Mfr_Name"; Value = "Nexperia"; VariantName = "[No Variations]"
Add component (AddParameter): Name = "RefDes"; Value = "RefDes"; VariantName = "[No Variations]"
Add component (AddParameter): Name = "Type"; Value = "DEV"; VariantName = "[No Variations]"
Added Pin To Net: NetName=BKUP_BATT_OUT- Pin=C3-1
Added Pin To Net: NetName=ESP32_3V3 Pin=C3-2
Added Pin To Net: NetName=BKUP_BATT_OUT- Pin=C4-1
Added Pin To Net: NetName=ESP32_3V3 Pin=C4-2
Added Pin To Net: NetName=BKUP_BATT_OUT- Pin=C5-1
Added Pin To Net: NetName=NetC5_2 Pin=C5-2
Added Pin To Net: NetName=BKUP_BATT_OUT- Pin=C10-1
Added Pin To Net: NetName=BKUP_BATT_OUT- Pin=C13-1
Added Pin To Net: NetName=BKUP_BATT_OUT- Pin=C14-1
Added Pin To Net: NetName=BKUP_BATT_OUT- Pin=C16-1
Added Pin To Net: NetName=+5 Pin=C16-2
Added Pin To Net: NetName=BKUP_BATT_OUT- Pin=C17-1
Added Pin To Net: NetName=BKUP_BATT_OUT- Pin=D1-1
Added Pin To Net: NetName=NetJP_ESP32_DEBUG_1 Pin=JP_ESP32_DEBUG-1
Added Pin To Net: NetName=NetJP_ESP32_DEBUG_2 Pin=JP_ESP32_DEBUG-2
Added Pin To Net: NetName=BKUP_BATT_OUT- Pin=JP_ESP32_DEBUG-3
Added Pin To Net: NetName=+5 Pin=JP_Module0-1
Added Pin To Net: NetName=+5 Pin=JP_Module0-2
Added Pin To Net: NetName=+5 Pin=JP_Module0-3
Added Pin To Net: NetName=BKUP_BATT_OUT- Pin=JP_Module0-4
Added Pin To Net: NetName=BKUP_BATT_OUT- Pin=JP_Module0-5
Added Pin To Net: NetName=BKUP_BATT_OUT- Pin=JP_Module0-6
Added Pin To Net: NetName=BKUP_BATT_OUT- Pin=JP_Module0-11
Added Pin To Net: NetName=BKUP_BATT_OUT- Pin=JP_Module0-12
Added Pin To Net: NetName=BKUP_BATT_OUT- Pin=JP_Module0-13
Added Pin To Net: NetName=+5 Pin=JP_Module0-14
Added Pin To Net: NetName=+5 Pin=JP_Module0-15
Added Pin To Net: NetName=+5 Pin=JP_Module0-16
Added Pin To Net: NetName=+5 Pin=JP_Module1-1
Added Pin To Net: NetName=+5 Pin=JP_Module1-2
Added Pin To Net: NetName=+5 Pin=JP_Module1-3
Added Pin To Net: NetName=BKUP_BATT_OUT- Pin=JP_Module1-4
Added Pin To Net: NetName=BKUP_BATT_OUT- Pin=JP_Module1-5
Added Pin To Net: NetName=BKUP_BATT_OUT- Pin=JP_Module1-6
Added Pin To Net: NetName=BKUP_BATT_OUT- Pin=JP_Module1-11
Added Pin To Net: NetName=BKUP_BATT_OUT- Pin=JP_Module1-12
Added Pin To Net: NetName=BKUP_BATT_OUT- Pin=JP_Module1-13
Added Pin To Net: NetName=+5 Pin=JP_Module1-14
Added Pin To Net: NetName=+5 Pin=JP_Module1-15
Added Pin To Net: NetName=+5 Pin=JP_Module1-16
Added Pin To Net: NetName=+5 Pin=JP_Module2-1
Added Pin To Net: NetName=+5 Pin=JP_Module2-2
Added Pin To Net: NetName=+5 Pin=JP_Module2-3
Added Pin To Net: NetName=BKUP_BATT_OUT- Pin=JP_Module2-4
Added Pin To Net: NetName=BKUP_BATT_OUT- Pin=JP_Module2-5
Added Pin To Net: NetName=BKUP_BATT_OUT- Pin=JP_Module2-6
Added Pin To Net: NetName=BKUP_BATT_OUT- Pin=JP_Module2-11
Added Pin To Net: NetName=BKUP_BATT_OUT- Pin=JP_Module2-12
Added Pin To Net: NetName=BKUP_BATT_OUT- Pin=JP_Module2-13
Added Pin To Net: NetName=+5 Pin=JP_Module2-14
Added Pin To Net: NetName=+5 Pin=JP_Module2-15
Added Pin To Net: NetName=+5 Pin=JP_Module2-16
Added Pin To Net: NetName=+5 Pin=JP_Module3-1
Added Pin To Net: NetName=+5 Pin=JP_Module3-2
Added Pin To Net: NetName=+5 Pin=JP_Module3-3
Added Pin To Net: NetName=BKUP_BATT_OUT- Pin=JP_Module3-4
Added Pin To Net: NetName=BKUP_BATT_OUT- Pin=JP_Module3-5
Added Pin To Net: NetName=BKUP_BATT_OUT- Pin=JP_Module3-6
Added Pin To Net: NetName=BKUP_BATT_OUT- Pin=JP_Module3-11
Added Pin To Net: NetName=BKUP_BATT_OUT- Pin=JP_Module3-12
Added Pin To Net: NetName=BKUP_BATT_OUT- Pin=JP_Module3-13
Added Pin To Net: NetName=+5 Pin=JP_Module3-14
Added Pin To Net: NetName=+5 Pin=JP_Module3-15
Added Pin To Net: NetName=+5 Pin=JP_Module3-16
Added Pin To Net: NetName=+5 Pin=JP_Module4-1
Added Pin To Net: NetName=+5 Pin=JP_Module4-2
Added Pin To Net: NetName=+5 Pin=JP_Module4-3
Added Pin To Net: NetName=BKUP_BATT_OUT- Pin=JP_Module4-4
Added Pin To Net: NetName=BKUP_BATT_OUT- Pin=JP_Module4-5
Added Pin To Net: NetName=BKUP_BATT_OUT- Pin=JP_Module4-6
Added Pin To Net: NetName=BKUP_BATT_OUT- Pin=JP_Module4-11
Added Pin To Net: NetName=BKUP_BATT_OUT- Pin=JP_Module4-12
Added Pin To Net: NetName=BKUP_BATT_OUT- Pin=JP_Module4-13
Added Pin To Net: NetName=+5 Pin=JP_Module4-14
Added Pin To Net: NetName=+5 Pin=JP_Module4-15
Added Pin To Net: NetName=+5 Pin=JP_Module4-16
Added Pin To Net: NetName=+5 Pin=JP_Module5-1
Added Pin To Net: NetName=+5 Pin=JP_Module5-2
Added Pin To Net: NetName=+5 Pin=JP_Module5-3
Added Pin To Net: NetName=BKUP_BATT_OUT- Pin=JP_Module5-4
Added Pin To Net: NetName=BKUP_BATT_OUT- Pin=JP_Module5-5
Added Pin To Net: NetName=BKUP_BATT_OUT- Pin=JP_Module5-6
Added Pin To Net: NetName=BKUP_BATT_OUT- Pin=JP_Module5-11
Added Pin To Net: NetName=BKUP_BATT_OUT- Pin=JP_Module5-12
Added Pin To Net: NetName=BKUP_BATT_OUT- Pin=JP_Module5-13
Added Pin To Net: NetName=+5 Pin=JP_Module5-14
Added Pin To Net: NetName=+5 Pin=JP_Module5-15
Added Pin To Net: NetName=+5 Pin=JP_Module5-16
Added Pin To Net: NetName=+5 Pin=JP_Module6-1
Added Pin To Net: NetName=+5 Pin=JP_Module6-2
Added Pin To Net: NetName=+5 Pin=JP_Module6-3
Added Pin To Net: NetName=BKUP_BATT_OUT- Pin=JP_Module6-4
Added Pin To Net: NetName=BKUP_BATT_OUT- Pin=JP_Module6-5
Added Pin To Net: NetName=BKUP_BATT_OUT- Pin=JP_Module6-6
Added Pin To Net: NetName=BKUP_BATT_OUT- Pin=JP_Module6-11
Added Pin To Net: NetName=BKUP_BATT_OUT- Pin=JP_Module6-12
Added Pin To Net: NetName=BKUP_BATT_OUT- Pin=JP_Module6-13
Added Pin To Net: NetName=+5 Pin=JP_Module6-14
Added Pin To Net: NetName=+5 Pin=JP_Module6-15
Added Pin To Net: NetName=+5 Pin=JP_Module6-16
Added Pin To Net: NetName=+5 Pin=JP_Module7-1
Added Pin To Net: NetName=+5 Pin=JP_Module7-2
Added Pin To Net: NetName=+5 Pin=JP_Module7-3
Added Pin To Net: NetName=BKUP_BATT_OUT- Pin=JP_Module7-4
Added Pin To Net: NetName=BKUP_BATT_OUT- Pin=JP_Module7-5
Added Pin To Net: NetName=BKUP_BATT_OUT- Pin=JP_Module7-6
Added Pin To Net: NetName=BKUP_BATT_OUT- Pin=JP_Module7-11
Added Pin To Net: NetName=BKUP_BATT_OUT- Pin=JP_Module7-12
Added Pin To Net: NetName=BKUP_BATT_OUT- Pin=JP_Module7-13
Added Pin To Net: NetName=+5 Pin=JP_Module7-14
Added Pin To Net: NetName=+5 Pin=JP_Module7-15
Added Pin To Net: NetName=+5 Pin=JP_Module7-16
Added Pin To Net: NetName=+5 Pin=JP_Module8-1
Added Pin To Net: NetName=+5 Pin=JP_Module8-2
Added Pin To Net: NetName=+5 Pin=JP_Module8-3
Added Pin To Net: NetName=BKUP_BATT_OUT- Pin=JP_Module8-4
Added Pin To Net: NetName=BKUP_BATT_OUT- Pin=JP_Module8-5
Added Pin To Net: NetName=BKUP_BATT_OUT- Pin=JP_Module8-6
Added Pin To Net: NetName=BKUP_BATT_OUT- Pin=JP_Module8-11
Added Pin To Net: NetName=BKUP_BATT_OUT- Pin=JP_Module8-12
Added Pin To Net: NetName=BKUP_BATT_OUT- Pin=JP_Module8-13
Added Pin To Net: NetName=+5 Pin=JP_Module8-14
Added Pin To Net: NetName=+5 Pin=JP_Module8-15
Added Pin To Net: NetName=+5 Pin=JP_Module8-16
Added Pin To Net: NetName=+5 Pin=JP_Module9-1
Added Pin To Net: NetName=+5 Pin=JP_Module9-2
Added Pin To Net: NetName=+5 Pin=JP_Module9-3
Added Pin To Net: NetName=BKUP_BATT_OUT- Pin=JP_Module9-4
Added Pin To Net: NetName=BKUP_BATT_OUT- Pin=JP_Module9-5
Added Pin To Net: NetName=BKUP_BATT_OUT- Pin=JP_Module9-6
Added Pin To Net: NetName=BKUP_BATT_OUT- Pin=JP_Module9-11
Added Pin To Net: NetName=BKUP_BATT_OUT- Pin=JP_Module9-12
Added Pin To Net: NetName=BKUP_BATT_OUT- Pin=JP_Module9-13
Added Pin To Net: NetName=+5 Pin=JP_Module9-14
Added Pin To Net: NetName=+5 Pin=JP_Module9-15
Added Pin To Net: NetName=+5 Pin=JP_Module9-16
Added Pin To Net: NetName=+5 Pin=JP_Module10-1
Added Pin To Net: NetName=+5 Pin=JP_Module10-2
Added Pin To Net: NetName=+5 Pin=JP_Module10-3
Added Pin To Net: NetName=BKUP_BATT_OUT- Pin=JP_Module10-4
Added Pin To Net: NetName=BKUP_BATT_OUT- Pin=JP_Module10-5
Added Pin To Net: NetName=BKUP_BATT_OUT- Pin=JP_Module10-6
Added Pin To Net: NetName=BKUP_BATT_OUT- Pin=JP_Module10-11
Added Pin To Net: NetName=BKUP_BATT_OUT- Pin=JP_Module10-12
Added Pin To Net: NetName=BKUP_BATT_OUT- Pin=JP_Module10-13
Added Pin To Net: NetName=+5 Pin=JP_Module10-14
Added Pin To Net: NetName=+5 Pin=JP_Module10-15
Added Pin To Net: NetName=+5 Pin=JP_Module10-16
Added Pin To Net: NetName=+5 Pin=JP_Module11-1
Added Pin To Net: NetName=+5 Pin=JP_Module11-2
Added Pin To Net: NetName=+5 Pin=JP_Module11-3
Added Pin To Net: NetName=BKUP_BATT_OUT- Pin=JP_Module11-4
Added Pin To Net: NetName=BKUP_BATT_OUT- Pin=JP_Module11-5
Added Pin To Net: NetName=BKUP_BATT_OUT- Pin=JP_Module11-6
Added Pin To Net: NetName=BKUP_BATT_OUT- Pin=JP_Module11-11
Added Pin To Net: NetName=BKUP_BATT_OUT- Pin=JP_Module11-12
Added Pin To Net: NetName=BKUP_BATT_OUT- Pin=JP_Module11-13
Added Pin To Net: NetName=+5 Pin=JP_Module11-14
Added Pin To Net: NetName=+5 Pin=JP_Module11-15
Added Pin To Net: NetName=+5 Pin=JP_Module11-16
Added Pin To Net: NetName=+5 Pin=JP_Module12-1
Added Pin To Net: NetName=+5 Pin=JP_Module12-2
Added Pin To Net: NetName=+5 Pin=JP_Module12-3
Added Pin To Net: NetName=BKUP_BATT_OUT- Pin=JP_Module12-4
Added Pin To Net: NetName=BKUP_BATT_OUT- Pin=JP_Module12-5
Added Pin To Net: NetName=BKUP_BATT_OUT- Pin=JP_Module12-6
Added Pin To Net: NetName=BKUP_BATT_OUT- Pin=JP_Module12-11
Added Pin To Net: NetName=BKUP_BATT_OUT- Pin=JP_Module12-12
Added Pin To Net: NetName=BKUP_BATT_OUT- Pin=JP_Module12-13
Added Pin To Net: NetName=+5 Pin=JP_Module12-14
Added Pin To Net: NetName=+5 Pin=JP_Module12-15
Added Pin To Net: NetName=+5 Pin=JP_Module12-16
Added Pin To Net: NetName=+5 Pin=JP_Module13-1
Added Pin To Net: NetName=+5 Pin=JP_Module13-2
Added Pin To Net: NetName=+5 Pin=JP_Module13-3
Added Pin To Net: NetName=BKUP_BATT_OUT- Pin=JP_Module13-4
Added Pin To Net: NetName=BKUP_BATT_OUT- Pin=JP_Module13-5
Added Pin To Net: NetName=BKUP_BATT_OUT- Pin=JP_Module13-6
Added Pin To Net: NetName=BKUP_BATT_OUT- Pin=JP_Module13-11
Added Pin To Net: NetName=BKUP_BATT_OUT- Pin=JP_Module13-12
Added Pin To Net: NetName=BKUP_BATT_OUT- Pin=JP_Module13-13
Added Pin To Net: NetName=+5 Pin=JP_Module13-14
Added Pin To Net: NetName=+5 Pin=JP_Module13-15
Added Pin To Net: NetName=+5 Pin=JP_Module13-16
Added Pin To Net: NetName=+5 Pin=JP_Module14-1
Added Pin To Net: NetName=+5 Pin=JP_Module14-2
Added Pin To Net: NetName=+5 Pin=JP_Module14-3
Added Pin To Net: NetName=BKUP_BATT_OUT- Pin=JP_Module14-4
Added Pin To Net: NetName=BKUP_BATT_OUT- Pin=JP_Module14-5
Added Pin To Net: NetName=BKUP_BATT_OUT- Pin=JP_Module14-6
Added Pin To Net: NetName=BKUP_BATT_OUT- Pin=JP_Module14-11
Added Pin To Net: NetName=BKUP_BATT_OUT- Pin=JP_Module14-12
Added Pin To Net: NetName=BKUP_BATT_OUT- Pin=JP_Module14-13
Added Pin To Net: NetName=+5 Pin=JP_Module14-14
Added Pin To Net: NetName=+5 Pin=JP_Module14-15
Added Pin To Net: NetName=+5 Pin=JP_Module14-16
Added Pin To Net: NetName=+5 Pin=JP_Module15-1
Added Pin To Net: NetName=+5 Pin=JP_Module15-2
Added Pin To Net: NetName=+5 Pin=JP_Module15-3
Added Pin To Net: NetName=BKUP_BATT_OUT- Pin=JP_Module15-4
Added Pin To Net: NetName=BKUP_BATT_OUT- Pin=JP_Module15-5
Added Pin To Net: NetName=BKUP_BATT_OUT- Pin=JP_Module15-6
Added Pin To Net: NetName=BKUP_BATT_OUT- Pin=JP_Module15-11
Added Pin To Net: NetName=BKUP_BATT_OUT- Pin=JP_Module15-12
Added Pin To Net: NetName=BKUP_BATT_OUT- Pin=JP_Module15-13
Added Pin To Net: NetName=+5 Pin=JP_Module15-14
Added Pin To Net: NetName=+5 Pin=JP_Module15-15
Added Pin To Net: NetName=+5 Pin=JP_Module15-16
Added Pin To Net: NetName=+5 Pin=JP_USB-1
Added Pin To Net: NetName=+5 Pin=JP_USB-2
Added Pin To Net: NetName=+5 Pin=JP_USB-3
Added Pin To Net: NetName=BKUP_BATT_OUT- Pin=JP_USB-5
Added Pin To Net: NetName=BKUP_BATT_OUT- Pin=JP_USB-6
Added Pin To Net: NetName=BKUP_BATT_OUT- Pin=JP_USB-7
Added Pin To Net: NetName=BKUP_BATT_OUT- Pin=JP_USB-10
Added Pin To Net: NetName=BKUP_BATT_OUT- Pin=JP_USB-11
Added Pin To Net: NetName=BKUP_BATT_OUT- Pin=JP_USB-12
Added Pin To Net: NetName=+5 Pin=JP_USB-14
Added Pin To Net: NetName=+5 Pin=JP_USB-15
Added Pin To Net: NetName=+5 Pin=JP_USB-16
Added Pin To Net: NetName=BKUP_BATT_OUT- Pin=R1-2
Added Pin To Net: NetName=ESP32_3V3 Pin=R2-2
Added Pin To Net: NetName=ESP32_3V3 Pin=R3-1
Added Pin To Net: NetName=NetC5_2 Pin=R3-2
Added Pin To Net: NetName=BKUP_BATT_OUT- Pin=R4-2
Added Pin To Net: NetName=ESP32_3V3 Pin=R5-2
Added Pin To Net: NetName=+5 Pin=R8-1
Added Pin To Net: NetName=+5 Pin=R8-1
Added Pin To Net: NetName=NetR9_1 Pin=R9-1
Added Pin To Net: NetName=NetR10_1 Pin=R10-1
Added Pin To Net: NetName=BKUP_BATT_OUT- Pin=R11-1
Added Pin To Net: NetName=BKUP_BATT_OUT- Pin=R13-1
Added Pin To Net: NetName=BKUP_BATT+ Pin=R14-1
Added Pin To Net: NetName=NetR15_1 Pin=R15-1
Added Pin To Net: NetName=BKUP_BATT_OUT- Pin=R19-1
Added Pin To Net: NetName=BKUP_BATT_OUT- Pin=R20-1
Added Pin To Net: NetName=BKUP_BATT_OUT- Pin=R21-1
Added Pin To Net: NetName=BKUP_BATT_OUT- Pin=R24-1
Added Pin To Net: NetName=BKUP_BATT_OUT- Pin=R25-1
Added Pin To Net: NetName=NetC5_2 Pin=SW1-1
Added Pin To Net: NetName=BKUP_BATT_OUT- Pin=SW1-2
Added Pin To Net: NetName=NetSW2_1 Pin=SW2-1
Added Pin To Net: NetName=BKUP_BATT_OUT- Pin=SW2-2
Added Pin To Net: NetName=+5 Pin=SW_0-3
Added Pin To Net: NetName=BKUP_BATT_OUT- Pin=SW_0-5
Added Pin To Net: NetName=+5 Pin=SW_1-3
Added Pin To Net: NetName=BKUP_BATT_OUT- Pin=SW_1-5
Added Pin To Net: NetName=+5 Pin=SW_2-3
Added Pin To Net: NetName=BKUP_BATT_OUT- Pin=SW_2-5
Added Pin To Net: NetName=+5 Pin=SW_3-3
Added Pin To Net: NetName=BKUP_BATT_OUT- Pin=SW_3-5
Added Pin To Net: NetName=+5 Pin=SW_4-3
Added Pin To Net: NetName=BKUP_BATT_OUT- Pin=SW_4-5
Added Pin To Net: NetName=+5 Pin=SW_5-3
Added Pin To Net: NetName=BKUP_BATT_OUT- Pin=SW_5-5
Added Pin To Net: NetName=+5 Pin=SW_6-3
Added Pin To Net: NetName=BKUP_BATT_OUT- Pin=SW_6-5
Added Pin To Net: NetName=+5 Pin=SW_7-3
Added Pin To Net: NetName=BKUP_BATT_OUT- Pin=SW_7-5
Added Pin To Net: NetName=+5 Pin=SW_8-3
Added Pin To Net: NetName=BKUP_BATT_OUT- Pin=SW_8-5
Added Pin To Net: NetName=+5 Pin=SW_9-3
Added Pin To Net: NetName=BKUP_BATT_OUT- Pin=SW_9-5
Added Pin To Net: NetName=+5 Pin=SW_'-3
Added Pin To Net: NetName=BKUP_BATT_OUT- Pin=SW_'-5
Added Pin To Net: NetName=+5 Pin=SW_,-3
Added Pin To Net: NetName=BKUP_BATT_OUT- Pin=SW_,-5
Added Pin To Net: NetName=+5 Pin=SW_--3
Added Pin To Net: NetName=BKUP_BATT_OUT- Pin=SW_--5
Added Pin To Net: NetName=+5 Pin=SW_.-3
Added Pin To Net: NetName=BKUP_BATT_OUT- Pin=SW_.-5
Added Pin To Net: NetName=+5 Pin=SW_/-3
Added Pin To Net: NetName=BKUP_BATT_OUT- Pin=SW_/-5
Added Pin To Net: NetName=+5 Pin=SW_;-3
Added Pin To Net: NetName=BKUP_BATT_OUT- Pin=SW_;-5
Added Pin To Net: NetName=+5 Pin=SW_=-3
Added Pin To Net: NetName=BKUP_BATT_OUT- Pin=SW_=-5
Added Pin To Net: NetName=+5 Pin=SW_[-3
Added Pin To Net: NetName=BKUP_BATT_OUT- Pin=SW_[-5
Added Pin To Net: NetName=+5 Pin=SW_\-3
Added Pin To Net: NetName=BKUP_BATT_OUT- Pin=SW_\-5
Added Pin To Net: NetName=+5 Pin=SW_]-3
Added Pin To Net: NetName=BKUP_BATT_OUT- Pin=SW_]-5
Added Pin To Net: NetName=+5 Pin=SW_A-3
Added Pin To Net: NetName=BKUP_BATT_OUT- Pin=SW_A-5
Added Pin To Net: NetName=+5 Pin=SW_B-3
Added Pin To Net: NetName=BKUP_BATT_OUT- Pin=SW_B-5
Added Pin To Net: NetName=+5 Pin=SW_BACKSPACE-3
Added Pin To Net: NetName=BKUP_BATT_OUT- Pin=SW_BACKSPACE-5
Added Pin To Net: NetName=+5 Pin=SW_C-3
Added Pin To Net: NetName=BKUP_BATT_OUT- Pin=SW_C-5
Added Pin To Net: NetName=+5 Pin=SW_CAPSLOCK-3
Added Pin To Net: NetName=BKUP_BATT_OUT- Pin=SW_CAPSLOCK-5
Added Pin To Net: NetName=+5 Pin=SW_D-3
Added Pin To Net: NetName=BKUP_BATT_OUT- Pin=SW_D-5
Added Pin To Net: NetName=+5 Pin=SW_DEL-3
Added Pin To Net: NetName=BKUP_BATT_OUT- Pin=SW_DEL-5
Added Pin To Net: NetName=+5 Pin=SW_DOWN-3
Added Pin To Net: NetName=BKUP_BATT_OUT- Pin=SW_DOWN-5
Added Pin To Net: NetName=+5 Pin=SW_E-3
Added Pin To Net: NetName=BKUP_BATT_OUT- Pin=SW_E-5
Added Pin To Net: NetName=+5 Pin=SW_ENTER-3
Added Pin To Net: NetName=BKUP_BATT_OUT- Pin=SW_ENTER-5
Added Pin To Net: NetName=+5 Pin=SW_ESC-3
Added Pin To Net: NetName=BKUP_BATT_OUT- Pin=SW_ESC-5
Added Pin To Net: NetName=+5 Pin=SW_F-3
Added Pin To Net: NetName=BKUP_BATT_OUT- Pin=SW_F-5
Added Pin To Net: NetName=+5 Pin=SW_FUNC-3
Added Pin To Net: NetName=BKUP_BATT_OUT- Pin=SW_FUNC-5
Added Pin To Net: NetName=+5 Pin=SW_G-3
Added Pin To Net: NetName=BKUP_BATT_OUT- Pin=SW_G-5
Added Pin To Net: NetName=+5 Pin=SW_H-3
Added Pin To Net: NetName=BKUP_BATT_OUT- Pin=SW_H-5
Added Pin To Net: NetName=+5 Pin=SW_I-3
Added Pin To Net: NetName=BKUP_BATT_OUT- Pin=SW_I-5
Added Pin To Net: NetName=+5 Pin=SW_J-3
Added Pin To Net: NetName=BKUP_BATT_OUT- Pin=SW_J-5
Added Pin To Net: NetName=+5 Pin=SW_K-3
Added Pin To Net: NetName=BKUP_BATT_OUT- Pin=SW_K-5
Added Pin To Net: NetName=+5 Pin=SW_L-3
Added Pin To Net: NetName=BKUP_BATT_OUT- Pin=SW_L-5
Added Pin To Net: NetName=+5 Pin=SW_LALT-3
Added Pin To Net: NetName=BKUP_BATT_OUT- Pin=SW_LALT-5
Added Pin To Net: NetName=+5 Pin=SW_LCTRL-3
Added Pin To Net: NetName=BKUP_BATT_OUT- Pin=SW_LCTRL-5
Added Pin To Net: NetName=+5 Pin=SW_LEFT-3
Added Pin To Net: NetName=BKUP_BATT_OUT- Pin=SW_LEFT-5
Added Pin To Net: NetName=+5 Pin=SW_LSHIFT-3
Added Pin To Net: NetName=BKUP_BATT_OUT- Pin=SW_LSHIFT-5
Added Pin To Net: NetName=+5 Pin=SW_LWIN-3
Added Pin To Net: NetName=BKUP_BATT_OUT- Pin=SW_LWIN-5
Added Pin To Net: NetName=+5 Pin=SW_M-3
Added Pin To Net: NetName=BKUP_BATT_OUT- Pin=SW_M-5
Added Pin To Net: NetName=+5 Pin=SW_MENU-3
Added Pin To Net: NetName=BKUP_BATT_OUT- Pin=SW_MENU-5
Added Pin To Net: NetName=+5 Pin=SW_N-3
Added Pin To Net: NetName=BKUP_BATT_OUT- Pin=SW_N-5
Added Pin To Net: NetName=+5 Pin=SW_O-3
Added Pin To Net: NetName=BKUP_BATT_OUT- Pin=SW_O-5
Added Pin To Net: NetName=+5 Pin=SW_P-3
Added Pin To Net: NetName=BKUP_BATT_OUT- Pin=SW_P-5
Added Pin To Net: NetName=+5 Pin=SW_Q-3
Added Pin To Net: NetName=BKUP_BATT_OUT- Pin=SW_Q-5
Added Pin To Net: NetName=+5 Pin=SW_R-3
Added Pin To Net: NetName=BKUP_BATT_OUT- Pin=SW_R-5
Added Pin To Net: NetName=+5 Pin=SW_RIGHT-3
Added Pin To Net: NetName=BKUP_BATT_OUT- Pin=SW_RIGHT-5
Added Pin To Net: NetName=+5 Pin=SW_RSHIFT-3
Added Pin To Net: NetName=BKUP_BATT_OUT- Pin=SW_RSHIFT-5
Added Pin To Net: NetName=+5 Pin=SW_S-3
Added Pin To Net: NetName=BKUP_BATT_OUT- Pin=SW_S-5
Added Pin To Net: NetName=+5 Pin=SW_SPACE-3
Added Pin To Net: NetName=BKUP_BATT_OUT- Pin=SW_SPACE-5
Added Pin To Net: NetName=+5 Pin=SW_T-3
Added Pin To Net: NetName=BKUP_BATT_OUT- Pin=SW_T-5
Added Pin To Net: NetName=+5 Pin=SW_TAP-3
Added Pin To Net: NetName=BKUP_BATT_OUT- Pin=SW_TAP-5
Added Pin To Net: NetName=+5 Pin=SW_U-3
Added Pin To Net: NetName=BKUP_BATT_OUT- Pin=SW_U-5
Added Pin To Net: NetName=+5 Pin=SW_UP-3
Added Pin To Net: NetName=BKUP_BATT_OUT- Pin=SW_UP-5
Added Pin To Net: NetName=+5 Pin=SW_V-3
Added Pin To Net: NetName=BKUP_BATT_OUT- Pin=SW_V-5
Added Pin To Net: NetName=+5 Pin=SW_W-3
Added Pin To Net: NetName=BKUP_BATT_OUT- Pin=SW_W-5
Added Pin To Net: NetName=+5 Pin=SW_X-3
Added Pin To Net: NetName=BKUP_BATT_OUT- Pin=SW_X-5
Added Pin To Net: NetName=+5 Pin=SW_Y-3
Added Pin To Net: NetName=BKUP_BATT_OUT- Pin=SW_Y-5
Added Pin To Net: NetName=+5 Pin=SW_Z-3
Added Pin To Net: NetName=BKUP_BATT_OUT- Pin=SW_Z-5
Added Pin To Net: NetName=BKUP_BATT_OUT- Pin=U1-1
Added Pin To Net: NetName=ESP32_3V3 Pin=U1-2
Added Pin To Net: NetName=NetC5_2 Pin=U1-3
Added Pin To Net: NetName=NetSW2_1 Pin=U1-27
Added Pin To Net: NetName=NetJP_ESP32_DEBUG_2 Pin=U1-36
Added Pin To Net: NetName=NetJP_ESP32_DEBUG_1 Pin=U1-37
Added Pin To Net: NetName=BKUP_BATT_OUT- Pin=U1-40
Added Pin To Net: NetName=BKUP_BATT_OUT- Pin=U1-41
Added Pin To Net: NetName=BKUP_BATT_OUT- Pin=U1-42
Added Pin To Net: NetName=BKUP_BATT_OUT- Pin=U1-43
Added Pin To Net: NetName=BKUP_BATT_OUT- Pin=U1-44
Added Pin To Net: NetName=BKUP_BATT_OUT- Pin=U1-45
Added Pin To Net: NetName=BKUP_BATT_OUT- Pin=U1-46
Added Pin To Net: NetName=BKUP_BATT_OUT- Pin=U1-47
Added Pin To Net: NetName=BKUP_BATT_OUT- Pin=U1-48
Added Pin To Net: NetName=BKUP_BATT_OUT- Pin=U1-49
Added Pin To Net: NetName=BKUP_BATT_OUT- Pin=U2-8
Added Pin To Net: NetName=ESP32_3V3 Pin=U2-16
Added Pin To Net: NetName=BKUP_BATT_OUT- Pin=U3-1
Added Pin To Net: NetName=BKUP_BATT_OUT- Pin=U3-3
Added Pin To Net: NetName=+5 Pin=U3-4
Added Pin To Net: NetName=NetU3_8 Pin=U3-8
Added Pin To Net: NetName=BKUP_BATT_OUT- Pin=U4-6
Added Pin To Net: NetName=BKUP_BATT_OUT- Pin=U5-2
Added Pin To Net: NetName=NetU5_3 Pin=U5-3
Added Pin To Net: NetName=ESP32_3V3 Pin=U6-5
Added Pin To Net: NetName=ESP32_3V3 Pin=U6-6
Added Pin To Net: NetName=NetU7_2 Pin=U7-2
Added Pin To Net: NetName=BKUP_BATT_OUT- Pin=U7-5
Added Pin To Net: NetName=+5 Pin=U7-7
Added Pin To Net: NetName=BKUP_BATT_OUT- Pin=U7-9
Added Pin To Net: NetName=ESP32_3V3 Pin=U8-5
Added Pin To Net: NetName=ESP32_3V3 Pin=U8-6
Added Pin To Net: NetName=NetU3_8 Pin=U9-2
Added Pin To Net: NetName=NetU3_8 Pin=U9-2
Added Pin To Net: NetName=NetU7_2 Pin=U9-6
Added Pin To Net: NetName=NetU7_2 Pin=U9-6
Added Pin To Net: NetName=BKUP_BATT_OUT- Pin=U9-7
Added Pin To Net: NetName=BKUP_BATT_OUT- Pin=U9-7
Added Pin To Net: NetName=NetU7_2 Pin=U9-8
Added Pin To Net: NetName=NetU7_2 Pin=U9-8
Added Pin To Net: NetName=NetR15_1 Pin=U9-9
Added Pin To Net: NetName=NetR15_1 Pin=U9-9
Added Pin To Net: NetName=+5 Pin=U9-14
Added Pin To Net: NetName=+5 Pin=U9-14
Added Pin To Net: NetName=NetU5_3 Pin=U10-2
Added Pin To Net: NetName=NetU5_3 Pin=U10-2
Added Pin To Net: NetName=NetU5_3 Pin=U10-3
Added Pin To Net: NetName=NetU5_3 Pin=U10-3
Added Pin To Net: NetName=BKUP_BATT_OUT- Pin=U10-7
Added Pin To Net: NetName=BKUP_BATT_OUT- Pin=U10-7
Added Pin To Net: NetName=BKUP_BATT+ Pin=U10-14
Added Pin To Net: NetName=BKUP_BATT_OUT- Pin=U11-8
Added Pin To Net: NetName=ESP32_3V3 Pin=U11-16
Added Pin To Net: NetName=BKUP_BATT_OUT- Pin=U12-8
Added Pin To Net: NetName=ESP32_3V3 Pin=U12-16
Added Pin To Net: NetName=BKUP_BATT_OUT- Pin=U13-8
Added Pin To Net: NetName=ESP32_3V3 Pin=U13-16
Added Pin To Net: NetName=VBUS_CONV_OUTPUT Pin=U14-7
Added Pin To Net: NetName=VBUS_CONV_OUTPUT Pin=U14-8
Added Pin To Net: NetName=BKUP_BATT_CONV_OUTPUT Pin=U15-7
Added Pin To Net: NetName=BKUP_BATT_CONV_OUTPUT Pin=U15-8
Add Net: Net with name "BKUP_BATT+" already exists
Add Net: Net with name "BKUP_BATT-" already exists
Add Net: Net with name "ESP32_USB.USB_D_N" already exists
Add Net: Net with name "ESP32_USB.USB_D_P" already exists
Add Net: Net with name "KB_C0" already exists
Add Net: Net with name "KB_C1" already exists
Add Net: Net with name "KB_C2" already exists
Add Net: Net with name "KB_C3" already exists
Add Net: Net with name "KB_C4" already exists
Add Net: Net with name "KB_C5" already exists
Add Net: Net with name "KB_C6" already exists
Add Net: Net with name "KB_C7" already exists
Add Net: Net with name "KB_C8" already exists
Add Net: Net with name "KB_C9" already exists
Add Net: Net with name "KB_C10" already exists
Add Net: Net with name "KB_C11" already exists
Add Net: Net with name "KB_C12" already exists
Add Net: Net with name "KB_C13" already exists
Add Net: Net with name "KB_R0" already exists
Add Net: Net with name "KB_R1" already exists
Add Net: Net with name "KB_R2" already exists
Add Net: Net with name "KB_R3" already exists
Add Net: Net with name "KB_R4" already exists
Add Net: Net with name "Module0_CS" already exists
Add Net: Net with name "Module1_CS" already exists
Add Net: Net with name "Module2_CS" already exists
Add Net: Net with name "Module3_CS" already exists
Add Net: Net with name "Module4_CS" already exists
Add Net: Net with name "Module5_CS" already exists
Add Net: Net with name "Module6_CS" already exists
Add Net: Net with name "Module7_CS" already exists
Add Net: Net with name "Module8_CS" already exists
Add Net: Net with name "Module9_CS" already exists
Add Net: Net with name "Module10_CS" already exists
Add Net: Net with name "Module11_CS" already exists
Add Net: Net with name "Module12_CS" already exists
Add Net: Net with name "Module13_CS" already exists
Add Net: Net with name "Module14_CS" already exists
Add Net: Net with name "Module15_CS" already exists
Add Net: Net with name "NetC11_2" already exists
Add Net: Net with name "NetC12_1" already exists
Add Net: Net with name "NetC12_2" already exists
Added Pin To Net: NetName=NetC14_2 Pin=C14-2
Added Pin To Net: NetName=NetC14_2 Pin=U5-1
Added Pin To Net: NetName=NetC14_2 Pin=U6-7
Added Pin To Net: NetName=NetC14_2 Pin=U6-8
Added Net: Name=NetC14_2
Add Net: Net with name "NetC15_1" already exists
Add Net: Net with name "NetC15_2" already exists
Added Pin To Net: NetName=NetC17_2 Pin=C17-2
Added Pin To Net: NetName=NetC17_2 Pin=L1-2
Added Pin To Net: NetName=NetC17_2 Pin=R18-2
Added Pin To Net: NetName=NetC17_2 Pin=U8-7
Added Pin To Net: NetName=NetC17_2 Pin=U8-8
Added Net: Name=NetC17_2
Add Net: Net with name "NetC18_1" already exists
Add Net: Net with name "NetC18_2" already exists
Add Net: Net with name "NetJP_USB_4" already exists
Add Net: Net with name "NetJP_USB_13" already exists
Add Net: Net with name "NetR1_1" already exists
Add Net: Net with name "NetR2_1" already exists
Add Net: Net with name "NetR4_1" already exists
Add Net: Net with name "NetR5_1" already exists
Added Pin To Net: NetName=NetR8_2 Pin=R8-2
Added Pin To Net: NetName=NetR8_2 Pin=U9-3
Added Pin To Net: NetName=NetR8_2 Pin=U9-11
Added Pin To Net: NetName=NetR8_2 Pin=U9-13
Added Net: Name=NetR8_2
Add Net: Net with name "NetR8_2" already exists
Add Net: Net with name "NetR9_2" already exists
Add Net: Net with name "NetR10_2" already exists
Add Net: Net with name "NetR11_2" already exists
Add Net: Net with name "NetR13_2" already exists
Added Pin To Net: NetName=NetR14_2 Pin=R14-2
Added Pin To Net: NetName=NetR14_2 Pin=U10-5
Added Pin To Net: NetName=NetR14_2 Pin=U10-9
Added Pin To Net: NetName=NetR14_2 Pin=U10-11
Added Pin To Net: NetName=NetR14_2 Pin=U10-13
Added Net: Name=NetR14_2
Add Net: Net with name "NetR14_2" already exists
Added Pin To Net: NetName=NetR15_2 Pin=R15-2
Added Pin To Net: NetName=NetR15_2 Pin=U8-2
Added Pin To Net: NetName=NetR15_2 Pin=U8-4
Added Net: Name=NetR15_2
Added Pin To Net: NetName=NetR16_1 Pin=R16-1
Added Pin To Net: NetName=NetR16_1 Pin=U10-4
Added Pin To Net: NetName=NetR16_1 Pin=U10-4
Added Net: Name=NetR16_1
Added Pin To Net: NetName=NetR16_2 Pin=R16-2
Added Pin To Net: NetName=NetR16_2 Pin=U6-2
Added Pin To Net: NetName=NetR16_2 Pin=U6-4
Added Net: Name=NetR16_2
Add Net: Net with name "NetR18_1" already exists
Add Net: Net with name "NetR20_2" already exists
Add Net: Net with name "NetSW_0_4" already exists
Add Net: Net with name "NetSW_0_6" already exists
Add Net: Net with name "NetSW_1_4" already exists
Add Net: Net with name "NetSW_1_6" already exists
Add Net: Net with name "NetSW_2_4" already exists
Add Net: Net with name "NetSW_3_4" already exists
Add Net: Net with name "NetSW_4_4" already exists
Add Net: Net with name "NetSW_5_4" already exists
Add Net: Net with name "NetSW_6_4" already exists
Add Net: Net with name "NetSW_7_4" already exists
Add Net: Net with name "NetSW_8_4" already exists
Add Net: Net with name "NetSW_'_4" already exists
Add Net: Net with name "NetSW_'_6" already exists
Add Net: Net with name "NetSW_,_4" already exists
Add Net: Net with name "NetSW_,_6" already exists
Add Net: Net with name "NetSW_-_4" already exists
Add Net: Net with name "NetSW_._4" already exists
Add Net: Net with name "NetSW_/_4" already exists
Add Net: Net with name "NetSW_;_6" already exists
Add Net: Net with name "NetSW_=_4" already exists
Add Net: Net with name "NetSW_[_4" already exists
Add Net: Net with name "NetSW_[_6" already exists
Add Net: Net with name "NetSW_\_4" already exists
Add Net: Net with name "NetSW_\_6" already exists
Add Net: Net with name "NetSW_A_4" already exists
Add Net: Net with name "NetSW_A_6" already exists
Add Net: Net with name "NetSW_B_4" already exists
Add Net: Net with name "NetSW_B_6" already exists
Add Net: Net with name "NetSW_BACKSPACE_4" already exists
Add Net: Net with name "NetSW_C_4" already exists
Add Net: Net with name "NetSW_C_6" already exists
Add Net: Net with name "NetSW_D_4" already exists
Add Net: Net with name "NetSW_D_6" already exists
Add Net: Net with name "NetSW_DEL_4" already exists
Add Net: Net with name "NetSW_DEL_6" already exists
Add Net: Net with name "NetSW_DOWN_4" already exists
Add Net: Net with name "NetSW_DOWN_6" already exists
Add Net: Net with name "NetSW_E_4" already exists
Add Net: Net with name "NetSW_E_6" already exists
Add Net: Net with name "NetSW_ENTER_4" already exists
Add Net: Net with name "NetSW_F_4" already exists
Add Net: Net with name "NetSW_FUNC_4" already exists
Add Net: Net with name "NetSW_FUNC_6" already exists
Add Net: Net with name "NetSW_G_4" already exists
Add Net: Net with name "NetSW_H_4" already exists
Add Net: Net with name "NetSW_I_4" already exists
Add Net: Net with name "NetSW_I_6" already exists
Add Net: Net with name "NetSW_J_4" already exists
Add Net: Net with name "NetSW_K_4" already exists
Add Net: Net with name "NetSW_LALT_4" already exists
Add Net: Net with name "NetSW_LALT_6" already exists
Add Net: Net with name "NetSW_LCTRL_4" already exists
Add Net: Net with name "NetSW_LEFT_6" already exists
Add Net: Net with name "NetSW_LSHIFT_4" already exists
Add Net: Net with name "NetSW_M_6" already exists
Add Net: Net with name "NetSW_O_4" already exists
Add Net: Net with name "NetSW_Q_4" already exists
Add Net: Net with name "NetSW_Q_6" already exists
Add Net: Net with name "NetSW_R_4" already exists
Add Net: Net with name "NetSW_RSHIFT_4" already exists
Add Net: Net with name "NetSW_T_4" already exists
Add Net: Net with name "NetSW_U_6" already exists
Add Net: Net with name "NetSW_X_6" already exists
Add Net: Net with name "NetU2_10" already exists
Add Net: Net with name "NetU2_11" already exists
Add Net: Net with name "NetU4_2" already exists
Add Net: Net with name "NetU4_5" already exists
Added Pin To Net: NetName=NetU6_1 Pin=U6-1
Added Pin To Net: NetName=NetU6_1 Pin=U6-3
Added Net: Name=NetU6_1
Added Pin To Net: NetName=NetU8_1 Pin=U8-1
Added Pin To Net: NetName=NetU8_1 Pin=U8-3
Added Net: Name=NetU8_1
Added Pin To Net: NetName=NetU9_1 Pin=U9-1
Added Pin To Net: NetName=NetU9_1 Pin=U9-1
Added Net: Name=NetU9_1
Added Pin To Net: NetName=NetU9_5 Pin=U9-5
Added Pin To Net: NetName=NetU9_5 Pin=U9-5
Added Net: Name=NetU9_5
Added Pin To Net: NetName=NetU10_1 Pin=U10-1
Added Pin To Net: NetName=NetU10_1 Pin=U10-1
Added Net: Name=NetU10_1
Add Net: Net with name "NetU12_10" already exists
Add Net: Net with name "NetU12_11" already exists
Add Net: Net with name "SPI_BUS.MISO" already exists
Add Net: Net with name "SPI_BUS.MOSI" already exists
Add Net: Net with name "SPI_BUS.SCLK" already exists
Added Class: Name=[Saved File] Sheet1
Added Member To Class: ClassName=Sheet1 Member=Component R8 1K
Added Member To Class: ClassName=Sheet1 Member=Component R14 1K
Added Member To Class: ClassName=Sheet1 Member=Component U9 74HC14D
Added Member To Class: ClassName=Sheet1 Member=Component U10 74HC14D
Added Room: Name=[Saved File] Sheet1
