Removed Pin From Net: NetName=BKUP_BATT_OUT- Pin=C2-1
Removed Pin From Net: NetName=+5 Pin=C2-2
Removed Pin From Net: NetName=BKUP_BATT_OUT- Pin=C8-1
Removed Pin From Net: NetName=+5 Pin=C8-2
Removed Pin From Net: NetName=BKUP_BATT_OUT- Pin=C9-1
Removed Pin From Net: NetName=BKUP_BATT_OUT- Pin=C16-1
Removed Pin From Net: NetName=+5 Pin=C16-2
Removed Pin From Net: NetName=BKUP_BATT_OUT- Pin=C17-1
Removed Pin From Net: NetName=BKUP_BATT_OUT- Pin=C19-1
Removed Pin From Net: NetName=+5 Pin=C19-2
Removed Pin From Net: NetName=BKUP_BATT_OUT- Pin=C20-1
Removed Pin From Net: NetName=BKUP_BATT_OUT- Pin=U7-2
Removed Pin From Net: NetName=+5 Pin=U7-5
Removed Pin From Net: NetName=BKUP_BATT_OUT- Pin=U8-2
Removed Pin From Net: NetName=+5 Pin=U8-5
Removed Pin From Net: NetName=BKUP_BATT_OUT- Pin=U9-2
Removed Pin From Net: NetName=+5 Pin=U9-5
Removed Member From Class: ClassName=Sheet1 Member=C7
Removed Member From Class: ClassName=Sheet1 Member=C8
Removed Member From Class: ClassName=Sheet1 Member=C9
Removed Member From Class: ClassName=Sheet1 Member=C15
Removed Member From Class: ClassName=Sheet1 Member=C16
Removed Member From Class: ClassName=Sheet1 Member=C17
Removed Member From Class: ClassName=Sheet1 Member=C18
Removed Member From Class: ClassName=Sheet1 Member=C19
Removed Member From Class: ClassName=Sheet1 Member=C20
Removed Member From Class: ClassName=Sheet1 Member=U7
Removed Member From Class: ClassName=Sheet1 Member=U8
Removed Member From Class: ClassName=Sheet1 Member=U9
Change Component Footprint: Designator=C1 Old Footprint=C0603_L New Footprint=C1206_L
Change Component Footprint: Designator=C6 Old Footprint=C0603_L New Footprint=C1206_L
Change Component Footprint: Designator=U6 Old Footprint=SOT-23-6 New Footprint=SOT23-6N
Change Component Comment : Designator=C2 Old Comment=2.2uF New Comment=22nF
Change Component Comment : Designator=C1 Old Comment=2.2uF New Comment=22uF
Change Component Comment : Designator=C6 Old Comment=2.2uF New Comment=22uF
Change Component Comment : Designator=U6 Old Comment=SOT23 New Comment=MP2359
Change component parameters: Designator = "U6" ("U6"); Footprint = "SOT-23-6"; UniqueID = "\AGTLDRTL" ("\AGTLDRTL")
Change component parameters (AddParameter): Name = "BOM名称"; Value = "DC降压芯片"; VariantName = "[No Variations]"
Change component parameters (AddParameter): Name = "封装库来自淘宝卖家 ID：黄晶宝石"; Value = "其他店铺购入均为盗版，请立即申请退款，本店现金奖励5~20元"; VariantName = "[No Variations]"
Change component parameters (AddParameter): Name = "联系卖家 免费查找封装"; Value = "唯一出售店铺网址https://shop463601444.taobao.com"; VariantName = "[No Variations]"
Added Component: Designator=D1(ESD10)
Add component (AddParameter): Name = "BOM名称"; Value = "TVS阵列"; VariantName = "[No Variations]"
Add component (AddParameter): Name = "属性"; Value = "AZ1045-04F"; VariantName = "[No Variations]"
Add component (AddParameter): Name = "联系卖家，免费查找封装"; Value = "唯一出售店铺网址https://shop463601444.taobao.com"; VariantName = "[No Variations]"
Added Component: Designator=D2(SOD-323)
Add component (AddParameter): Name = "BOM名称"; Value = "肖特基二极管"; VariantName = "[No Variations]"
Add component (AddParameter): Name = "联系卖家，免费查找封装"; Value = "唯一出售店铺网址https://shop463601444.taobao.com"; VariantName = "[No Variations]"
Added Component: Designator=D3(SOD-323)
Add component (AddParameter): Name = "BOM名称"; Value = "肖特基二极管"; VariantName = "[No Variations]"
Add component (AddParameter): Name = "联系卖家，免费查找封装"; Value = "唯一出售店铺网址https://shop463601444.taobao.com"; VariantName = "[No Variations]"
Added Component: Designator=L1(SWPA3012)
Add component (AddParameter): Name = "BOM名称"; Value = "功率屏蔽电感"; VariantName = "[No Variations]"
Add component (AddParameter): Name = "联系卖家，免费查找封装"; Value = "唯一出售店铺网址https://shop463601444.taobao.com"; VariantName = "[No Variations]"
Added Component: Designator=R6(R0603_L)
Add component (AddParameter): Name = "BOM名称"; Value = "贴片电阻"; VariantName = "[No Variations]"
Add component (AddParameter): Name = "联系卖家，免费查找封装"; Value = "唯一出售店铺网址https://shop463601444.taobao.com"; VariantName = "[No Variations]"
Added Component: Designator=R7(R0603_L)
Add component (AddParameter): Name = "BOM名称"; Value = "贴片电阻"; VariantName = "[No Variations]"
Add component (AddParameter): Name = "联系卖家，免费查找封装"; Value = "唯一出售店铺网址https://shop463601444.taobao.com"; VariantName = "[No Variations]"
Added Pin To Net: NetName=BKUP_BATT_OUT- Pin=C1-1
Added Pin To Net: NetName=+5 Pin=C1-2
Added Pin To Net: NetName=BKUP_BATT_OUT- Pin=D3-1
Added Pin To Net: NetName=BKUP_BATT_OUT- Pin=R7-1
Added Pin To Net: NetName=NetC2_1 Pin=C2-1
Added Pin To Net: NetName=NetC2_1 Pin=D3-2
Added Pin To Net: NetName=NetC2_1 Pin=L1-1
Added Pin To Net: NetName=NetC2_1 Pin=U6-6
Added Net: Name=NetC2_1
Added Pin To Net: NetName=NetC2_2 Pin=C2-2
Added Pin To Net: NetName=NetC2_2 Pin=D2-2
Added Pin To Net: NetName=NetC2_2 Pin=U6-1
Added Net: Name=NetC2_2
Added Pin To Net: NetName=NetC6_2 Pin=C6-2
Added Pin To Net: NetName=NetC6_2 Pin=D2-1
Added Pin To Net: NetName=NetC6_2 Pin=L1-2
Added Pin To Net: NetName=NetC6_2 Pin=R6-2
Added Net: Name=NetC6_2
Added Pin To Net: NetName=NetR6_1 Pin=R6-1
Added Pin To Net: NetName=NetR6_1 Pin=R7-2
Added Pin To Net: NetName=NetR6_1 Pin=U6-3
Added Net: Name=NetR6_1
Added Member To Class: ClassName=Sheet1 Member=Component D1 AZ1045-04F
Added Member To Class: ClassName=Sheet1 Member=Component D2 B5919WS
Added Member To Class: ClassName=Sheet1 Member=Component D3 B5919WS
Added Member To Class: ClassName=Sheet1 Member=Component L1 4.7uH
Added Member To Class: ClassName=Sheet1 Member=Component R6 49.9K
Added Member To Class: ClassName=Sheet1 Member=Component R7 16.2k
