Removed Pin From Net: NetName=NetJP_USB_1 Pin=JP_USB-1
Removed Pin From Net: NetName=NetJP_USB_1 Pin=JP_USB-2
Removed Pin From Net: NetName=NetJP_USB_1 Pin=JP_USB-3
Removed Pin From Net: NetName=GND Pin=JP_USB-4
Removed Pin From Net: NetName=GND Pin=JP_USB-5
Removed Pin From Net: NetName=GND Pin=JP_USB-6
Removed Pin From Net: NetName=ESP32_USB.USB_D_N Pin=JP_USB-7
Removed Pin From Net: NetName=ESP32_USB.USB_D_P Pin=JP_USB-8
Removed Pin From Net: NetName=GND Pin=JP_USB-9
Removed Pin From Net: NetName=GND Pin=JP_USB-10
Removed Pin From Net: NetName=GND Pin=JP_USB-11
Removed Pin From Net: NetName=NetJP_USB_1 Pin=JP_USB-12
Removed Pin From Net: NetName=NetJP_USB_1 Pin=JP_USB-13
Removed Pin From Net: NetName=NetJP_USB_1 Pin=JP_USB-14
Removed Pin From Net: NetName=GND Pin=R24-1
Removed Pin From Net: NetName=GND Pin=R25-1
Removed Member From Class: ClassName=Sheet1 Member=JP_USB
Removed Member From Class: ClassName=Sheet1 Member=R24
Removed Member From Class: ClassName=Sheet1 Member=R25
Added Component: Designator=JP?(FPC0.5 2H-WS-14P)
Add component (AddParameter): Name = "BOM名称"; Value = "FPC连接器"; VariantName = "[No Variations]"
Add component (AddParameter): Name = "学习资源"; Value = "www.ooocke.com"; VariantName = "[No Variations]"
Add component (AddParameter): Name = "版权归属"; Value = "源创客"; VariantName = "[No Variations]"
Added Pin To Net: NetName=GND Pin=C1-2
Added Pin To Net: NetName=NetJP_USB_1 Pin=JP?-1
Added Pin To Net: NetName=NetJP_USB_1 Pin=JP?-2
Added Pin To Net: NetName=NetJP_USB_1 Pin=JP?-3
Added Pin To Net: NetName=GND Pin=JP?-4
Added Pin To Net: NetName=GND Pin=JP?-5
Added Pin To Net: NetName=GND Pin=JP?-6
Added Pin To Net: NetName=ESP32_USB.USB_D_N Pin=JP?-7
Added Pin To Net: NetName=ESP32_USB.USB_D_P Pin=JP?-8
Added Pin To Net: NetName=GND Pin=JP?-9
Added Pin To Net: NetName=GND Pin=JP?-10
Added Pin To Net: NetName=GND Pin=JP?-11
Added Pin To Net: NetName=NetJP_USB_1 Pin=JP?-12
Added Pin To Net: NetName=NetJP_USB_1 Pin=JP?-13
Added Pin To Net: NetName=NetJP_USB_1 Pin=JP?-14
Change Net Name : Old Net Name=NetJP_USB_1 New Net Name=NetJP?_1
Added Member To Class: ClassName=Sheet1 Member=Component C1 104
Added Member To Class: ClassName=Sheet1 Member=Component C5 104
Added Member To Class: ClassName=Sheet1 Member=Component JP? FPC1.0-14P
Added Member To Class: ClassName=Sheet1 Member=Component R33 2M
