Added Pin To Net: NetName=+5 Pin=SW_0-3
Added Pin To Net: NetName=+5 Pin=SW_1-3
Added Pin To Net: NetName=+5 Pin=SW_2-3
Added Pin To Net: NetName=+5 Pin=SW_3-3
Added Pin To Net: NetName=+5 Pin=SW_4-3
Added Pin To Net: NetName=+5 Pin=SW_5-3
Added Pin To Net: NetName=+5 Pin=SW_6-3
Added Pin To Net: NetName=+5 Pin=SW_7-3
Added Pin To Net: NetName=+5 Pin=SW_8-3
Added Pin To Net: NetName=+5 Pin=SW_9-3
Added Pin To Net: NetName=+5 Pin=SW_'-3
Added Pin To Net: NetName=+5 Pin=SW_,-3
Added Pin To Net: NetName=+5 Pin=SW_--3
Added Pin To Net: NetName=+5 Pin=SW_.-3
Added Pin To Net: NetName=+5 Pin=SW_/-3
Added Pin To Net: NetName=+5 Pin=SW_;-3
Added Pin To Net: NetName=+5 Pin=SW_=-3
Added Pin To Net: NetName=+5 Pin=SW_[-3
Added Pin To Net: NetName=+5 Pin=SW_\-3
Added Pin To Net: NetName=+5 Pin=SW_]-3
Added Pin To Net: NetName=+5 Pin=SW_A-3
Added Pin To Net: NetName=+5 Pin=SW_B-3
Added Pin To Net: NetName=+5 Pin=SW_BACKSPACE-3
Added Pin To Net: NetName=+5 Pin=SW_C-3
Added Pin To Net: NetName=+5 Pin=SW_CAPSLOCK-3
Added Pin To Net: NetName=+5 Pin=SW_D-3
Added Pin To Net: NetName=+5 Pin=SW_DEL-3
Added Pin To Net: NetName=+5 Pin=SW_DOWN-3
Added Pin To Net: NetName=+5 Pin=SW_E-3
Added Pin To Net: NetName=+5 Pin=SW_ENTER-3
Added Pin To Net: NetName=+5 Pin=SW_ESC-3
Added Pin To Net: NetName=+5 Pin=SW_F-3
Added Pin To Net: NetName=+5 Pin=SW_FUNC-3
Added Pin To Net: NetName=+5 Pin=SW_G-3
Added Pin To Net: NetName=+5 Pin=SW_H-3
Added Pin To Net: NetName=+5 Pin=SW_I-3
Added Pin To Net: NetName=+5 Pin=SW_J-3
Added Pin To Net: NetName=+5 Pin=SW_K-3
Added Pin To Net: NetName=+5 Pin=SW_L-3
Added Pin To Net: NetName=+5 Pin=SW_LALT-3
Added Pin To Net: NetName=+5 Pin=SW_LCTRL-3
Added Pin To Net: NetName=+5 Pin=SW_LEFT-3
Added Pin To Net: NetName=+5 Pin=SW_LSHIFT-3
Added Pin To Net: NetName=+5 Pin=SW_LWIN-3
Added Pin To Net: NetName=+5 Pin=SW_M-3
Added Pin To Net: NetName=+5 Pin=SW_MENU-3
Added Pin To Net: NetName=+5 Pin=SW_N-3
Added Pin To Net: NetName=+5 Pin=SW_O-3
Added Pin To Net: NetName=+5 Pin=SW_P-3
Added Pin To Net: NetName=+5 Pin=SW_Q-3
Added Pin To Net: NetName=+5 Pin=SW_R-3
Added Pin To Net: NetName=+5 Pin=SW_RIGHT-3
Added Pin To Net: NetName=+5 Pin=SW_RSHIFT-3
Added Pin To Net: NetName=+5 Pin=SW_S-3
Added Pin To Net: NetName=+5 Pin=SW_SPACE-3
Added Pin To Net: NetName=+5 Pin=SW_T-3
Added Pin To Net: NetName=+5 Pin=SW_TAP-3
Added Pin To Net: NetName=+5 Pin=SW_U-3
Added Pin To Net: NetName=+5 Pin=SW_UP-3
Added Pin To Net: NetName=+5 Pin=SW_V-3
Added Pin To Net: NetName=+5 Pin=SW_W-3
Added Pin To Net: NetName=+5 Pin=SW_X-3
Added Pin To Net: NetName=+5 Pin=SW_Y-3
Added Pin To Net: NetName=+5 Pin=SW_Z-3
Added Net: Name=+5
Added Pin To Net: NetName=GND Pin=SW_0-5
Added Pin To Net: NetName=GND Pin=SW_1-5
Added Pin To Net: NetName=GND Pin=SW_2-5
Added Pin To Net: NetName=GND Pin=SW_3-5
Added Pin To Net: NetName=GND Pin=SW_4-5
Added Pin To Net: NetName=GND Pin=SW_5-5
Added Pin To Net: NetName=GND Pin=SW_6-5
Added Pin To Net: NetName=GND Pin=SW_7-5
Added Pin To Net: NetName=GND Pin=SW_8-5
Added Pin To Net: NetName=GND Pin=SW_9-5
Added Pin To Net: NetName=GND Pin=SW_'-5
Added Pin To Net: NetName=GND Pin=SW_--5
Added Pin To Net: NetName=GND Pin=SW_;-5
Added Pin To Net: NetName=GND Pin=SW_=-5
Added Pin To Net: NetName=GND Pin=SW_[-5
Added Pin To Net: NetName=GND Pin=SW_\-5
Added Pin To Net: NetName=GND Pin=SW_]-5
Added Pin To Net: NetName=GND Pin=SW_A-5
Added Pin To Net: NetName=GND Pin=SW_B-5
Added Pin To Net: NetName=GND Pin=SW_BACKSPACE-5
Added Pin To Net: NetName=GND Pin=SW_C-5
Added Pin To Net: NetName=GND Pin=SW_CAPSLOCK-5
Added Pin To Net: NetName=GND Pin=SW_D-5
Added Pin To Net: NetName=GND Pin=SW_DEL-5
Added Pin To Net: NetName=GND Pin=SW_DOWN-5
Added Pin To Net: NetName=GND Pin=SW_E-5
Added Pin To Net: NetName=GND Pin=SW_ENTER-5
Added Pin To Net: NetName=GND Pin=SW_ESC-5
Added Pin To Net: NetName=GND Pin=SW_F-5
Added Pin To Net: NetName=GND Pin=SW_FUNC-5
Added Pin To Net: NetName=GND Pin=SW_G-5
Added Pin To Net: NetName=GND Pin=SW_H-5
Added Pin To Net: NetName=GND Pin=SW_I-5
Added Pin To Net: NetName=GND Pin=SW_J-5
Added Pin To Net: NetName=GND Pin=SW_K-5
Added Pin To Net: NetName=GND Pin=SW_L-5
Added Pin To Net: NetName=GND Pin=SW_LALT-5
Added Pin To Net: NetName=GND Pin=SW_LCTRL-5
Added Pin To Net: NetName=GND Pin=SW_LEFT-5
Added Pin To Net: NetName=GND Pin=SW_LSHIFT-5
Added Pin To Net: NetName=GND Pin=SW_LWIN-5
Added Pin To Net: NetName=GND Pin=SW_M-5
Added Pin To Net: NetName=GND Pin=SW_MENU-5
Added Pin To Net: NetName=GND Pin=SW_N-5
Added Pin To Net: NetName=GND Pin=SW_O-5
Added Pin To Net: NetName=GND Pin=SW_P-5
Added Pin To Net: NetName=GND Pin=SW_Q-5
Added Pin To Net: NetName=GND Pin=SW_R-5
Added Pin To Net: NetName=GND Pin=SW_RIGHT-5
Added Pin To Net: NetName=GND Pin=SW_S-5
Added Pin To Net: NetName=GND Pin=SW_SPACE-5
Added Pin To Net: NetName=GND Pin=SW_T-5
Added Pin To Net: NetName=GND Pin=SW_TAP-5
Added Pin To Net: NetName=GND Pin=SW_U-5
Added Pin To Net: NetName=GND Pin=SW_V-5
Added Pin To Net: NetName=GND Pin=SW_W-5
Added Pin To Net: NetName=GND Pin=SW_X-5
Added Pin To Net: NetName=GND Pin=SW_Y-5
Added Pin To Net: NetName=GND Pin=SW_Z-5
Added Net: Name=GND
Added Pin To Net: NetName=KB_C0 Pin=SW_CAPSLOCK-1
Added Pin To Net: NetName=KB_C0 Pin=SW_CAPSLOCK-1
Added Pin To Net: NetName=KB_C0 Pin=SW_ESC-1
Added Pin To Net: NetName=KB_C0 Pin=SW_ESC-1
Added Pin To Net: NetName=KB_C0 Pin=SW_LCTRL-1
Added Pin To Net: NetName=KB_C0 Pin=SW_LCTRL-1
Added Pin To Net: NetName=KB_C0 Pin=SW_LSHIFT-1
Added Pin To Net: NetName=KB_C0 Pin=SW_LSHIFT-1
Added Pin To Net: NetName=KB_C0 Pin=SW_TAP-1
Added Pin To Net: NetName=KB_C0 Pin=SW_TAP-1
Added Net: Name=KB_C0
Added Pin To Net: NetName=KB_C1 Pin=SW_1-1
Added Pin To Net: NetName=KB_C1 Pin=SW_1-1
Added Pin To Net: NetName=KB_C1 Pin=SW_A-1
Added Pin To Net: NetName=KB_C1 Pin=SW_A-1
Added Pin To Net: NetName=KB_C1 Pin=SW_LWIN-1
Added Pin To Net: NetName=KB_C1 Pin=SW_LWIN-1
Added Pin To Net: NetName=KB_C1 Pin=SW_Q-1
Added Pin To Net: NetName=KB_C1 Pin=SW_Q-1
Added Pin To Net: NetName=KB_C1 Pin=SW_Z-1
Added Pin To Net: NetName=KB_C1 Pin=SW_Z-1
Added Net: Name=KB_C1
Added Pin To Net: NetName=KB_C2 Pin=SW_2-1
Added Pin To Net: NetName=KB_C2 Pin=SW_2-1
Added Pin To Net: NetName=KB_C2 Pin=SW_LALT-1
Added Pin To Net: NetName=KB_C2 Pin=SW_LALT-1
Added Pin To Net: NetName=KB_C2 Pin=SW_S-1
Added Pin To Net: NetName=KB_C2 Pin=SW_S-1
Added Pin To Net: NetName=KB_C2 Pin=SW_W-1
Added Pin To Net: NetName=KB_C2 Pin=SW_W-1
Added Pin To Net: NetName=KB_C2 Pin=SW_X-1
Added Pin To Net: NetName=KB_C2 Pin=SW_X-1
Added Net: Name=KB_C2
Added Pin To Net: NetName=KB_C3 Pin=SW_3-1
Added Pin To Net: NetName=KB_C3 Pin=SW_3-1
Added Pin To Net: NetName=KB_C3 Pin=SW_C-1
Added Pin To Net: NetName=KB_C3 Pin=SW_C-1
Added Pin To Net: NetName=KB_C3 Pin=SW_D-1
Added Pin To Net: NetName=KB_C3 Pin=SW_D-1
Added Pin To Net: NetName=KB_C3 Pin=SW_E-1
Added Pin To Net: NetName=KB_C3 Pin=SW_E-1
Added Net: Name=KB_C3
Added Pin To Net: NetName=KB_C4 Pin=SW_4-1
Added Pin To Net: NetName=KB_C4 Pin=SW_4-1
Added Pin To Net: NetName=KB_C4 Pin=SW_F-1
Added Pin To Net: NetName=KB_C4 Pin=SW_F-1
Added Pin To Net: NetName=KB_C4 Pin=SW_R-1
Added Pin To Net: NetName=KB_C4 Pin=SW_R-1
Added Pin To Net: NetName=KB_C4 Pin=SW_V-1
Added Pin To Net: NetName=KB_C4 Pin=SW_V-1
Added Net: Name=KB_C4
Added Pin To Net: NetName=KB_C5 Pin=SW_5-1
Added Pin To Net: NetName=KB_C5 Pin=SW_5-1
Added Pin To Net: NetName=KB_C5 Pin=SW_B-1
Added Pin To Net: NetName=KB_C5 Pin=SW_B-1
Added Pin To Net: NetName=KB_C5 Pin=SW_G-1
Added Pin To Net: NetName=KB_C5 Pin=SW_G-1
Added Pin To Net: NetName=KB_C5 Pin=SW_T-1
Added Pin To Net: NetName=KB_C5 Pin=SW_T-1
Added Net: Name=KB_C5
Added Pin To Net: NetName=KB_C6 Pin=SW_6-1
Added Pin To Net: NetName=KB_C6 Pin=SW_6-1
Added Pin To Net: NetName=KB_C6 Pin=SW_H-1
Added Pin To Net: NetName=KB_C6 Pin=SW_H-1
Added Pin To Net: NetName=KB_C6 Pin=SW_N-1
Added Pin To Net: NetName=KB_C6 Pin=SW_N-1
Added Pin To Net: NetName=KB_C6 Pin=SW_SPACE-1
Added Pin To Net: NetName=KB_C6 Pin=SW_SPACE-1
Added Pin To Net: NetName=KB_C6 Pin=SW_Y-1
Added Pin To Net: NetName=KB_C6 Pin=SW_Y-1
Added Net: Name=KB_C6
Added Pin To Net: NetName=KB_C7 Pin=SW_7-1
Added Pin To Net: NetName=KB_C7 Pin=SW_7-1
Added Pin To Net: NetName=KB_C7 Pin=SW_J-1
Added Pin To Net: NetName=KB_C7 Pin=SW_J-1
Added Pin To Net: NetName=KB_C7 Pin=SW_M-1
Added Pin To Net: NetName=KB_C7 Pin=SW_M-1
Added Pin To Net: NetName=KB_C7 Pin=SW_U-1
Added Pin To Net: NetName=KB_C7 Pin=SW_U-1
Added Net: Name=KB_C7
Added Pin To Net: NetName=KB_C8 Pin=SW_8-1
Added Pin To Net: NetName=KB_C8 Pin=SW_8-1
Added Pin To Net: NetName=KB_C8 Pin=SW_,-1
Added Pin To Net: NetName=KB_C8 Pin=SW_,-1
Added Pin To Net: NetName=KB_C8 Pin=SW_I-1
Added Pin To Net: NetName=KB_C8 Pin=SW_I-1
Added Pin To Net: NetName=KB_C8 Pin=SW_K-1
Added Pin To Net: NetName=KB_C8 Pin=SW_K-1
Added Net: Name=KB_C8
Added Pin To Net: NetName=KB_C9 Pin=SW_9-1
Added Pin To Net: NetName=KB_C9 Pin=SW_9-1
Added Pin To Net: NetName=KB_C9 Pin=SW_.-1
Added Pin To Net: NetName=KB_C9 Pin=SW_.-1
Added Pin To Net: NetName=KB_C9 Pin=SW_FUNC-1
Added Pin To Net: NetName=KB_C9 Pin=SW_FUNC-1
Added Pin To Net: NetName=KB_C9 Pin=SW_L-1
Added Pin To Net: NetName=KB_C9 Pin=SW_L-1
Added Pin To Net: NetName=KB_C9 Pin=SW_O-1
Added Pin To Net: NetName=KB_C9 Pin=SW_O-1
Added Net: Name=KB_C9
Added Pin To Net: NetName=KB_C10 Pin=SW_0-1
Added Pin To Net: NetName=KB_C10 Pin=SW_0-1
Added Pin To Net: NetName=KB_C10 Pin=SW_/-1
Added Pin To Net: NetName=KB_C10 Pin=SW_/-1
Added Pin To Net: NetName=KB_C10 Pin=SW_;-1
Added Pin To Net: NetName=KB_C10 Pin=SW_;-1
Added Pin To Net: NetName=KB_C10 Pin=SW_MENU-1
Added Pin To Net: NetName=KB_C10 Pin=SW_MENU-1
Added Pin To Net: NetName=KB_C10 Pin=SW_P-1
Added Pin To Net: NetName=KB_C10 Pin=SW_P-1
Added Net: Name=KB_C10
Added Pin To Net: NetName=KB_C11 Pin=SW_'-1
Added Pin To Net: NetName=KB_C11 Pin=SW_'-1
Added Pin To Net: NetName=KB_C11 Pin=SW_--1
Added Pin To Net: NetName=KB_C11 Pin=SW_--1
Added Pin To Net: NetName=KB_C11 Pin=SW_[-1
Added Pin To Net: NetName=KB_C11 Pin=SW_[-1
Added Pin To Net: NetName=KB_C11 Pin=SW_LEFT-1
Added Pin To Net: NetName=KB_C11 Pin=SW_LEFT-1
Added Pin To Net: NetName=KB_C11 Pin=SW_RSHIFT-1
Added Pin To Net: NetName=KB_C11 Pin=SW_RSHIFT-1
Added Net: Name=KB_C11
Added Pin To Net: NetName=KB_C12 Pin=SW_=-1
Added Pin To Net: NetName=KB_C12 Pin=SW_=-1
Added Pin To Net: NetName=KB_C12 Pin=SW_]-1
Added Pin To Net: NetName=KB_C12 Pin=SW_]-1
Added Pin To Net: NetName=KB_C12 Pin=SW_DOWN-1
Added Pin To Net: NetName=KB_C12 Pin=SW_DOWN-1
Added Pin To Net: NetName=KB_C12 Pin=SW_UP-1
Added Pin To Net: NetName=KB_C12 Pin=SW_UP-1
Added Net: Name=KB_C12
Added Pin To Net: NetName=KB_C13 Pin=SW_\-1
Added Pin To Net: NetName=KB_C13 Pin=SW_\-1
Added Pin To Net: NetName=KB_C13 Pin=SW_BACKSPACE-1
Added Pin To Net: NetName=KB_C13 Pin=SW_BACKSPACE-1
Added Pin To Net: NetName=KB_C13 Pin=SW_DEL-1
Added Pin To Net: NetName=KB_C13 Pin=SW_DEL-1
Added Pin To Net: NetName=KB_C13 Pin=SW_ENTER-1
Added Pin To Net: NetName=KB_C13 Pin=SW_ENTER-1
Added Pin To Net: NetName=KB_C13 Pin=SW_RIGHT-1
Added Pin To Net: NetName=KB_C13 Pin=SW_RIGHT-1
Added Net: Name=KB_C13
Added Pin To Net: NetName=KB_R0 Pin=SW_0-2
Added Pin To Net: NetName=KB_R0 Pin=SW_0-2
Added Pin To Net: NetName=KB_R0 Pin=SW_1-2
Added Pin To Net: NetName=KB_R0 Pin=SW_1-2
Added Pin To Net: NetName=KB_R0 Pin=SW_2-2
Added Pin To Net: NetName=KB_R0 Pin=SW_2-2
Added Pin To Net: NetName=KB_R0 Pin=SW_3-2
Added Pin To Net: NetName=KB_R0 Pin=SW_3-2
Added Pin To Net: NetName=KB_R0 Pin=SW_4-2
Added Pin To Net: NetName=KB_R0 Pin=SW_4-2
Added Pin To Net: NetName=KB_R0 Pin=SW_5-2
Added Pin To Net: NetName=KB_R0 Pin=SW_5-2
Added Pin To Net: NetName=KB_R0 Pin=SW_6-2
Added Pin To Net: NetName=KB_R0 Pin=SW_6-2
Added Pin To Net: NetName=KB_R0 Pin=SW_7-2
Added Pin To Net: NetName=KB_R0 Pin=SW_7-2
Added Pin To Net: NetName=KB_R0 Pin=SW_8-2
Added Pin To Net: NetName=KB_R0 Pin=SW_8-2
Added Pin To Net: NetName=KB_R0 Pin=SW_9-2
Added Pin To Net: NetName=KB_R0 Pin=SW_9-2
Added Pin To Net: NetName=KB_R0 Pin=SW_--2
Added Pin To Net: NetName=KB_R0 Pin=SW_--2
Added Pin To Net: NetName=KB_R0 Pin=SW_=-2
Added Pin To Net: NetName=KB_R0 Pin=SW_=-2
Added Pin To Net: NetName=KB_R0 Pin=SW_BACKSPACE-2
Added Pin To Net: NetName=KB_R0 Pin=SW_BACKSPACE-2
Added Pin To Net: NetName=KB_R0 Pin=SW_ESC-2
Added Pin To Net: NetName=KB_R0 Pin=SW_ESC-2
Added Net: Name=KB_R0
Added Pin To Net: NetName=KB_R1 Pin=SW_[-2
Added Pin To Net: NetName=KB_R1 Pin=SW_[-2
Added Pin To Net: NetName=KB_R1 Pin=SW_\-2
Added Pin To Net: NetName=KB_R1 Pin=SW_\-2
Added Pin To Net: NetName=KB_R1 Pin=SW_]-2
Added Pin To Net: NetName=KB_R1 Pin=SW_]-2
Added Pin To Net: NetName=KB_R1 Pin=SW_E-2
Added Pin To Net: NetName=KB_R1 Pin=SW_E-2
Added Pin To Net: NetName=KB_R1 Pin=SW_I-2
Added Pin To Net: NetName=KB_R1 Pin=SW_I-2
Added Pin To Net: NetName=KB_R1 Pin=SW_O-2
Added Pin To Net: NetName=KB_R1 Pin=SW_O-2
Added Pin To Net: NetName=KB_R1 Pin=SW_P-2
Added Pin To Net: NetName=KB_R1 Pin=SW_P-2
Added Pin To Net: NetName=KB_R1 Pin=SW_Q-2
Added Pin To Net: NetName=KB_R1 Pin=SW_Q-2
Added Pin To Net: NetName=KB_R1 Pin=SW_R-2
Added Pin To Net: NetName=KB_R1 Pin=SW_R-2
Added Pin To Net: NetName=KB_R1 Pin=SW_T-2
Added Pin To Net: NetName=KB_R1 Pin=SW_T-2
Added Pin To Net: NetName=KB_R1 Pin=SW_TAP-2
Added Pin To Net: NetName=KB_R1 Pin=SW_TAP-2
Added Pin To Net: NetName=KB_R1 Pin=SW_U-2
Added Pin To Net: NetName=KB_R1 Pin=SW_U-2
Added Pin To Net: NetName=KB_R1 Pin=SW_W-2
Added Pin To Net: NetName=KB_R1 Pin=SW_W-2
Added Pin To Net: NetName=KB_R1 Pin=SW_Y-2
Added Pin To Net: NetName=KB_R1 Pin=SW_Y-2
Added Net: Name=KB_R1
Added Pin To Net: NetName=KB_R2 Pin=SW_'-2
Added Pin To Net: NetName=KB_R2 Pin=SW_'-2
Added Pin To Net: NetName=KB_R2 Pin=SW_;-2
Added Pin To Net: NetName=KB_R2 Pin=SW_;-2
Added Pin To Net: NetName=KB_R2 Pin=SW_A-2
Added Pin To Net: NetName=KB_R2 Pin=SW_A-2
Added Pin To Net: NetName=KB_R2 Pin=SW_CAPSLOCK-2
Added Pin To Net: NetName=KB_R2 Pin=SW_CAPSLOCK-2
Added Pin To Net: NetName=KB_R2 Pin=SW_D-2
Added Pin To Net: NetName=KB_R2 Pin=SW_D-2
Added Pin To Net: NetName=KB_R2 Pin=SW_ENTER-2
Added Pin To Net: NetName=KB_R2 Pin=SW_ENTER-2
Added Pin To Net: NetName=KB_R2 Pin=SW_F-2
Added Pin To Net: NetName=KB_R2 Pin=SW_F-2
Added Pin To Net: NetName=KB_R2 Pin=SW_G-2
Added Pin To Net: NetName=KB_R2 Pin=SW_G-2
Added Pin To Net: NetName=KB_R2 Pin=SW_H-2
Added Pin To Net: NetName=KB_R2 Pin=SW_H-2
Added Pin To Net: NetName=KB_R2 Pin=SW_J-2
Added Pin To Net: NetName=KB_R2 Pin=SW_J-2
Added Pin To Net: NetName=KB_R2 Pin=SW_K-2
Added Pin To Net: NetName=KB_R2 Pin=SW_K-2
Added Pin To Net: NetName=KB_R2 Pin=SW_L-2
Added Pin To Net: NetName=KB_R2 Pin=SW_L-2
Added Pin To Net: NetName=KB_R2 Pin=SW_S-2
Added Pin To Net: NetName=KB_R2 Pin=SW_S-2
Added Net: Name=KB_R2
Added Pin To Net: NetName=KB_R3 Pin=SW_,-2
Added Pin To Net: NetName=KB_R3 Pin=SW_,-2
Added Pin To Net: NetName=KB_R3 Pin=SW_.-2
Added Pin To Net: NetName=KB_R3 Pin=SW_.-2
Added Pin To Net: NetName=KB_R3 Pin=SW_/-2
Added Pin To Net: NetName=KB_R3 Pin=SW_/-2
Added Pin To Net: NetName=KB_R3 Pin=SW_B-2
Added Pin To Net: NetName=KB_R3 Pin=SW_B-2
Added Pin To Net: NetName=KB_R3 Pin=SW_C-2
Added Pin To Net: NetName=KB_R3 Pin=SW_C-2
Added Pin To Net: NetName=KB_R3 Pin=SW_DEL-2
Added Pin To Net: NetName=KB_R3 Pin=SW_DEL-2
Added Pin To Net: NetName=KB_R3 Pin=SW_LSHIFT-2
Added Pin To Net: NetName=KB_R3 Pin=SW_LSHIFT-2
Added Pin To Net: NetName=KB_R3 Pin=SW_M-2
Added Pin To Net: NetName=KB_R3 Pin=SW_M-2
Added Pin To Net: NetName=KB_R3 Pin=SW_N-2
Added Pin To Net: NetName=KB_R3 Pin=SW_N-2
Added Pin To Net: NetName=KB_R3 Pin=SW_RSHIFT-2
Added Pin To Net: NetName=KB_R3 Pin=SW_RSHIFT-2
Added Pin To Net: NetName=KB_R3 Pin=SW_UP-2
Added Pin To Net: NetName=KB_R3 Pin=SW_UP-2
Added Pin To Net: NetName=KB_R3 Pin=SW_V-2
Added Pin To Net: NetName=KB_R3 Pin=SW_V-2
Added Pin To Net: NetName=KB_R3 Pin=SW_X-2
Added Pin To Net: NetName=KB_R3 Pin=SW_X-2
Added Pin To Net: NetName=KB_R3 Pin=SW_Z-2
Added Pin To Net: NetName=KB_R3 Pin=SW_Z-2
Added Net: Name=KB_R3
Added Pin To Net: NetName=KB_R4 Pin=SW_DOWN-2
Added Pin To Net: NetName=KB_R4 Pin=SW_DOWN-2
Added Pin To Net: NetName=KB_R4 Pin=SW_FUNC-2
Added Pin To Net: NetName=KB_R4 Pin=SW_FUNC-2
Added Pin To Net: NetName=KB_R4 Pin=SW_LALT-2
Added Pin To Net: NetName=KB_R4 Pin=SW_LALT-2
Added Pin To Net: NetName=KB_R4 Pin=SW_LCTRL-2
Added Pin To Net: NetName=KB_R4 Pin=SW_LCTRL-2
Added Pin To Net: NetName=KB_R4 Pin=SW_LEFT-2
Added Pin To Net: NetName=KB_R4 Pin=SW_LEFT-2
Added Pin To Net: NetName=KB_R4 Pin=SW_LWIN-2
Added Pin To Net: NetName=KB_R4 Pin=SW_LWIN-2
Added Pin To Net: NetName=KB_R4 Pin=SW_MENU-2
Added Pin To Net: NetName=KB_R4 Pin=SW_MENU-2
Added Pin To Net: NetName=KB_R4 Pin=SW_RIGHT-2
Added Pin To Net: NetName=KB_R4 Pin=SW_RIGHT-2
Added Pin To Net: NetName=KB_R4 Pin=SW_SPACE-2
Added Pin To Net: NetName=KB_R4 Pin=SW_SPACE-2
Added Net: Name=KB_R4
Added Pin To Net: NetName=NetSW_0_4 Pin=SW_0-4
Added Pin To Net: NetName=NetSW_0_4 Pin=SW_--6
Added Net: Name=NetSW_0_4
Added Pin To Net: NetName=NetSW_0_6 Pin=SW_0-6
Added Pin To Net: NetName=NetSW_0_6 Pin=SW_9-4
Added Net: Name=NetSW_0_6
Added Pin To Net: NetName=NetSW_1_4 Pin=SW_1-4
Added Pin To Net: NetName=NetSW_1_4 Pin=SW_2-6
Added Net: Name=NetSW_1_4
Added Pin To Net: NetName=NetSW_1_6 Pin=SW_1-6
Added Pin To Net: NetName=NetSW_1_6 Pin=SW_ESC-4
Added Net: Name=NetSW_1_6
Added Pin To Net: NetName=NetSW_2_4 Pin=SW_2-4
Added Pin To Net: NetName=NetSW_2_4 Pin=SW_3-6
Added Net: Name=NetSW_2_4
Added Pin To Net: NetName=NetSW_3_4 Pin=SW_3-4
Added Pin To Net: NetName=NetSW_3_4 Pin=SW_4-6
Added Net: Name=NetSW_3_4
Added Pin To Net: NetName=NetSW_4_4 Pin=SW_4-4
Added Pin To Net: NetName=NetSW_4_4 Pin=SW_5-6
Added Net: Name=NetSW_4_4
Added Pin To Net: NetName=NetSW_5_4 Pin=SW_5-4
Added Pin To Net: NetName=NetSW_5_4 Pin=SW_6-6
Added Net: Name=NetSW_5_4
Added Pin To Net: NetName=NetSW_6_4 Pin=SW_6-4
Added Pin To Net: NetName=NetSW_6_4 Pin=SW_7-6
Added Net: Name=NetSW_6_4
Added Pin To Net: NetName=NetSW_7_4 Pin=SW_7-4
Added Pin To Net: NetName=NetSW_7_4 Pin=SW_8-6
Added Net: Name=NetSW_7_4
Added Pin To Net: NetName=NetSW_8_4 Pin=SW_8-4
Added Pin To Net: NetName=NetSW_8_4 Pin=SW_9-6
Added Net: Name=NetSW_8_4
Added Pin To Net: NetName=NetSW_'_4 Pin=SW_'-4
Added Pin To Net: NetName=NetSW_'_4 Pin=SW_ENTER-6
Added Net: Name=NetSW_'_4
Added Pin To Net: NetName=NetSW_'_6 Pin=SW_'-6
Added Pin To Net: NetName=NetSW_'_6 Pin=SW_;-4
Added Net: Name=NetSW_'_6
Added Pin To Net: NetName=NetSW_,_4 Pin=SW_,-4
Added Pin To Net: NetName=NetSW_,_4 Pin=SW_.-6
Added Net: Name=NetSW_,_4
Added Pin To Net: NetName=NetSW_,_6 Pin=SW_,-6
Added Pin To Net: NetName=NetSW_,_6 Pin=SW_M-4
Added Net: Name=NetSW_,_6
Added Pin To Net: NetName=NetSW_-_4 Pin=SW_--4
Added Pin To Net: NetName=NetSW_-_4 Pin=SW_=-6
Added Net: Name=NetSW_-_4
Added Pin To Net: NetName=NetSW_._4 Pin=SW_.-4
Added Pin To Net: NetName=NetSW_._4 Pin=SW_/-6
Added Net: Name=NetSW_._4
Added Pin To Net: NetName=NetSW_/_4 Pin=SW_/-4
Added Pin To Net: NetName=NetSW_/_4 Pin=SW_RSHIFT-6
Added Net: Name=NetSW_/_4
Added Pin To Net: NetName=NetSW_;_6 Pin=SW_;-6
Added Pin To Net: NetName=NetSW_;_6 Pin=SW_L-4
Added Net: Name=NetSW_;_6
Added Pin To Net: NetName=NetSW_=_4 Pin=SW_=-4
Added Pin To Net: NetName=NetSW_=_4 Pin=SW_BACKSPACE-6
Added Net: Name=NetSW_=_4
Added Pin To Net: NetName=NetSW_[_4 Pin=SW_[-4
Added Pin To Net: NetName=NetSW_[_4 Pin=SW_]-6
Added Net: Name=NetSW_[_4
Added Pin To Net: NetName=NetSW_[_6 Pin=SW_[-6
Added Pin To Net: NetName=NetSW_[_6 Pin=SW_P-4
Added Net: Name=NetSW_[_6
Added Pin To Net: NetName=NetSW_\_4 Pin=SW_\-4
Added Pin To Net: NetName=NetSW_\_4 Pin=SW_CAPSLOCK-6
Added Net: Name=NetSW_\_4
Added Pin To Net: NetName=NetSW_\_6 Pin=SW_\-6
Added Pin To Net: NetName=NetSW_\_6 Pin=SW_]-4
Added Net: Name=NetSW_\_6
Added Pin To Net: NetName=NetSW_A_4 Pin=SW_A-4
Added Pin To Net: NetName=NetSW_A_4 Pin=SW_S-6
Added Net: Name=NetSW_A_4
Added Pin To Net: NetName=NetSW_A_6 Pin=SW_A-6
Added Pin To Net: NetName=NetSW_A_6 Pin=SW_CAPSLOCK-4
Added Net: Name=NetSW_A_6
Added Pin To Net: NetName=NetSW_B_4 Pin=SW_B-4
Added Pin To Net: NetName=NetSW_B_4 Pin=SW_N-6
Added Net: Name=NetSW_B_4
Added Pin To Net: NetName=NetSW_B_6 Pin=SW_B-6
Added Pin To Net: NetName=NetSW_B_6 Pin=SW_V-4
Added Net: Name=NetSW_B_6
Added Pin To Net: NetName=NetSW_BACKSPACE_4 Pin=SW_BACKSPACE-4
Added Pin To Net: NetName=NetSW_BACKSPACE_4 Pin=SW_TAP-6
Added Net: Name=NetSW_BACKSPACE_4
Added Pin To Net: NetName=NetSW_C_4 Pin=SW_C-4
Added Pin To Net: NetName=NetSW_C_4 Pin=SW_V-6
Added Net: Name=NetSW_C_4
Added Pin To Net: NetName=NetSW_C_6 Pin=SW_C-6
Added Pin To Net: NetName=NetSW_C_6 Pin=SW_X-4
Added Net: Name=NetSW_C_6
Added Pin To Net: NetName=NetSW_D_4 Pin=SW_D-4
Added Pin To Net: NetName=NetSW_D_4 Pin=SW_F-6
Added Net: Name=NetSW_D_4
Added Pin To Net: NetName=NetSW_D_6 Pin=SW_D-6
Added Pin To Net: NetName=NetSW_D_6 Pin=SW_S-4
Added Net: Name=NetSW_D_6
Added Pin To Net: NetName=NetSW_DEL_4 Pin=SW_DEL-4
Added Pin To Net: NetName=NetSW_DEL_4 Pin=SW_LCTRL-6
Added Net: Name=NetSW_DEL_4
Added Pin To Net: NetName=NetSW_DEL_6 Pin=SW_DEL-6
Added Pin To Net: NetName=NetSW_DEL_6 Pin=SW_UP-4
Added Net: Name=NetSW_DEL_6
Added Pin To Net: NetName=NetSW_DOWN_4 Pin=SW_DOWN-4
Added Pin To Net: NetName=NetSW_DOWN_4 Pin=SW_RIGHT-6
Added Net: Name=NetSW_DOWN_4
Added Pin To Net: NetName=NetSW_DOWN_6 Pin=SW_DOWN-6
Added Pin To Net: NetName=NetSW_DOWN_6 Pin=SW_LEFT-4
Added Net: Name=NetSW_DOWN_6
Added Pin To Net: NetName=NetSW_E_4 Pin=SW_E-4
Added Pin To Net: NetName=NetSW_E_4 Pin=SW_R-6
Added Net: Name=NetSW_E_4
Added Pin To Net: NetName=NetSW_E_6 Pin=SW_E-6
Added Pin To Net: NetName=NetSW_E_6 Pin=SW_W-4
Added Net: Name=NetSW_E_6
Added Pin To Net: NetName=NetSW_ENTER_4 Pin=SW_ENTER-4
Added Pin To Net: NetName=NetSW_ENTER_4 Pin=SW_LSHIFT-6
Added Net: Name=NetSW_ENTER_4
Added Pin To Net: NetName=NetSW_F_4 Pin=SW_F-4
Added Pin To Net: NetName=NetSW_F_4 Pin=SW_G-6
Added Net: Name=NetSW_F_4
Added Pin To Net: NetName=NetSW_FUNC_4 Pin=SW_FUNC-4
Added Pin To Net: NetName=NetSW_FUNC_4 Pin=SW_MENU-6
Added Net: Name=NetSW_FUNC_4
Added Pin To Net: NetName=NetSW_FUNC_6 Pin=SW_FUNC-6
Added Pin To Net: NetName=NetSW_FUNC_6 Pin=SW_SPACE-4
Added Net: Name=NetSW_FUNC_6
Added Pin To Net: NetName=NetSW_G_4 Pin=SW_G-4
Added Pin To Net: NetName=NetSW_G_4 Pin=SW_H-6
Added Net: Name=NetSW_G_4
Added Pin To Net: NetName=NetSW_H_4 Pin=SW_H-4
Added Pin To Net: NetName=NetSW_H_4 Pin=SW_J-6
Added Net: Name=NetSW_H_4
Added Pin To Net: NetName=NetSW_I_4 Pin=SW_I-4
Added Pin To Net: NetName=NetSW_I_4 Pin=SW_O-6
Added Net: Name=NetSW_I_4
Added Pin To Net: NetName=NetSW_I_6 Pin=SW_I-6
Added Pin To Net: NetName=NetSW_I_6 Pin=SW_U-4
Added Net: Name=NetSW_I_6
Added Pin To Net: NetName=NetSW_J_4 Pin=SW_J-4
Added Pin To Net: NetName=NetSW_J_4 Pin=SW_K-6
Added Net: Name=NetSW_J_4
Added Pin To Net: NetName=NetSW_K_4 Pin=SW_K-4
Added Pin To Net: NetName=NetSW_K_4 Pin=SW_L-6
Added Net: Name=NetSW_K_4
Added Pin To Net: NetName=NetSW_LALT_4 Pin=SW_LALT-4
Added Pin To Net: NetName=NetSW_LALT_4 Pin=SW_SPACE-6
Added Net: Name=NetSW_LALT_4
Added Pin To Net: NetName=NetSW_LALT_6 Pin=SW_LALT-6
Added Pin To Net: NetName=NetSW_LALT_6 Pin=SW_LWIN-4
Added Net: Name=NetSW_LALT_6
Added Pin To Net: NetName=NetSW_LCTRL_4 Pin=SW_LCTRL-4
Added Pin To Net: NetName=NetSW_LCTRL_4 Pin=SW_LWIN-6
Added Net: Name=NetSW_LCTRL_4
Added Pin To Net: NetName=NetSW_LEFT_6 Pin=SW_LEFT-6
Added Pin To Net: NetName=NetSW_LEFT_6 Pin=SW_MENU-4
Added Net: Name=NetSW_LEFT_6
Added Pin To Net: NetName=NetSW_LSHIFT_4 Pin=SW_LSHIFT-4
Added Pin To Net: NetName=NetSW_LSHIFT_4 Pin=SW_Z-6
Added Net: Name=NetSW_LSHIFT_4
Added Pin To Net: NetName=NetSW_M_6 Pin=SW_M-6
Added Pin To Net: NetName=NetSW_M_6 Pin=SW_N-4
Added Net: Name=NetSW_M_6
Added Pin To Net: NetName=NetSW_O_4 Pin=SW_O-4
Added Pin To Net: NetName=NetSW_O_4 Pin=SW_P-6
Added Net: Name=NetSW_O_4
Added Pin To Net: NetName=NetSW_Q_4 Pin=SW_Q-4
Added Pin To Net: NetName=NetSW_Q_4 Pin=SW_W-6
Added Net: Name=NetSW_Q_4
Added Pin To Net: NetName=NetSW_Q_6 Pin=SW_Q-6
Added Pin To Net: NetName=NetSW_Q_6 Pin=SW_TAP-4
Added Net: Name=NetSW_Q_6
Added Pin To Net: NetName=NetSW_R_4 Pin=SW_R-4
Added Pin To Net: NetName=NetSW_R_4 Pin=SW_T-6
Added Net: Name=NetSW_R_4
Added Pin To Net: NetName=NetSW_RSHIFT_4 Pin=SW_RSHIFT-4
Added Pin To Net: NetName=NetSW_RSHIFT_4 Pin=SW_UP-6
Added Net: Name=NetSW_RSHIFT_4
Added Pin To Net: NetName=NetSW_T_4 Pin=SW_T-4
Added Pin To Net: NetName=NetSW_T_4 Pin=SW_Y-6
Added Net: Name=NetSW_T_4
Added Pin To Net: NetName=NetSW_U_6 Pin=SW_U-6
Added Pin To Net: NetName=NetSW_U_6 Pin=SW_Y-4
Added Net: Name=NetSW_U_6
Added Pin To Net: NetName=NetSW_X_6 Pin=SW_X-6
Added Pin To Net: NetName=NetSW_X_6 Pin=SW_Z-4
Added Net: Name=NetSW_X_6
Added Room: Name=Sheet1
