Added Pin To Net: NetName=GND Pin=SW_1-7
Added Pin To Net: NetName=GND Pin=SW_2-7
Added Pin To Net: NetName=GND Pin=SW_3-7
Added Pin To Net: NetName=GND Pin=SW_4-7
Added Pin To Net: NetName=GND Pin=SW_5-7
Added Pin To Net: NetName=GND Pin=SW_6-7
Added Pin To Net: NetName=GND Pin=SW_7-7
Added Pin To Net: NetName=GND Pin=SW_8-7
Added Pin To Net: NetName=GND Pin=SW_9-7
Added Pin To Net: NetName=GND Pin=SW_10-7
Added Pin To Net: NetName=GND Pin=SW_'1-7
Added Pin To Net: NetName=GND Pin=SW_,1-7
Added Pin To Net: NetName=GND Pin=SW_-1-7
Added Pin To Net: NetName=GND Pin=SW_.1-7
Added Pin To Net: NetName=GND Pin=SW_/1-7
Added Pin To Net: NetName=GND Pin=SW_;1-7
Added Pin To Net: NetName=GND Pin=SW_=1-7
Added Pin To Net: NetName=GND Pin=SW_[1-7
Added Pin To Net: NetName=GND Pin=SW_\1-7
Added Pin To Net: NetName=GND Pin=SW_]1-7
Added Pin To Net: NetName=GND Pin=SW_A1-7
Added Pin To Net: NetName=GND Pin=SW_B1-7
Added Pin To Net: NetName=GND Pin=SW_BACKSPACE1-7
Added Pin To Net: NetName=GND Pin=SW_C1-7
Added Pin To Net: NetName=GND Pin=SW_CAPSLOCK1-7
Added Pin To Net: NetName=GND Pin=SW_D1-7
Added Pin To Net: NetName=GND Pin=SW_DEL1-7
Added Pin To Net: NetName=GND Pin=SW_DOWN1-7
Added Pin To Net: NetName=GND Pin=SW_E1-7
Added Pin To Net: NetName=GND Pin=SW_ENTER1-7
Added Pin To Net: NetName=GND Pin=SW_ESC1-7
Added Pin To Net: NetName=GND Pin=SW_F1-7
Added Pin To Net: NetName=GND Pin=SW_FUNC1-7
Added Pin To Net: NetName=GND Pin=SW_G1-7
Added Pin To Net: NetName=GND Pin=SW_H1-7
Added Pin To Net: NetName=GND Pin=SW_I1-7
Added Pin To Net: NetName=GND Pin=SW_J1-7
Added Pin To Net: NetName=GND Pin=SW_K1-7
Added Pin To Net: NetName=GND Pin=SW_L1-7
Added Pin To Net: NetName=GND Pin=SW_LALT1-7
Added Pin To Net: NetName=GND Pin=SW_LCTRL1-7
Added Pin To Net: NetName=GND Pin=SW_LEFT1-7
Added Pin To Net: NetName=GND Pin=SW_LSHIFT1-7
Added Pin To Net: NetName=GND Pin=SW_LUI-7
Added Pin To Net: NetName=GND Pin=SW_M1-7
Added Pin To Net: NetName=GND Pin=SW_MENU1-7
Added Pin To Net: NetName=GND Pin=SW_N1-7
Added Pin To Net: NetName=GND Pin=SW_O1-7
Added Pin To Net: NetName=GND Pin=SW_P1-7
Added Pin To Net: NetName=GND Pin=SW_Q1-7
Added Pin To Net: NetName=GND Pin=SW_R1-7
Added Pin To Net: NetName=GND Pin=SW_RIGHT1-7
Added Pin To Net: NetName=GND Pin=SW_RSHIFT1-7
Added Pin To Net: NetName=GND Pin=SW_S1-7
Added Pin To Net: NetName=GND Pin=SW_SPACE1-7
Added Pin To Net: NetName=GND Pin=SW_T1-7
Added Pin To Net: NetName=GND Pin=SW_TAB1-7
Added Pin To Net: NetName=GND Pin=SW_U1-7
Added Pin To Net: NetName=GND Pin=SW_UP1-7
Added Pin To Net: NetName=GND Pin=SW_V1-7
Added Pin To Net: NetName=GND Pin=SW_W1-7
Added Pin To Net: NetName=GND Pin=SW_X1-7
Added Pin To Net: NetName=GND Pin=SW_Y1-7
Added Pin To Net: NetName=GND Pin=SW_Z1-7
