Added Component: Designator=R1(R0603_L)
Add component (AddParameter): Name = "BOM名称"; Value = "贴片电阻"; VariantName = "[No Variations]"
Add component (AddParameter): Name = "联系卖家，免费查找封装"; Value = "唯一出售店铺网址https://shop463601444.taobao.com"; VariantName = "[No Variations]"
Added Component: Designator=R2(R0603_L)
Add component (AddParameter): Name = "BOM名称"; Value = "贴片电阻"; VariantName = "[No Variations]"
Add component (AddParameter): Name = "联系卖家，免费查找封装"; Value = "唯一出售店铺网址https://shop463601444.taobao.com"; VariantName = "[No Variations]"
Added Component: Designator=U12(TSSOP16_N)
Add component (AddParameter): Name = "Copyright"; Value = "Copyright (C) 2022 Ultra Librarian. All rights reserved."; VariantName = "[No Variations]"
Add component (AddParameter): Name = "Manufacturer_Part_Number"; Value = "74HC595PW-Q100,118"; VariantName = "[No Variations]"
Add component (AddParameter): Name = "Mfr_Name"; Value = "Nexperia"; VariantName = "[No Variations]"
Add component (AddParameter): Name = "RefDes"; Value = "RefDes"; VariantName = "[No Variations]"
Add component (AddParameter): Name = "Type"; Value = "DEV"; VariantName = "[No Variations]"
Added Component: Designator=U13(TSSOP16_N)
Add component (AddParameter): Name = "Copyright"; Value = "Copyright (C) 2022 Ultra Librarian. All rights reserved."; VariantName = "[No Variations]"
Add component (AddParameter): Name = "Manufacturer_Part_Number"; Value = "74HC595PW-Q100,118"; VariantName = "[No Variations]"
Add component (AddParameter): Name = "Mfr_Name"; Value = "Nexperia"; VariantName = "[No Variations]"
Add component (AddParameter): Name = "RefDes"; Value = "RefDes"; VariantName = "[No Variations]"
Add component (AddParameter): Name = "Type"; Value = "DEV"; VariantName = "[No Variations]"
Added Pin To Net: NetName=GND Pin=R1-2
Added Pin To Net: NetName=ESP32_3V3 Pin=R2-2
Added Pin To Net: NetName=Module11_CS Pin=U12-1
Added Pin To Net: NetName=Module12_CS Pin=U12-2
Added Pin To Net: NetName=Module13_CS Pin=U12-3
Added Pin To Net: NetName=Module0_CS Pin=U12-4
Added Pin To Net: NetName=Module1_CS Pin=U12-5
Added Pin To Net: NetName=Module2_CS Pin=U12-6
Added Pin To Net: NetName=Module3_CS Pin=U12-7
Added Pin To Net: NetName=GND Pin=U12-8
Added Pin To Net: NetName=Module10_CS Pin=U12-15
Added Pin To Net: NetName=ESP32_3V3 Pin=U12-16
Added Pin To Net: NetName=Module5_CS Pin=U13-1
Added Pin To Net: NetName=Module14_CS Pin=U13-2
Added Pin To Net: NetName=Module6_CS Pin=U13-3
Added Pin To Net: NetName=Module7_CS Pin=U13-4
Added Pin To Net: NetName=Module8_CS Pin=U13-5
Added Pin To Net: NetName=Module15_CS Pin=U13-6
Added Pin To Net: NetName=Module9_CS Pin=U13-7
Added Pin To Net: NetName=GND Pin=U13-8
Added Pin To Net: NetName=Module4_CS Pin=U13-15
Added Pin To Net: NetName=ESP32_3V3 Pin=U13-16
Added Pin To Net: NetName=Module4_CS Pin=U?-4
Added Pin To Net: NetName=Module5_CS Pin=U?-5
Added Pin To Net: NetName=Module14_CS Pin=U?-6
Added Pin To Net: NetName=Module6_CS Pin=U?-7
Added Pin To Net: NetName=Module7_CS Pin=U?-8
Added Pin To Net: NetName=Module8_CS Pin=U?-9
Added Pin To Net: NetName=Module15_CS Pin=U?-10
Added Pin To Net: NetName=Module9_CS Pin=U?-11
Added Pin To Net: NetName=GND Pin=U?-12
Added Pin To Net: NetName=Module10_CS Pin=U?-13
Added Pin To Net: NetName=Module11_CS Pin=U?-14
Added Pin To Net: NetName=Module12_CS Pin=U?-15
Added Pin To Net: NetName=Module13_CS Pin=U?-16
Added Pin To Net: NetName=Module0_CS Pin=U?-17
Added Pin To Net: NetName=Module1_CS Pin=U?-18
Added Pin To Net: NetName=Module2_CS Pin=U?-19
Added Pin To Net: NetName=Module3_CS Pin=U?-20
Added Pin To Net: NetName=ESP32_3V3 Pin=U?-24
Added Pin To Net: NetName=NetR1_1 Pin=R1-1
Added Pin To Net: NetName=NetR1_1 Pin=U12-13
Added Pin To Net: NetName=NetR1_1 Pin=U13-13
Added Net: Name=NetR1_1
Added Pin To Net: NetName=NetR2_1 Pin=R2-1
Added Pin To Net: NetName=NetR2_1 Pin=U12-10
Added Pin To Net: NetName=NetR2_1 Pin=U13-10
Added Net: Name=NetR2_1
Added Pin To Net: NetName=NetU12_9 Pin=U12-9
Added Pin To Net: NetName=NetU12_9 Pin=U13-14
Added Net: Name=NetU12_9
Added Pin To Net: NetName=NetU12_11 Pin=U12-11
Added Pin To Net: NetName=NetU12_11 Pin=U13-11
Added Net: Name=NetU12_11
Added Pin To Net: NetName=NetU12_12 Pin=U12-12
Added Pin To Net: NetName=NetU12_12 Pin=U13-12
Added Net: Name=NetU12_12
Added Pin To Net: NetName=NetU12_14 Pin=U12-14
Added Net: Name=NetU12_14
Added Member To Class: ClassName=Sheet1 Member=Component R1 10K
Added Member To Class: ClassName=Sheet1 Member=Component R2 10K
Added Member To Class: ClassName=Sheet1 Member=Component U12 74HC595PW-Q100,118
Added Member To Class: ClassName=Sheet1 Member=Component U13 74HC595PW-Q100,118
Added Member To Class: ClassName=Sheet1 Member=Component U? PCF8574
Added Member To Class: ClassName=Sheet1 Member=Component U? PCF8575
