Removed Pin From Net: NetName=GND Pin=C12-1
Removed Pin From Net: NetName=NetC3_2 Pin=C12-2
Removed Pin From Net: NetName=GND Pin=C13-1
Removed Pin From Net: NetName=NetC3_2 Pin=C13-2
Removed Pin From Net: NetName=GND Pin=C14-1
Removed Pin From Net: NetName=NetC3_2 Pin=C14-2
Removed Pin From Net: NetName=GND Pin=C15-1
Removed Pin From Net: NetName=+3.7_LED Pin=C15-2
Removed Pin From Net: NetName=GND Pin=C16-1
Removed Pin From Net: NetName=+3.7_LED Pin=C16-2
Removed Pin From Net: NetName=GND Pin=C17-1
Removed Pin From Net: NetName=+3.7_LED Pin=C17-2
Removed Pin From Net: NetName=GND Pin=C18-1
Removed Pin From Net: NetName=+3.7_LED Pin=C18-2
Removed Pin From Net: NetName=GND Pin=C19-1
Remove Pin from Net: Failed to remove Pin
Removed Pin From Net: NetName=GND Pin=R2-1
Removed Pin From Net: NetName=GND Pin=U13-2
Removed Pin From Net: NetName=+3.7_LED Pin=U13-4
Removed Pin From Net: NetName=+3.7_LED Pin=U13-5
Removed Pin From Net: NetName=NetC3_2 Pin=U13-10
Removed Pin From Net: NetName=NetC3_2 Pin=U13-11
Removed Pin From Net: NetName=GND Pin=U13-15
Removed Member From Class: ClassName=Sheet1 Member=C12
Removed Member From Class: ClassName=Sheet1 Member=C13
Removed Member From Class: ClassName=Sheet1 Member=C14
Removed Member From Class: ClassName=Sheet1 Member=C15
Removed Member From Class: ClassName=Sheet1 Member=C16
Removed Member From Class: ClassName=Sheet1 Member=C17
Removed Member From Class: ClassName=Sheet1 Member=C18
Removed Member From Class: ClassName=Sheet1 Member=C19
Removed Member From Class: ClassName=Sheet1 Member=L2
Removed Member From Class: ClassName=Sheet1 Member=R2
Removed Member From Class: ClassName=Sheet1 Member=U13
Added Member To Class: ClassName=Sheet1 Member=Component TP1 TEST
Added Member To Class: ClassName=Sheet1 Member=Component TP2 TEST
Added Member To Class: ClassName=Sheet1 Member=Component TP3 TEST
Added Member To Class: ClassName=Sheet1 Member=Component TP4 TEST
Added Member To Class: ClassName=Sheet1 Member=Component TP5 TEST
Added Member To Class: ClassName=Sheet1 Member=Component TP6 TEST
Added Member To Class: ClassName=Sheet1 Member=Component TP7 TEST
