Added Pin To Net: NetName=BKUP_BATT- Pin=SW_0-1
Added Pin To Net: NetName=BKUP_BATT- Pin=SW_0-1
Added Pin To Net: NetName=BKUP_BATT- Pin=SW_0-1
Added Pin To Net: NetName=BKUP_BATT- Pin=SW_1-1
Added Pin To Net: NetName=BKUP_BATT- Pin=SW_1-1
Added Pin To Net: NetName=BKUP_BATT- Pin=SW_1-1
Added Pin To Net: NetName=BKUP_BATT- Pin=SW_2-1
Added Pin To Net: NetName=BKUP_BATT- Pin=SW_2-1
Added Pin To Net: NetName=BKUP_BATT- Pin=SW_2-1
Added Pin To Net: NetName=BKUP_BATT- Pin=SW_3-1
Added Pin To Net: NetName=BKUP_BATT- Pin=SW_3-1
Added Pin To Net: NetName=BKUP_BATT- Pin=SW_3-1
Added Pin To Net: NetName=BKUP_BATT- Pin=SW_4-1
Added Pin To Net: NetName=BKUP_BATT- Pin=SW_4-1
Added Pin To Net: NetName=BKUP_BATT- Pin=SW_4-1
Added Pin To Net: NetName=BKUP_BATT- Pin=SW_5-1
Added Pin To Net: NetName=BKUP_BATT- Pin=SW_5-1
Added Pin To Net: NetName=BKUP_BATT- Pin=SW_5-1
Added Pin To Net: NetName=BKUP_BATT- Pin=SW_6-1
Added Pin To Net: NetName=BKUP_BATT- Pin=SW_6-1
Added Pin To Net: NetName=BKUP_BATT- Pin=SW_6-1
Added Pin To Net: NetName=BKUP_BATT- Pin=SW_7-1
Added Pin To Net: NetName=BKUP_BATT- Pin=SW_7-1
Added Pin To Net: NetName=BKUP_BATT- Pin=SW_7-1
Added Pin To Net: NetName=BKUP_BATT- Pin=SW_8-1
Added Pin To Net: NetName=BKUP_BATT- Pin=SW_8-1
Added Pin To Net: NetName=BKUP_BATT- Pin=SW_8-1
Added Pin To Net: NetName=BKUP_BATT- Pin=SW_9-1
Added Pin To Net: NetName=BKUP_BATT- Pin=SW_9-1
Added Pin To Net: NetName=BKUP_BATT- Pin=SW_9-1
Added Pin To Net: NetName=BKUP_BATT- Pin=SW_'-1
Added Pin To Net: NetName=BKUP_BATT- Pin=SW_'-1
Added Pin To Net: NetName=BKUP_BATT- Pin=SW_'-1
Added Pin To Net: NetName=BKUP_BATT- Pin=SW_,-1
Added Pin To Net: NetName=BKUP_BATT- Pin=SW_,-1
Added Pin To Net: NetName=BKUP_BATT- Pin=SW_,-1
Added Pin To Net: NetName=BKUP_BATT- Pin=SW_--1
Added Pin To Net: NetName=BKUP_BATT- Pin=SW_--1
Added Pin To Net: NetName=BKUP_BATT- Pin=SW_--1
Added Pin To Net: NetName=BKUP_BATT- Pin=SW_.-1
Added Pin To Net: NetName=BKUP_BATT- Pin=SW_.-1
Added Pin To Net: NetName=BKUP_BATT- Pin=SW_.-1
Added Pin To Net: NetName=BKUP_BATT- Pin=SW_/-1
Added Pin To Net: NetName=BKUP_BATT- Pin=SW_/-1
Added Pin To Net: NetName=BKUP_BATT- Pin=SW_/-1
Added Pin To Net: NetName=BKUP_BATT- Pin=SW_;-1
Added Pin To Net: NetName=BKUP_BATT- Pin=SW_;-1
Added Pin To Net: NetName=BKUP_BATT- Pin=SW_;-1
Added Pin To Net: NetName=BKUP_BATT- Pin=SW_=-1
Added Pin To Net: NetName=BKUP_BATT- Pin=SW_=-1
Added Pin To Net: NetName=BKUP_BATT- Pin=SW_=-1
Added Pin To Net: NetName=BKUP_BATT- Pin=SW_[-1
Added Pin To Net: NetName=BKUP_BATT- Pin=SW_[-1
Added Pin To Net: NetName=BKUP_BATT- Pin=SW_[-1
Added Pin To Net: NetName=BKUP_BATT- Pin=SW_\-1
Added Pin To Net: NetName=BKUP_BATT- Pin=SW_\-1
Added Pin To Net: NetName=BKUP_BATT- Pin=SW_\-1
Added Pin To Net: NetName=BKUP_BATT- Pin=SW_]-1
Added Pin To Net: NetName=BKUP_BATT- Pin=SW_]-1
Added Pin To Net: NetName=BKUP_BATT- Pin=SW_]-1
Added Pin To Net: NetName=BKUP_BATT- Pin=SW_A-1
Added Pin To Net: NetName=BKUP_BATT- Pin=SW_A-1
Added Pin To Net: NetName=BKUP_BATT- Pin=SW_A-1
Added Pin To Net: NetName=BKUP_BATT- Pin=SW_B-1
Added Pin To Net: NetName=BKUP_BATT- Pin=SW_B-1
Added Pin To Net: NetName=BKUP_BATT- Pin=SW_B-1
Added Pin To Net: NetName=BKUP_BATT- Pin=SW_BACKSPACE-1
Added Pin To Net: NetName=BKUP_BATT- Pin=SW_BACKSPACE-1
Added Pin To Net: NetName=BKUP_BATT- Pin=SW_BACKSPACE-1
Added Pin To Net: NetName=BKUP_BATT- Pin=SW_C-1
Added Pin To Net: NetName=BKUP_BATT- Pin=SW_C-1
Added Pin To Net: NetName=BKUP_BATT- Pin=SW_C-1
Added Pin To Net: NetName=BKUP_BATT- Pin=SW_CAPSLOCK-1
Added Pin To Net: NetName=BKUP_BATT- Pin=SW_CAPSLOCK-1
Added Pin To Net: NetName=BKUP_BATT- Pin=SW_CAPSLOCK-1
Added Pin To Net: NetName=BKUP_BATT- Pin=SW_D-1
Added Pin To Net: NetName=BKUP_BATT- Pin=SW_D-1
Added Pin To Net: NetName=BKUP_BATT- Pin=SW_D-1
Added Pin To Net: NetName=BKUP_BATT- Pin=SW_DEL-1
Added Pin To Net: NetName=BKUP_BATT- Pin=SW_DEL-1
Added Pin To Net: NetName=BKUP_BATT- Pin=SW_DEL-1
Added Pin To Net: NetName=BKUP_BATT- Pin=SW_DOWN-1
Added Pin To Net: NetName=BKUP_BATT- Pin=SW_DOWN-1
Added Pin To Net: NetName=BKUP_BATT- Pin=SW_DOWN-1
Added Pin To Net: NetName=BKUP_BATT- Pin=SW_E-1
Added Pin To Net: NetName=BKUP_BATT- Pin=SW_E-1
Added Pin To Net: NetName=BKUP_BATT- Pin=SW_E-1
Added Pin To Net: NetName=BKUP_BATT- Pin=SW_ENTER-1
Added Pin To Net: NetName=BKUP_BATT- Pin=SW_ENTER-1
Added Pin To Net: NetName=BKUP_BATT- Pin=SW_ENTER-1
Added Pin To Net: NetName=BKUP_BATT- Pin=SW_ESC-1
Added Pin To Net: NetName=BKUP_BATT- Pin=SW_ESC-1
Added Pin To Net: NetName=BKUP_BATT- Pin=SW_ESC-1
Added Pin To Net: NetName=BKUP_BATT- Pin=SW_F-1
Added Pin To Net: NetName=BKUP_BATT- Pin=SW_F-1
Added Pin To Net: NetName=BKUP_BATT- Pin=SW_F-1
Added Pin To Net: NetName=BKUP_BATT- Pin=SW_FUNC-1
Added Pin To Net: NetName=BKUP_BATT- Pin=SW_FUNC-1
Added Pin To Net: NetName=BKUP_BATT- Pin=SW_FUNC-1
Added Pin To Net: NetName=BKUP_BATT- Pin=SW_G-1
Added Pin To Net: NetName=BKUP_BATT- Pin=SW_G-1
Added Pin To Net: NetName=BKUP_BATT- Pin=SW_G-1
Added Pin To Net: NetName=BKUP_BATT- Pin=SW_H-1
Added Pin To Net: NetName=BKUP_BATT- Pin=SW_H-1
Added Pin To Net: NetName=BKUP_BATT- Pin=SW_H-1
Added Pin To Net: NetName=BKUP_BATT- Pin=SW_I-1
Added Pin To Net: NetName=BKUP_BATT- Pin=SW_I-1
Added Pin To Net: NetName=BKUP_BATT- Pin=SW_I-1
Added Pin To Net: NetName=BKUP_BATT- Pin=SW_J-1
Added Pin To Net: NetName=BKUP_BATT- Pin=SW_J-1
Added Pin To Net: NetName=BKUP_BATT- Pin=SW_J-1
Added Pin To Net: NetName=BKUP_BATT- Pin=SW_K-1
Added Pin To Net: NetName=BKUP_BATT- Pin=SW_K-1
Added Pin To Net: NetName=BKUP_BATT- Pin=SW_K-1
Added Pin To Net: NetName=BKUP_BATT- Pin=SW_L-1
Added Pin To Net: NetName=BKUP_BATT- Pin=SW_L-1
Added Pin To Net: NetName=BKUP_BATT- Pin=SW_L-1
Added Pin To Net: NetName=BKUP_BATT- Pin=SW_LALT-1
Added Pin To Net: NetName=BKUP_BATT- Pin=SW_LALT-1
Added Pin To Net: NetName=BKUP_BATT- Pin=SW_LALT-1
Added Pin To Net: NetName=BKUP_BATT- Pin=SW_LCTRL-1
Added Pin To Net: NetName=BKUP_BATT- Pin=SW_LCTRL-1
Added Pin To Net: NetName=BKUP_BATT- Pin=SW_LCTRL-1
Added Pin To Net: NetName=BKUP_BATT- Pin=SW_LEFT-1
Added Pin To Net: NetName=BKUP_BATT- Pin=SW_LEFT-1
Added Pin To Net: NetName=BKUP_BATT- Pin=SW_LEFT-1
Added Pin To Net: NetName=BKUP_BATT- Pin=SW_LOS-1
Added Pin To Net: NetName=BKUP_BATT- Pin=SW_LOS-1
Added Pin To Net: NetName=BKUP_BATT- Pin=SW_LOS-1
Added Pin To Net: NetName=BKUP_BATT- Pin=SW_LSHIFT-1
Added Pin To Net: NetName=BKUP_BATT- Pin=SW_LSHIFT-1
Added Pin To Net: NetName=BKUP_BATT- Pin=SW_LSHIFT-1
Added Pin To Net: NetName=BKUP_BATT- Pin=SW_M-1
Added Pin To Net: NetName=BKUP_BATT- Pin=SW_M-1
Added Pin To Net: NetName=BKUP_BATT- Pin=SW_M-1
Added Pin To Net: NetName=BKUP_BATT- Pin=SW_MENU-1
Added Pin To Net: NetName=BKUP_BATT- Pin=SW_MENU-1
Added Pin To Net: NetName=BKUP_BATT- Pin=SW_MENU-1
Added Pin To Net: NetName=BKUP_BATT- Pin=SW_N-1
Added Pin To Net: NetName=BKUP_BATT- Pin=SW_N-1
Added Pin To Net: NetName=BKUP_BATT- Pin=SW_N-1
Added Pin To Net: NetName=BKUP_BATT- Pin=SW_O-1
Added Pin To Net: NetName=BKUP_BATT- Pin=SW_O-1
Added Pin To Net: NetName=BKUP_BATT- Pin=SW_O-1
Added Pin To Net: NetName=BKUP_BATT- Pin=SW_P-1
Added Pin To Net: NetName=BKUP_BATT- Pin=SW_P-1
Added Pin To Net: NetName=BKUP_BATT- Pin=SW_P-1
Added Pin To Net: NetName=BKUP_BATT- Pin=SW_Q-1
Added Pin To Net: NetName=BKUP_BATT- Pin=SW_Q-1
Added Pin To Net: NetName=BKUP_BATT- Pin=SW_Q-1
Added Pin To Net: NetName=BKUP_BATT- Pin=SW_R-1
Added Pin To Net: NetName=BKUP_BATT- Pin=SW_R-1
Added Pin To Net: NetName=BKUP_BATT- Pin=SW_R-1
Added Pin To Net: NetName=BKUP_BATT- Pin=SW_RIGHT-1
Added Pin To Net: NetName=BKUP_BATT- Pin=SW_RIGHT-1
Added Pin To Net: NetName=BKUP_BATT- Pin=SW_RIGHT-1
Added Pin To Net: NetName=BKUP_BATT- Pin=SW_RSHIFT-1
Added Pin To Net: NetName=BKUP_BATT- Pin=SW_RSHIFT-1
Added Pin To Net: NetName=BKUP_BATT- Pin=SW_RSHIFT-1
Added Pin To Net: NetName=BKUP_BATT- Pin=SW_S-1
Added Pin To Net: NetName=BKUP_BATT- Pin=SW_S-1
Added Pin To Net: NetName=BKUP_BATT- Pin=SW_S-1
Added Pin To Net: NetName=BKUP_BATT- Pin=SW_SPACE-1
Added Pin To Net: NetName=BKUP_BATT- Pin=SW_SPACE-1
Added Pin To Net: NetName=BKUP_BATT- Pin=SW_SPACE-1
Added Pin To Net: NetName=BKUP_BATT- Pin=SW_T-1
Added Pin To Net: NetName=BKUP_BATT- Pin=SW_T-1
Added Pin To Net: NetName=BKUP_BATT- Pin=SW_T-1
Added Pin To Net: NetName=BKUP_BATT- Pin=SW_TAB-1
Added Pin To Net: NetName=BKUP_BATT- Pin=SW_TAB-1
Added Pin To Net: NetName=BKUP_BATT- Pin=SW_TAB-1
Added Pin To Net: NetName=BKUP_BATT- Pin=SW_U-1
Added Pin To Net: NetName=BKUP_BATT- Pin=SW_U-1
Added Pin To Net: NetName=BKUP_BATT- Pin=SW_U-1
Added Pin To Net: NetName=BKUP_BATT- Pin=SW_UP-1
Added Pin To Net: NetName=BKUP_BATT- Pin=SW_UP-1
Added Pin To Net: NetName=BKUP_BATT- Pin=SW_UP-1
Added Pin To Net: NetName=BKUP_BATT- Pin=SW_V-1
Added Pin To Net: NetName=BKUP_BATT- Pin=SW_V-1
Added Pin To Net: NetName=BKUP_BATT- Pin=SW_V-1
Added Pin To Net: NetName=BKUP_BATT- Pin=SW_W-1
Added Pin To Net: NetName=BKUP_BATT- Pin=SW_W-1
Added Pin To Net: NetName=BKUP_BATT- Pin=SW_W-1
Added Pin To Net: NetName=BKUP_BATT- Pin=SW_X-1
Added Pin To Net: NetName=BKUP_BATT- Pin=SW_X-1
Added Pin To Net: NetName=BKUP_BATT- Pin=SW_X-1
Added Pin To Net: NetName=BKUP_BATT- Pin=SW_Y-1
Added Pin To Net: NetName=BKUP_BATT- Pin=SW_Y-1
Added Pin To Net: NetName=BKUP_BATT- Pin=SW_Y-1
Added Pin To Net: NetName=BKUP_BATT- Pin=SW_Z-1
Added Pin To Net: NetName=BKUP_BATT- Pin=SW_Z-1
Added Pin To Net: NetName=BKUP_BATT- Pin=SW_Z-1
