Removed Pin From Net: NetName=ESP32_3V3 Pin=C3-2
Removed Pin From Net: NetName=BKUP_BATT- Pin=C7-1
Removed Pin From Net: NetName=ESP32_3V3 Pin=C7-2
Removed Pin From Net: NetName=BKUP_BATT- Pin=C8-1
Removed Pin From Net: NetName=ESP32_3V3 Pin=C8-2
Removed Pin From Net: NetName=BKUP_BATT- Pin=C9-1
Removed Pin From Net: NetName=ESP32_3V3 Pin=C9-2
Removed Pin From Net: NetName=BKUP_BATT- Pin=C10-1
Removed Pin From Net: NetName=BKUP_BATT+ Pin=C10-2
Removed Pin From Net: NetName=BKUP_BATT- Pin=U3-1
Removed Pin From Net: NetName=BKUP_BATT- Pin=U3-3
Removed Pin From Net: NetName=+5 Pin=U3-4
Removed Pin From Net: NetName=BKUP_BATT+ Pin=U3-5
Removed Member From Class: ClassName=Sheet1 Member=C7
Removed Member From Class: ClassName=Sheet1 Member=C8
Removed Member From Class: ClassName=Sheet1 Member=C9
Removed Member From Class: ClassName=Sheet1 Member=C10
Change Component Footprint: Designator=C3 Old Footprint=C1206_L New Footprint=C0603_L
Change Component Footprint: Designator=C4 Old Footprint=C1206_L New Footprint=C0603_L
Change Component Footprint: Designator=U3 Old Footprint=SOIC-8_EP New Footprint=DSJ14_2P85X1P58_TEX
Change Component Footprint: Designator=SW1 Old Footprint=SW SMD-3*6*4.3 New Footprint=SW 3*4
Change Component Footprint: Designator=SW2 Old Footprint=SW SMD-3*6*4.3 New Footprint=SW 3*4
Change Component Comment : Designator=R11 Old Comment=1.2K New Comment=1.66K
Change Component Comment : Designator=SW1 Old Comment=3x6x5 New Comment=SW_3x4
Change Component Comment : Designator=SW2 Old Comment=3x6x5 New Comment=SW_3x4
Change Component Comment : Designator=C3 Old Comment=22uF New Comment=10uF
Change Component Comment : Designator=C4 Old Comment=22uF New Comment=10uF
Change Component Comment : Designator=U3 Old Comment=TP4056 New Comment=TPS63020QDSJTQ1
Change component parameters: Designator = "SW1" ("SW1"); Footprint = "SW SMD-3*6*4.3"; UniqueID = "\ITNULRYG" ("\ITNULRYG")
Change component parameters: Designator = "SW2" ("SW2"); Footprint = "SW SMD-3*6*4.3"; UniqueID = "\UULTJJQS" ("\UULTJJQS")
Change component parameters: Designator = "U3" ("U3"); Footprint = "SOIC-8_EP"; UniqueID = "\MPKSEILY" ("\MPKSEILY")
Change component parameters (AddParameter): Name = "Copyright"; Value = "Copyright (C) 2022 Ultra Librarian. All rights reserved."; VariantName = "[No Variations]"
Change component parameters (AddParameter): Name = "Manufacturer_Part_Number"; Value = "TPS63020QDSJTQ1"; VariantName = "[No Variations]"
Change component parameters (AddParameter): Name = "Mfr_Name"; Value = "Texas Instruments"; VariantName = "[No Variations]"
Change component parameters (AddParameter): Name = "RefDes"; Value = "RefDes"; VariantName = "[No Variations]"
Change component parameters (AddParameter): Name = "Type"; Value = "DEV"; VariantName = "[No Variations]"
Added Component: Designator=C1(C0603_L)
Add component (AddParameter): Name = "BOM名称"; Value = "无极性贴片电容"; VariantName = "[No Variations]"
Add component (AddParameter): Name = "联系卖家，免费查找封装"; Value = "唯一出售店铺网址https://shop463601444.taobao.com"; VariantName = "[No Variations]"
Added Component: Designator=C2(C0603_L)
Add component (AddParameter): Name = "BOM名称"; Value = "无极性贴片电容"; VariantName = "[No Variations]"
Add component (AddParameter): Name = "联系卖家，免费查找封装"; Value = "唯一出售店铺网址https://shop463601444.taobao.com"; VariantName = "[No Variations]"
Added Component: Designator=C6(C0603_L)
Add component (AddParameter): Name = "BOM名称"; Value = "无极性贴片电容"; VariantName = "[No Variations]"
Add component (AddParameter): Name = "联系卖家，免费查找封装"; Value = "唯一出售店铺网址https://shop463601444.taobao.com"; VariantName = "[No Variations]"
Added Component: Designator=D2(SOD-323)
Add component (AddParameter): Name = "BOM名称"; Value = "肖特基二极管"; VariantName = "[No Variations]"
Add component (AddParameter): Name = "联系卖家，免费查找封装"; Value = "唯一出售店铺网址https://shop463601444.taobao.com"; VariantName = "[No Variations]"
Added Component: Designator=DZ1(MINI_MELF (LL34))
Add component (AddParameter): Name = "BOM名称"; Value = "5.1V/0.5W稳压管"; VariantName = "[No Variations]"
Add component (AddParameter): Name = "联系卖家，免费查找封装"; Value = "唯一出售店铺网址https://shop463601444.taobao.com"; VariantName = "[No Variations]"
Added Component: Designator=E1(C_3528)
Add component (AddParameter): Name = "BOM名称"; Value = "贴片钽电容"; VariantName = "[No Variations]"
Add component (AddParameter): Name = "联系卖家，免费查找封装"; Value = "唯一出售店铺网址https://shop463601444.taobao.com"; VariantName = "[No Variations]"
Added Component: Designator=E2(C_3528)
Add component (AddParameter): Name = "BOM名称"; Value = "贴片钽电容"; VariantName = "[No Variations]"
Add component (AddParameter): Name = "联系卖家，免费查找封装"; Value = "唯一出售店铺网址https://shop463601444.taobao.com"; VariantName = "[No Variations]"
Added Component: Designator=E3(C_3528)
Add component (AddParameter): Name = "BOM名称"; Value = "贴片钽电容"; VariantName = "[No Variations]"
Add component (AddParameter): Name = "联系卖家，免费查找封装"; Value = "唯一出售店铺网址https://shop463601444.taobao.com"; VariantName = "[No Variations]"
Added Component: Designator=E4(C_3528)
Add component (AddParameter): Name = "BOM名称"; Value = "贴片钽电容"; VariantName = "[No Variations]"
Add component (AddParameter): Name = "联系卖家，免费查找封装"; Value = "唯一出售店铺网址https://shop463601444.taobao.com"; VariantName = "[No Variations]"
Added Component: Designator=F1(FU 1206)
Add component (AddParameter): Name = "BOM名称"; Value = "贴片保险丝"; VariantName = "[No Variations]"
Add component (AddParameter): Name = "学习资源"; Value = "www.ooocke.com"; VariantName = "[No Variations]"
Add component (AddParameter): Name = "版权归属"; Value = "源创客"; VariantName = "[No Variations]"
Added Component: Designator=IC1(SOT23-5N)
Added Component: Designator=L1(L-SMD-0420)
Add component (AddParameter): Name = "BOM名称"; Value = "一体成型电感"; VariantName = "[No Variations]"
Add component (AddParameter): Name = "联系卖家，免费查找封装"; Value = "唯一出售店铺网址https://shop463601444.taobao.com"; VariantName = "[No Variations]"
Added Component: Designator=R27(R0805_L)
Add component (AddParameter): Name = "BOM名称"; Value = "贴片电阻"; VariantName = "[No Variations]"
Add component (AddParameter): Name = "联系卖家，免费查找封装"; Value = "唯一出售店铺网址https://shop463601444.taobao.com"; VariantName = "[No Variations]"
Added Component: Designator=R28(R0805_L)
Add component (AddParameter): Name = "BOM名称"; Value = "贴片电阻"; VariantName = "[No Variations]"
Add component (AddParameter): Name = "联系卖家，免费查找封装"; Value = "唯一出售店铺网址https://shop463601444.taobao.com"; VariantName = "[No Variations]"
Added Pin To Net: NetName=BKUP_BATT- Pin=C1-2
Added Pin To Net: NetName=BKUP_BATT- Pin=C2-1
Added Pin To Net: NetName=BKUP_BATT+ Pin=C2-2
Added Pin To Net: NetName=BKUP_BATT- Pin=C6-1
Added Pin To Net: NetName=BKUP_BATT- Pin=D2-1
Added Pin To Net: NetName=BKUP_BATT- Pin=DZ1-1
Added Pin To Net: NetName=BKUP_BATT- Pin=E1-2
Added Pin To Net: NetName=BKUP_BATT- Pin=E2-2
Added Pin To Net: NetName=ESP32_3V3 Pin=E3-1
Added Pin To Net: NetName=BKUP_BATT- Pin=E3-2
Added Pin To Net: NetName=ESP32_3V3 Pin=E4-1
Added Pin To Net: NetName=BKUP_BATT- Pin=E4-2
Added Pin To Net: NetName=+5 Pin=F1-1
Added Pin To Net: NetName=BKUP_BATT- Pin=IC1-2
Added Pin To Net: NetName=BKUP_BATT+ Pin=IC1-3
Added Pin To Net: NetName=ESP32_3V3 Pin=R27-2
Added Pin To Net: NetName=BKUP_BATT- Pin=R28-1
Added Pin To Net: NetName=BKUP_BATT- Pin=U3-2
Added Pin To Net: NetName=ESP32_3V3 Pin=U3-4
Added Pin To Net: NetName=ESP32_3V3 Pin=U3-5
Added Pin To Net: NetName=BKUP_BATT- Pin=U3-15
Change Net Name : Old Net Name=BKUP_BATT- New Net Name=GND
Added Pin To Net: NetName=+5_IC Pin=C1-1
Added Pin To Net: NetName=+5_IC Pin=D2-2
Added Pin To Net: NetName=+5_IC Pin=DZ1-2
Added Pin To Net: NetName=+5_IC Pin=F1-2
Added Pin To Net: NetName=+5_IC Pin=IC1-4
Added Net: Name=+5_IC
Added Pin To Net: NetName=CONV_IN Pin=C3-2
Added Pin To Net: NetName=CONV_IN Pin=E1-1
Added Pin To Net: NetName=CONV_IN Pin=E2-1
Added Pin To Net: NetName=CONV_IN Pin=U3-10
Added Pin To Net: NetName=CONV_IN Pin=U3-11
Added Net: Name=CONV_IN
Added Pin To Net: NetName=NetC6_2 Pin=C6-2
Added Pin To Net: NetName=NetC6_2 Pin=U3-1
Added Pin To Net: NetName=NetC6_2 Pin=U3-12
Added Pin To Net: NetName=NetC6_2 Pin=U3-13
Added Net: Name=NetC6_2
Added Pin To Net: NetName=NetIC1_5 Pin=IC1-5
Added Pin To Net: NetName=NetIC1_5 Pin=R11-2
Added Net: Name=NetIC1_5
Added Pin To Net: NetName=NetL1_1 Pin=L1-1
Added Pin To Net: NetName=NetL1_1 Pin=U3-6
Added Pin To Net: NetName=NetL1_1 Pin=U3-7
Added Net: Name=NetL1_1
Added Pin To Net: NetName=NetL1_2 Pin=L1-2
Added Pin To Net: NetName=NetL1_2 Pin=U3-8
Added Pin To Net: NetName=NetL1_2 Pin=U3-9
Added Net: Name=NetL1_2
Added Pin To Net: NetName=NetR27_1 Pin=R27-1
Added Pin To Net: NetName=NetR27_1 Pin=R28-2
Added Pin To Net: NetName=NetR27_1 Pin=U3-3
Added Net: Name=NetR27_1
Added Pin To Net: NetName=NetU17_8 Pin=U17-8
Added Net: Name=NetU17_8
Added Member To Class: ClassName=Sheet1 Member=Component C1 10uF
Added Member To Class: ClassName=Sheet1 Member=Component C2 10uF
Added Member To Class: ClassName=Sheet1 Member=Component C6 104
Added Member To Class: ClassName=Sheet1 Member=Component D2 B5919WS
Added Member To Class: ClassName=Sheet1 Member=Component DZ1 1N4625
Added Member To Class: ClassName=Sheet1 Member=Component E1 22uF/25V
Added Member To Class: ClassName=Sheet1 Member=Component E2 22uF/25V
Added Member To Class: ClassName=Sheet1 Member=Component E3 22uF/25V
Added Member To Class: ClassName=Sheet1 Member=Component E4 22uF/25V
Added Member To Class: ClassName=Sheet1 Member=Component F1 MSMD200-8V 2A
Added Member To Class: ClassName=Sheet1 Member=Component IC1 TP4055
Added Member To Class: ClassName=Sheet1 Member=Component L1 1.5uH
Added Member To Class: ClassName=Sheet1 Member=Component R27 1M
Added Member To Class: ClassName=Sheet1 Member=Component R28 180K
