Removed Pin From Net: NetName=NetC3_2 Pin=T1-1
Removed Pin From Net: NetName=+5 Pin=T1-2
Removed Member From Class: ClassName=Sheet1 Member=T1
Added Component: Designator=T?(SOT1118)
Add component (AddParameter): Name = "Availability"; Value = "Unavailable"; VariantName = "[No Variations]"
Add component (AddParameter): Name = "MF"; Value = ""; VariantName = "[No Variations]"
Add component (AddParameter): Name = "MP"; Value = "PMDPB80XP"; VariantName = "[No Variations]"
Add component (AddParameter): Name = "Package"; Value = "None"; VariantName = "[No Variations]"
Add component (AddParameter): Name = "Price"; Value = "None"; VariantName = "[No Variations]"
Add component (AddParameter): Name = "Value"; Value = ""; VariantName = "[No Variations]"
Added Component: Designator=T?(SOT1118)
Add component (AddParameter): Name = "Availability"; Value = "Unavailable"; VariantName = "[No Variations]"
Add component (AddParameter): Name = "MF"; Value = ""; VariantName = "[No Variations]"
Add component (AddParameter): Name = "MP"; Value = "PMDPB80XP"; VariantName = "[No Variations]"
Add component (AddParameter): Name = "Package"; Value = "None"; VariantName = "[No Variations]"
Add component (AddParameter): Name = "Price"; Value = "None"; VariantName = "[No Variations]"
Add component (AddParameter): Name = "Value"; Value = ""; VariantName = "[No Variations]"
Added Pin To Net: NetName=BKUP_BATT+ Pin=T?-1
Added Pin To Net: NetName=NetC3_2 Pin=T?-1
Added Pin To Net: NetName=+5 Pin=T?-2
Added Pin To Net: NetName=+5 Pin=T?-2
Added Pin To Net: NetName=NetT?_6 Pin=T?-6
Added Pin To Net: NetName=NetT?_6 Pin=T?-6
Added Pin To Net: NetName=NetT?_6 Pin=T?-7
Added Pin To Net: NetName=NetT?_6 Pin=T?-7
Added Net: Name=NetT?_6
Added Member To Class: ClassName=Sheet1 Member=Component T? PMDPB80XP
Added Member To Class: ClassName=Sheet1 Member=Component T? PMDPB80XP
