Removed Pin From Net: NetName=SPI_BUS.SCLK Pin=JP_Module1-6
Removed Pin From Net: NetName=SPI_BUS.Module1_CS Pin=JP_Module1-8
Removed Pin From Net: NetName=GND Pin=JP_Module1-9
Removed Pin From Net: NetName=GND Pin=JP_Module1-10
Removed Pin From Net: NetName=SPI_BUS.SCLK Pin=JP_Module2-6
Removed Pin From Net: NetName=SPI_BUS.Module2_CS Pin=JP_Module2-8
Removed Pin From Net: NetName=GND Pin=JP_Module2-9
Removed Pin From Net: NetName=GND Pin=JP_Module2-10
Removed Pin From Net: NetName=SPI_BUS.SCLK Pin=JP_Module3-6
Removed Pin From Net: NetName=SPI_BUS.Module3_CS Pin=JP_Module3-8
Removed Pin From Net: NetName=GND Pin=JP_Module3-9
Removed Pin From Net: NetName=GND Pin=JP_Module3-10
Removed Pin From Net: NetName=SPI_BUS.SCLK Pin=JP_Module4-6
Removed Pin From Net: NetName=SPI_BUS.Module4_CS Pin=JP_Module4-8
Removed Pin From Net: NetName=GND Pin=JP_Module4-9
Removed Pin From Net: NetName=GND Pin=JP_Module4-10
Removed Pin From Net: NetName=SPI_BUS.SCLK Pin=JP_Module5-6
Removed Pin From Net: NetName=SPI_BUS.Module5_CS Pin=JP_Module5-8
Removed Pin From Net: NetName=GND Pin=JP_Module5-9
Removed Pin From Net: NetName=GND Pin=JP_Module5-10
Removed Pin From Net: NetName=SPI_BUS.SCLK Pin=JP_Module6-6
Removed Pin From Net: NetName=SPI_BUS.Module6_CS Pin=JP_Module6-8
Removed Pin From Net: NetName=GND Pin=JP_Module6-9
Removed Pin From Net: NetName=GND Pin=JP_Module6-10
Removed Pin From Net: NetName=SPI_BUS.SCLK Pin=JP_Module7-6
Removed Pin From Net: NetName=SPI_BUS.Module7_CS Pin=JP_Module7-8
Removed Pin From Net: NetName=GND Pin=JP_Module7-9
Removed Pin From Net: NetName=GND Pin=JP_Module7-10
Removed Pin From Net: NetName=SPI_BUS.SCLK Pin=JP_Module8-6
Removed Pin From Net: NetName=SPI_BUS.Module8_CS Pin=JP_Module8-8
Removed Pin From Net: NetName=GND Pin=JP_Module8-9
Removed Pin From Net: NetName=GND Pin=JP_Module8-10
Removed Pin From Net: NetName=SPI_BUS.SCLK Pin=JP_Module9-6
Removed Pin From Net: NetName=SPI_BUS.Module9_CS Pin=JP_Module9-8
Removed Pin From Net: NetName=GND Pin=JP_Module9-9
Removed Pin From Net: NetName=GND Pin=JP_Module9-10
Removed Pin From Net: NetName=SPI_BUS.SCLK Pin=JP_Module10-6
Removed Pin From Net: NetName=SPI_BUS.Module10_CS Pin=JP_Module10-8
Removed Pin From Net: NetName=GND Pin=JP_Module10-9
Removed Pin From Net: NetName=GND Pin=JP_Module10-10
Removed Pin From Net: NetName=SPI_BUS.SCLK Pin=JP_Module11-6
Removed Pin From Net: NetName=SPI_BUS.Module11_CS Pin=JP_Module11-8
Removed Pin From Net: NetName=GND Pin=JP_Module11-9
Removed Pin From Net: NetName=GND Pin=JP_Module11-10
Removed Pin From Net: NetName=SPI_BUS.SCLK Pin=JP_Module12-6
Removed Pin From Net: NetName=SPI_BUS.Module12_CS Pin=JP_Module12-8
Removed Pin From Net: NetName=GND Pin=JP_Module12-9
Removed Pin From Net: NetName=GND Pin=JP_Module12-10
Removed Pin From Net: NetName=SPI_BUS.SCLK Pin=JP_Module13-6
Removed Pin From Net: NetName=SPI_BUS.Module13_CS Pin=JP_Module13-8
Removed Pin From Net: NetName=GND Pin=JP_Module13-9
Removed Pin From Net: NetName=GND Pin=JP_Module13-10
Removed Pin From Net: NetName=SPI_BUS.SCLK Pin=JP_Module14-6
Removed Pin From Net: NetName=SPI_BUS.Module14_CS Pin=JP_Module14-8
Removed Pin From Net: NetName=GND Pin=JP_Module14-9
Removed Pin From Net: NetName=GND Pin=JP_Module14-10
Removed Pin From Net: NetName=SPI_BUS.MISO Pin=U1-21
Removed Pin From Net: NetName=SPI_BUS.MISO Pin=U2-22
Change Component Footprint: Designator=JP_Module1 Old Footprint=FPC0.5 2H-WS-12P New Footprint=FPC0.5 2H-WS-16P
Change Component Footprint: Designator=JP_Module2 Old Footprint=FPC0.5 2H-WS-12P New Footprint=FPC0.5 2H-WS-16P
Change Component Footprint: Designator=JP_Module3 Old Footprint=FPC0.5 2H-WS-12P New Footprint=FPC0.5 2H-WS-16P
Change Component Footprint: Designator=JP_Module4 Old Footprint=FPC0.5 2H-WS-12P New Footprint=FPC0.5 2H-WS-16P
Change Component Footprint: Designator=JP_Module5 Old Footprint=FPC0.5 2H-WS-12P New Footprint=FPC0.5 2H-WS-16P
Change Component Footprint: Designator=JP_Module6 Old Footprint=FPC0.5 2H-WS-12P New Footprint=FPC0.5 2H-WS-16P
Change Component Footprint: Designator=JP_Module7 Old Footprint=FPC0.5 2H-WS-12P New Footprint=FPC0.5 2H-WS-16P
Change Component Footprint: Designator=JP_Module8 Old Footprint=FPC0.5 2H-WS-12P New Footprint=FPC0.5 2H-WS-16P
Change Component Footprint: Designator=JP_Module9 Old Footprint=FPC0.5 2H-WS-12P New Footprint=FPC0.5 2H-WS-16P
Change Component Footprint: Designator=JP_Module10 Old Footprint=FPC0.5 2H-WS-12P New Footprint=FPC0.5 2H-WS-16P
Change Component Footprint: Designator=JP_Module11 Old Footprint=FPC0.5 2H-WS-12P New Footprint=FPC0.5 2H-WS-16P
Change Component Footprint: Designator=JP_Module12 Old Footprint=FPC0.5 2H-WS-12P New Footprint=FPC0.5 2H-WS-16P
Change Component Footprint: Designator=JP_Module13 Old Footprint=FPC0.5 2H-WS-12P New Footprint=FPC0.5 2H-WS-16P
Change Component Footprint: Designator=JP_Module14 Old Footprint=FPC0.5 2H-WS-12P New Footprint=FPC0.5 2H-WS-16P
Change Component Comment : Designator=JP_Module1 Old Comment=FPC1.0-12P New Comment=FPC1.0-16P
Change Component Comment : Designator=JP_Module2 Old Comment=FPC1.0-12P New Comment=FPC1.0-16P
Change Component Comment : Designator=JP_Module3 Old Comment=FPC1.0-12P New Comment=FPC1.0-16P
Change Component Comment : Designator=JP_Module4 Old Comment=FPC1.0-12P New Comment=FPC1.0-16P
Change Component Comment : Designator=JP_Module5 Old Comment=FPC1.0-12P New Comment=FPC1.0-16P
Change Component Comment : Designator=JP_Module6 Old Comment=FPC1.0-12P New Comment=FPC1.0-16P
Change Component Comment : Designator=JP_Module7 Old Comment=FPC1.0-12P New Comment=FPC1.0-16P
Change Component Comment : Designator=JP_Module8 Old Comment=FPC1.0-12P New Comment=FPC1.0-16P
Change Component Comment : Designator=JP_Module9 Old Comment=FPC1.0-12P New Comment=FPC1.0-16P
Change Component Comment : Designator=JP_Module10 Old Comment=FPC1.0-12P New Comment=FPC1.0-16P
Change Component Comment : Designator=JP_Module11 Old Comment=FPC1.0-12P New Comment=FPC1.0-16P
Change Component Comment : Designator=JP_Module12 Old Comment=FPC1.0-12P New Comment=FPC1.0-16P
Change Component Comment : Designator=JP_Module13 Old Comment=FPC1.0-12P New Comment=FPC1.0-16P
Change Component Comment : Designator=JP_Module14 Old Comment=FPC1.0-12P New Comment=FPC1.0-16P
Added Pin To Net: NetName=VBUS Pin=JP_Module1-5
Added Pin To Net: NetName=VBUS Pin=JP_Module1-6
Added Pin To Net: NetName=SPI_BUS.SCLK Pin=JP_Module1-8
Added Pin To Net: NetName=SPI_BUS.Module1_CS Pin=JP_Module1-10
Added Pin To Net: NetName=GND Pin=JP_Module1-13
Added Pin To Net: NetName=GND Pin=JP_Module1-14
Added Pin To Net: NetName=GND Pin=JP_Module1-15
Added Pin To Net: NetName=GND Pin=JP_Module1-16
Added Pin To Net: NetName=VBUS Pin=JP_Module2-5
Added Pin To Net: NetName=VBUS Pin=JP_Module2-6
Added Pin To Net: NetName=SPI_BUS.SCLK Pin=JP_Module2-8
Added Pin To Net: NetName=SPI_BUS.Module2_CS Pin=JP_Module2-10
Added Pin To Net: NetName=GND Pin=JP_Module2-13
Added Pin To Net: NetName=GND Pin=JP_Module2-14
Added Pin To Net: NetName=GND Pin=JP_Module2-15
Added Pin To Net: NetName=GND Pin=JP_Module2-16
Added Pin To Net: NetName=VBUS Pin=JP_Module3-5
Added Pin To Net: NetName=VBUS Pin=JP_Module3-6
Added Pin To Net: NetName=SPI_BUS.SCLK Pin=JP_Module3-8
Added Pin To Net: NetName=SPI_BUS.Module3_CS Pin=JP_Module3-10
Added Pin To Net: NetName=GND Pin=JP_Module3-13
Added Pin To Net: NetName=GND Pin=JP_Module3-14
Added Pin To Net: NetName=GND Pin=JP_Module3-15
Added Pin To Net: NetName=GND Pin=JP_Module3-16
Added Pin To Net: NetName=VBUS Pin=JP_Module4-5
Added Pin To Net: NetName=VBUS Pin=JP_Module4-6
Added Pin To Net: NetName=SPI_BUS.SCLK Pin=JP_Module4-8
Added Pin To Net: NetName=SPI_BUS.Module4_CS Pin=JP_Module4-10
Added Pin To Net: NetName=GND Pin=JP_Module4-13
Added Pin To Net: NetName=GND Pin=JP_Module4-14
Added Pin To Net: NetName=GND Pin=JP_Module4-15
Added Pin To Net: NetName=GND Pin=JP_Module4-16
Added Pin To Net: NetName=VBUS Pin=JP_Module5-5
Added Pin To Net: NetName=VBUS Pin=JP_Module5-6
Added Pin To Net: NetName=SPI_BUS.SCLK Pin=JP_Module5-8
Added Pin To Net: NetName=SPI_BUS.Module5_CS Pin=JP_Module5-10
Added Pin To Net: NetName=GND Pin=JP_Module5-13
Added Pin To Net: NetName=GND Pin=JP_Module5-14
Added Pin To Net: NetName=GND Pin=JP_Module5-15
Added Pin To Net: NetName=GND Pin=JP_Module5-16
Added Pin To Net: NetName=VBUS Pin=JP_Module6-5
Added Pin To Net: NetName=VBUS Pin=JP_Module6-6
Added Pin To Net: NetName=SPI_BUS.SCLK Pin=JP_Module6-8
Added Pin To Net: NetName=SPI_BUS.Module6_CS Pin=JP_Module6-10
Added Pin To Net: NetName=GND Pin=JP_Module6-13
Added Pin To Net: NetName=GND Pin=JP_Module6-14
Added Pin To Net: NetName=GND Pin=JP_Module6-15
Added Pin To Net: NetName=GND Pin=JP_Module6-16
Added Pin To Net: NetName=VBUS Pin=JP_Module7-5
Added Pin To Net: NetName=VBUS Pin=JP_Module7-6
Added Pin To Net: NetName=SPI_BUS.SCLK Pin=JP_Module7-8
Added Pin To Net: NetName=SPI_BUS.Module7_CS Pin=JP_Module7-10
Added Pin To Net: NetName=GND Pin=JP_Module7-13
Added Pin To Net: NetName=GND Pin=JP_Module7-14
Added Pin To Net: NetName=GND Pin=JP_Module7-15
Added Pin To Net: NetName=GND Pin=JP_Module7-16
Added Pin To Net: NetName=VBUS Pin=JP_Module8-5
Added Pin To Net: NetName=VBUS Pin=JP_Module8-6
Added Pin To Net: NetName=SPI_BUS.SCLK Pin=JP_Module8-8
Added Pin To Net: NetName=SPI_BUS.Module8_CS Pin=JP_Module8-10
Added Pin To Net: NetName=GND Pin=JP_Module8-13
Added Pin To Net: NetName=GND Pin=JP_Module8-14
Added Pin To Net: NetName=GND Pin=JP_Module8-15
Added Pin To Net: NetName=GND Pin=JP_Module8-16
Added Pin To Net: NetName=VBUS Pin=JP_Module9-5
Added Pin To Net: NetName=VBUS Pin=JP_Module9-6
Added Pin To Net: NetName=SPI_BUS.SCLK Pin=JP_Module9-8
Added Pin To Net: NetName=SPI_BUS.Module9_CS Pin=JP_Module9-10
Added Pin To Net: NetName=GND Pin=JP_Module9-13
Added Pin To Net: NetName=GND Pin=JP_Module9-14
Added Pin To Net: NetName=GND Pin=JP_Module9-15
Added Pin To Net: NetName=GND Pin=JP_Module9-16
Added Pin To Net: NetName=VBUS Pin=JP_Module10-5
Added Pin To Net: NetName=VBUS Pin=JP_Module10-6
Added Pin To Net: NetName=SPI_BUS.SCLK Pin=JP_Module10-8
Added Pin To Net: NetName=SPI_BUS.Module10_CS Pin=JP_Module10-10
Added Pin To Net: NetName=GND Pin=JP_Module10-13
Added Pin To Net: NetName=GND Pin=JP_Module10-14
Added Pin To Net: NetName=GND Pin=JP_Module10-15
Added Pin To Net: NetName=GND Pin=JP_Module10-16
Added Pin To Net: NetName=VBUS Pin=JP_Module11-5
Added Pin To Net: NetName=VBUS Pin=JP_Module11-6
Added Pin To Net: NetName=SPI_BUS.SCLK Pin=JP_Module11-8
Added Pin To Net: NetName=SPI_BUS.Module11_CS Pin=JP_Module11-10
Added Pin To Net: NetName=GND Pin=JP_Module11-13
Added Pin To Net: NetName=GND Pin=JP_Module11-14
Added Pin To Net: NetName=GND Pin=JP_Module11-15
Added Pin To Net: NetName=GND Pin=JP_Module11-16
Added Pin To Net: NetName=VBUS Pin=JP_Module12-5
Added Pin To Net: NetName=VBUS Pin=JP_Module12-6
Added Pin To Net: NetName=SPI_BUS.SCLK Pin=JP_Module12-8
Added Pin To Net: NetName=SPI_BUS.Module12_CS Pin=JP_Module12-10
Added Pin To Net: NetName=GND Pin=JP_Module12-13
Added Pin To Net: NetName=GND Pin=JP_Module12-14
Added Pin To Net: NetName=GND Pin=JP_Module12-15
Added Pin To Net: NetName=GND Pin=JP_Module12-16
Added Pin To Net: NetName=VBUS Pin=JP_Module13-5
Added Pin To Net: NetName=VBUS Pin=JP_Module13-6
Added Pin To Net: NetName=SPI_BUS.SCLK Pin=JP_Module13-8
Added Pin To Net: NetName=SPI_BUS.Module13_CS Pin=JP_Module13-10
Added Pin To Net: NetName=GND Pin=JP_Module13-13
Added Pin To Net: NetName=GND Pin=JP_Module13-14
Added Pin To Net: NetName=GND Pin=JP_Module13-15
Added Pin To Net: NetName=GND Pin=JP_Module13-16
Added Pin To Net: NetName=VBUS Pin=JP_Module14-5
Added Pin To Net: NetName=VBUS Pin=JP_Module14-6
Added Pin To Net: NetName=SPI_BUS.SCLK Pin=JP_Module14-8
Added Pin To Net: NetName=SPI_BUS.Module14_CS Pin=JP_Module14-10
Added Pin To Net: NetName=GND Pin=JP_Module14-13
Added Pin To Net: NetName=GND Pin=JP_Module14-14
Added Pin To Net: NetName=GND Pin=JP_Module14-15
Added Pin To Net: NetName=GND Pin=JP_Module14-16
Added Pin To Net: NetName=SPI_BUS.MISO Pin=U1-19
Added Pin To Net: NetName=SPI_BUS.MISO Pin=U2-23
Change Net Name : Old Net Name=SPI_BUS.MISO New Net Name=SPI_BUS.MOSI
Added Pin To Net: NetName=SPI_BUS.MISO Pin=JP_Module1-9
Added Pin To Net: NetName=SPI_BUS.MISO Pin=JP_Module2-9
Added Pin To Net: NetName=SPI_BUS.MISO Pin=JP_Module3-9
Added Pin To Net: NetName=SPI_BUS.MISO Pin=JP_Module4-9
Added Pin To Net: NetName=SPI_BUS.MISO Pin=JP_Module5-9
Added Pin To Net: NetName=SPI_BUS.MISO Pin=JP_Module6-9
Added Pin To Net: NetName=SPI_BUS.MISO Pin=JP_Module7-9
Added Pin To Net: NetName=SPI_BUS.MISO Pin=JP_Module8-9
Added Pin To Net: NetName=SPI_BUS.MISO Pin=JP_Module9-9
Added Pin To Net: NetName=SPI_BUS.MISO Pin=JP_Module10-9
Added Pin To Net: NetName=SPI_BUS.MISO Pin=JP_Module11-9
Added Pin To Net: NetName=SPI_BUS.MISO Pin=JP_Module12-9
Added Pin To Net: NetName=SPI_BUS.MISO Pin=JP_Module13-9
Added Pin To Net: NetName=SPI_BUS.MISO Pin=JP_Module14-9
Added Pin To Net: NetName=SPI_BUS.MISO Pin=U1-21
Added Pin To Net: NetName=SPI_BUS.MISO Pin=U2-22
Added Net: Name=SPI_BUS.MISO
