Removed Pin From Net: NetName=NetQ1_1 Pin=Q3-2
Removed Pin From Net: NetName=NetQ5_1 Pin=Q6-2
Removed Pin From Net: NetName=+5 Pin=Q6-3
Removed Pin From Net: NetName=NetQ1_1 Pin=R15-2
Removed Pin From Net: NetName=NetQ5_1 Pin=R22-1
Removed Pin From Net: NetName=BKUP_BATT_OUT- Pin=R22-2
Change Component Comment : Designator=R14 Old Comment=10K New Comment=100K
Added Component: Designator=R26(R0603_L)
Add component (AddParameter): Name = "BOM名称"; Value = "贴片电阻"; VariantName = "[No Variations]"
Add component (AddParameter): Name = "联系卖家，免费查找封装"; Value = "唯一出售店铺网址https://shop463601444.taobao.com"; VariantName = "[No Variations]"
Added Component: Designator=R27(R0603_L)
Add component (AddParameter): Name = "BOM名称"; Value = "贴片电阻"; VariantName = "[No Variations]"
Add component (AddParameter): Name = "联系卖家，免费查找封装"; Value = "唯一出售店铺网址https://shop463601444.taobao.com"; VariantName = "[No Variations]"
Added Component: Designator=R28(R0603_L)
Add component (AddParameter): Name = "BOM名称"; Value = "贴片电阻"; VariantName = "[No Variations]"
Add component (AddParameter): Name = "联系卖家，免费查找封装"; Value = "唯一出售店铺网址https://shop463601444.taobao.com"; VariantName = "[No Variations]"
Added Component: Designator=R29(R0603_L)
Add component (AddParameter): Name = "BOM名称"; Value = "贴片电阻"; VariantName = "[No Variations]"
Add component (AddParameter): Name = "联系卖家，免费查找封装"; Value = "唯一出售店铺网址https://shop463601444.taobao.com"; VariantName = "[No Variations]"
Added Component: Designator=R30(R0603_L)
Add component (AddParameter): Name = "BOM名称"; Value = "贴片电阻"; VariantName = "[No Variations]"
Add component (AddParameter): Name = "联系卖家，免费查找封装"; Value = "唯一出售店铺网址https://shop463601444.taobao.com"; VariantName = "[No Variations]"
Added Component: Designator=R31(R0603_L)
Add component (AddParameter): Name = "BOM名称"; Value = "贴片电阻"; VariantName = "[No Variations]"
Add component (AddParameter): Name = "联系卖家，免费查找封装"; Value = "唯一出售店铺网址https://shop463601444.taobao.com"; VariantName = "[No Variations]"
Added Component: Designator=R32(R0603_L)
Add component (AddParameter): Name = "BOM名称"; Value = "贴片电阻"; VariantName = "[No Variations]"
Add component (AddParameter): Name = "联系卖家，免费查找封装"; Value = "唯一出售店铺网址https://shop463601444.taobao.com"; VariantName = "[No Variations]"
Added Component: Designator=R33(R0603_L)
Add component (AddParameter): Name = "BOM名称"; Value = "贴片电阻"; VariantName = "[No Variations]"
Add component (AddParameter): Name = "联系卖家，免费查找封装"; Value = "唯一出售店铺网址https://shop463601444.taobao.com"; VariantName = "[No Variations]"
Added Pin To Net: NetName=BKUP_BATT_OUT- Pin=Q6-2
Added Pin To Net: NetName=+5 Pin=R22-1
Added Pin To Net: NetName=NetQ5_1 Pin=R26-2
Added Pin To Net: NetName=NetQ6_1 Pin=R27-2
Added Pin To Net: NetName=NetQ6_1 Pin=R28-1
Added Pin To Net: NetName=BKUP_BATT_OUT- Pin=R28-2
Added Pin To Net: NetName=NetQ2_1 Pin=R29-2
Added Pin To Net: NetName=BKUP_BATT_OUT- Pin=R30-1
Added Pin To Net: NetName=NetQ2_1 Pin=R30-2
Added Pin To Net: NetName=NetQ3_1 Pin=R31-2
Added Pin To Net: NetName=NetQ1_1 Pin=R32-2
Added Pin To Net: NetName=BKUP_BATT_OUT- Pin=R33-1
Added Pin To Net: NetName=NetQ3_1 Pin=R33-2
Added Pin To Net: NetName=Module1_CS Pin=JP_Module1-10
Added Net: Name=Module1_CS
Added Pin To Net: NetName=Module2_CS Pin=JP_Module2-10
Added Net: Name=Module2_CS
Added Pin To Net: NetName=Module3_CS Pin=JP_Module3-10
Added Net: Name=Module3_CS
Added Pin To Net: NetName=Module4_CS Pin=JP_Module4-10
Added Net: Name=Module4_CS
Added Pin To Net: NetName=Module5_CS Pin=JP_Module5-10
Added Net: Name=Module5_CS
Added Pin To Net: NetName=Module6_CS Pin=JP_Module6-10
Added Net: Name=Module6_CS
Added Pin To Net: NetName=Module7_CS Pin=JP_Module7-10
Added Net: Name=Module7_CS
Added Pin To Net: NetName=Module8_CS Pin=JP_Module8-10
Added Net: Name=Module8_CS
Added Pin To Net: NetName=Module9_CS Pin=JP_Module9-10
Added Net: Name=Module9_CS
Added Pin To Net: NetName=Module10_CS Pin=JP_Module10-10
Added Net: Name=Module10_CS
Added Pin To Net: NetName=Module11_CS Pin=JP_Module11-10
Added Net: Name=Module11_CS
Added Pin To Net: NetName=Module12_CS Pin=JP_Module12-10
Added Net: Name=Module12_CS
Added Pin To Net: NetName=Module13_CS Pin=JP_Module13-10
Added Net: Name=Module13_CS
Added Pin To Net: NetName=Module14_CS Pin=JP_Module14-10
Added Net: Name=Module14_CS
Added Pin To Net: NetName=NetQ3_2 Pin=Q3-2
Added Pin To Net: NetName=NetQ3_2 Pin=R15-2
Added Pin To Net: NetName=NetQ3_2 Pin=R32-1
Added Net: Name=NetQ3_2
Added Pin To Net: NetName=NetQ6_3 Pin=Q6-3
Added Pin To Net: NetName=NetQ6_3 Pin=R22-2
Added Pin To Net: NetName=NetQ6_3 Pin=R26-1
Added Net: Name=NetQ6_3
Added Pin To Net: NetName=NetR27_1 Pin=R27-1
Added Net: Name=NetR27_1
Added Pin To Net: NetName=NetR29_1 Pin=R29-1
Added Net: Name=NetR29_1
Added Pin To Net: NetName=NetR31_1 Pin=R31-1
Added Net: Name=NetR31_1
Added Member To Class: ClassName=Sheet1 Member=Component R26 1K
Added Member To Class: ClassName=Sheet1 Member=Component R27 1K
Added Member To Class: ClassName=Sheet1 Member=Component R28 100K
Added Member To Class: ClassName=Sheet1 Member=Component R29 1K
Added Member To Class: ClassName=Sheet1 Member=Component R30 100K
Added Member To Class: ClassName=Sheet1 Member=Component R31 1K
Added Member To Class: ClassName=Sheet1 Member=Component R32 1K
Added Member To Class: ClassName=Sheet1 Member=Component R33 100K
