Removed Pin From Net: NetName=SPI_BUS.MISO Pin=JP_Module1-5
Removed Pin From Net: NetName=SPI_BUS.MOSI Pin=JP_Module1-7
Added Component: Designator=JP_Module2(FPC0.5 2H-WS-12P)
Add component (AddParameter): Name = "BOM名称"; Value = "FPC连接器"; VariantName = "[No Variations]"
Add component (AddParameter): Name = "学习资源"; Value = "www.ooocke.com"; VariantName = "[No Variations]"
Add component (AddParameter): Name = "版权归属"; Value = "源创客"; VariantName = "[No Variations]"
Added Component: Designator=JP_Module3(FPC0.5 2H-WS-12P)
Add component (AddParameter): Name = "BOM名称"; Value = "FPC连接器"; VariantName = "[No Variations]"
Add component (AddParameter): Name = "学习资源"; Value = "www.ooocke.com"; VariantName = "[No Variations]"
Add component (AddParameter): Name = "版权归属"; Value = "源创客"; VariantName = "[No Variations]"
Added Component: Designator=JP_Module4(FPC0.5 2H-WS-12P)
Add component (AddParameter): Name = "BOM名称"; Value = "FPC连接器"; VariantName = "[No Variations]"
Add component (AddParameter): Name = "学习资源"; Value = "www.ooocke.com"; VariantName = "[No Variations]"
Add component (AddParameter): Name = "版权归属"; Value = "源创客"; VariantName = "[No Variations]"
Added Component: Designator=JP_Module5(FPC0.5 2H-WS-12P)
Add component (AddParameter): Name = "BOM名称"; Value = "FPC连接器"; VariantName = "[No Variations]"
Add component (AddParameter): Name = "学习资源"; Value = "www.ooocke.com"; VariantName = "[No Variations]"
Add component (AddParameter): Name = "版权归属"; Value = "源创客"; VariantName = "[No Variations]"
Added Component: Designator=JP_Module6(FPC0.5 2H-WS-12P)
Add component (AddParameter): Name = "BOM名称"; Value = "FPC连接器"; VariantName = "[No Variations]"
Add component (AddParameter): Name = "学习资源"; Value = "www.ooocke.com"; VariantName = "[No Variations]"
Add component (AddParameter): Name = "版权归属"; Value = "源创客"; VariantName = "[No Variations]"
Added Component: Designator=JP_Module7(FPC0.5 2H-WS-12P)
Add component (AddParameter): Name = "BOM名称"; Value = "FPC连接器"; VariantName = "[No Variations]"
Add component (AddParameter): Name = "学习资源"; Value = "www.ooocke.com"; VariantName = "[No Variations]"
Add component (AddParameter): Name = "版权归属"; Value = "源创客"; VariantName = "[No Variations]"
Added Component: Designator=JP_Module8(FPC0.5 2H-WS-12P)
Add component (AddParameter): Name = "BOM名称"; Value = "FPC连接器"; VariantName = "[No Variations]"
Add component (AddParameter): Name = "学习资源"; Value = "www.ooocke.com"; VariantName = "[No Variations]"
Add component (AddParameter): Name = "版权归属"; Value = "源创客"; VariantName = "[No Variations]"
Added Component: Designator=JP_Module9(FPC0.5 2H-WS-12P)
Add component (AddParameter): Name = "BOM名称"; Value = "FPC连接器"; VariantName = "[No Variations]"
Add component (AddParameter): Name = "学习资源"; Value = "www.ooocke.com"; VariantName = "[No Variations]"
Add component (AddParameter): Name = "版权归属"; Value = "源创客"; VariantName = "[No Variations]"
Added Component: Designator=JP_Module10(FPC0.5 2H-WS-12P)
Add component (AddParameter): Name = "BOM名称"; Value = "FPC连接器"; VariantName = "[No Variations]"
Add component (AddParameter): Name = "学习资源"; Value = "www.ooocke.com"; VariantName = "[No Variations]"
Add component (AddParameter): Name = "版权归属"; Value = "源创客"; VariantName = "[No Variations]"
Added Component: Designator=JP_Module11(FPC0.5 2H-WS-12P)
Add component (AddParameter): Name = "BOM名称"; Value = "FPC连接器"; VariantName = "[No Variations]"
Add component (AddParameter): Name = "学习资源"; Value = "www.ooocke.com"; VariantName = "[No Variations]"
Add component (AddParameter): Name = "版权归属"; Value = "源创客"; VariantName = "[No Variations]"
Added Component: Designator=JP_Module12(FPC0.5 2H-WS-12P)
Add component (AddParameter): Name = "BOM名称"; Value = "FPC连接器"; VariantName = "[No Variations]"
Add component (AddParameter): Name = "学习资源"; Value = "www.ooocke.com"; VariantName = "[No Variations]"
Add component (AddParameter): Name = "版权归属"; Value = "源创客"; VariantName = "[No Variations]"
Added Component: Designator=JP_Module13(FPC0.5 2H-WS-12P)
Add component (AddParameter): Name = "BOM名称"; Value = "FPC连接器"; VariantName = "[No Variations]"
Add component (AddParameter): Name = "学习资源"; Value = "www.ooocke.com"; VariantName = "[No Variations]"
Add component (AddParameter): Name = "版权归属"; Value = "源创客"; VariantName = "[No Variations]"
Added Component: Designator=JP_Module14(FPC0.5 2H-WS-12P)
Add component (AddParameter): Name = "BOM名称"; Value = "FPC连接器"; VariantName = "[No Variations]"
Add component (AddParameter): Name = "学习资源"; Value = "www.ooocke.com"; VariantName = "[No Variations]"
Add component (AddParameter): Name = "版权归属"; Value = "源创客"; VariantName = "[No Variations]"
Added Pin To Net: NetName=SPI_BUS.MOSI Pin=JP_Module1-5
Added Pin To Net: NetName=SPI_BUS.MISO Pin=JP_Module1-7
Added Pin To Net: NetName=VBUS Pin=JP_Module2-1
Added Pin To Net: NetName=VBUS Pin=JP_Module2-2
Added Pin To Net: NetName=VBUS Pin=JP_Module2-3
Added Pin To Net: NetName=VBUS Pin=JP_Module2-4
Added Pin To Net: NetName=SPI_BUS.MOSI Pin=JP_Module2-5
Added Pin To Net: NetName=SPI_BUS.SCLK Pin=JP_Module2-6
Added Pin To Net: NetName=SPI_BUS.MISO Pin=JP_Module2-7
Added Pin To Net: NetName=GND Pin=JP_Module2-9
Added Pin To Net: NetName=GND Pin=JP_Module2-10
Added Pin To Net: NetName=GND Pin=JP_Module2-11
Added Pin To Net: NetName=GND Pin=JP_Module2-12
Added Pin To Net: NetName=VBUS Pin=JP_Module3-1
Added Pin To Net: NetName=VBUS Pin=JP_Module3-2
Added Pin To Net: NetName=VBUS Pin=JP_Module3-3
Added Pin To Net: NetName=VBUS Pin=JP_Module3-4
Added Pin To Net: NetName=SPI_BUS.MOSI Pin=JP_Module3-5
Added Pin To Net: NetName=SPI_BUS.SCLK Pin=JP_Module3-6
Added Pin To Net: NetName=SPI_BUS.MISO Pin=JP_Module3-7
Added Pin To Net: NetName=GND Pin=JP_Module3-9
Added Pin To Net: NetName=GND Pin=JP_Module3-10
Added Pin To Net: NetName=GND Pin=JP_Module3-11
Added Pin To Net: NetName=GND Pin=JP_Module3-12
Added Pin To Net: NetName=VBUS Pin=JP_Module4-1
Added Pin To Net: NetName=VBUS Pin=JP_Module4-2
Added Pin To Net: NetName=VBUS Pin=JP_Module4-3
Added Pin To Net: NetName=VBUS Pin=JP_Module4-4
Added Pin To Net: NetName=SPI_BUS.MOSI Pin=JP_Module4-5
Added Pin To Net: NetName=SPI_BUS.SCLK Pin=JP_Module4-6
Added Pin To Net: NetName=SPI_BUS.MISO Pin=JP_Module4-7
Added Pin To Net: NetName=GND Pin=JP_Module4-9
Added Pin To Net: NetName=GND Pin=JP_Module4-10
Added Pin To Net: NetName=GND Pin=JP_Module4-11
Added Pin To Net: NetName=GND Pin=JP_Module4-12
Added Pin To Net: NetName=VBUS Pin=JP_Module5-1
Added Pin To Net: NetName=VBUS Pin=JP_Module5-2
Added Pin To Net: NetName=VBUS Pin=JP_Module5-3
Added Pin To Net: NetName=VBUS Pin=JP_Module5-4
Added Pin To Net: NetName=SPI_BUS.MOSI Pin=JP_Module5-5
Added Pin To Net: NetName=SPI_BUS.SCLK Pin=JP_Module5-6
Added Pin To Net: NetName=SPI_BUS.MISO Pin=JP_Module5-7
Added Pin To Net: NetName=GND Pin=JP_Module5-9
Added Pin To Net: NetName=GND Pin=JP_Module5-10
Added Pin To Net: NetName=GND Pin=JP_Module5-11
Added Pin To Net: NetName=GND Pin=JP_Module5-12
Added Pin To Net: NetName=VBUS Pin=JP_Module6-1
Added Pin To Net: NetName=VBUS Pin=JP_Module6-2
Added Pin To Net: NetName=VBUS Pin=JP_Module6-3
Added Pin To Net: NetName=VBUS Pin=JP_Module6-4
Added Pin To Net: NetName=SPI_BUS.MOSI Pin=JP_Module6-5
Added Pin To Net: NetName=SPI_BUS.SCLK Pin=JP_Module6-6
Added Pin To Net: NetName=SPI_BUS.MISO Pin=JP_Module6-7
Added Pin To Net: NetName=GND Pin=JP_Module6-9
Added Pin To Net: NetName=GND Pin=JP_Module6-10
Added Pin To Net: NetName=GND Pin=JP_Module6-11
Added Pin To Net: NetName=GND Pin=JP_Module6-12
Added Pin To Net: NetName=VBUS Pin=JP_Module7-1
Added Pin To Net: NetName=VBUS Pin=JP_Module7-2
Added Pin To Net: NetName=VBUS Pin=JP_Module7-3
Added Pin To Net: NetName=VBUS Pin=JP_Module7-4
Added Pin To Net: NetName=SPI_BUS.MOSI Pin=JP_Module7-5
Added Pin To Net: NetName=SPI_BUS.SCLK Pin=JP_Module7-6
Added Pin To Net: NetName=SPI_BUS.MISO Pin=JP_Module7-7
Added Pin To Net: NetName=GND Pin=JP_Module7-9
Added Pin To Net: NetName=GND Pin=JP_Module7-10
Added Pin To Net: NetName=GND Pin=JP_Module7-11
Added Pin To Net: NetName=GND Pin=JP_Module7-12
Added Pin To Net: NetName=VBUS Pin=JP_Module8-1
Added Pin To Net: NetName=VBUS Pin=JP_Module8-2
Added Pin To Net: NetName=VBUS Pin=JP_Module8-3
Added Pin To Net: NetName=VBUS Pin=JP_Module8-4
Added Pin To Net: NetName=SPI_BUS.MOSI Pin=JP_Module8-5
Added Pin To Net: NetName=SPI_BUS.SCLK Pin=JP_Module8-6
Added Pin To Net: NetName=SPI_BUS.MISO Pin=JP_Module8-7
Added Pin To Net: NetName=GND Pin=JP_Module8-9
Added Pin To Net: NetName=GND Pin=JP_Module8-10
Added Pin To Net: NetName=GND Pin=JP_Module8-11
Added Pin To Net: NetName=GND Pin=JP_Module8-12
Added Pin To Net: NetName=VBUS Pin=JP_Module9-1
Added Pin To Net: NetName=VBUS Pin=JP_Module9-2
Added Pin To Net: NetName=VBUS Pin=JP_Module9-3
Added Pin To Net: NetName=VBUS Pin=JP_Module9-4
Added Pin To Net: NetName=SPI_BUS.MOSI Pin=JP_Module9-5
Added Pin To Net: NetName=SPI_BUS.SCLK Pin=JP_Module9-6
Added Pin To Net: NetName=SPI_BUS.MISO Pin=JP_Module9-7
Added Pin To Net: NetName=GND Pin=JP_Module9-9
Added Pin To Net: NetName=GND Pin=JP_Module9-10
Added Pin To Net: NetName=GND Pin=JP_Module9-11
Added Pin To Net: NetName=GND Pin=JP_Module9-12
Added Pin To Net: NetName=VBUS Pin=JP_Module10-1
Added Pin To Net: NetName=VBUS Pin=JP_Module10-2
Added Pin To Net: NetName=VBUS Pin=JP_Module10-3
Added Pin To Net: NetName=VBUS Pin=JP_Module10-4
Added Pin To Net: NetName=SPI_BUS.MOSI Pin=JP_Module10-5
Added Pin To Net: NetName=SPI_BUS.SCLK Pin=JP_Module10-6
Added Pin To Net: NetName=SPI_BUS.MISO Pin=JP_Module10-7
Added Pin To Net: NetName=GND Pin=JP_Module10-9
Added Pin To Net: NetName=GND Pin=JP_Module10-10
Added Pin To Net: NetName=GND Pin=JP_Module10-11
Added Pin To Net: NetName=GND Pin=JP_Module10-12
Added Pin To Net: NetName=VBUS Pin=JP_Module11-1
Added Pin To Net: NetName=VBUS Pin=JP_Module11-2
Added Pin To Net: NetName=VBUS Pin=JP_Module11-3
Added Pin To Net: NetName=VBUS Pin=JP_Module11-4
Added Pin To Net: NetName=SPI_BUS.MOSI Pin=JP_Module11-5
Added Pin To Net: NetName=SPI_BUS.SCLK Pin=JP_Module11-6
Added Pin To Net: NetName=SPI_BUS.MISO Pin=JP_Module11-7
Added Pin To Net: NetName=GND Pin=JP_Module11-9
Added Pin To Net: NetName=GND Pin=JP_Module11-10
Added Pin To Net: NetName=GND Pin=JP_Module11-11
Added Pin To Net: NetName=GND Pin=JP_Module11-12
Added Pin To Net: NetName=VBUS Pin=JP_Module12-1
Added Pin To Net: NetName=VBUS Pin=JP_Module12-2
Added Pin To Net: NetName=VBUS Pin=JP_Module12-3
Added Pin To Net: NetName=VBUS Pin=JP_Module12-4
Added Pin To Net: NetName=SPI_BUS.MOSI Pin=JP_Module12-5
Added Pin To Net: NetName=SPI_BUS.SCLK Pin=JP_Module12-6
Added Pin To Net: NetName=SPI_BUS.MISO Pin=JP_Module12-7
Added Pin To Net: NetName=GND Pin=JP_Module12-9
Added Pin To Net: NetName=GND Pin=JP_Module12-10
Added Pin To Net: NetName=GND Pin=JP_Module12-11
Added Pin To Net: NetName=GND Pin=JP_Module12-12
Added Pin To Net: NetName=VBUS Pin=JP_Module13-1
Added Pin To Net: NetName=VBUS Pin=JP_Module13-2
Added Pin To Net: NetName=VBUS Pin=JP_Module13-3
Added Pin To Net: NetName=VBUS Pin=JP_Module13-4
Added Pin To Net: NetName=SPI_BUS.MOSI Pin=JP_Module13-5
Added Pin To Net: NetName=SPI_BUS.SCLK Pin=JP_Module13-6
Added Pin To Net: NetName=SPI_BUS.MISO Pin=JP_Module13-7
Added Pin To Net: NetName=GND Pin=JP_Module13-9
Added Pin To Net: NetName=GND Pin=JP_Module13-10
Added Pin To Net: NetName=GND Pin=JP_Module13-11
Added Pin To Net: NetName=GND Pin=JP_Module13-12
Added Pin To Net: NetName=VBUS Pin=JP_Module14-1
Added Pin To Net: NetName=VBUS Pin=JP_Module14-2
Added Pin To Net: NetName=VBUS Pin=JP_Module14-3
Added Pin To Net: NetName=VBUS Pin=JP_Module14-4
Added Pin To Net: NetName=SPI_BUS.MOSI Pin=JP_Module14-5
Added Pin To Net: NetName=SPI_BUS.SCLK Pin=JP_Module14-6
Added Pin To Net: NetName=SPI_BUS.MISO Pin=JP_Module14-7
Added Pin To Net: NetName=GND Pin=JP_Module14-9
Added Pin To Net: NetName=GND Pin=JP_Module14-10
Added Pin To Net: NetName=GND Pin=JP_Module14-11
Added Pin To Net: NetName=GND Pin=JP_Module14-12
Added Pin To Net: NetName=SPI_BUS.Module2_CS Pin=JP_Module2-8
Added Net: Name=SPI_BUS.Module2_CS
Added Pin To Net: NetName=SPI_BUS.Module3_CS Pin=JP_Module3-8
Added Net: Name=SPI_BUS.Module3_CS
Added Pin To Net: NetName=SPI_BUS.Module4_CS Pin=JP_Module4-8
Added Net: Name=SPI_BUS.Module4_CS
Added Pin To Net: NetName=SPI_BUS.Module5_CS Pin=JP_Module5-8
Added Net: Name=SPI_BUS.Module5_CS
Added Pin To Net: NetName=SPI_BUS.Module6_CS Pin=JP_Module6-8
Added Net: Name=SPI_BUS.Module6_CS
Added Pin To Net: NetName=SPI_BUS.Module7_CS Pin=JP_Module7-8
Added Net: Name=SPI_BUS.Module7_CS
Added Pin To Net: NetName=SPI_BUS.Module8_CS Pin=JP_Module8-8
Added Net: Name=SPI_BUS.Module8_CS
Added Pin To Net: NetName=SPI_BUS.Module9_CS Pin=JP_Module9-8
Added Net: Name=SPI_BUS.Module9_CS
Added Pin To Net: NetName=SPI_BUS.Module10_CS Pin=JP_Module10-8
Added Net: Name=SPI_BUS.Module10_CS
Added Pin To Net: NetName=SPI_BUS.Module11_CS Pin=JP_Module11-8
Added Net: Name=SPI_BUS.Module11_CS
Added Pin To Net: NetName=SPI_BUS.Module12_CS Pin=JP_Module12-8
Added Net: Name=SPI_BUS.Module12_CS
Added Pin To Net: NetName=SPI_BUS.Module13_CS Pin=JP_Module13-8
Added Net: Name=SPI_BUS.Module13_CS
Added Pin To Net: NetName=SPI_BUS.Module14_CS Pin=JP_Module14-8
Added Net: Name=SPI_BUS.Module14_CS
Added Member To Class: ClassName=Sheet1 Member=Component JP_Module2 FPC1.0-12P
Added Member To Class: ClassName=Sheet1 Member=Component JP_Module3 FPC1.0-12P
Added Member To Class: ClassName=Sheet1 Member=Component JP_Module4 FPC1.0-12P
Added Member To Class: ClassName=Sheet1 Member=Component JP_Module5 FPC1.0-12P
Added Member To Class: ClassName=Sheet1 Member=Component JP_Module6 FPC1.0-12P
Added Member To Class: ClassName=Sheet1 Member=Component JP_Module7 FPC1.0-12P
Added Member To Class: ClassName=Sheet1 Member=Component JP_Module8 FPC1.0-12P
Added Member To Class: ClassName=Sheet1 Member=Component JP_Module9 FPC1.0-12P
Added Member To Class: ClassName=Sheet1 Member=Component JP_Module10 FPC1.0-12P
Added Member To Class: ClassName=Sheet1 Member=Component JP_Module11 FPC1.0-12P
Added Member To Class: ClassName=Sheet1 Member=Component JP_Module12 FPC1.0-12P
Added Member To Class: ClassName=Sheet1 Member=Component JP_Module13 FPC1.0-12P
Added Member To Class: ClassName=Sheet1 Member=Component JP_Module14 FPC1.0-12P
Added Room: Name=Sheet1
