Removed Pin From Net: NetName=KB_C10 Pin=R4-5
Removed Pin From Net: NetName=KB_C11 Pin=R4-6
Removed Pin From Net: NetName=KB_C12 Pin=R4-7
Removed Pin From Net: NetName=KB_C13 Pin=R4-8
Removed Pin From Net: NetName=KB_C6 Pin=R5-5
Removed Pin From Net: NetName=KB_C7 Pin=R5-6
Removed Pin From Net: NetName=KB_C8 Pin=R5-7
Removed Pin From Net: NetName=KB_C9 Pin=R5-8
Removed Pin From Net: NetName=KB_C2 Pin=R6-5
Removed Pin From Net: NetName=KB_C3 Pin=R6-6
Removed Pin From Net: NetName=KB_C4 Pin=R6-7
Removed Pin From Net: NetName=KB_C5 Pin=R6-8
Removed Pin From Net: NetName=+3.3 Pin=R7-1
Removed Pin From Net: NetName=+3.3 Pin=R7-2
Removed Pin From Net: NetName=KB_C0 Pin=R7-7
Removed Pin From Net: NetName=KB_C1 Pin=R7-8
Change Component Footprint: Designator=R4 Old Footprint=RCA-8P4R-0402 New Footprint=RCA-8P4R-0603
Change Component Footprint: Designator=R5 Old Footprint=RCA-8P4R-0402 New Footprint=RCA-8P4R-0603
Change Component Footprint: Designator=R6 Old Footprint=RCA-8P4R-0402 New Footprint=RCA-8P4R-0603
Change Component Footprint: Designator=R7 Old Footprint=RCA-8P4R-0402 New Footprint=RCA-8P4R-0603
Added Pin To Net: NetName=KB_C13 Pin=R4-5
Added Pin To Net: NetName=KB_C12 Pin=R4-6
Added Pin To Net: NetName=KB_C11 Pin=R4-7
Added Pin To Net: NetName=KB_C10 Pin=R4-8
Added Pin To Net: NetName=KB_C9 Pin=R5-5
Added Pin To Net: NetName=KB_C8 Pin=R5-6
Added Pin To Net: NetName=KB_C7 Pin=R5-7
Added Pin To Net: NetName=KB_C6 Pin=R5-8
Added Pin To Net: NetName=KB_C5 Pin=R6-5
Added Pin To Net: NetName=KB_C4 Pin=R6-6
Added Pin To Net: NetName=KB_C3 Pin=R6-7
Added Pin To Net: NetName=KB_C2 Pin=R6-8
Added Pin To Net: NetName=+3.3 Pin=R7-3
Added Pin To Net: NetName=+3.3 Pin=R7-4
Added Pin To Net: NetName=KB_C1 Pin=R7-5
Added Pin To Net: NetName=KB_C0 Pin=R7-6
