Change Component Designator: Old Designator=C1 New Designator=C?
Change Component Designator: Old Designator=C2 New Designator=C?
Change Component Designator: Old Designator=C3 New Designator=C?
Change Component Designator: Old Designator=C4 New Designator=C?
Change Component Designator: Old Designator=C5 New Designator=C?
Change Component Designator: Old Designator=C6 New Designator=C?
Change Component Designator: Old Designator=C7 New Designator=C?
Change Component Designator: Old Designator=C8 New Designator=C?
Change Component Designator: Old Designator=C9 New Designator=C?
Change Component Designator: Old Designator=C10 New Designator=C?
Change Component Designator: Old Designator=C11 New Designator=C?
Change Component Designator: Old Designator=C12 New Designator=C?
Change Component Designator: Old Designator=C13 New Designator=C?
Change Component Designator: Old Designator=C14 New Designator=C?
Change Component Designator: Old Designator=C15 New Designator=C?
Change Component Designator: Old Designator=C16 New Designator=C?
Change Component Designator: Old Designator=C17 New Designator=C?
Change Component Designator: Old Designator=C18 New Designator=C?
Change Component Designator: Old Designator=C19 New Designator=C?
Change Component Designator: Old Designator=C20 New Designator=C?
Change Component Designator: Old Designator=C21 New Designator=C?
Change Component Designator: Old Designator=C22 New Designator=C?
Change Component Designator: Old Designator=C23 New Designator=C?
Change Component Designator: Old Designator=C24 New Designator=C?
Change Component Designator: Old Designator=C25 New Designator=C?
Change Component Designator: Old Designator=C26 New Designator=C?
Change Component Designator: Old Designator=C27 New Designator=C?
Change Component Designator: Old Designator=JP_BATT1 New Designator=JP_BATT?
Change Component Designator: Old Designator=JP_Module1 New Designator=JP_Module?
Change Component Designator: Old Designator=JP_Module2 New Designator=JP_Module?
Change Component Designator: Old Designator=JP_Module3 New Designator=JP_Module?
Change Component Designator: Old Designator=JP_Module4 New Designator=JP_Module?
Change Component Designator: Old Designator=JP_Module5 New Designator=JP_Module?
Change Component Designator: Old Designator=JP_Module6 New Designator=JP_Module?
Change Component Designator: Old Designator=JP_Module7 New Designator=JP_Module?
Change Component Designator: Old Designator=JP_Module8 New Designator=JP_Module?
Change Component Designator: Old Designator=JP_Module9 New Designator=JP_Module?
Change Component Designator: Old Designator=JP_Module10 New Designator=JP_Module?
Change Component Designator: Old Designator=JP_Module11 New Designator=JP_Module?
Change Component Designator: Old Designator=JP_Module12 New Designator=JP_Module?
Change Component Designator: Old Designator=JP_Module13 New Designator=JP_Module?
Change Component Designator: Old Designator=JP_Module14 New Designator=JP_Module?
Change Component Designator: Old Designator=JP_Module15 New Designator=JP_Module?
Change Component Designator: Old Designator=JP_Module16 New Designator=JP_Module?
Change Component Designator: Old Designator=JP_USB1 New Designator=JP_USB?
Change Component Designator: Old Designator=L1 New Designator=L?
Change Component Designator: Old Designator=L2 New Designator=L?
Change Component Designator: Old Designator=LED1 New Designator=LED?
Change Component Designator: Old Designator=LED2 New Designator=LED?
Change Component Designator: Old Designator=LED3 New Designator=LED?
Change Component Designator: Old Designator=LED4 New Designator=LED?
Change Component Designator: Old Designator=LED5 New Designator=LED?
Change Component Designator: Old Designator=LED6 New Designator=LED?
Change Component Designator: Old Designator=LED7 New Designator=LED?
Change Component Designator: Old Designator=LED8 New Designator=LED?
Change Component Designator: Old Designator=LED9 New Designator=LED?
Change Component Designator: Old Designator=LED10 New Designator=LED?
Change Component Designator: Old Designator=LED11 New Designator=LED?
Change Component Designator: Old Designator=LED12 New Designator=LED?
Change Component Designator: Old Designator=LED13 New Designator=LED?
Change Component Designator: Old Designator=LED14 New Designator=LED?
Change Component Designator: Old Designator=LED15 New Designator=LED?
Change Component Designator: Old Designator=LED16 New Designator=LED?
Change Component Designator: Old Designator=LED17 New Designator=LED?
Change Component Designator: Old Designator=LED18 New Designator=LED?
Change Component Designator: Old Designator=LED19 New Designator=LED?
Change Component Designator: Old Designator=LED20 New Designator=LED?
Change Component Designator: Old Designator=R1 New Designator=R?
Change Component Designator: Old Designator=R2 New Designator=R?
Change Component Designator: Old Designator=R3 New Designator=R?
Change Component Designator: Old Designator=R4 New Designator=R?
Change Component Designator: Old Designator=R5 New Designator=R?
Change Component Designator: Old Designator=R6 New Designator=R?
Change Component Designator: Old Designator=R7 New Designator=R?
Change Component Designator: Old Designator=R8 New Designator=R?
Change Component Designator: Old Designator=R9 New Designator=R?
Change Component Designator: Old Designator=R10 New Designator=R?
Change Component Designator: Old Designator=R11 New Designator=R?
Change Component Designator: Old Designator=R12 New Designator=R?
Change Component Designator: Old Designator=R13 New Designator=R?
Change Component Designator: Old Designator=R14 New Designator=R?
Change Component Designator: Old Designator=R15 New Designator=R?
Change Component Designator: Old Designator=R16 New Designator=R?
Change Component Designator: Old Designator=R17 New Designator=R?
Change Component Designator: Old Designator=R18 New Designator=R?
Change Component Designator: Old Designator=R19 New Designator=R?
Change Component Designator: Old Designator=R20 New Designator=R?
Change Component Designator: Old Designator=R21 New Designator=R?
Change Component Designator: Old Designator=R22 New Designator=R?
Change Component Designator: Old Designator=R23 New Designator=R?
Change Component Designator: Old Designator=R24 New Designator=R?
Change Component Designator: Old Designator=R25 New Designator=R?
Change Component Designator: Old Designator=R26 New Designator=R?
Change Component Designator: Old Designator=R27 New Designator=R?
Change Component Designator: Old Designator=R28 New Designator=R?
Change Component Designator: Old Designator=R29 New Designator=R?
Change Component Designator: Old Designator=R30 New Designator=R?
Change Component Designator: Old Designator=R31 New Designator=R?
Change Component Designator: Old Designator=R32 New Designator=R?
Change Component Designator: Old Designator=R33 New Designator=R?
Change Component Designator: Old Designator=SW1 New Designator=SW?
Change Component Designator: Old Designator=SW2 New Designator=SW?
Change Component Designator: Old Designator=SW3 New Designator=SW?
Change Component Designator: Old Designator=SW4 New Designator=SW?
Change Component Designator: Old Designator=SW5 New Designator=SW?
Change Component Designator: Old Designator=SW_1 New Designator=SW_?
Change Component Designator: Old Designator=SW_1 New Designator=SW_?
Change Component Designator: Old Designator=SW_2 New Designator=SW_?
Change Component Designator: Old Designator=SW_2 New Designator=SW_?
Change Component Designator: Old Designator=SW_3 New Designator=SW_?
Change Component Designator: Old Designator=SW_3 New Designator=SW_?
Change Component Designator: Old Designator=SW_4 New Designator=SW_?
Change Component Designator: Old Designator=SW_4 New Designator=SW_?
Change Component Designator: Old Designator=SW_5 New Designator=SW_?
Change Component Designator: Old Designator=SW_5 New Designator=SW_?
Change Component Designator: Old Designator=SW_6 New Designator=SW_?
Change Component Designator: Old Designator=SW_6 New Designator=SW_?
Change Component Designator: Old Designator=SW_7 New Designator=SW_?
Change Component Designator: Old Designator=SW_7 New Designator=SW_?
Change Component Designator: Old Designator=SW_8 New Designator=SW_?
Change Component Designator: Old Designator=SW_8 New Designator=SW_?
Change Component Designator: Old Designator=SW_9 New Designator=SW_?
Change Component Designator: Old Designator=SW_9 New Designator=SW_?
Change Component Designator: Old Designator=SW_10 New Designator=SW_?
Change Component Designator: Old Designator=SW_10 New Designator=SW_?
Change Component Designator: Old Designator=SW_'1 New Designator=SW_'?
Change Component Designator: Old Designator=SW_'1 New Designator=SW_'?
Change Component Designator: Old Designator=SW_,1 New Designator=SW_,?
Change Component Designator: Old Designator=SW_,1 New Designator=SW_,?
Change Component Designator: Old Designator=SW_-1 New Designator=SW_-?
Change Component Designator: Old Designator=SW_-1 New Designator=SW_-?
Change Component Designator: Old Designator=SW_.1 New Designator=SW_.?
Change Component Designator: Old Designator=SW_.1 New Designator=SW_.?
Change Component Designator: Old Designator=SW_/1 New Designator=SW_/?
Change Component Designator: Old Designator=SW_/1 New Designator=SW_/?
Change Component Designator: Old Designator=SW_;1 New Designator=SW_;?
Change Component Designator: Old Designator=SW_;1 New Designator=SW_;?
Change Component Designator: Old Designator=SW_=1 New Designator=SW_=?
Change Component Designator: Old Designator=SW_=1 New Designator=SW_=?
Change Component Designator: Old Designator=SW_[1 New Designator=SW_[?
Change Component Designator: Old Designator=SW_[1 New Designator=SW_[?
Change Component Designator: Old Designator=SW_\1 New Designator=SW_\?
Change Component Designator: Old Designator=SW_\1 New Designator=SW_\?
Change Component Designator: Old Designator=SW_]1 New Designator=SW_]?
Change Component Designator: Old Designator=SW_]1 New Designator=SW_]?
Change Component Designator: Old Designator=SW_A1 New Designator=SW_A?
Change Component Designator: Old Designator=SW_A1 New Designator=SW_A?
Change Component Designator: Old Designator=SW_B1 New Designator=SW_B?
Change Component Designator: Old Designator=SW_B1 New Designator=SW_B?
Change Component Designator: Old Designator=SW_BACKSPACE1 New Designator=SW_BACKSPACE?
Change Component Designator: Old Designator=SW_BACKSPACE1 New Designator=SW_BACKSPACE?
Change Component Designator: Old Designator=SW_C1 New Designator=SW_C?
Change Component Designator: Old Designator=SW_C1 New Designator=SW_C?
Change Component Designator: Old Designator=SW_CAPSLOCK1 New Designator=SW_CAPSLOCK?
Change Component Designator: Old Designator=SW_CAPSLOCK1 New Designator=SW_CAPSLOCK?
Change Component Designator: Old Designator=SW_D1 New Designator=SW_D?
Change Component Designator: Old Designator=SW_D1 New Designator=SW_D?
Change Component Designator: Old Designator=SW_DEL1 New Designator=SW_DEL?
Change Component Designator: Old Designator=SW_DEL1 New Designator=SW_DEL?
Change Component Designator: Old Designator=SW_DOWN1 New Designator=SW_DOWN?
Change Component Designator: Old Designator=SW_DOWN1 New Designator=SW_DOWN?
Change Component Designator: Old Designator=SW_E1 New Designator=SW_E?
Change Component Designator: Old Designator=SW_E1 New Designator=SW_E?
Change Component Designator: Old Designator=SW_ENTER1 New Designator=SW_ENTER?
Change Component Designator: Old Designator=SW_ENTER1 New Designator=SW_ENTER?
Change Component Designator: Old Designator=SW_ESC1 New Designator=SW_ESC?
Change Component Designator: Old Designator=SW_ESC1 New Designator=SW_ESC?
Change Component Designator: Old Designator=SW_F1 New Designator=SW_F?
Change Component Designator: Old Designator=SW_F1 New Designator=SW_F?
Change Component Designator: Old Designator=SW_FUNC1 New Designator=SW_FUNC?
Change Component Designator: Old Designator=SW_FUNC1 New Designator=SW_FUNC?
Change Component Designator: Old Designator=SW_G1 New Designator=SW_G?
Change Component Designator: Old Designator=SW_G1 New Designator=SW_G?
Change Component Designator: Old Designator=SW_H1 New Designator=SW_H?
Change Component Designator: Old Designator=SW_H1 New Designator=SW_H?
Change Component Designator: Old Designator=SW_I1 New Designator=SW_I?
Change Component Designator: Old Designator=SW_I1 New Designator=SW_I?
Change Component Designator: Old Designator=SW_J1 New Designator=SW_J?
Change Component Designator: Old Designator=SW_J1 New Designator=SW_J?
Change Component Designator: Old Designator=SW_K1 New Designator=SW_K?
Change Component Designator: Old Designator=SW_K1 New Designator=SW_K?
Change Component Designator: Old Designator=SW_L1 New Designator=SW_L?
Change Component Designator: Old Designator=SW_L1 New Designator=SW_L?
Change Component Designator: Old Designator=SW_LALT1 New Designator=SW_LALT?
Change Component Designator: Old Designator=SW_LALT1 New Designator=SW_LALT?
Change Component Designator: Old Designator=SW_LCTRL1 New Designator=SW_LCTRL?
Change Component Designator: Old Designator=SW_LCTRL1 New Designator=SW_LCTRL?
Change Component Designator: Old Designator=SW_LEFT1 New Designator=SW_LEFT?
Change Component Designator: Old Designator=SW_LEFT1 New Designator=SW_LEFT?
Change Component Designator: Old Designator=SW_LOS1 New Designator=SW_LOS?
Change Component Designator: Old Designator=SW_LOS1 New Designator=SW_LOS?
Change Component Designator: Old Designator=SW_LSHIFT1 New Designator=SW_LSHIFT?
Change Component Designator: Old Designator=SW_LSHIFT1 New Designator=SW_LSHIFT?
Change Component Designator: Old Designator=SW_M1 New Designator=SW_M?
Change Component Designator: Old Designator=SW_M1 New Designator=SW_M?
Change Component Designator: Old Designator=SW_MENU1 New Designator=SW_MENU?
Change Component Designator: Old Designator=SW_MENU1 New Designator=SW_MENU?
Change Component Designator: Old Designator=SW_N1 New Designator=SW_N?
Change Component Designator: Old Designator=SW_N1 New Designator=SW_N?
Change Component Designator: Old Designator=SW_O1 New Designator=SW_O?
Change Component Designator: Old Designator=SW_O1 New Designator=SW_O?
Change Component Designator: Old Designator=SW_P1 New Designator=SW_P?
Change Component Designator: Old Designator=SW_P1 New Designator=SW_P?
Change Component Designator: Old Designator=SW_POWER1 New Designator=SW_POWER?
Change Component Designator: Old Designator=SW_Q1 New Designator=SW_Q?
Change Component Designator: Old Designator=SW_Q1 New Designator=SW_Q?
Change Component Designator: Old Designator=SW_R1 New Designator=SW_R?
Change Component Designator: Old Designator=SW_R1 New Designator=SW_R?
Change Component Designator: Old Designator=SW_RIGHT1 New Designator=SW_RIGHT?
Change Component Designator: Old Designator=SW_RIGHT1 New Designator=SW_RIGHT?
Change Component Designator: Old Designator=SW_RSHIFT1 New Designator=SW_RSHIFT?
Change Component Designator: Old Designator=SW_RSHIFT1 New Designator=SW_RSHIFT?
Change Component Designator: Old Designator=SW_S1 New Designator=SW_S?
Change Component Designator: Old Designator=SW_S1 New Designator=SW_S?
Change Component Designator: Old Designator=SW_SPACE1 New Designator=SW_SPACE?
Change Component Designator: Old Designator=SW_SPACE1 New Designator=SW_SPACE?
Change Component Designator: Old Designator=SW_T1 New Designator=SW_T?
Change Component Designator: Old Designator=SW_T1 New Designator=SW_T?
Change Component Designator: Old Designator=SW_TAB1 New Designator=SW_TAB?
Change Component Designator: Old Designator=SW_TAB1 New Designator=SW_TAB?
Change Component Designator: Old Designator=SW_U1 New Designator=SW_U?
Change Component Designator: Old Designator=SW_U1 New Designator=SW_U?
Change Component Designator: Old Designator=SW_UP1 New Designator=SW_UP?
Change Component Designator: Old Designator=SW_UP1 New Designator=SW_UP?
Change Component Designator: Old Designator=SW_V1 New Designator=SW_V?
Change Component Designator: Old Designator=SW_V1 New Designator=SW_V?
Change Component Designator: Old Designator=SW_W1 New Designator=SW_W?
Change Component Designator: Old Designator=SW_W1 New Designator=SW_W?
Change Component Designator: Old Designator=SW_X1 New Designator=SW_X?
Change Component Designator: Old Designator=SW_X1 New Designator=SW_X?
Change Component Designator: Old Designator=SW_Y1 New Designator=SW_Y?
Change Component Designator: Old Designator=SW_Y1 New Designator=SW_Y?
Change Component Designator: Old Designator=SW_Z1 New Designator=SW_Z?
Change Component Designator: Old Designator=SW_Z1 New Designator=SW_Z?
Change Component Designator: Old Designator=U1 New Designator=U?
Change Component Designator: Old Designator=U2 New Designator=U?
Change Component Designator: Old Designator=U3 New Designator=U?
Change Component Designator: Old Designator=U4 New Designator=U?
Change Component Designator: Old Designator=U5 New Designator=U?
Change Component Designator: Old Designator=U6 New Designator=U?
Change Component Designator: Old Designator=U7 New Designator=U?
Change Component Designator: Old Designator=U8 New Designator=U?
Change Component Designator: Old Designator=U8 New Designator=U?
Change Component Designator: Old Designator=U9 New Designator=U?
Change Component Designator: Old Designator=U10 New Designator=U?
Change Component Designator: Old Designator=U11 New Designator=U?
Change Component Designator: Old Designator=U12 New Designator=U?
Change Component Designator: Old Designator=U13 New Designator=U?
Change Component Designator: Old Designator=U14 New Designator=U?
Change Component Designator: Old Designator=U15 New Designator=U?
Change Component Designator: Old Designator=U16 New Designator=U?
Change Component Designator: Old Designator=U_AUTH1 New Designator=U_AUTH?
