Change Component Designator: Old Designator=C? New Designator=C1
Change Component Designator: Old Designator=C? New Designator=C2
Change Component Designator: Old Designator=C? New Designator=C3
Change Component Designator: Old Designator=C? New Designator=C4
Change Component Designator: Old Designator=C? New Designator=C5
Change Component Designator: Old Designator=C? New Designator=C6
Change Component Designator: Old Designator=C? New Designator=C7
Change Component Designator: Old Designator=C? New Designator=C8
Change Component Designator: Old Designator=C? New Designator=C9
Change Component Designator: Old Designator=C? New Designator=C10
Change Component Designator: Old Designator=C? New Designator=C11
Change Component Designator: Old Designator=C? New Designator=C12
Change Component Designator: Old Designator=C? New Designator=C13
Change Component Designator: Old Designator=C? New Designator=C14
Change Component Designator: Old Designator=C? New Designator=C15
Change Component Designator: Old Designator=C? New Designator=C16
Change Component Designator: Old Designator=C? New Designator=C17
Change Component Designator: Old Designator=C? New Designator=C18
Change Component Designator: Old Designator=C? New Designator=C19
Change Component Designator: Old Designator=C? New Designator=C20
Change Component Designator: Old Designator=C? New Designator=C21
Change Component Designator: Old Designator=C? New Designator=C22
Change Component Designator: Old Designator=C? New Designator=C23
Change Component Designator: Old Designator=C? New Designator=C24
Change Component Designator: Old Designator=C? New Designator=C25
Change Component Designator: Old Designator=C? New Designator=C26
Change Component Designator: Old Designator=C? New Designator=C27
Change Component Designator: Old Designator=JP_BATT? New Designator=JP_BATT1
Change Component Designator: Old Designator=JP_Module? New Designator=JP_Module1
Change Component Designator: Old Designator=JP_Module? New Designator=JP_Module2
Change Component Designator: Old Designator=JP_Module? New Designator=JP_Module3
Change Component Designator: Old Designator=JP_Module? New Designator=JP_Module4
Change Component Designator: Old Designator=JP_Module? New Designator=JP_Module5
Change Component Designator: Old Designator=JP_Module? New Designator=JP_Module6
Change Component Designator: Old Designator=JP_Module? New Designator=JP_Module7
Change Component Designator: Old Designator=JP_Module? New Designator=JP_Module8
Change Component Designator: Old Designator=JP_Module? New Designator=JP_Module9
Change Component Designator: Old Designator=JP_Module? New Designator=JP_Module10
Change Component Designator: Old Designator=JP_Module? New Designator=JP_Module11
Change Component Designator: Old Designator=JP_Module? New Designator=JP_Module12
Change Component Designator: Old Designator=JP_Module? New Designator=JP_Module13
Change Component Designator: Old Designator=JP_Module? New Designator=JP_Module14
Change Component Designator: Old Designator=JP_Module? New Designator=JP_Module15
Change Component Designator: Old Designator=JP_Module? New Designator=JP_Module16
Change Component Designator: Old Designator=JP_USB? New Designator=JP_USB1
Change Component Designator: Old Designator=L? New Designator=L1
Change Component Designator: Old Designator=L? New Designator=L2
Change Component Designator: Old Designator=LED? New Designator=LED1
Change Component Designator: Old Designator=LED? New Designator=LED2
Change Component Designator: Old Designator=LED? New Designator=LED3
Change Component Designator: Old Designator=LED? New Designator=LED4
Change Component Designator: Old Designator=LED? New Designator=LED5
Change Component Designator: Old Designator=LED? New Designator=LED6
Change Component Designator: Old Designator=LED? New Designator=LED7
Change Component Designator: Old Designator=LED? New Designator=LED8
Change Component Designator: Old Designator=LED? New Designator=LED9
Change Component Designator: Old Designator=LED? New Designator=LED10
Change Component Designator: Old Designator=LED? New Designator=LED11
Change Component Designator: Old Designator=LED? New Designator=LED12
Change Component Designator: Old Designator=LED? New Designator=LED13
Change Component Designator: Old Designator=LED? New Designator=LED14
Change Component Designator: Old Designator=LED? New Designator=LED15
Change Component Designator: Old Designator=LED? New Designator=LED16
Change Component Designator: Old Designator=LED? New Designator=LED17
Change Component Designator: Old Designator=LED? New Designator=LED18
Change Component Designator: Old Designator=LED? New Designator=LED19
Change Component Designator: Old Designator=LED? New Designator=LED20
Change Component Designator: Old Designator=R? New Designator=R1
Change Component Designator: Old Designator=R? New Designator=R2
Change Component Designator: Old Designator=R? New Designator=R3
Change Component Designator: Old Designator=R? New Designator=R4
Change Component Designator: Old Designator=R? New Designator=R5
Change Component Designator: Old Designator=R? New Designator=R6
Change Component Designator: Old Designator=R? New Designator=R7
Change Component Designator: Old Designator=R? New Designator=R8
Change Component Designator: Old Designator=R? New Designator=R9
Change Component Designator: Old Designator=R? New Designator=R10
Change Component Designator: Old Designator=R? New Designator=R11
Change Component Designator: Old Designator=R? New Designator=R12
Change Component Designator: Old Designator=R? New Designator=R13
Change Component Designator: Old Designator=R? New Designator=R14
Change Component Designator: Old Designator=R? New Designator=R15
Change Component Designator: Old Designator=R? New Designator=R16
Change Component Designator: Old Designator=R? New Designator=R17
Change Component Designator: Old Designator=R? New Designator=R18
Change Component Designator: Old Designator=R? New Designator=R19
Change Component Designator: Old Designator=R? New Designator=R20
Change Component Designator: Old Designator=R? New Designator=R21
Change Component Designator: Old Designator=R? New Designator=R22
Change Component Designator: Old Designator=R? New Designator=R23
Change Component Designator: Old Designator=R? New Designator=R24
Change Component Designator: Old Designator=R? New Designator=R25
Change Component Designator: Old Designator=R? New Designator=R26
Change Component Designator: Old Designator=R? New Designator=R27
Change Component Designator: Old Designator=R? New Designator=R28
Change Component Designator: Old Designator=R? New Designator=R29
Change Component Designator: Old Designator=R? New Designator=R30
Change Component Designator: Old Designator=R? New Designator=R31
Change Component Designator: Old Designator=R? New Designator=R32
Change Component Designator: Old Designator=R? New Designator=R33
Change Component Designator: Old Designator=SW? New Designator=SW1
Change Component Designator: Old Designator=SW? New Designator=SW2
Change Component Designator: Old Designator=SW? New Designator=SW3
Change Component Designator: Old Designator=SW? New Designator=SW4
Change Component Designator: Old Designator=SW? New Designator=SW5
Change Component Designator: Old Designator=SW_'? New Designator=SW_'1
Change Component Designator: Old Designator=SW_'? New Designator=SW_'1
Change Component Designator: Old Designator=SW_,? New Designator=SW_,1
Change Component Designator: Old Designator=SW_,? New Designator=SW_,1
Change Component Designator: Old Designator=SW_-? New Designator=SW_-1
Change Component Designator: Old Designator=SW_-? New Designator=SW_-1
Change Component Designator: Old Designator=SW_.? New Designator=SW_.1
Change Component Designator: Old Designator=SW_.? New Designator=SW_.1
Change Component Designator: Old Designator=SW_/? New Designator=SW_/1
Change Component Designator: Old Designator=SW_/? New Designator=SW_/1
Change Component Designator: Old Designator=SW_;? New Designator=SW_;1
Change Component Designator: Old Designator=SW_;? New Designator=SW_;1
Change Component Designator: Old Designator=SW_=? New Designator=SW_=1
Change Component Designator: Old Designator=SW_=? New Designator=SW_=1
Change Component Designator: Old Designator=SW_? New Designator=SW_1
Change Component Designator: Old Designator=SW_? New Designator=SW_2
Change Component Designator: Old Designator=SW_? New Designator=SW_3
Change Component Designator: Old Designator=SW_? New Designator=SW_4
Change Component Designator: Old Designator=SW_? New Designator=SW_5
Change Component Designator: Old Designator=SW_? New Designator=SW_6
Change Component Designator: Old Designator=SW_? New Designator=SW_7
Change Component Designator: Old Designator=SW_? New Designator=SW_8
Change Component Designator: Old Designator=SW_? New Designator=SW_9
Change Component Designator: Old Designator=SW_? New Designator=SW_10
Change Component Designator: Old Designator=SW_? New Designator=SW_1
Change Component Designator: Old Designator=SW_? New Designator=SW_2
Change Component Designator: Old Designator=SW_? New Designator=SW_3
Change Component Designator: Old Designator=SW_? New Designator=SW_4
Change Component Designator: Old Designator=SW_? New Designator=SW_5
Change Component Designator: Old Designator=SW_? New Designator=SW_6
Change Component Designator: Old Designator=SW_? New Designator=SW_7
Change Component Designator: Old Designator=SW_? New Designator=SW_8
Change Component Designator: Old Designator=SW_? New Designator=SW_9
Change Component Designator: Old Designator=SW_? New Designator=SW_10
Change Component Designator: Old Designator=SW_[? New Designator=SW_[1
Change Component Designator: Old Designator=SW_[? New Designator=SW_[1
Change Component Designator: Old Designator=SW_\? New Designator=SW_\1
Change Component Designator: Old Designator=SW_\? New Designator=SW_\1
Change Component Designator: Old Designator=SW_]? New Designator=SW_]1
Change Component Designator: Old Designator=SW_]? New Designator=SW_]1
Change Component Designator: Old Designator=SW_A? New Designator=SW_A1
Change Component Designator: Old Designator=SW_A? New Designator=SW_A1
Change Component Designator: Old Designator=SW_B? New Designator=SW_B1
Change Component Designator: Old Designator=SW_B? New Designator=SW_B1
Change Component Designator: Old Designator=SW_BACKSPACE? New Designator=SW_BACKSPACE1
Change Component Designator: Old Designator=SW_BACKSPACE? New Designator=SW_BACKSPACE1
Change Component Designator: Old Designator=SW_C? New Designator=SW_C1
Change Component Designator: Old Designator=SW_C? New Designator=SW_C1
Change Component Designator: Old Designator=SW_CAPSLOCK? New Designator=SW_CAPSLOCK1
Change Component Designator: Old Designator=SW_CAPSLOCK? New Designator=SW_CAPSLOCK1
Change Component Designator: Old Designator=SW_D? New Designator=SW_D1
Change Component Designator: Old Designator=SW_D? New Designator=SW_D1
Change Component Designator: Old Designator=SW_DEL? New Designator=SW_DEL1
Change Component Designator: Old Designator=SW_DEL? New Designator=SW_DEL1
Change Component Designator: Old Designator=SW_DOWN? New Designator=SW_DOWN1
Change Component Designator: Old Designator=SW_DOWN? New Designator=SW_DOWN1
Change Component Designator: Old Designator=SW_E? New Designator=SW_E1
Change Component Designator: Old Designator=SW_E? New Designator=SW_E1
Change Component Designator: Old Designator=SW_ENTER? New Designator=SW_ENTER1
Change Component Designator: Old Designator=SW_ENTER? New Designator=SW_ENTER1
Change Component Designator: Old Designator=SW_ESC? New Designator=SW_ESC1
Change Component Designator: Old Designator=SW_ESC? New Designator=SW_ESC1
Change Component Designator: Old Designator=SW_F? New Designator=SW_F1
Change Component Designator: Old Designator=SW_F? New Designator=SW_F1
Change Component Designator: Old Designator=SW_FUNC? New Designator=SW_FUNC1
Change Component Designator: Old Designator=SW_FUNC? New Designator=SW_FUNC1
Change Component Designator: Old Designator=SW_G? New Designator=SW_G1
Change Component Designator: Old Designator=SW_G? New Designator=SW_G1
Change Component Designator: Old Designator=SW_H? New Designator=SW_H1
Change Component Designator: Old Designator=SW_H? New Designator=SW_H1
Change Component Designator: Old Designator=SW_I? New Designator=SW_I1
Change Component Designator: Old Designator=SW_I? New Designator=SW_I1
Change Component Designator: Old Designator=SW_J? New Designator=SW_J1
Change Component Designator: Old Designator=SW_J? New Designator=SW_J1
Change Component Designator: Old Designator=SW_K? New Designator=SW_K1
Change Component Designator: Old Designator=SW_K? New Designator=SW_K1
Change Component Designator: Old Designator=SW_L? New Designator=SW_L1
Change Component Designator: Old Designator=SW_L? New Designator=SW_L1
Change Component Designator: Old Designator=SW_LALT? New Designator=SW_LALT1
Change Component Designator: Old Designator=SW_LALT? New Designator=SW_LALT1
Change Component Designator: Old Designator=SW_LCTRL? New Designator=SW_LCTRL1
Change Component Designator: Old Designator=SW_LCTRL? New Designator=SW_LCTRL1
Change Component Designator: Old Designator=SW_LEFT? New Designator=SW_LEFT1
Change Component Designator: Old Designator=SW_LEFT? New Designator=SW_LEFT1
Change Component Designator: Old Designator=SW_LOS? New Designator=SW_LOS1
Change Component Designator: Old Designator=SW_LOS? New Designator=SW_LOS1
Change Component Designator: Old Designator=SW_LSHIFT? New Designator=SW_LSHIFT1
Change Component Designator: Old Designator=SW_LSHIFT? New Designator=SW_LSHIFT1
Change Component Designator: Old Designator=SW_M? New Designator=SW_M1
Change Component Designator: Old Designator=SW_M? New Designator=SW_M1
Change Component Designator: Old Designator=SW_MENU? New Designator=SW_MENU1
Change Component Designator: Old Designator=SW_MENU? New Designator=SW_MENU1
Change Component Designator: Old Designator=SW_N? New Designator=SW_N1
Change Component Designator: Old Designator=SW_N? New Designator=SW_N1
Change Component Designator: Old Designator=SW_O? New Designator=SW_O1
Change Component Designator: Old Designator=SW_O? New Designator=SW_O1
Change Component Designator: Old Designator=SW_P? New Designator=SW_P1
Change Component Designator: Old Designator=SW_P? New Designator=SW_P1
Change Component Designator: Old Designator=SW_POWER? New Designator=SW_POWER1
Change Component Designator: Old Designator=SW_Q? New Designator=SW_Q1
Change Component Designator: Old Designator=SW_Q? New Designator=SW_Q1
Change Component Designator: Old Designator=SW_R? New Designator=SW_R1
Change Component Designator: Old Designator=SW_R? New Designator=SW_R1
Change Component Designator: Old Designator=SW_RIGHT? New Designator=SW_RIGHT1
Change Component Designator: Old Designator=SW_RIGHT? New Designator=SW_RIGHT1
Change Component Designator: Old Designator=SW_RSHIFT? New Designator=SW_RSHIFT1
Change Component Designator: Old Designator=SW_RSHIFT? New Designator=SW_RSHIFT1
Change Component Designator: Old Designator=SW_S? New Designator=SW_S1
Change Component Designator: Old Designator=SW_S? New Designator=SW_S1
Change Component Designator: Old Designator=SW_SPACE? New Designator=SW_SPACE1
Change Component Designator: Old Designator=SW_SPACE? New Designator=SW_SPACE1
Change Component Designator: Old Designator=SW_T? New Designator=SW_T1
Change Component Designator: Old Designator=SW_T? New Designator=SW_T1
Change Component Designator: Old Designator=SW_TAB? New Designator=SW_TAB1
Change Component Designator: Old Designator=SW_TAB? New Designator=SW_TAB1
Change Component Designator: Old Designator=SW_U? New Designator=SW_U1
Change Component Designator: Old Designator=SW_U? New Designator=SW_U1
Change Component Designator: Old Designator=SW_UP? New Designator=SW_UP1
Change Component Designator: Old Designator=SW_UP? New Designator=SW_UP1
Change Component Designator: Old Designator=SW_V? New Designator=SW_V1
Change Component Designator: Old Designator=SW_V? New Designator=SW_V1
Change Component Designator: Old Designator=SW_W? New Designator=SW_W1
Change Component Designator: Old Designator=SW_W? New Designator=SW_W1
Change Component Designator: Old Designator=SW_X? New Designator=SW_X1
Change Component Designator: Old Designator=SW_X? New Designator=SW_X1
Change Component Designator: Old Designator=SW_Y? New Designator=SW_Y1
Change Component Designator: Old Designator=SW_Y? New Designator=SW_Y1
Change Component Designator: Old Designator=SW_Z? New Designator=SW_Z1
Change Component Designator: Old Designator=SW_Z? New Designator=SW_Z1
Change Component Designator: Old Designator=U? New Designator=U8
Change Component Designator: Old Designator=U? New Designator=U8
Change Component Designator: Old Designator=U? New Designator=U1
Change Component Designator: Old Designator=U? New Designator=U2
Change Component Designator: Old Designator=U? New Designator=U3
Change Component Designator: Old Designator=U? New Designator=U4
Change Component Designator: Old Designator=U? New Designator=U5
Change Component Designator: Old Designator=U? New Designator=U6
Change Component Designator: Old Designator=U? New Designator=U7
Change Component Designator: Old Designator=U? New Designator=U9
Change Component Designator: Old Designator=U? New Designator=U10
Change Component Designator: Old Designator=U? New Designator=U11
Change Component Designator: Old Designator=U? New Designator=U12
Change Component Designator: Old Designator=U? New Designator=U13
Change Component Designator: Old Designator=U? New Designator=U14
Change Component Designator: Old Designator=U? New Designator=U15
Change Component Designator: Old Designator=U? New Designator=U16
Change Component Designator: Old Designator=U_AUTH? New Designator=U_AUTH1
